b,562534,42
c,562675,748
14,562813,0.445
e,562954,9
b,563095,43
c,563236,752
e,563518,7
b,563659,42
c,563800,755
14,563941,0.630
e,564082,8
b,564224,42
c,564364,751
14,564505,0.615
e,564646,8
b,564787,42
c,564928,758
14,565070,0.675
e,565208,7
b,565349,42
c,565490,751
14,565632,0.95
e,565772,7
b,565913,42
c,566054,760
14,566195,0.670
e,566336,7
b,566478,42
c,566619,751
14,566760,0.755
e,566901,7
b,567042,42
c,567183,750
14,567324,0.105
e,567465,7
b,567602,42
c,567743,745
14,567884,0.160
e,568025,7
b,568166,42
c,568307,750
14,568445,0.740
e,568586,7
b,568727,42
c,568868,754
14,569009,0.155
e,569150,8
b,569291,42
c,569432,757
14,569573,0.90
e,569714,7
b,569856,42
c,569996,750
14,570137,0.780
e,570278,8
b,570419,42
c,570560,743
14,570702,0.465
e,570840,7
b,570981,43
c,571122,749
14,571264,0.75
e,571404,7
b,571545,42
c,571686,754
14,571827,0.95
e,571968,7
b,572110,42
c,572251,754
14,572392,0.130
e,572533,7
b,572674,42
c,572815,753
14,572956,0.800
e,573097,8
b,573234,42
c,573375,754
14,573516,0.670
e,573657,8
b,573798,42
c,573939,749
14,574077,0.285
e,574218,7
b,574359,42
c,574500,757
14,574641,0.735
e,574782,7
b,574923,42
c,575064,749
14,575205,0.180
e,575346,8
b,575488,42
c,575628,752
14,575769,0.190
e,575910,7
b,576051,42
c,576192,747
14,576334,0.135
e,576472,7
b,576613,42
c,576754,763
14,576896,0.795
e,577036,7
b,577177,42
c,577318,740
14,577459,0.500
e,577600,8
b,577742,42
c,577883,747
14,578024,0.85
e,578165,7
b,578306,42
c,578447,747
14,578588,0.770
e,578729,8
b,578866,43
c,579007,740
14,579148,0.535
e,579289,8
b,579430,43
c,579571,763
14,579709,0.90
e,579850,7
b,579991,42
c,580132,766
14,580273,0.730
e,580414,5
b,580555,42
c,580696,748
14,580837,0.800
e,580978,9
b,581120,42
c,581260,740
e,581542,8
b,581683,43
c,581824,753
14,581966,0.130
e,582104,8
b,582245,42
c,582386,761
14,582528,0.575
e,582668,7
b,582809,42
c,582950,754
14,583091,0.755
e,583232,7
b,583374,42
c,583515,752
14,583656,0.765
e,583797,7
b,583938,42
c,584079,746
14,584220,0.525
e,584361,7
b,584498,42
c,584639,747
14,584780,0.85
e,584921,7
b,585062,42
c,585203,751
14,585341,0.95
e,585482,5
b,585623,45
c,585764,759
14,585905,0.105
e,586046,5
b,586187,45
c,586328,761
14,586469,0.125
e,586610,2
b,586752,44
c,586892,762
14,587033,0.745
e,587174,5
b,587315,44
c,587456,761
14,587598,0.780
e,587736,5
b,587877,44
c,588018,753
14,588160,0.200
e,588300,5
b,588441,44
c,588582,773
14,588723,0.90
e,588864,5
b,589006,43
c,589147,759
14,589288,0.775
e,589429,7
b,589570,42
c,589711,751
14,589852,0.810
e,589993,9
b,590130,42
c,590271,752
14,590412,0.515
e,590553,8
b,590694,42
c,590835,764
14,590973,0.550
e,591114,8
b,591255,42
c,591396,745
14,591537,0.415
e,591678,8
b,591819,42
c,591960,757
e,592242,9
b,592384,42
c,592524,749
14,592665,0.165
e,592806,8
b,592947,42
c,593088,747
14,593230,0.755
e,593368,8
b,593509,42
c,593650,756
14,593792,0.185
e,593932,7
b,594073,42
c,594214,771
14,594355,0.790
e,594496,7
b,594638,42
c,594779,745
14,594920,0.780
e,595061,11
b,595202,43
c,595343,752
14,595484,0.105
e,595625,8
b,595762,43
c,595903,754
14,596044,0.175
e,596185,7
b,596326,42
c,596467,747
14,596605,0.765
e,596746,8
b,596887,42
c,597028,745
14,597169,0.670
e,597310,9
b,597451,43
c,597592,750
14,597733,0.235
e,597874,8
b,598016,42
c,598156,751
14,598297,0.775
e,598438,7
b,598579,42
c,598720,737
14,598862,0.205
e,599000,9
b,599141,43
c,599282,753
14,599424,0.135
e,599564,8
b,599705,42
c,599846,762
14,599987,0.785
e,600128,7
b,600270,42
c,600411,702
14,600552,0.320
e,600693,23
b,600834,63
c,600975,763
14,601116,0.740
e,601257,21
b,601394,71
c,601535,981
14,601676,0.830
e,601817,22
b,601958,71
c,602099,1094
14,602237,0.170
e,602378,24
b,602519,67
c,602660,1045
14,602801,0.205
e,602942,21
b,603083,73
c,603224,1046
14,603365,0.55
e,603506,20
b,603648,88
c,603788,1331
14,603929,0.645
e,604070,12
b,604211,86
c,604352,1666
14,604494,0.760
e,604632,28
b,604773,82
c,604914,2000
14,605056,0.815
e,605196,6
b,605337,59
c,605478,2093
14,605619,0.55
e,605760,-4
b,605902,29
c,606043,1720
14,606184,0.40
e,606325,8
b,606466,74
c,606607,1440
14,606748,0.885
e,606889,28
b,607026,69
c,607167,1600
14,607308,0.865
e,607449,3
b,607590,47
c,607731,1622
14,607869,0.880
e,608010,-5
b,608151,32
c,608292,1546
14,608433,0.60
e,608574,-6
b,608715,30
c,608856,1430
14,608997,0.40
e,609138,-7
b,609280,29
c,609420,1361
14,609561,0.35
e,609702,-7
b,609843,29
c,609984,1334
14,610126,0.45
e,610267,-2
b,610408,31
c,610549,1276
14,610690,0.505
e,610831,-7
b,610972,31
c,611113,1290
14,611250,0.225
e,611391,17
b,611532,44
c,611673,1299
14,611814,0.865
e,611955,28
b,612093,69
c,612234,1409
14,612375,0.855
e,612516,27
b,612657,75
c,612798,1510
14,612939,0.275
e,613080,28
b,613221,74
c,613362,1571
14,613504,0.75
e,613644,28
b,613785,75
c,613926,1658
14,614067,0.775
e,614208,-5
b,614350,46
c,614491,1609
14,614632,0.65
e,614773,-5
b,614914,31
c,615055,1546
14,615196,0.90
e,615337,45
b,615474,30
c,615615,1495
14,615756,0.820
e,615897,20
b,616038,67
c,616179,1506
14,616317,0.875
e,616458,27
b,616599,79
c,616740,1583
14,616881,0.720
e,617022,25
b,617163,90
c,617304,1700
e,617586,24
b,617728,99
c,617868,1846
14,618009,0.540
e,618150,23
b,618291,101
c,618432,2023
14,618574,0.405
e,618712,25
b,618853,101
c,618994,2214
14,619136,0.625
e,619276,26
b,619417,96
c,619558,2407
14,619699,0.225
e,619840,29
b,619982,73
c,620123,2463
14,620264,0.55
e,620405,13
b,620546,27
c,620687,2151
14,620828,0.15
e,620969,41
b,621106,65
c,621247,2027
14,621388,0.900
e,621529,11
b,621670,66
c,621811,1867
14,621949,0.875
e,622090,6
b,622231,35
c,622372,1859
14,622513,0.35
e,622654,-4
b,622795,27
c,622936,1765
14,623077,0.65
e,623218,-4
b,623360,27
c,623500,1626
14,623641,0.0
e,623782,45
b,623923,29
c,624064,1510
14,624206,0.0
e,624347,44
b,624488,30
c,624629,1385
14,624770,0.0
e,624911,44
b,625052,31
c,625193,1341
14,625330,0.0
e,625471,0
b,625612,36
c,625753,1322
14,625894,0.810
e,626035,29
b,626173,76
c,626314,1352
14,626455,0.870
e,626596,21
b,626737,88
c,626878,1409
14,627019,0.765
e,627160,21
b,627301,102
c,627442,1493
14,627584,0.790
e,627724,21
b,627865,104
c,628006,1576
14,628147,0.155
e,628288,20
b,628430,109
c,628571,1671
14,628712,0.415
e,628853,19
b,628994,112
c,629135,1781
14,629276,0.75
e,629417,21
b,629554,109
c,629695,1903
14,629836,0.800
e,629977,22
b,630118,108
c,630259,2014
14,630397,0.515
e,630538,22
b,630679,114
c,630820,2128
14,630961,0.705
e,631102,23
b,631243,110
c,631384,2249
14,631525,0.210
e,631666,25
b,631808,111
c,631948,2377
14,632089,0.820
e,632230,26
b,632371,105
c,632512,2492
14,632654,0.395
e,632792,27
b,632933,103
c,633074,2556
14,633216,0.895
e,633356,7
b,633497,37
c,633638,2506
14,633779,0.30
e,633920,48
b,634062,33
c,634203,2052
14,634344,0.840
e,634485,41
b,634626,54
c,634767,2082
14,634908,0.825
e,635049,32
b,635186,67
c,635327,2105
14,635468,0.825
e,635609,32
b,635750,67
c,635891,2129
14,636029,0.665
e,636170,33
b,636311,61
c,636452,2154
14,636593,0.765
e,636734,35
b,636875,57
c,637016,2167
14,637157,0.825
e,637298,42
b,637440,46
c,637580,2169
14,637721,0.85
e,637862,47
b,638003,42
c,638144,2169
e,638427,47
b,638568,34
c,638709,2166
14,638850,0.770
e,638991,47
b,639132,28
c,639273,2139
14,639410,0.45
e,639551,47
b,639692,34
c,639833,2127
14,639974,0.450
e,640115,19
b,640253,26
c,640394,2093
14,640535,0.75
e,640676,-3
b,640817,23
c,640958,2064
14,641099,0.220
e,641240,-1
b,641381,23
c,641522,2021
14,641664,0.50
e,641804,47
b,641945,24
c,642086,1972
14,642227,0.0
e,642368,47
b,642510,23
c,642651,1885
14,642792,0.0
e,642933,46
b,643074,14
c,643215,1668
14,643356,0.0
e,643497,44
b,643634,24
c,643775,1074
14,643916,0.0
e,644057,1
b,644198,31
c,644339,806
14,644477,0.435
e,644618,4
b,644759,40
c,644900,769
14,645041,0.895
e,645182,2
b,645323,42
c,645464,776
14,645605,0.905
e,645746,3
b,645888,41
c,646028,768
14,646169,0.870
e,646310,5
b,646451,40
c,646592,751
14,646734,0.855
e,646872,11
b,647013,41
c,647154,754
14,647296,0.720
e,647436,10
b,647577,42
c,647718,729
14,647859,0.55
e,648000,7
b,648142,42
c,648283,759
14,648424,0.40
e,648565,8
b,648706,43
c,648847,748
14,648988,0.45
e,649129,7
b,649266,43
c,649407,757
14,649548,0.40
e,649689,6
b,649830,43
c,649971,766
14,650109,0.45
e,650250,5
b,650391,43
c,650532,760
14,650673,0.50
e,650814,3
b,650955,42
c,651096,757
14,651237,0.55
e,651378,6
b,651520,42
c,651660,753
14,651801,0.60
e,651942,6
b,652083,42
c,652224,764
14,652366,0.60
e,652507,6
b,652648,42
c,652789,753
14,652930,0.65
e,653071,7
b,653212,41
c,653353,767
14,653490,0.65
e,653631,6
b,653772,41
c,653913,756
14,654054,0.85
e,654195,7
b,654333,41
c,654474,759
14,654615,0.125
e,654756,6
b,654897,41
c,655038,749
14,655179,0.745
e,655320,9
b,655461,41
c,655602,744
14,655744,0.70
e,655884,8
b,656025,41
c,656166,763
14,656307,0.70
e,656448,4
b,656590,41
c,656731,770
14,656872,0.140
e,657013,15
b,657154,86
c,657295,1382
14,657436,0.880
e,657577,25
b,657714,86
c,657855,1412
14,657996,0.785
e,658137,20
b,658278,99
c,658419,1170
14,658557,0.740
e,658698,-21
b,658839,76
c,658980,1169
14,659121,0.865
e,659262,-13
b,659403,71
c,659544,1162
14,659685,0.155
e,659826,0
b,659968,116
c,660108,1082
14,660249,0.65
e,660390,4
b,660531,123
c,660672,1303
14,660814,0.85
e,660955,10
b,661096,131
c,661237,1589
14,661378,0.80
e,661519,13
b,661660,138
c,661801,1895
14,661938,0.115
e,662079,15
b,662220,144
c,662361,2232
14,662502,0.865
e,662643,25
b,662781,85
c,662922,2344
14,663063,0.825
e,663204,-4
b,663345,30
c,663486,1931
14,663627,0.10
e,663768,23
b,663909,100
c,664050,1795
14,664192,0.890
e,664332,23
b,664473,104
c,664614,1914
14,664755,0.790
e,664896,25
b,665038,99
c,665179,2033
14,665320,0.570
e,665461,25
b,665602,101
c,665743,2150
14,665884,0.170
e,666025,26
b,666162,98
c,666303,2252
14,666444,0.755
e,666585,27
b,666726,95
c,666867,2345
14,667005,0.145
e,667146,28
b,667287,91
c,667428,2430
14,667569,0.710
e,667710,29
b,667851,89
c,667992,2504
14,668133,0.195
e,668274,33
b,668416,71
c,668556,2555
14,668697,0.570
e,668838,36
b,668979,58
c,669120,2577
14,669262,0.745
e,669400,45
b,669541,42
c,669682,2574
14,669824,0.570
e,669964,26
b,670105,26
c,670246,2507
14,670387,0.185
e,670528,49
b,670670,22
c,670811,2464
14,670952,0.50
e,671093,31
b,671234,34
c,671375,2430
14,671516,0.120
e,671657,48
b,671794,37
c,671935,2413
14,672076,0.725
e,672217,48
b,672358,37
c,672499,2389
14,672637,0.845
e,672778,48
b,672919,31
c,673060,2358
14,673201,0.115
e,673342,48
b,673483,27
c,673624,2322
14,673765,0.745
e,673906,48
b,674048,26
c,674188,2295
14,674329,0.105
e,674470,48
b,674611,26
c,674752,2258
14,674894,0.80
e,675035,48
b,675176,27
c,675317,2215
14,675458,0.105
e,675599,47
b,675740,32
c,675881,2193
14,676018,0.635
e,676159,47
b,676300,35
c,676441,2186
14,676582,0.825
e,676723,47
b,676861,42
c,677002,2183
14,677143,0.655
e,677284,42
b,677425,51
c,677566,2193
14,677707,0.835
e,677848,38
b,677989,53
c,678130,2225
14,678272,0.765
e,678412,35
b,678553,60
c,678694,2263
14,678835,0.375
e,678976,34
b,679118,62
c,679259,2316
14,679400,0.105
e,679541,34
b,679682,61
c,679823,2370
14,679964,0.110
e,680105,35
b,680242,63
c,680383,2429
14,680524,0.625
e,680665,34
b,680806,66
c,680947,2491
14,681085,0.120
e,681226,34
b,681367,68
c,681508,2575
14,681649,0.620
e,681790,5
b,681931,41
c,682072,2568
14,682213,0.50
e,682354,25
b,682496,22
c,682636,2212
14,682777,0.40
e,682918,47
b,683059,59
c,683200,2132
14,683342,0.905
e,683480,30
b,683621,75
c,683762,2192
14,683904,0.855
e,684044,32
b,684185,73
c,684326,2254
e,684608,31
b,684750,77
c,684891,2320
14,685032,0.50
e,685173,30
b,685314,83
c,685455,2392
14,685596,0.515
e,685737,31
b,685874,80
c,686015,2469
e,686297,32
b,686438,63
c,686579,2472
14,686717,0.40
e,686858,16
b,686999,25
c,687140,2086
14,687281,0.20
e,687422,47
b,687563,23
c,687704,1711
14,687845,0.35
e,687986,-4
b,688128,27
c,688268,1499
14,688409,0.0
e,688550,47
b,688691,23
c,688832,2054
14,688974,0.0
e,689115,47
b,689256,25
c,689397,2037
14,689538,0.825
e,689679,47
b,689820,38
c,689961,2041
14,690098,0.540
e,690239,47
b,690380,50
c,690521,2050
14,690662,0.755
e,690803,34
b,690941,58
c,691082,2060
14,691223,0.660
e,691364,32
b,691505,63
c,691646,2082
14,691787,0.725
e,691928,-6
b,692069,42
c,692210,1933
14,692352,0.50
e,692492,-5
b,692633,28
c,692774,1556
14,692915,0.35
e,693056,-7
b,693198,30
c,693339,1111
14,693480,0.60
e,693621,22
b,693762,73
c,693903,1685
14,694044,0.920
e,694185,32
b,694322,70
c,694463,2039
14,694604,0.770
e,694745,29
b,694886,74
c,695027,2060
14,695165,0.555
e,695306,32
b,695447,64
c,695588,2077
14,695729,0.110
e,695870,36
b,696011,53
c,696152,2086
14,696293,0.130
e,696434,41
b,696576,48
c,696716,2088
e,696998,44
b,697139,42
c,697280,2090
14,697422,0.770
e,697560,47
b,697701,39
c,697842,2090
14,697984,0.55
e,698124,37
b,698265,57
c,698406,2097
14,698547,0.75
e,698688,33
b,698830,62
c,698971,2112
e,699253,33
b,699394,61
c,699535,2127
14,699676,0.70
e,699817,33
b,699954,63
c,700095,2146
14,700236,0.70
e,700377,33
b,700518,64
c,700659,2162
14,700797,0.90
e,700938,33
b,701079,63
c,701220,2185
14,701361,0.760
e,701502,34
b,701643,58
c,701784,2195
14,701925,0.815
e,702066,38
b,702208,52
c,702348,2211
14,702489,0.560
e,702630,40
b,702771,51
c,702912,2212
14,703054,0.810
e,703192,40
b,703333,51
c,703474,2222
14,703616,0.580
e,703756,40
b,703897,51
c,704038,2229
14,704179,0.160
e,704320,40
b,704462,51
c,704603,2231
14,704744,0.130
e,704885,42
b,705026,47
c,705167,2242
14,705308,0.105
e,705449,44
b,705586,45
c,705727,2243
14,705868,0.90
e,706009,46
b,706150,45
c,706291,2249
14,706429,0.90
e,706570,5
b,706711,34
c,706852,2172
14,706993,0.60
e,707134,-3
b,707275,24
c,707416,1783
14,707557,0.40
e,707698,46
b,707840,27
c,707980,1839
14,708121,0.750
e,708262,46
b,708403,44
c,708544,1796
14,708686,0.870
e,708824,31
b,708965,53
c,709106,1794
14,709248,0.135
e,709388,31
b,709529,53
c,709670,1801
14,709811,0.120
e,709952,40
b,710094,48
c,710235,1802
14,710376,0.85
e,710517,43
b,710658,46
c,710799,1804
14,710940,0.120
e,711081,43
b,711218,46
c,711359,1807
14,711500,0.75
e,711641,43
b,711782,46
c,711923,1807
14,712061,0.95
e,712202,40
b,712343,49
c,712484,1813
14,712625,0.270
e,712766,39
b,712907,50
c,713048,1810
14,713189,0.215
e,713330,39
b,713472,50
c,713612,1813
14,713753,0.205
e,713894,39
b,714035,50
c,714176,1820
14,714318,0.455
e,714456,39
b,714597,50
c,714738,1819
14,714880,0.340
e,715020,39
b,715161,50
c,715302,1812
14,715443,0.315
e,715584,39
b,715726,50
c,715867,1811
14,716008,0.345
e,716149,38
b,716290,53
c,716431,1814
14,716572,0.95
e,716713,25
b,716850,98
c,716991,1841
14,717132,0.590
e,717273,11
b,717414,157
c,717555,1886
14,717693,0.815
e,717834,12
b,717975,162
c,718116,1947
14,718257,0.805
e,718398,13
b,718539,164
c,718680,2000
14,718821,0.760
e,718962,13
b,719104,162
c,719244,2030
14,719385,0.540
e,719526,22
b,719667,103
c,719808,2075
14,719950,0.850
e,720088,-12
b,720229,47
c,720370,2070
14,720512,0.25
e,720652,0
b,720793,26
c,720934,2032
14,721075,0.20
e,721216,47
b,721358,33
c,721499,2006
14,721640,0.805
e,721781,38
b,721922,66
c,722063,2040
14,722204,0.885
e,722345,26
b,722482,98
c,722623,2049
14,722764,0.780
e,722905,26
b,723046,94
c,723187,2077
14,723325,0.260
e,723466,26
b,723607,95
c,723748,2096
14,723889,0.310
e,724030,26
b,724171,94
c,724312,2120
14,724453,0.825
e,724594,28
b,724736,90
c,724876,2139
14,725017,0.110
e,725158,28
b,725299,90
c,725440,2159
14,725582,0.770
e,725720,29
b,725861,83
c,726002,2181
14,726144,0.120
e,726284,29
b,726425,83
c,726566,2193
14,726707,0.740
e,726848,29
b,726990,83
c,727131,2211
14,727272,0.240
e,727413,30
b,727554,78
c,727695,2222
14,727836,0.200
e,727977,30
b,728114,78
c,728255,2233
14,728396,0.145
e,728537,31
b,728678,77
c,728819,2253
14,728957,0.810
e,729098,31
b,729239,77
c,729380,2258
14,729521,0.185
e,729662,31
b,729803,77
c,729944,2269
14,730085,0.825
e,730226,31
b,730368,74
c,730508,2280
14,730649,0.760
e,730790,31
b,730931,73
c,731072,2287
14,731214,0.120
e,731352,32
b,731493,70
c,731634,2292
14,731776,0.830
e,731916,33
b,732057,64
c,732198,2293
14,732339,0.155
e,732480,35
b,732622,55
c,732763,2292
14,732904,0.195
e,733045,6
b,733186,31
c,733327,2280
14,733468,0.15
e,733609,26
b,733746,24
c,733887,2237
14,734028,0.840
e,734169,48
b,734310,24
c,734451,2221
14,734589,0.835
e,734730,48
b,734871,24
c,735012,2192
14,735153,0.150
e,735294,47
b,735435,24
c,735576,2177
14,735717,0.740
e,735858,47
b,736000,24
c,736140,2156
14,736281,0.805
e,736422,47
b,736563,24
c,736704,2130
14,736846,0.130
e,736984,47
b,737125,28
c,737266,2141
14,737408,0.425
e,737548,43
b,737689,55
c,737830,2103
14,737971,0.850
e,738112,33
b,738254,60
c,738395,2097
14,738536,0.425
e,738677,38
b,738818,54
c,738959,2097
14,739100,0.805
e,739241,38
b,739378,53
c,739519,2094
14,739660,0.755
e,739801,37
b,739942,56
c,740083,2090
14,740221,0.245
e,740362,32
b,740503,69
c,740644,2094
14,740785,0.80
e,740926,30
b,741067,77
c,741208,2109
14,741349,0.110
e,741490,30
b,741632,78
c,741772,2116
14,741913,0.780
e,742054,30
b,742195,77
c,742336,2127
14,742478,0.50
e,742619,12
b,742760,164
c,742901,2186
14,743042,0.715
e,743183,14
b,743324,170
c,743465,2237
14,743602,0.715
e,743743,14
b,743884,171
c,744025,2294
14,744166,0.780
e,744307,14
b,744445,173
c,744586,2349
14,744727,0.745
e,744868,14
b,745009,174
c,745150,2409
14,745291,0.800
e,745432,15
b,745573,175
c,745714,2475
14,745856,0.830
e,745996,15
b,746137,177
c,746278,2532
14,746419,0.840
e,746560,15
b,746702,178
c,746843,2592
14,746984,0.825
e,747125,12
b,747266,178
c,747407,2645
14,747548,0.845
e,747689,13
b,747826,179
c,747967,2704
14,748108,0.825
e,748249,13
b,748390,180
c,748531,2769
14,748669,0.840
e,748810,13
b,748951,181
c,749092,2817
14,749233,0.840
e,749374,14
b,749515,181
c,749656,2870
14,749797,0.830
e,749938,13
b,750080,181
c,750220,2945
14,750361,0.835
e,750502,14
b,750643,181
c,750784,2995
14,750926,0.850
e,751064,14
b,751205,181
c,751346,3045
14,751488,0.845
e,751628,14
b,751769,182
c,751910,3098
14,752051,0.840
e,752192,15
b,752334,182
c,752475,3156
14,752616,0.880
e,752757,16
b,752898,182
c,753039,3196
14,753180,0.900
e,753321,12
b,753458,183
c,753599,3269
14,753740,0.905
e,753881,15
b,754022,184
c,754163,3317
14,754301,0.900
e,754442,16
b,754583,184
c,754724,3378
14,754865,0.900
e,755006,16
b,755147,185
c,755288,3431
14,755429,0.905
e,755570,16
b,755712,186
c,755852,3482
14,755993,0.910
e,756134,11
b,756275,187
c,756416,3522
14,756558,0.910
e,756696,14
b,756837,188
c,756978,3567
14,757120,0.910
e,757260,13
b,757401,188
c,757542,3615
14,757683,0.905
e,757824,14
b,757966,190
c,758107,3654
14,758248,0.910
e,758389,13
b,758530,191
c,758671,3696
14,758812,0.915
e,758953,13
b,759090,190
c,759231,3740
14,759372,0.920
e,759513,13
b,759654,192
c,759795,3784
14,759933,0.920
e,760074,12
b,760215,191
c,760356,3815
14,760497,0.920
e,760638,13
b,760779,193
c,760920,3856
14,761061,0.920
e,761202,13
b,761344,193
c,761484,3892
14,761625,0.920
e,761766,14
b,761907,193
c,762048,3938
14,762190,0.920
e,762328,13
b,762469,195
c,762610,3978
14,762752,0.920
e,762892,12
b,763033,195
c,763174,4001
14,763315,0.920
e,763456,12
b,763598,195
c,763739,4043
14,763880,0.925
e,764021,12
b,764162,188
c,764303,3963
14,764444,0.940
e,764585,5
b,764722,20
c,764863,3952
14,765004,0.30
e,765145,7
b,765286,18
c,765427,3841
14,765565,0.0
e,765706,49
b,765847,18
c,765988,3737
14,766129,0.0
e,766270,49
b,766411,18
c,766552,3625
14,766693,0.0
e,766834,49
b,766976,18
c,767116,3519
14,767257,0.0
e,767398,49
b,767539,18
c,767680,3422
14,767822,0.0
e,767963,49
b,768104,18
c,768245,3324
14,768386,0.0
e,768527,49
b,768668,18
c,768809,3244
14,768946,0.0
e,769087,49
b,769228,18
c,769369,3164
14,769510,0.0
e,769651,49
b,769789,18
c,769930,3089
14,770071,0.0
e,770212,49
b,770353,18
c,770494,3021
14,770635,0.0
e,770776,49
b,770917,18
c,771058,2953
14,771200,0.0
e,771340,49
b,771481,18
c,771622,2898
14,771763,0.0
e,771904,49
b,772046,18
c,772187,2843
14,772328,0.0
e,772469,49
b,772610,19
c,772751,2787
14,772892,0.0
e,773033,49
b,773170,19
c,773311,2742
14,773452,0.0
e,773593,49
b,773734,18
c,773875,2712
14,774013,0.705
e,774154,49
b,774295,33
c,774436,2666
14,774577,0.55
e,774718,48
b,774859,44
c,775000,2637
14,775141,0.465
e,775282,42
b,775424,52
c,775564,2612
14,775705,0.455
e,775846,37
b,775987,61
c,776128,2601
14,776270,0.160
e,776408,35
b,776549,67
c,776690,2583
14,776832,0.810
e,776972,34
b,777113,68
c,777254,2576
14,777395,0.340
e,777536,34
b,777678,71
c,777819,2572
14,777960,0.620
e,778101,33
b,778242,74
c,778383,2565
14,778524,0.605
e,778665,33
b,778802,75
c,778943,2555
e,779225,32
b,779366,77
c,779507,2555
14,779645,0.500
e,779786,32
b,779927,77
c,780068,2553
14,780209,0.330
e,780350,32
b,780491,77
c,780632,2551
14,780773,0.815
e,780914,32
b,781056,77
c,781196,2550
14,781337,0.180
e,781478,24
b,781619,80
c,781760,2544
14,781902,0.660
e,782040,23
b,782181,86
c,782322,2549
14,782464,0.720
e,782604,22
b,782745,89
c,782886,2553
14,783027,0.750
e,783168,22
b,783310,89
c,783451,2556
14,783592,0.155
e,783733,22
b,783874,89
c,784015,2560
14,784156,0.800
e,784297,22
b,784434,89
c,784575,2566
14,784716,0.845
e,784857,22
b,784998,89
c,785139,2565
14,785277,0.805
e,785418,23
b,785559,89
c,785700,2572
14,785841,0.535
e,785982,23
b,786123,88
c,786264,2576
14,786405,0.775
e,786546,23
b,786688,88
c,786828,2585
14,786969,0.310
e,787110,23
b,787251,88
c,787392,2585
14,787534,0.255
e,787672,23
b,787813,79
c,787954,2583
14,788096,0.700
e,788236,24
b,788377,77
c,788518,2585
14,788659,0.135
e,788800,32
b,788942,76
c,789083,2588
14,789224,0.790
e,789365,32
b,789506,77
c,789647,2589
14,789788,0.660
e,789929,32
b,790066,77
c,790207,2585
14,790348,0.140
e,790489,32
b,790630,77
c,790771,2586
14,790909,0.815
e,791050,32
b,791191,77
c,791332,2587
14,791473,0.730
e,791614,32
b,791755,77
c,791896,2589
14,792037,0.205
e,792178,32
b,792320,77
c,792460,2591
14,792601,0.740
e,792742,32
b,792883,76
c,793024,2588
14,793166,0.200
e,793304,32
b,793445,76
c,793586,2591
14,793728,0.370
e,793868,32
b,794009,76
c,794150,2588
14,794291,0.660
e,794432,32
b,794574,76
c,794715,2587
14,794856,0.140
e,794997,32
b,795138,76
c,795279,2588
14,795420,0.765
e,795561,32
b,795698,76
c,795839,2586
14,795980,0.295
e,796121,32
b,796262,76
c,796403,2591
14,796541,0.805
e,796682,32
b,796823,76
c,796964,2590
14,797105,0.205
e,797246,32
b,797387,76
c,797528,2592
14,797669,0.795
e,797810,32
b,797952,76
c,798092,2590
14,798233,0.240
e,798374,32
b,798515,76
c,798656,2590
14,798798,0.595
e,798936,32
b,799077,76
c,799218,2592
e,799500,32
b,799641,76
c,799782,2594
14,799923,0.280
e,800064,32
b,800206,76
c,800347,2592
14,800488,0.745
e,800629,32
b,800770,76
c,800911,2592
14,801052,0.235
e,801193,32
b,801330,76
c,801471,2595
14,801612,0.825
e,801753,32
b,801894,76
c,802035,2591
14,802173,0.165
e,802314,32
b,802455,76
c,802596,2600
14,802737,0.670
e,802878,32
b,803019,75
c,803160,2597
14,803301,0.80
e,803442,32
b,803584,76
c,803724,2600
14,803865,0.720
e,804006,32
b,804147,76
c,804288,2597
14,804430,0.810
e,804568,32
b,804709,76
c,804850,2594
14,804992,0.140
e,805132,32
b,805273,76
c,805414,2602
14,805555,0.765
e,805696,32
b,805838,76
c,805979,2600
14,806120,0.175
e,806261,24
b,806402,83
c,806543,2608
14,806684,0.575
e,806825,22
b,806962,99
c,807103,2624
14,807244,0.830
e,807385,22
b,807526,102
c,807667,2641
14,807805,0.745
e,807946,22
b,808087,101
c,808228,2656
14,808369,0.835
e,808510,22
b,808651,99
c,808792,2670
14,808933,0.770
e,809074,22
b,809216,94
c,809356,2650
14,809497,0.865
e,809638,-2
b,809779,31
c,809920,2641
14,810062,0.10
e,810200,12
b,810341,20
c,810482,2600
14,810624,0.10
e,810764,17
b,810905,19
c,811046,2558
14,811187,0.0
e,811328,49
b,811470,47
c,811611,2532
14,811752,0.895
e,811893,21
b,812034,119
c,812175,2559
14,812316,0.865
e,812457,-5
b,812594,77
c,812735,2562
14,812876,0.875
e,813017,8
b,813158,25
c,813299,2499
14,813437,0.5
e,813578,27
b,813719,78
c,813860,2452
14,814001,0.855
e,814142,23
b,814283,92
c,814424,2449
14,814565,0.665
e,814706,22
b,814848,92
c,814988,2440
14,815129,0.165
e,815270,22
b,815411,92
c,815552,2431
14,815694,0.205
e,815832,23
b,815973,92
c,816114,2429
14,816256,0.620
e,816396,22
b,816537,94
c,816678,2423
14,816819,0.175
e,816960,22
b,817102,95
c,817243,2410
14,817384,0.265
e,817525,22
b,817666,96
c,817807,2402
14,817948,0.545
e,818089,22
b,818226,95
c,818367,2401
14,818508,0.760
e,818649,22
b,818790,96
c,818931,2389
14,819069,0.110
e,819210,22
b,819351,96
c,819492,2390
14,819633,0.170
e,819774,22
b,819915,96
c,820056,2381
14,820197,0.620
e,820338,22
b,820480,96
c,820620,2381
14,820761,0.735
e,820902,22
b,821043,96
c,821184,2382
14,821326,0.140
e,821464,22
b,821605,102
c,821746,2392
14,821888,0.225
e,822028,20
b,822169,108
c,822310,2393
14,822451,0.285
e,822592,19
b,822734,117
c,822875,2404
14,823016,0.450
e,823157,20
b,823298,116
c,823439,2412
14,823580,0.690
e,823721,20
b,823858,116
c,823999,2426
14,824140,0.160
e,824281,20
b,824422,116
c,824563,2429
14,824701,0.130
e,824842,20
b,824983,117
c,825124,2439
14,825265,0.105
e,825406,20
b,825547,116
c,825688,2448
14,825829,0.105
e,825970,20
b,826112,116
c,826252,2455
14,826393,0.105
e,826534,21
b,826675,116
c,826816,2463
14,826958,0.275
e,827096,21
b,827237,115
c,827378,2478
14,827520,0.115
e,827660,21
b,827801,115
c,827942,2478
14,828083,0.80
e,828224,21
b,828366,115
c,828507,2493
14,828648,0.70
e,828789,21
b,828930,115
c,829071,2492
14,829212,0.80
e,829353,22
b,829490,115
c,829631,2511
14,829772,0.90
e,829913,22
b,830054,143
c,830195,2517
14,830333,0.870
e,830474,10
b,830615,180
c,830756,2537
14,830897,0.875
e,831038,10
b,831179,181
c,831320,2528
14,831461,0.885
e,831602,10
b,831744,181
c,831884,2531
14,832025,0.880
e,832166,10
b,832307,181
c,832448,2531
14,832590,0.880
e,832728,10
b,832869,182
c,833010,2532
14,833152,0.875
e,833292,11
b,833433,146
c,833574,2525
14,833715,0.870
e,833856,16
b,833998,136
c,834139,2514
14,834280,0.860
e,834421,16
b,834562,135
c,834703,2497
14,834844,0.840
e,834985,16
b,835122,134
c,835263,2486
14,835404,0.840
e,835545,14
b,835686,140
c,835827,2473
14,835965,0.830
e,836106,15
b,836247,142
c,836388,2473
14,836529,0.830
e,836670,15
b,836811,142
c,836952,2482
14,837093,0.825
e,837234,15
b,837376,142
c,837516,2483
14,837657,0.815
e,837798,15
b,837939,142
c,838080,2484
14,838222,0.820
e,838360,15
b,838501,143
c,838642,2498
14,838784,0.805
e,838924,15
b,839065,144
c,839206,2511
14,839347,0.815
e,839488,16
b,839630,144
c,839771,2507
14,839912,0.185
e,840053,19
b,840194,128
c,840335,2510
14,840476,0.630
e,840617,23
b,840754,118
c,840895,2514
14,841036,0.770
e,841177,22
b,841318,117
c,841459,2512
14,841597,0.145
e,841738,22
b,841879,117
c,842020,2515
14,842161,0.785
e,842302,22
b,842443,117
c,842584,2509
14,842725,0.130
e,842866,23
b,843008,117
c,843148,2512
14,843289,0.805
e,843430,23
b,843571,117
c,843712,2508
14,843854,0.145
e,843992,23
b,844133,117
c,844274,2511
14,844416,0.705
e,844556,23
b,844697,117
c,844838,2509
14,844979,0.805
e,845120,23
b,845262,117
c,845403,2509
14,845544,0.705
e,845685,23
b,845826,117
c,845967,2510
14,846108,0.805
e,846249,23
b,846386,117
c,846527,2512
14,846668,0.180
e,846809,23
b,846950,117
c,847091,2511
14,847229,0.675
e,847370,23
b,847511,117
c,847652,2513
14,847793,0.120
e,847934,23
b,848075,116
c,848216,2512
14,848357,0.690
e,848498,23
b,848640,116
c,848780,2515
14,848921,0.175
e,849062,23
b,849203,109
c,849344,2503
14,849486,0.795
e,849624,25
b,849765,100
c,849906,2493
14,850048,0.150
e,850188,25
b,850329,100
c,850470,2488
14,850611,0.815
e,850752,25
b,850894,100
c,851035,2467
14,851176,0.260
e,851317,25
b,851458,101
c,851599,2469
14,851740,0.775
e,851881,25
b,852018,101
c,852159,2460
14,852300,0.775
e,852441,25
b,852582,101
c,852723,2452
14,852861,0.135
e,853002,25
b,853143,102
c,853284,2448
14,853425,0.285
e,853566,25
b,853707,102
c,853848,2457
14,853989,0.735
e,854130,25
b,854272,102
c,854412,2460
14,854553,0.415
e,854694,25
b,854835,101
c,854976,2457
14,855118,0.130
e,855256,25
b,855397,101
c,855538,2459
14,855680,0.355
e,855820,25
b,855961,101
c,856102,2464
14,856243,0.745
e,856384,26
b,856526,101
c,856667,2468
14,856808,0.650
e,856949,25
b,857090,101
c,857231,2464
14,857372,0.405
e,857513,26
b,857650,100
c,857791,2468
14,857932,0.790
e,858073,26
b,858214,101
c,858355,2468
14,858493,0.775
e,858634,26
b,858775,100
c,858916,2472
14,859057,0.115
e,859198,26
b,859339,100
c,859480,2468
14,859621,0.540
e,859762,26
b,859904,85
c,860044,2475
14,860185,0.805
e,860326,31
b,860467,78
c,860608,2455
14,860750,0.645
e,860888,28
b,861029,85
c,861170,2450
14,861312,0.615
e,861452,28
b,861593,86
c,861734,2444
14,861875,0.520
e,862016,28
b,862158,86
c,862299,2436
14,862440,0.185
e,862581,28
b,862722,86
c,862863,2432
14,863004,0.685
e,863145,28
b,863282,86
c,863423,2425
14,863564,0.135
e,863705,28
b,863846,86
c,863987,2423
14,864125,0.740
e,864266,28
b,864407,86
c,864548,2427
14,864689,0.590
e,864830,28
b,864971,86
c,865112,2431
14,865253,0.775
e,865394,28
b,865536,86
c,865676,2432
14,865817,0.650
e,865958,28
b,866099,86
c,866240,2443
14,866382,0.150
e,866520,28
b,866661,86
c,866802,2443
14,866944,0.610
e,867084,28
b,867225,86
c,867366,2449
14,867507,0.720
e,867648,28
b,867790,86
c,867931,2446
14,868072,0.415
e,868213,28
b,868354,86
c,868495,2445
14,868636,0.805
e,868777,28
b,868914,86
c,869055,2441
14,869196,0.180
e,869337,28
b,869478,86
c,869619,2446
14,869757,0.790
e,869898,28
b,870039,85
c,870180,2444
14,870321,0.125
e,870462,29
b,870603,86
c,870744,2444
14,870885,0.780
e,871026,29
b,871168,86
c,871308,2446
14,871449,0.210
e,871590,29
b,871731,86
c,871872,2446
14,872014,0.805
e,872152,29
b,872293,86
c,872434,2449
14,872576,0.525
e,872716,29
b,872857,85
c,872998,2449
14,873139,0.510
e,873280,29
b,873422,85
c,873563,2445
14,873704,0.265
e,873845,29
b,873986,86
c,874127,2448
14,874268,0.770
e,874409,30
b,874546,80
c,874687,2426
14,874828,0.830
e,874969,33
b,875110,69
c,875251,2432
14,875389,0.815
e,875530,32
b,875671,74
c,875812,2427
14,875953,0.50
e,876094,31
b,876235,77
c,876376,2416
14,876517,0.605
e,876658,31
b,876800,78
c,876940,2423
14,877081,0.110
e,877222,31
b,877363,77
c,877504,2415
14,877646,0.160
e,877784,31
b,877925,77
c,878066,2403
14,878208,0.495
e,878348,31
b,878489,78
c,878630,2402
14,878771,0.60
e,878912,31
b,879054,78
c,879195,2402
14,879336,0.625
e,879477,31
b,879618,78
c,879759,2397
14,879900,0.55
e,880041,31
b,880178,78
c,880319,2399
14,880460,0.105
e,880601,31
b,880742,78
c,880883,2399
14,881021,0.770
e,881162,31
b,881303,78
c,881444,2395
14,881585,0.265
e,881726,31
b,881867,78
c,882008,2396
14,882149,0.825
e,882290,31
b,882432,78
c,882572,2401
14,882713,0.800
e,882854,31
b,882995,78
c,883136,2401
14,883278,0.225
e,883416,31
b,883557,78
c,883698,2405
14,883840,0.350
e,883980,31
b,884121,78
c,884262,2407
14,884403,0.685
e,884544,31
b,884686,73
c,884827,2406
14,884968,0.765
e,885109,33
b,885250,66
c,885391,2402
14,885532,0.805
e,885673,33
b,885810,70
c,885951,2395
14,886092,0.430
e,886233,32
b,886374,71
c,886515,2393
14,886653,0.160
e,886794,32
b,886935,71
c,887076,2391
14,887217,0.780
e,887358,32
b,887499,71
c,887640,2383
14,887781,0.705
e,887922,32
b,888064,71
c,888204,2387
14,888345,0.150
e,888486,32
b,888627,71
c,888768,2386
14,888910,0.760
e,889048,32
b,889189,71
c,889330,2389
14,889472,0.765
e,889612,32
b,889753,71
c,889894,2401
14,890035,0.205
e,890176,33
b,890318,70
c,890459,2406
14,890600,0.810
e,890741,32
b,890882,70
c,891023,2410
14,891164,0.165
e,891305,33
b,891442,70
c,891583,2415
14,891724,0.755
e,891865,33
b,892006,70
c,892147,2420
14,892285,0.120
e,892426,33
b,892567,70
c,892708,2426
14,892849,0.795
e,892990,33
b,893131,70
c,893272,2430
14,893413,0.110
e,893554,33
b,893696,67
c,893836,2431
14,893977,0.820
e,894118,23
b,894259,55
c,894400,2426
14,894542,0.215
e,894680,41
b,894821,49
c,894962,2424
14,895104,0.120
e,895244,40
b,895385,51
c,895526,2416
14,895667,0.805
e,895808,40
b,895950,53
c,896091,2407
14,896232,0.240
e,896373,38
b,896514,54
c,896655,2405
e,896937,37
b,897074,56
c,897215,2403
14,897356,0.450
e,897497,35
b,897638,58
c,897779,2401
14,897917,0.200
e,898058,35
b,898199,58
c,898340,2402
14,898481,0.295
e,898622,35
b,898763,59
c,898904,2406
14,899045,0.750
e,899186,35
b,899328,58
c,899468,2406
14,899609,0.125
e,899750,35
b,899891,58
c,900032,2402
14,900174,0.715
e,900312,35
b,900453,58
c,900594,2401
14,900736,0.360
e,900876,35
b,901017,59
c,901158,2403
e,901440,35
b,901582,59
c,901723,2399
14,901864,0.735
e,902005,35
b,902146,59
c,902287,2398
14,902428,0.180
e,902569,35
b,902706,59
c,902847,2401
14,902988,0.450
e,903129,35
b,903270,59
c,903411,2402
14,903549,0.725
e,903690,35
b,903831,59
c,903972,2400
14,904113,0.105
e,904254,35
b,904395,59
c,904536,2402
14,904677,0.635
e,904818,35
b,904960,59
c,905100,2399
14,905241,0.305
e,905382,35
b,905523,59
c,905664,2399
14,905806,0.110
e,905944,35
b,906085,59
c,906226,2402
14,906368,0.765
e,906508,35
b,906649,59
c,906790,2402
14,906931,0.130
e,907072,35
b,907214,59
c,907355,2400
14,907496,0.510
e,907637,35
b,907778,59
c,907919,2402
14,908060,0.410
e,908201,35
b,908338,59
c,908479,2401
14,908620,0.365
e,908761,40
b,908902,50
c,909043,2400
14,909181,0.810
e,909322,45
b,909463,45
c,909604,2392
14,909745,0.740
e,909886,45
b,910027,45
c,910168,2380
14,910309,0.175
e,910450,46
b,910592,45
c,910732,2370
14,910873,0.110
e,911014,46
b,911155,44
c,911296,2375
14,911438,0.540
e,911576,46
b,911717,44
c,911858,2371
14,912000,0.815
e,912140,46
b,912281,44
c,912422,2374
14,912563,0.785
e,912704,46
b,912846,44
c,912987,2376
14,913128,0.740
e,913269,45
b,913410,46
c,913551,2385
14,913692,0.395
e,913833,44
b,913970,47
c,914111,2384
14,914252,0.110
e,914393,43
b,914534,48
c,914675,2392
14,914813,0.485
e,914954,41
b,915095,49
c,915236,2400
14,915377,0.780
e,915518,43
b,915659,48
c,915800,2408
14,915941,0.435
e,916082,43
b,916224,48
c,916364,2415
14,916505,0.115
e,916646,41
b,916787,48
c,916928,2427
14,917070,0.735
e,917208,43
b,917349,48
c,917490,2434
14,917632,0.550
e,917772,43
b,917913,48
c,918054,2439
14,918195,0.115
e,918336,43
b,918478,48
c,918619,2446
14,918760,0.500
e,918901,43
b,919042,48
c,919183,2451
14,919324,0.720
e,919465,43
b,919602,48
c,919743,2460
14,919884,0.210
e,920025,43
b,920166,47
c,920307,2465
14,920445,0.305
e,920586,43
b,920727,47
c,920868,2473
14,921009,0.790
e,921150,44
b,921291,44
c,921432,2474
14,921573,0.685
e,921714,49
b,921856,33
c,921996,2473
14,922137,0.735
e,922278,49
b,922419,29
c,922560,2467
14,922702,0.785
e,922840,49
b,922981,28
c,923122,2456
14,923264,0.795
e,923404,49
b,923545,28
c,923686,2454
14,923827,0.810
e,923968,49
b,924110,28
c,924251,2444
14,924392,0.815
e,924533,49
b,924674,28
c,924815,2457
14,924956,0.815
e,925097,49
b,925234,27
c,925375,2457
14,925516,0.780
e,925657,48
b,925798,28
c,925939,2458
14,926077,0.595
e,926218,49
b,926359,30
c,926500,2438
14,926641,0.270
e,926782,49
b,926923,30
c,927064,2438
14,927205,0.460
e,927346,49
b,927488,30
c,927628,2439
14,927769,0.610
e,927910,49
b,928051,30
c,928192,2432
14,928334,0.705
e,928472,49
b,928613,30
c,928754,2437
14,928896,0.800
e,929036,48
b,929177,31
c,929318,2435
14,929459,0.765
e,929600,49
b,929742,30
c,929883,2438
14,930024,0.105
e,930165,48
b,930306,30
c,930447,2436
e,930729,49
b,930866,30
c,931007,2430
14,931148,0.135
e,931289,48
b,931430,30
c,931571,2438
14,931709,0.635
e,931850,49
b,931991,30
c,932132,2443
14,932273,0.670
e,932414,49
b,932555,29
c,932696,2405
14,932837,0.645
e,932978,26
b,933120,23
c,933260,2418
14,933401,0.35
e,933542,48
b,933683,23
c,933824,2409
14,933966,0.65
e,934107,48
b,934248,22
c,934389,2409
14,934530,0.130
e,934671,48
b,934812,22
c,934953,2407
14,935090,0.775
e,935231,48
b,935372,22
c,935513,2395
14,935654,0.515
e,935795,48
b,935933,24
c,936074,2387
14,936215,0.775
e,936356,48
b,936497,24
c,936638,2377
14,936779,0.710
e,936920,48
b,937061,24
c,937202,2375
14,937344,0.715
e,937484,48
b,937625,23
c,937766,2361
14,937907,0.805
e,938048,48
b,938190,24
c,938331,2354
14,938472,0.125
e,938613,48
b,938754,24
c,938895,2357
14,939036,0.290
e,939177,48
b,939314,24
c,939455,2353
14,939596,0.815
e,939737,48
b,939878,24
c,940019,2352
14,940157,0.110
e,940298,48
b,940439,24
c,940580,2347
14,940721,0.120
e,940862,16
b,941003,21
c,941144,2334
14,941285,0.35
e,941426,8
b,941568,21
c,941708,2323
14,941849,0.35
e,941990,-2
b,942131,20
c,942272,2314
14,942414,0.785
e,942552,-2
b,942693,20
c,942834,2304
14,942976,0.105
e,943116,-2
b,943257,21
c,943398,2290
14,943539,0.0
e,943680,48
b,943822,22
c,943963,2279
14,944104,0.0
e,944245,48
b,944386,22
c,944527,2267
14,944668,0.0
e,944809,48
b,944946,22
c,945087,2254
14,945228,0.0
e,945369,48
b,945510,22
c,945651,2245
14,945789,0.0
e,945930,48
b,946071,22
c,946212,2236
14,946353,0.0
e,946494,48
b,946635,22
c,946776,2237
14,946917,0.300
e,947058,48
b,947200,25
c,947340,2228
14,947481,0.220
e,947622,48
b,947763,35
c,947904,2230
14,948046,0.645
e,948184,46
b,948325,45
c,948466,2238
14,948608,0.755
e,948748,44
b,948889,44
c,949030,2251
14,949171,0.740
e,949312,47
b,949454,41
c,949595,2258
14,949736,0.755
e,949877,21
b,950018,31
c,950159,2266
14,950300,0.795
e,950441,10
b,950578,22
c,950719,2247
14,950860,0.35
e,951001,16
b,951142,21
c,951283,2236
14,951421,0.35
e,951562,17
b,951703,20
c,951844,2226
14,951985,0.35
e,952126,14
b,952267,21
c,952408,2220
14,952549,0.85
e,952690,14
b,952832,21
c,952972,2207
14,953113,0.705
e,953254,15
b,953395,21
c,953536,2199
14,953678,0.665
e,953816,14
b,953957,21
c,954098,2191
14,954240,0.85
e,954380,14
b,954521,21
c,954662,2181
14,954803,0.180
e,954944,14
b,955086,21
c,955227,2170
14,955368,0.770
e,955509,13
b,955650,21
c,955791,2156
14,955932,0.790
e,956073,13
b,956210,21
c,956351,2154
14,956492,0.825
e,956633,13
b,956774,21
c,956915,2138
14,957053,0.805
e,957194,12
b,957335,21
c,957476,2137
14,957617,0.805
e,957758,12
b,957899,21
c,958040,2124
14,958181,0.825
e,958322,12
b,958464,21
c,958604,2110
14,958745,0.770
e,958886,12
b,959027,21
c,959168,2106
14,959310,0.110
e,959448,11
b,959589,22
c,959730,2091
14,959872,0.800
e,960012,11
b,960153,22
c,960294,2089
14,960435,0.75
e,960576,-3
b,960718,22
c,960859,2072
14,961000,0.170
e,961141,-3
b,961282,22
c,961423,2061
14,961564,0.125
e,961705,-3
b,961842,23
c,961983,2045
14,962124,0.15
e,962265,47
b,962406,24
c,962547,2036
14,962685,0.0
e,962826,47
b,962967,24
c,963108,2025
14,963249,0.0
e,963390,47
b,963531,24
c,963672,2012
14,963813,0.0
e,963954,47
b,964096,24
c,964236,2008
14,964377,0.425
e,964518,47
b,964659,29
c,964800,2002
14,964942,0.630
e,965080,47
b,965221,36
c,965362,2014
14,965504,0.85
e,965644,46
b,965785,43
c,965926,2023
14,966067,0.700
e,966208,40
b,966350,50
c,966491,2031
14,966632,0.585
e,966773,35
b,966914,54
c,967055,2049
14,967196,0.370
e,967337,35
b,967474,55
c,967615,2061
14,967756,0.145
e,967897,34
b,968038,55
c,968179,2078
14,968317,0.145
e,968458,36
b,968599,55
c,968740,2094
14,968881,0.705
e,969022,34
b,969163,56
c,969304,2109
14,969445,0.725
e,969586,34
b,969728,57
c,969868,2128
14,970009,0.785
e,970150,34
b,970291,56
c,970432,2143
14,970574,0.820
e,970712,34
b,970853,71
c,970994,2176
14,971136,0.860
e,971276,25
b,971417,104
c,971558,2214
14,971699,0.135
e,971840,22
b,971982,122
c,972123,2266
14,972264,0.680
e,972405,21
b,972546,123
c,972687,2305
14,972828,0.215
e,972969,22
b,973106,121
c,973247,2351
14,973388,0.685
e,973529,23
b,973670,121
c,973811,2390
14,973949,0.230
e,974090,24
b,974231,118
c,974372,2436
14,974513,0.705
e,974654,24
b,974795,117
c,974936,2476
14,975077,0.775
e,975218,25
b,975360,117
c,975500,2519
14,975641,0.340
e,975782,26
b,975923,115
c,976064,2555
14,976206,0.815
e,976344,26
b,976485,118
c,976626,2592
14,976768,0.745
e,976908,19
b,977049,141
c,977190,2639
14,977331,0.760
e,977472,18
b,977614,151
c,977755,2696
14,977896,0.695
e,978037,19
b,978178,154
c,978319,2758
14,978460,0.790
e,978601,19
b,978738,154
c,978879,2813
14,979020,0.640
e,979161,20
b,979302,155
c,979443,2857
14,979581,0.795
e,979722,20
b,979863,153
c,980004,2907
14,980145,0.790
e,980286,22
b,980427,150
c,980568,2953
14,980709,0.790
e,980850,23
b,980992,148
c,981132,3003
14,981273,0.805
e,981414,23
b,981555,145
c,981696,3057
14,981838,0.815
e,981976,23
b,982117,144
c,982258,3090
14,982400,0.825
e,982540,24
b,982681,140
c,982822,3046
14,982963,0.895
e,983104,-2
b,983246,28
c,983387,3085
14,983528,0.10
e,983669,2
b,983810,18
c,983951,3046
14,984092,0.5
e,984233,6
b,984370,18
c,984511,3012
14,984652,0.0
e,984793,49
b,984934,18
c,985075,2966
14,985213,0.0
e,985354,49
b,985495,18
c,985636,2927
14,985777,0.0
e,985918,49
b,986059,18
c,986200,2891
14,986341,0.0
e,986482,49
b,986624,18
c,986764,2859
14,986905,0.30
e,987046,49
b,987187,28
c,987328,2856
14,987470,0.730
e,987608,49
b,987749,41
c,987890,2806
14,988032,0.460
e,988172,45
b,988313,47
c,988454,2803
14,988595,0.675
e,988736,43
b,988878,51
c,989019,2788
14,989160,0.595
e,989301,39
b,989442,55
c,989583,2784
14,989724,0.830
e,989865,37
b,990002,56
c,990143,2779
14,990284,0.210
e,990425,37
b,990566,56
c,990707,2771
14,990845,0.510
e,990986,37
b,991127,56
c,991268,2765
14,991409,0.650
e,991550,37
b,991691,56
c,991832,2762
14,991973,0.805
e,992114,36
b,992256,60
c,992396,2753
14,992537,0.810
e,992678,36
b,992819,61
c,992960,2751
14,993102,0.800
e,993240,36
b,993381,61
c,993522,2748
14,993664,0.790
e,993804,36
b,993945,61
c,994086,2744
14,994227,0.815
e,994368,36
b,994510,61
c,994651,2753
14,994792,0.825
e,994933,36
b,995074,61
c,995215,2748
14,995356,0.815
e,995497,36
b,995634,61
c,995775,2744
14,995916,0.810
e,996057,36
b,996198,61
c,996339,2739
14,996477,0.775
e,996618,36
b,996759,61
c,996900,2737
14,997041,0.400
e,997182,36
b,997323,61
c,997464,2739
14,997605,0.805
e,997746,36
b,997888,66
c,998028,2772
14,998169,0.60
e,998310,19
b,998451,164
c,998592,2803
14,998734,0.90
e,998872,15
b,999013,182
c,999154,2866
14,999296,0.790
e,999436,15
b,999577,183
c,999718,2936
14,999859,0.830
e,1000000,16
b,1000142,183
c,1000283,2997
14,1000424,0.830
e,1000565,13
b,1000706,183
c,1000847,3080
14,1000988,0.845
e,1001129,15
b,1001266,183
c,1001407,3143
14,1001548,0.845
e,1001689,15
b,1001830,184
c,1001971,3206
14,1002109,0.850
e,1002250,16
b,1002391,185
c,1002532,3277
14,1002673,0.860
e,1002814,16
b,1002955,186
c,1003096,3353
14,1003237,0.860
e,1003378,15
b,1003520,187
c,1003660,3404
14,1003801,0.880
e,1003942,-10
b,1004083,33
c,1004224,3374
14,1004366,0.40
e,1004504,3
b,1004645,18
c,1004786,3326
14,1004928,0.25
e,1005068,8
b,1005209,17
c,1005350,3282
14,1005491,0.0
e,1005632,49
b,1005774,18
c,1005915,3237
14,1006056,0.0
e,1006197,49
b,1006338,20
c,1006479,3210
14,1006620,0.85
e,1006761,49
b,1006898,30
c,1007039,3153
14,1007180,0.805
e,1007321,49
b,1007462,36
c,1007603,3144
14,1007741,0.795
e,1007882,31
b,1008023,157
c,1008164,3184
14,1008305,0.860
e,1008446,15
b,1008587,183
c,1008728,3244
14,1008869,0.850
e,1009010,16
b,1009152,184
c,1009292,3307
14,1009433,0.855
e,1009574,16
b,1009715,185
c,1009856,3375
14,1009998,0.860
e,1010136,17
b,1010277,187
c,1010418,3443
14,1010560,0.855
e,1010700,17
b,1010841,188
c,1010982,3508
14,1011123,0.865
e,1011264,18
b,1011406,189
c,1011547,3574
14,1011688,0.870
e,1011829,19
b,1011970,190
c,1012111,3636
14,1012252,0.875
e,1012393,19
b,1012530,191
c,1012671,3700
14,1012812,0.900
e,1012953,16
b,1013094,193
c,1013235,3762
14,1013373,0.900
e,1013514,19
b,1013655,193
c,1013796,3827
14,1013937,0.900
e,1014078,17
b,1014219,193
c,1014360,3885
14,1014501,0.900
e,1014642,-7
b,1014784,30
c,1014924,3840
14,1015065,0.310
e,1015206,4
b,1015347,17
c,1015488,3772
14,1015630,0.5
e,1015768,49
b,1015909,17
c,1016050,3722
14,1016192,0.0
e,1016332,49
b,1016473,17
c,1016614,3669
14,1016755,0.0
e,1016896,49
b,1017038,17
c,1017179,3611
14,1017320,0.0
e,1017461,49
b,1017602,17
c,1017743,3549
14,1017884,0.0
e,1018025,49
b,1018162,17
c,1018303,3485
14,1018444,0.0
e,1018585,49
b,1018726,17
c,1018867,3433
14,1019005,0.0
e,1019146,49
b,1019287,17
c,1019428,3368
14,1019569,0.0
e,1019710,49
b,1019851,17
c,1019992,3303
14,1020133,0.0
e,1020274,49
b,1020416,18
c,1020556,3235
14,1020697,0.0
e,1020838,49
b,1020979,17
c,1021120,3164
14,1021262,0.0
e,1021403,49
b,1021544,17
c,1021685,3103
14,1021826,0.0
e,1021967,49
b,1022108,18
c,1022249,3046
14,1022386,0.0
e,1022527,49
b,1022668,18
c,1022809,2985
14,1022950,0.0
e,1023091,49
b,1023229,18
c,1023370,2911
14,1023511,0.0
e,1023652,49
b,1023793,18
c,1023934,2856
14,1024075,0.0
e,1024216,49
b,1024357,18
c,1024498,2791
14,1024640,0.0
e,1024780,49
b,1024921,18
c,1025062,2715
14,1025203,0.0
e,1025344,49
b,1025486,18
c,1025627,2626
14,1025768,0.0
e,1025909,49
b,1026050,18
c,1026191,2548
14,1026332,0.0
e,1026473,49
b,1026610,19
c,1026751,2463
14,1026892,0.0
e,1027033,48
b,1027174,20
c,1027315,2397
14,1027453,0.0
e,1027594,48
b,1027735,21
c,1027876,2322
14,1028017,0.0
e,1028158,48
b,1028299,21
c,1028440,2268
14,1028581,0.0
e,1028722,48
b,1028864,22
c,1029004,2220
14,1029145,0.0
e,1029286,47
b,1029427,22
c,1029568,2162
14,1029710,0.0
e,1029848,47
b,1029989,23
c,1030130,2092
14,1030272,0.0
e,1030412,47
b,1030553,23
c,1030694,2029
14,1030835,0.0
e,1030976,47
b,1031118,24
c,1031259,1968
14,1031400,0.0
e,1031541,47
b,1031682,22
c,1031823,1894
14,1031964,0.0
e,1032105,46
b,1032242,13
c,1032383,1825
14,1032524,0.0
e,1032665,46
b,1032806,12
c,1032947,1733
14,1033085,0.0
e,1033226,45
b,1033367,22
c,1033508,1234
14,1033649,0.0
e,1033790,-8
b,1033931,29
c,1034072,907
14,1034213,0.25
e,1034354,-8
b,1034496,32
c,1034636,1498
14,1034777,0.775
e,1034918,46
b,1035059,22
c,1035200,1782
14,1035342,0.0
e,1035483,46
b,1035624,22
c,1035765,1576
14,1035906,0.0
e,1036047,45
b,1036188,28
c,1036329,1265
14,1036466,0.0
e,1036607,4
b,1036748,31
c,1036889,902
14,1037030,0.40
e,1037171,3
b,1037309,39
c,1037450,783
14,1037591,0.855
e,1037732,1
b,1037873,43
c,1038014,767
14,1038155,0.855
e,1038296,1
b,1038437,43
c,1038578,751
14,1038720,0.825
e,1038860,4
b,1039001,42
c,1039142,830
14,1039283,0.705
e,1039424,25
b,1039566,68
c,1039707,1200
14,1039848,0.845
e,1039989,23
b,1040130,75
c,1040271,1232
14,1040412,0.450
e,1040553,21
b,1040690,74
c,1040831,1361
14,1040972,0.75
e,1041113,22
b,1041254,90
c,1041395,1548
14,1041533,0.755
e,1041674,21
b,1041815,89
c,1041956,1751
14,1042097,0.295
e,1042238,21
b,1042379,92
c,1042520,1949
14,1042661,0.775
e,1042802,23
b,1042944,83
c,1043084,2101
14,1043225,0.830
e,1043366,9
b,1043507,45
c,1043648,2116
14,1043790,0.90
e,1043928,11
b,1044069,26
c,1044210,1822
14,1044352,0.25
e,1044492,-5
b,1044633,27
c,1044774,1410
14,1044915,0.95
e,1045056,-4
b,1045198,28
c,1045339,1398
14,1045480,0.800
e,1045621,7
b,1045762,29
c,1045903,1333
14,1046044,0.75
e,1046185,8
b,1046322,30
c,1046463,1301
14,1046604,0.845
e,1046745,32
b,1046886,31
c,1047027,1236
14,1047165,0.815
e,1047306,43
b,1047447,41
c,1047588,1233
14,1047729,0.840
e,1047870,31
b,1048011,58
c,1048152,1241
14,1048293,0.860
e,1048434,11
b,1048576,58
c,1048716,1243
14,1048857,0.840
e,1048998,21
b,1049139,51
c,1049280,1247
14,1049422,0.740
e,1049560,7
b,1049701,42
c,1049842,1216
14,1049984,0.90
e,1050124,-2
b,1050265,35
c,1050406,1159
14,1050547,0.60
e,1050688,-5
b,1050830,33
c,1050971,834
14,1051112,0.70
e,1051253,7
b,1051394,41
c,1051535,743
14,1051676,0.115
e,1051817,2
b,1051954,44
c,1052095,754
14,1052236,0.810
e,1052377,3
b,1052518,44
c,1052659,733
14,1052797,0.110
e,1052938,5
b,1053079,43
c,1053220,755
14,1053361,0.90
e,1053502,4
b,1053643,43
c,1053784,769
14,1053925,0.115
e,1054066,4
b,1054208,41
c,1054348,761
14,1054489,0.185
e,1054630,8
b,1054771,41
c,1054912,755
14,1055054,0.690
e,1055192,22
b,1055333,72
c,1055474,1143
14,1055616,0.775
e,1055756,27
b,1055897,70
c,1056038,1673
14,1056179,0.785
e,1056320,28
b,1056462,70
c,1056603,1354
14,1056744,0.120
e,1056885,10
b,1057026,68
c,1057167,1558
14,1057308,0.660
e,1057449,20
b,1057586,54
c,1057727,1730
14,1057868,0.760
e,1058009,40
b,1058150,45
c,1058291,1799
14,1058429,0.820
e,1058570,28
b,1058711,31
c,1058852,1682
14,1058993,0.150
e,1059134,-6
b,1059275,29
c,1059416,1167
14,1059557,0.35
e,1059698,1
b,1059840,33
c,1059980,784
14,1060121,0.55
e,1060262,5
b,1060403,41
c,1060544,759
14,1060686,0.575
e,1060824,4
b,1060965,43
c,1061106,742
14,1061248,0.805
e,1061388,6
b,1061529,43
c,1061670,742
14,1061811,0.115
e,1061952,6
b,1062094,44
c,1062235,752
14,1062376,0.460
e,1062517,5
b,1062658,44
c,1062799,797
14,1062940,0.165
e,1063081,-2
b,1063218,46
c,1063359,763
14,1063500,0.120
e,1063641,1
b,1063782,44
c,1063923,753
14,1064061,0.760
e,1064202,5
b,1064343,42
c,1064484,742
14,1064625,0.700
e,1064766,11
b,1064907,41
c,1065048,735
14,1065189,0.390
e,1065330,10
b,1065472,42
c,1065612,756
14,1065753,0.120
e,1065894,4
b,1066035,43
c,1066176,778
14,1066318,0.140
e,1066456,2
b,1066597,43
c,1066738,774
14,1066880,0.75
e,1067020,0
b,1067161,42
c,1067302,770
14,1067443,0.160
e,1067584,2
b,1067726,41
c,1067867,758
14,1068008,0.730
e,1068149,4
b,1068290,41
c,1068431,748
14,1068572,0.755
e,1068713,5
b,1068850,41
c,1068991,752
14,1069132,0.125
e,1069273,5
b,1069414,41
c,1069555,762
14,1069693,0.85
e,1069834,5
b,1069975,40
c,1070116,753
14,1070257,0.735
e,1070398,5
b,1070539,40
c,1070680,750
14,1070821,0.685
e,1070962,7
b,1071104,39
c,1071244,745
14,1071385,0.115
e,1071526,7
b,1071667,39
c,1071808,741
14,1071950,0.730
e,1072088,7
b,1072229,40
c,1072370,742
14,1072512,0.105
e,1072652,6
b,1072793,40
c,1072934,747
14,1073075,0.90
e,1073216,5
b,1073358,40
c,1073499,737
14,1073640,0.205
e,1073781,4
b,1073922,41
c,1074063,745
14,1074204,0.595
e,1074345,4
b,1074482,42
c,1074623,742
14,1074764,0.610
e,1074905,1
b,1075046,41
c,1075187,753
14,1075325,0.630
e,1075466,2
b,1075607,39
c,1075748,742
14,1075889,0.790
e,1076030,9
b,1076171,38
c,1076312,736
14,1076453,0.675
e,1076594,8
b,1076736,38
c,1076876,741
14,1077017,0.300
e,1077158,10
b,1077299,38
c,1077440,737
14,1077582,0.730
e,1077720,8
b,1077861,39
c,1078002,734
14,1078144,0.80
e,1078284,5
b,1078425,40
c,1078566,742
14,1078707,0.140
e,1078848,8
b,1078990,38
c,1079131,748
14,1079272,0.720
e,1079413,9
b,1079554,39
c,1079695,733
14,1079836,0.85
e,1079977,7
b,1080114,39
c,1080255,741
14,1080396,0.110
e,1080537,6
b,1080678,38
c,1080819,734
14,1080957,0.785
e,1081098,10
b,1081239,38
c,1081380,731
14,1081521,0.745
e,1081662,11
b,1081803,38
c,1081944,728
14,1082085,0.115
e,1082226,10
b,1082368,39
c,1082508,733
14,1082649,0.75
e,1082790,5
b,1082931,40
c,1083072,739
14,1083214,0.225
e,1083352,7
b,1083493,39
c,1083634,735
14,1083776,0.725
e,1083916,6
b,1084057,39
c,1084198,728
14,1084339,0.515
e,1084480,6
b,1084622,40
c,1084763,735
14,1084904,0.70
e,1085045,3
b,1085186,41
c,1085327,730
e,1085609,4
b,1085746,40
c,1085887,735
14,1086028,0.755
e,1086169,6
b,1086310,39
c,1086451,723
14,1086589,0.105
e,1086730,4
b,1086871,42
c,1087012,743
14,1087153,0.95
e,1087294,4
b,1087435,41
c,1087576,744
14,1087717,0.680
e,1087858,2
b,1088000,40
c,1088140,745
14,1088281,0.755
e,1088422,7
b,1088563,39
c,1088704,735
14,1088846,0.560
e,1088984,7
b,1089125,40
c,1089266,735
14,1089408,0.75
e,1089548,3
b,1089689,41
c,1089830,742
14,1089971,0.90
e,1090112,4
b,1090254,40
c,1090395,743
14,1090536,0.130
e,1090677,5
b,1090818,40
c,1090959,743
14,1091100,0.715
e,1091241,7
b,1091378,40
c,1091519,730
14,1091660,0.80
e,1091801,4
b,1091942,42
c,1092083,743
14,1092221,0.125
e,1092362,2
b,1092503,41
c,1092644,740
14,1092785,0.785
e,1092926,9
b,1093067,41
c,1093208,739
14,1093349,0.610
e,1093490,5
b,1093632,41
c,1093772,747
e,1094054,11
b,1094195,41
c,1094336,747
14,1094478,0.660
e,1094616,5
b,1094757,40
c,1094898,750
14,1095040,0.695
e,1095180,9
b,1095321,40
c,1095462,745
14,1095603,0.205
e,1095744,4
b,1095886,41
c,1096027,751
14,1096168,0.675
e,1096309,10
b,1096450,41
c,1096591,738
14,1096732,0.140
e,1096873,3
b,1097010,42
c,1097151,750
14,1097292,0.570
e,1097433,4
b,1097574,41
c,1097715,751
14,1097853,0.130
e,1097994,5
b,1098135,40
c,1098276,755
14,1098417,0.725
e,1098558,7
b,1098699,39
c,1098840,746
14,1098981,0.765
e,1099122,6
b,1099264,39
c,1099404,743
14,1099545,0.240
e,1099686,8
b,1099827,40
c,1099968,751
14,1100110,0.90
e,1100248,2
b,1100389,42
c,1100530,752
14,1100672,0.90
e,1100812,2
b,1100953,42
c,1101094,751
14,1101235,0.785
e,1101376,3
b,1101518,41
c,1101659,752
14,1101800,0.245
e,1101941,5
b,1102082,41
c,1102223,754
14,1102364,0.140
e,1102505,3
b,1102642,41
c,1102783,760
14,1102924,0.780
e,1103065,4
b,1103206,40
c,1103347,752
14,1103485,0.725
e,1103626,4
b,1103767,41
c,1103908,741
14,1104049,0.110
e,1104190,5
b,1104331,41
c,1104472,755
14,1104613,0.135
e,1104754,3
b,1104896,41
c,1105036,766
14,1105177,0.735
e,1105318,5
b,1105459,40
c,1105600,759
14,1105742,0.730
e,1105880,7
b,1106021,40
c,1106162,750
14,1106304,0.430
e,1106444,6
b,1106585,39
c,1106726,763
14,1106867,0.170
b,1107008,39
c,1107150,758
e,1107291,7
b,1107432,39
c,1107573,744
e,1107714,8
b,1107855,39
c,1107996,744
e,1108137,7
b,1108274,41
c,1108415,741
e,1108556,5
b,1108697,42
c,1108838,763
e,1108979,2
b,1109117,41
c,1109258,761
e,1109399,4
b,1109540,40
c,1109681,760
e,1109822,5
b,1109963,40
c,1110104,750
e,1110245,8
b,1110386,40
c,1110528,746
e,1110668,8
b,1110809,40
c,1110950,747
e,1111091,7
b,1111232,40
c,1111374,762
e,1111512,6
b,1111653,39
c,1111794,761
e,1111936,7
b,1112076,39
c,1112217,758
e,1112358,7
b,1112499,39
c,1112640,759
e,1112782,7
11,1112923,12
b,1113064,40
c,1113205,753
e,1113346,7
11,1113487,12
b,1113628,40
c,1113769,741
e,1113906,4
11,1114047,12
b,1114188,43
c,1114329,753
e,1114470,2
11,1114611,12
b,1114749,41
c,1114890,763
e,1115031,4
11,1115172,11
b,1115313,39
c,1115454,762
e,1115595,8
11,1115736,11
b,1115877,38
c,1116018,753
e,1116160,9
11,1116300,12
b,1116441,38
c,1116582,744
e,1116723,10
11,1116864,12
b,1117006,38
c,1117147,748
e,1117288,8
11,1117429,12
b,1117570,38
c,1117711,754
e,1117852,10
11,1117993,12
b,1118130,38
c,1118271,766
e,1118412,10
11,1118553,12
b,1118694,38
c,1118835,734
e,1118973,9
11,1119114,12
b,1119255,40
c,1119396,752
e,1119537,6
11,1119678,12
b,1119819,42
c,1119960,759
e,1120101,3
11,1120242,12
b,1120384,41
c,1120524,765
e,1120665,2
11,1120806,12
b,1120947,40
c,1121088,759
e,1121230,7
11,1121371,12
b,1121512,39
c,1121653,754
e,1121794,7
11,1121935,12
b,1122076,39
c,1122217,747
e,1122354,6
11,1122495,12
b,1122636,41
c,1122777,758
e,1122918,4
11,1123059,12
b,1123197,41
c,1123338,770
e,1123479,5
11,1123620,12
b,1123761,40
c,1123902,755
e,1124043,7
11,1124184,12
b,1124325,40
c,1124466,751
e,1124608,7
11,1124748,12
b,1124889,39
c,1125030,749
e,1125171,8
11,1125312,12
b,1125454,39
c,1125595,748
e,1125736,9
11,1125877,12
b,1126018,39
c,1126159,765
e,1126300,8
11,1126441,12
b,1126578,38
c,1126719,754
e,1126860,9
11,1127001,12
b,1127142,38
c,1127283,751
e,1127421,8
11,1127562,12
b,1127703,38
c,1127844,755
e,1127985,9
11,1128126,12
b,1128267,38
c,1128408,746
e,1128549,9
11,1128690,12
b,1128832,39
c,1128972,749
e,1129113,8
11,1129254,12
b,1129395,39
c,1129536,738
e,1129678,8
11,1129819,12
b,1129960,40
c,1130101,748
e,1130242,7
11,1130383,12
b,1130524,41
c,1130665,762
e,1130802,10
11,1130943,12
b,1131084,41
