b,56099,100
c,56240,0
d,56381,0
f,56521,38
14,56659,0.395
5,56801,93
b,56942,100
c,57083,0
d,57224,0
f,57365,38
14,57507,0.395
5,57645,93
b,57786,100
c,57927,0
d,58068,0
f,58205,38
14,58346,0.395
5,58489,93
b,58630,100
c,58771,0
d,58912,0
f,59053,38
14,59194,0.395
5,59336,93
b,59478,100
c,59619,0
d,59760,0
f,59901,38
14,60042,0.395
5,60184,93
b,60323,100
c,60464,0
d,60605,0
f,60745,39
14,60883,0.395
5,61025,93
b,61166,100
c,61307,0
d,61448,0
f,61589,39
14,61731,0.395
5,61869,93
b,62010,100
c,62151,0
d,62292,0
f,62429,39
14,62570,0.395
5,62713,93
b,62854,100
c,62995,0
d,63136,0
f,63277,39
14,63418,0.395
5,63560,93
b,63702,100
c,63843,0
d,63984,0
f,64125,39
14,64266,0.395
5,64408,93
b,64547,100
c,64688,0
d,64829,0
f,64969,39
14,65107,0.395
5,65249,93
b,65390,100
c,65531,0
d,65672,0
f,65813,39
14,65955,0.395
5,66093,93
b,66234,100
c,66375,0
d,66516,0
f,66653,39
14,66794,0.395
5,66937,93
b,67078,100
c,67219,0
d,67360,0
f,67501,39
14,67642,0.400
5,67784,93
b,67926,100
c,68067,0
d,68208,0
f,68349,39
14,68490,0.400
5,68632,93
b,68771,100
c,68912,0
d,69053,0
f,69193,39
14,69331,0.400
5,69473,93
b,69614,100
c,69755,0
d,69896,0
f,70037,39
14,70179,0.400
5,70317,93
b,70458,100
c,70599,0
d,70740,0
f,70877,39
14,71018,0.400
5,71161,93
b,71302,100
c,71443,0
d,71584,0
f,71725,39
14,71866,0.395
5,72008,93
b,72150,100
c,72291,0
d,72432,0
f,72573,39
14,72714,0.400
5,72856,93
b,72995,100
c,73136,179
d,73277,0
f,73417,39
14,73555,0.430
5,73697,93
b,73838,49
c,73979,1960
d,74120,0
f,74261,39
14,74403,0.435
5,74541,93
b,74682,30
c,74823,1396
d,74964,0
f,75101,39
14,75242,0.435
5,75385,93
b,75526,37
c,75667,802
d,75808,0
f,75949,39
14,76090,0.435
5,76232,93
b,76374,45
c,76515,776
d,76656,0
f,76797,39
14,76938,0.440
5,77080,92
b,77219,45
c,77360,745
d,77501,0
f,77641,39
14,77779,0.445
5,77921,91
b,78062,45
c,78203,747
d,78344,0
f,78485,39
14,78627,0.455
5,78765,91
b,78906,45
c,79047,756
d,79188,0
f,79325,39
14,79466,0.475
5,79609,90
b,79750,49
c,79891,729
d,80032,0
f,80173,39
14,80314,0.500
5,80456,90
b,80598,52
c,80739,728
d,80880,0
f,81021,39
14,81162,0.540
5,81304,89
b,81443,52
c,81584,734
d,81725,0
f,81865,39
14,82003,0.575
5,82145,88
b,82286,52
c,82427,734
d,82568,0
f,82709,39
14,82851,0.615
5,82989,87
b,83130,53
c,83271,732
d,83412,0
f,83549,39
14,83690,0.645
5,83833,87
b,83974,53
c,84115,733
d,84256,0
f,84397,39
14,84538,0.680
5,84680,87
b,84822,53
c,84963,737
d,85104,0
f,85245,39
14,85386,0.695
5,85528,87
b,85667,54
c,85808,733
d,85949,0
f,86089,39
14,86227,0.705
5,86369,86
b,86510,54
c,86651,739
d,86792,0
f,86933,39
14,87075,0.760
5,87213,86
b,87354,53
c,87495,759
d,87636,0
f,87773,39
14,87914,0.770
5,88057,85
b,88198,53
c,88339,753
d,88480,0
f,88621,39
14,88762,0.715
5,88904,85
b,89046,53
c,89187,759
d,89328,0
f,89469,39
14,89610,0.775
5,89752,85
b,89891,53
c,90032,746
d,90173,0
f,90313,39
14,90451,0.800
5,90593,85
b,90734,53
c,90875,749
d,91016,0
f,91157,39
14,91299,0.780
5,91437,84
b,91578,53
c,91719,757
d,91860,0
f,91997,39
14,92138,0.705
5,92281,84
b,92422,53
c,92563,757
d,92704,0
f,92845,39
14,92986,0.820
5,93128,84
b,93270,53
c,93411,763
d,93552,0
f,93693,39
14,93834,0.745
5,93976,84
b,94115,53
c,94256,764
d,94397,0
f,94537,39
14,94675,0.755
5,94817,84
b,94958,53
c,95099,769
d,95240,0
f,95381,39
14,95523,0.810
5,95661,84
b,95802,53
c,95943,768
d,96084,0
f,96221,39
14,96362,0.800
5,96505,84
b,96646,53
c,96787,766
d,96928,0
f,97069,39
14,97210,0.775
5,97352,84
b,97494,53
c,97635,766
d,97776,0
f,97917,39
14,98058,0.810
5,98200,84
b,98339,53
c,98480,771
d,98621,0
f,98761,39
14,98899,0.750
5,99041,84
b,99182,53
c,99323,770
d,99464,0
f,99605,39
14,99747,0.735
5,99885,84
b,100026,53
c,100167,766
d,100308,0
f,100445,39
14,100586,0.785
5,100729,84
b,100870,53
c,101011,768
d,101152,0
f,101293,39
14,101434,0.770
5,101576,84
b,101718,53
c,101859,766
d,102000,0
f,102141,39
14,102282,0.765
5,102424,84
b,102563,53
c,102704,767
d,102845,0
f,102985,39
14,103123,0.735
5,103265,84
b,103406,53
c,103547,767
d,103688,0
f,103829,39
14,103971,0.795
5,104109,84
b,104250,53
c,104391,768
d,104532,0
f,104669,39
14,104810,0.735
5,104953,84
b,105094,53
c,105235,771
d,105376,0
f,105517,39
14,105658,0.830
5,105800,84
b,105942,53
c,106083,770
d,106224,0
f,106365,39
14,106506,0.640
5,106648,84
b,106787,53
c,106928,767
d,107069,0
f,107209,39
14,107347,0.805
5,107489,84
b,107630,53
c,107771,766
d,107912,0
f,108053,39
14,108195,0.810
5,108333,84
b,108474,53
c,108615,768
d,108756,0
f,108893,39
14,109034,0.745
5,109177,84
b,109318,53
c,109459,770
d,109600,0
f,109741,39
14,109882,0.445
5,110024,84
b,110166,52
c,110307,772
d,110448,0
f,110589,39
14,110730,0.790
5,110872,84
b,111011,52
c,111152,769
d,111293,0
f,111433,39
14,111571,0.820
5,111713,84
b,111854,52
c,111995,771
d,112136,0
f,112277,39
14,112419,0.795
5,112557,84
b,112698,52
c,112839,763
d,112980,0
f,113117,39
14,113258,0.810
5,113401,84
b,113542,52
c,113683,768
d,113824,0
f,113965,39
14,114106,0.790
5,114248,84
b,114390,52
c,114531,760
d,114672,0
f,114813,39
14,114954,0.595
5,115096,84
b,115235,52
c,115376,756
d,115517,0
f,115657,39
14,115795,0.745
5,115937,84
b,116078,53
c,116219,766
d,116360,0
f,116501,39
14,116643,0.795
5,116781,84
b,116922,52
c,117063,765
d,117204,0
f,117341,39
14,117482,0.820
5,117625,85
b,117766,52
c,117907,761
d,118048,0
f,118189,39
14,118330,0.715
5,118472,85
b,118614,52
c,118755,760
d,118896,0
f,119037,39
14,119178,0.270
5,119320,85
b,119459,53
c,119600,765
d,119741,0
f,119881,39
14,120019,0.700
5,120161,85
b,120302,53
c,120443,758
d,120584,0
f,120725,39
14,120867,0.360
5,121005,85
b,121146,53
c,121287,768
d,121428,0
f,121565,39
14,121706,0.355
5,121849,85
b,121990,52
c,122131,754
d,122272,0
f,122413,40
14,122554,0.115
5,122696,85
b,122838,53
c,122979,752
d,123120,0
f,123261,40
14,123402,0.640
5,123544,85
b,123683,53
c,123824,763
d,123965,0
f,124105,40
14,124243,0.575
5,124385,86
b,124526,53
c,124667,754
d,124808,0
f,124949,40
14,125091,0.710
5,125229,86
b,125370,53
c,125511,749
d,125652,0
f,125789,40
14,125930,0.115
5,126073,86
b,126214,53
c,126355,757
d,126496,0
f,126637,40
14,126778,0.785
5,126920,86
b,127062,53
c,127203,746
d,127344,0
f,127485,40
14,127626,0.165
5,127768,86
b,127907,53
c,128048,753
d,128189,0
f,128329,40
14,128467,0.305
5,128609,86
b,128750,53
c,128891,750
d,129032,0
f,129173,40
14,129315,0.145
5,129453,86
b,129594,53
c,129735,758
d,129876,0
f,130013,40
14,130154,0.585
5,130297,86
b,130438,53
c,130579,741
d,130720,0
f,130861,40
14,131002,0.255
5,131144,86
b,131286,53
c,131427,753
d,131568,0
f,131709,40
14,131850,0.335
5,131992,86
b,132131,53
c,132272,749
d,132413,0
f,132553,40
14,132691,0.750
5,132833,86
b,132974,53
c,133115,742
d,133256,0
f,133397,40
14,133539,0.115
5,133677,87
b,133818,53
c,133959,751
d,134100,0
f,134237,40
14,134378,0.185
5,134521,87
b,134662,53
c,134803,736
d,134944,0
f,135085,40
14,135226,0.660
5,135368,87
b,135510,53
c,135651,735
d,135792,0
f,135933,40
14,136074,0.135
5,136216,87
b,136355,54
c,136496,737
d,136637,0
f,136777,40
14,136915,0.810
5,137057,87
b,137198,54
c,137339,739
d,137480,0
f,137621,40
14,137763,0.290
5,137901,87
b,138042,54
c,138183,736
d,138324,0
f,138461,40
14,138602,0.765
5,138745,87
b,138886,54
c,139027,730
d,139168,0
f,139309,40
14,139450,0.165
5,139592,87
b,139734,54
c,139875,732
d,140016,0
f,140157,40
14,140298,0.70
5,140440,87
b,140579,53
c,140720,751
d,140861,0
f,141001,40
14,141139,0.790
5,141281,87
b,141422,51
c,141563,732
d,141704,0
f,141845,40
14,141987,0.160
5,142125,87
b,142266,50
c,142407,735
d,142548,0
f,142685,40
14,142826,0.80
5,142969,87
b,143110,50
c,143251,737
d,143392,0
f,143533,40
14,143674,0.115
5,143816,87
b,143958,49
c,144099,735
d,144240,0
f,144381,40
14,144522,0.775
5,144664,87
b,144803,49
c,144944,733
d,145085,0
f,145225,40
14,145363,0.80
5,145505,87
b,145646,49
c,145787,734
d,145928,0
f,146069,40
14,146211,0.750
5,146349,87
b,146490,49
c,146631,730
d,146772,0
f,146909,41
14,147050,0.110
5,147193,87
b,147334,49
c,147475,734
d,147616,0
f,147757,41
14,147898,0.465
5,148040,87
b,148182,51
c,148323,736
d,148464,0
f,148605,41
14,148746,0.735
5,148888,88
b,149027,51
c,149168,735
d,149309,0
f,149449,41
14,149587,0.790
5,149729,88
b,149870,49
c,150011,734
d,150152,0
f,150293,41
14,150435,0.660
5,150573,88
b,150714,48
c,150855,730
d,150996,0
f,151133,41
14,151274,0.80
5,151417,88
b,151558,48
c,151699,729
d,151840,0
f,151981,41
14,152122,0.695
5,152264,88
b,152406,48
c,152547,736
d,152688,0
f,152829,41
14,152970,0.80
5,153112,88
b,153251,48
c,153392,732
d,153533,0
f,153673,41
14,153811,0.770
5,153953,88
b,154094,48
c,154235,733
d,154376,0
f,154517,41
14,154659,0.90
5,154797,88
b,154938,49
c,155079,738
d,155220,0
f,155357,41
14,155498,0.815
5,155641,88
b,155782,48
c,155923,728
d,156064,0
f,156205,41
14,156346,0.110
5,156488,89
b,156630,48
c,156771,737
d,156912,0
f,157053,41
14,157194,0.725
5,157336,89
b,157475,48
c,157616,738
d,157757,0
f,157897,41
14,158035,0.295
5,158177,89
b,158318,48
c,158459,747
d,158600,0
f,158741,41
14,158883,0.350
5,159021,89
b,159162,47
c,159303,754
d,159444,0
f,159581,41
14,159722,0.575
5,159865,89
b,160006,47
c,160147,746
d,160288,0
f,160429,41
14,160570,0.75
5,160712,89
b,160854,50
c,160995,760
d,161136,0
f,161277,41
14,161418,0.735
5,161560,89
b,161699,50
c,161840,760
d,161981,0
f,162121,41
14,162259,0.665
5,162401,89
b,162542,48
c,162683,758
d,162824,0
f,162965,41
5,163248,89
b,163389,48
c,163529,763
d,163667,0
f,163808,41
14,163949,0.750
5,164089,89
b,164230,48
c,164371,753
d,164512,0
f,164653,41
5,164935,89
b,165076,48
c,165213,768
d,165354,0
f,165495,41
14,165636,0.785
5,165778,89
b,165918,48
c,166056,765
d,166197,0
f,166338,41
14,166479,0.140
5,166621,90
b,166762,48
c,166903,759
d,167044,0
f,167185,41
14,167326,0.410
5,167468,90
b,167609,48
c,167750,748
d,167891,0
f,168032,41
14,168173,0.285
5,168313,90
b,168454,49
c,168595,766
d,168736,0
f,168877,41
14,169018,0.795
5,169160,90
b,169302,48
c,169443,764
d,169584,0
f,169725,42
14,169866,0.125
5,170008,90
b,170147,48
c,170288,760
d,170429,0
f,170569,42
14,170707,0.60
5,170849,90
b,170990,48
c,171131,773
d,171272,0
f,171413,42
14,171555,0.540
5,171693,90
b,171834,48
c,171975,758
d,172116,0
f,172253,42
14,172394,0.85
5,172537,90
b,172678,48
c,172819,768
d,172960,0
f,173101,42
14,173242,0.475
5,173384,90
b,173526,47
c,173667,766
d,173808,0
f,173949,42
14,174090,0.95
5,174232,90
b,174371,48
c,174512,766
d,174653,0
f,174793,42
14,174931,0.710
5,175073,90
b,175214,48
c,175355,772
d,175496,0
f,175637,42
14,175779,0.170
5,175917,90
b,176058,48
c,176199,769
d,176340,0
f,176477,42
14,176618,0.410
5,176761,90
b,176902,48
c,177043,766
d,177184,0
f,177325,42
14,177466,0.775
5,177608,90
b,177750,48
c,177891,765
d,178032,0
f,178173,42
14,178314,0.460
5,178456,90
b,178595,48
c,178736,765
d,178877,0
f,179017,42
14,179155,0.330
5,179297,90
b,179438,48
c,179579,767
d,179720,0
f,179861,42
14,180003,0.720
5,180141,90
b,180282,49
c,180423,761
d,180564,0
f,180701,42
14,180842,0.650
5,180985,90
b,181126,48
c,181267,767
d,181408,0
f,181549,42
14,181690,0.200
5,181832,90
b,181974,48
c,182115,775
d,182256,0
f,182397,42
14,182538,0.295
5,182680,90
b,182819,48
c,182960,765
d,183101,0
f,183241,42
14,183379,0.750
5,183521,90
b,183662,48
c,183803,767
d,183944,0
f,184085,42
14,184227,0.75
5,184365,90
b,184506,48
c,184647,762
d,184788,0
f,184925,42
14,185066,0.810
5,185209,91
b,185350,49
c,185491,755
d,185632,0
f,185773,42
14,185914,0.90
5,186056,91
b,186198,49
c,186339,767
d,186480,0
f,186621,42
14,186762,0.800
5,186904,91
b,187043,48
c,187184,766
d,187325,0
f,187465,42
14,187603,0.140
5,187745,91
b,187886,48
c,188027,758
d,188168,0
f,188309,42
5,188592,91
b,188733,48
c,188873,753
d,189011,0
f,189152,42
14,189293,0.75
5,189433,91
b,189574,49
c,189715,761
d,189856,0
f,189997,42
14,190138,0.780
5,190280,91
b,190422,49
c,190563,755
d,190704,0
f,190845,42
14,190986,0.165
5,191128,91
b,191267,49
c,191408,766
d,191549,0
f,191689,42
14,191827,0.730
5,191969,91
b,192110,48
c,192251,745
d,192392,0
f,192533,42
14,192675,0.125
5,192813,91
b,192954,48
c,193095,766
d,193236,0
f,193373,42
14,193514,0.800
5,193657,91
b,193798,48
c,193939,753
d,194080,0
f,194221,42
14,194362,0.140
5,194504,91
b,194646,49
c,194787,751
d,194928,0
f,195069,42
14,195210,0.765
5,195352,91
b,195491,49
c,195632,748
d,195773,0
f,195913,42
14,196051,0.505
5,196193,92
b,196334,49
c,196475,756
d,196616,0
f,196757,42
14,196899,0.70
5,197037,92
b,197178,49
c,197319,755
d,197460,0
f,197597,42
14,197738,0.775
5,197881,92
b,198022,49
c,198163,744
d,198304,0
f,198445,42
14,198586,0.435
5,198728,92
b,198870,49
c,199011,752
d,199152,0
f,199293,42
14,199434,0.455
5,199576,92
b,199715,49
c,199856,757
d,199997,0
f,200137,42
14,200275,0.680
5,200417,92
b,200558,49
c,200699,747
d,200840,0
f,200981,42
14,201123,0.70
5,201261,92
b,201402,49
c,201543,764
d,201684,0
f,201821,42
14,201962,0.815
5,202105,92
b,202246,49
c,202387,753
d,202528,0
f,202669,42
14,202810,0.200
5,202952,92
b,203094,49
c,203235,746
d,203376,0
f,203517,42
14,203658,0.750
5,203800,92
b,203939,49
c,204080,741
d,204221,0
f,204361,42
14,204499,0.185
5,204641,92
b,204782,49
c,204923,749
d,205064,0
f,205205,42
14,205347,0.205
5,205485,92
b,205626,50
c,205767,751
d,205908,0
f,206045,42
14,206186,0.610
5,206329,92
b,206470,50
c,206611,746
d,206752,0
f,206893,42
14,207034,0.475
5,207176,92
b,207318,50
c,207459,744
d,207600,0
f,207741,42
14,207882,0.125
5,208024,93
b,208163,50
c,208304,753
d,208445,0
f,208585,42
14,208723,0.760
5,208865,93
b,209006,50
c,209147,748
d,209288,0
f,209429,42
14,209571,0.335
5,209709,93
b,209850,50
c,209991,730
d,210132,0
f,210269,42
14,210410,0.175
5,210553,93
b,210694,53
c,210835,738
d,210976,0
f,211117,42
14,211258,0.625
5,211400,93
b,211542,52
c,211683,735
d,211824,0
f,211965,42
14,212106,0.805
5,212248,93
b,212387,52
c,212528,738
d,212669,0
f,212809,42
14,212947,0.540
5,213089,93
b,213230,52
c,213371,736
d,213512,0
f,213653,42
14,213795,0.815
5,213933,93
b,214074,52
c,214215,735
d,214356,0
f,214493,42
14,214634,0.70
5,214777,93
b,214918,52
c,215059,731
d,215200,0
f,215341,42
14,215482,0.275
5,215624,93
b,215766,51
c,215907,734
d,216048,0
f,216189,42
14,216330,0.665
5,216472,93
b,216611,51
c,216752,725
d,216893,0
f,217033,42
14,217171,0.85
5,217313,93
b,217454,50
c,217595,736
d,217736,0
f,217877,42
14,218019,0.665
5,218157,93
b,218298,50
c,218439,734
d,218580,0
f,218717,42
14,218858,0.95
5,219001,93
b,219142,51
c,219283,731
d,219424,0
f,219565,42
14,219706,0.685
5,219848,93
b,219990,50
c,220131,722
d,220272,0
f,220413,43
14,220554,0.260
5,220696,93
b,220835,50
c,220976,729
d,221117,0
f,221257,43
14,221395,0.115
5,221537,93
b,221678,49
c,221819,736
d,221960,0
f,222101,43
14,222243,0.620
5,222381,93
b,222522,49
c,222663,734
d,222804,0
f,222941,43
14,223082,0.85
5,223225,93
b,223366,49
c,223507,726
d,223648,0
f,223789,43
14,223930,0.175
5,224072,93
b,224214,49
c,224355,728
d,224496,0
f,224637,43
14,224778,0.720
e,224920,3
5,225059,93
b,225200,49
c,225341,729
d,225481,0
f,225619,43
14,225760,0.610
e,225902,5
5,226043,93
b,226184,48
c,226325,729
d,226467,0
f,226608,43
14,226749,0.285
e,226889,5
5,227027,93
b,227168,47
c,227309,727
d,227449,0
f,227590,43
e,227872,7
5,228013,93
b,228154,48
c,228295,733
d,228436,0
f,228573,43
14,228714,0.165
e,228857,6
5,228998,93
b,229139,49
c,229280,738
d,229421,0
f,229562,43
14,229703,0.820
e,229846,4
5,229987,93
b,230128,47
c,230269,743
d,230410,0
f,230551,43
14,230692,0.370
e,230834,7
5,230975,93
b,231116,47
c,231257,747
d,231398,0
f,231539,43
14,231677,0.665
e,231819,6
5,231960,93
b,232099,46
c,232240,750
d,232381,0
f,232521,43
14,232659,0.735
e,232801,8
5,232942,93
b,233083,48
c,233224,748
d,233365,0
f,233507,43
14,233648,0.80
e,233790,5
5,233931,93
b,234072,48
c,234213,766
d,234354,0
f,234496,43
14,234636,0.800
e,234777,5
11,234918,135,235059,93
b,235200,48
c,235342,747
d,235483,0
f,235624,43
14,235765,0.115
e,235907,4
11,236048,135,236189,93
b,236331,48
c,236472,756
d,236613,0
f,236754,43
14,236895,0.170
e,237037,5
11,237177,135,237318,93
b,237459,48
c,237600,759
d,237741,0
f,237882,43
14,238023,0.750
e,238166,4
11,238307,135,238448,93
b,238589,48
c,238730,760
d,238871,0
f,239012,44
14,239153,0.170
e,239295,4
11,239436,135,239577,93
b,239718,47
c,239859,767
d,239997,0
f,240138,44
14,240279,0.630
e,240421,5
11,240562,135,240703,93
b,240844,48
c,240985,773
d,241126,0
f,241267,44
14,241405,0.800
e,241547,5
11,241688,135,241827,93
b,241968,47
c,242109,763
d,242249,0
f,242387,44
14,242528,0.90
e,242670,5
11,242811,135,242952,92
b,243093,48
c,243235,766
d,243376,0
f,243517,44
14,243657,0.760
e,243799,7
11,243940,135,244081,92
b,244222,48
c,244359,769
d,244500,0
f,244641,44
14,244782,0.735
e,244924,6
11,245065,135,245203,92
b,245344,48
c,245485,760
d,245625,0
f,245766,44
14,245907,0.95
e,246049,5
11,246190,135,246331,92
b,246472,48
c,246614,765
d,246755,0
f,246896,44
14,247037,0.140
e,247179,7
11,247320,135,247459,92
b,247600,48
c,247741,766
d,247881,0
f,248019,44
14,248160,0.705
e,248302,5
11,248443,135,248584,92
b,248725,48
c,248867,767
d,249008,0
f,249149,44
14,249289,0.795
e,249431,7
11,249572,135,249713,92
b,249854,48
c,249991,770
d,250132,0
f,250273,44
14,250414,0.510
e,250556,7
11,250697,135,250835,91
b,250976,48
c,251117,759
d,251257,0
f,251398,44
14,251539,0.110
e,251681,7
11,251822,135,251963,91
b,252104,48
c,252246,759
d,252387,0
f,252528,44
14,252669,0.655
e,252811,7
11,252952,135,253091,91
b,253232,49
c,253373,765
d,253513,0
f,253651,44
14,253792,0.670
e,253934,4
11,254075,135,254216,91
b,254357,49
c,254499,763
d,254640,0
f,254781,44
14,254921,0.415
e,255063,5
11,255204,135,255345,91
b,255486,48
c,255623,764
d,255764,0
f,255905,44
14,256046,0.135
e,256188,5
11,256329,135,256467,91
b,256608,48
c,256749,767
d,256889,0
f,257030,44
14,257171,0.155
e,257313,7
11,257454,135,257595,91
b,257736,48
c,257878,764
d,258019,0
f,258160,44
14,258301,0.105
e,258443,5
11,258584,135,258723,90
b,258864,48
c,259005,767
d,259145,0
f,259283,45
14,259424,0.710
e,259566,7
11,259707,135,259848,90
b,259989,49
c,260131,766
d,260272,0
f,260413,45
14,260553,0.640
e,260695,6
11,260836,135,260977,90
b,261118,49
c,261255,765
d,261396,0
f,261537,45
14,261678,0.150
e,261820,6
11,261961,135,262099,90
b,262240,49
c,262381,762
d,262521,0
f,262662,45
14,262803,0.395
e,262945,8
11,263086,135,263227,90
b,263368,49
c,263510,760
d,263651,0
f,263792,45
14,263933,0.675
e,264075,5
11,264216,135,264355,90
b,264496,49
c,264637,762
d,264777,0
f,264915,45
14,265056,0.735
e,265198,5
11,265339,135,265480,90
b,265621,49
c,265763,760
d,265904,0
f,266045,45
14,266185,0.755
e,266327,5
11,266468,135,266609,90
b,266750,49
c,266887,757
d,267028,0
f,267169,45
14,267310,0.580
e,267452,6
11,267593,135,267731,90
b,267872,49
c,268013,759
d,268153,0
f,268294,45
14,268435,0.125
e,268577,6
11,268718,135,268859,90
b,269000,49
c,269142,762
d,269283,0
f,269424,45
14,269565,0.215
e,269707,6
11,269848,135,269987,90
b,270128,49
c,270269,765
d,270409,0
f,270547,45
14,270688,0.760
e,270830,7
11,270971,135,271112,90
b,271253,49
c,271395,750
d,271536,0
f,271677,45
14,271817,0.180
e,271959,6
11,272100,135,272241,90
b,272382,49
c,272519,753
d,272660,0
f,272801,45
14,272942,0.110
e,273084,7
11,273225,135,273363,90
b,273504,49
c,273645,757
d,273785,0
f,273926,45
14,274067,0.515
e,274209,8
11,274350,135,274491,90
b,274632,50
c,274774,745
d,274915,0
f,275056,45
14,275197,0.585
e,275339,6
11,275480,135,275619,90
b,275760,49
c,275901,745
d,276041,0
f,276179,45
14,276320,0.95
e,276462,6
11,276603,135,276744,90
b,276885,49
c,277027,753
d,277168,0
f,277309,45
14,277449,0.625
e,277591,10
11,277732,135,277873,90
b,278014,50
c,278151,745
d,278292,0
f,278433,45
14,278574,0.760
e,278716,8
11,278857,135,278995,90
b,279136,53
c,279277,743
d,279417,0
f,279558,45
14,279699,0.785
e,279841,3
11,279982,135,280123,90
b,280264,53
c,280406,738
d,280547,0
f,280688,45
14,280829,0.190
e,280971,4
11,281112,135,281251,90
b,281392,53
c,281533,742
d,281673,0
f,281811,45
14,281952,0.770
e,282094,4
11,282235,135,282376,90
b,282517,52
c,282659,730
d,282800,0
f,282941,45
e,283219,4
11,283360,135,283501,90
b,283641,52
c,283782,739
d,283923,0
f,284064,45
14,284205,0.760
e,284347,3
11,284488,135,284630,90
b,284771,51
c,284912,738
d,285053,0
f,285194,45
14,285335,0.110
e,285477,2
11,285618,135,285759,90
b,285900,50
c,286041,817
d,286182,0
f,286323,45
14,286461,0.115
e,286603,10
11,286744,145,286883,90
b,287024,50
c,287165,1033
d,287305,0
f,287443,45
14,287584,0.65
e,287726,24
11,287867,225,288008,90
b,288149,83
c,288291,1243
d,288429,3
f,288570,45
14,288711,0.835
e,288854,28
11,288995,175,289136,90
b,289277,65
c,289418,1280
d,289559,8
f,289700,45
14,289841,0.740
e,289983,23
11,290124,185,290265,90
b,290406,71
c,290547,1344
d,290685,12
f,290826,45
14,290967,0.770
e,291109,0
11,291250,135,291391,90
b,291532,39
c,291673,1453
d,291814,13
f,291955,45
14,292093,0.125
e,292235,4
11,292376,135,292515,90
b,292656,32
c,292797,1376
d,292937,11
f,293075,45
14,293216,0.445
e,293358,44
11,293499,195,293640,90
b,293781,62
c,293923,1481
d,294064,13
f,294205,45
14,294345,0.800
e,294487,30
11,294628,195,294769,90
b,294910,64
c,295047,1889
d,295188,17
f,295329,45
14,295470,0.105
e,295612,-5
11,295753,135,295891,90
b,296032,30
c,296173,1216
d,296313,16
f,296454,45
14,296595,0.710
e,296737,40
11,296878,155,297019,90
b,297160,48
c,297302,1144
d,297443,16
f,297584,45
14,297725,0.860
e,297867,4
11,298008,125,298147,90
b,298288,34
c,298429,1072
d,298569,15
f,298707,45
14,298848,0.65
e,298990,35
11,299131,145,299272,90
b,299413,41
c,299555,1056
d,299693,15
f,299834,45
14,299975,0.65
e,300118,38
11,300259,135,300400,90
b,300541,40
c,300682,1143
d,300823,16
f,300964,45
14,301105,0.835
e,301247,0
11,301388,125,301529,90
b,301670,33
c,301811,1071
d,301949,15
f,302090,45
14,302231,0.75
e,302373,-9
11,302514,135,302655,90
b,302796,35
c,302937,964
d,303078,14
f,303219,45
14,303357,0.45
e,303499,11
11,303640,145,303779,91
b,303920,49
c,304061,723
d,304201,9
f,304339,45
14,304480,0.115
e,304622,-2
11,304763,125,304904,91
b,305045,49
c,305187,737
d,305328,4
f,305469,45
14,305609,0.70
e,305751,19
11,305892,215,306033,91
b,306174,81
c,306311,1346
d,306452,6
f,306593,45
14,306734,0.810
e,306876,25
11,307017,195,307155,91
b,307296,78
c,307437,1429
d,307577,13
f,307718,45
14,307859,0.770
e,308001,28
11,308142,215,308283,91
b,308424,72
c,308566,2145
d,308707,19
f,308848,45
14,308989,0.725
e,309131,5
11,309272,135,309411,91
b,309552,27
c,309693,1802
d,309833,21
f,309971,44
14,310112,0.25
e,310254,13
11,310395,205,310536,91
b,310677,63
c,310819,1665
d,310960,24
f,311101,44
14,311241,0.860
e,311383,27
11,311524,185,311665,91
b,311806,54
c,311943,1919
d,312084,28
f,312225,44
14,312366,0.75
e,312508,32
11,312649,215,312787,91
b,312928,64
c,313069,2193
d,313209,32
f,313350,43
14,313491,0.595
e,313633,10
11,313774,145,313915,91
b,314056,29
c,314198,2109
d,314339,34
f,314480,42
14,314621,0.35
e,314763,19
11,314904,165,315043,91
b,315184,35
c,315325,1765
d,315465,35
f,315603,42
14,315744,0.835
e,315886,34
11,316027,145,316168,91
b,316309,31
c,316451,1811
d,316589,36
f,316730,42
14,316871,0.795
e,317014,46
11,317155,145,317296,91
b,317437,29
c,317578,1863
d,317719,37
f,317860,42
14,318001,0.65
e,318143,2
11,318284,135,318425,90
b,318566,25
c,318707,1877
d,318845,37
f,318986,42
14,319127,0.730
e,319269,4
11,319410,145,319551,90
b,319692,24
c,319833,1855
d,319974,37
f,320115,42
14,320253,0.740
e,320395,10
11,320536,135,320675,90
b,320816,24
c,320957,1868
d,321097,37
f,321235,41
14,321376,0.485
e,321518,-4
11,321659,145,321800,90
b,321941,24
c,322083,1851
d,322221,37
f,322362,41
14,322503,0.105
e,322646,46
11,322787,105,322928,90
b,323069,13
c,323210,1819
d,323351,36
f,323492,41
14,323633,0.0
e,323775,46
11,323916,105,324057,90
b,324198,10
c,324339,1784
d,324477,35
f,324618,42
14,324759,0.0
e,324901,46
11,325042,105,325183,90
b,325324,10
c,325465,1713
d,325606,34
f,325747,42
14,325885,0.0
e,326027,46
11,326168,145,326307,90
b,326448,28
c,326589,1592
d,326729,31
f,326867,42
14,327008,0.0
e,327150,45
11,327291,135,327432,90
b,327573,30
c,327715,1391
d,327856,27
f,327997,42
14,328137,0.0
e,328279,2
11,328420,125,328561,90
b,328702,37
c,328839,761
d,328980,23
f,329121,41
14,329262,0.905
e,329404,2
11,329545,125,329683,90
b,329824,45
c,329965,752
d,330105,16
f,330246,41
14,330387,0.860
e,330529,6
11,330670,135,330811,90
b,330952,47
c,331094,739
d,331235,6
f,331376,41
14,331517,0.90
e,331659,7
11,331800,125,331939,90
b,332080,47
c,332221,749
d,332361,1
f,332499,41
14,332640,0.30
e,332782,22
11,332923,205,333064,90
b,333205,73
c,333347,1588
d,333485,4
f,333626,41
14,333767,0.70
e,333910,23
11,334051,215,334192,90
b,334333,88
c,334474,1356
d,334615,12
f,334756,40
14,334897,0.635
e,335039,23
11,335180,295,335321,90
b,335462,108
c,335603,2280
d,335741,20
f,335882,39
14,336023,0.795
e,336165,10
11,336306,175,336447,90
b,336588,30
c,336729,2379
d,336870,24
f,337011,38
14,337149,0.10
e,337291,25
11,337432,245,337571,90
b,337712,90
c,337853,1910
d,337993,28
f,338131,37
14,338272,0.135
e,338414,26
11,338555,275,338696,90
b,338837,94
c,338979,2329
d,339117,34
f,339258,36
14,339399,0.180
e,339542,29
11,339683,275,339824,90
b,339965,84
c,340106,2688
d,340247,39
f,340388,36
14,340529,0.50
e,340671,-2
11,340812,135,340953,90
b,341094,23
c,341235,2037
d,341373,38
f,341514,36
14,341655,0.920
e,341797,31
11,341938,215,342079,90
b,342220,71
c,342361,2032
d,342502,40
f,342643,36
14,342781,0.205
e,342923,29
11,343064,235,343203,90
b,343344,77
c,343485,2172
d,343625,43
f,343763,36
14,343904,0.475
e,344046,31
11,344187,215,344328,90
b,344469,65
c,344611,2276
d,344749,45
f,344890,36
14,345031,0.525
e,345174,34
11,345315,205,345456,90
b,345597,58
c,345738,2290
d,345879,46
f,346020,36
14,346161,0.90
e,346303,37
11,346444,195,346585,90
b,346726,52
c,346867,2267
d,347005,45
f,347146,35
14,347287,0.855
e,347429,13
11,347570,145,347711,90
b,347852,24
c,347993,2127
d,348134,42
f,348275,35
14,348413,0.40
e,348555,11
11,348696,135,348835,90
b,348976,21
c,349117,1726
d,349257,34
f,349395,36
14,349536,0.0
e,349678,45
11,349819,135,349960,90
b,350101,29
c,350243,1410
d,350384,27
f,350525,36
14,350665,0.0
e,350807,44
11,350948,215,351089,90
b,351230,82
c,351367,1354
d,351508,27
f,351649,36
14,351790,0.835
e,351932,23
11,352073,245,352211,90
b,352352,94
c,352493,1508
d,352633,30
f,352774,36
14,352915,0.230
e,353057,21
11,353198,265,353339,90
b,353480,106
c,353622,1675
d,353763,34
f,353904,36
14,354045,0.120
e,354187,21
11,354328,295,354467,90
b,354608,110
c,354749,1855
d,354889,37
f,355027,35
14,355168,0.830
e,355310,24
11,355451,275,355592,90
b,355733,98
c,355875,2017
d,356013,40
f,356154,34
14,356295,0.120
e,356438,29
11,356579,225,356720,90
b,356861,72
c,357002,2086
d,357143,41
f,357284,33
14,357425,0.265
e,357567,32
11,357708,195,357849,90
b,357990,47
c,358131,2072
d,358269,41
f,358410,33
14,358551,0.50
e,358693,-3
11,358834,135,358975,90
b,359116,24
c,359257,1909
d,359398,37
f,359539,33
14,359677,0.70
e,359819,46
11,359960,105,360099,91
b,360240,15
c,360381,1720
d,360521,34
f,360659,34
14,360800,0.0
e,360942,46
11,361083,145,361224,91
b,361365,28
c,361507,1592
d,361645,31
f,361786,35
14,361927,0.740
e,362070,45
11,362211,165,362352,91
b,362493,41
c,362634,1505
d,362775,30
f,362916,35
14,363057,0.705
e,363199,28
11,363340,265,363481,91
b,363622,92
c,363763,1586
d,363901,32
f,364042,35
14,364183,0.75
e,364325,21
11,364466,275,364607,91
b,364748,103
c,364889,1813
d,365030,36
f,365171,33
14,365309,0.155
e,365451,24
11,365592,275,365731,91
b,365872,99
c,366013,2070
d,366153,42
f,366291,33
14,366432,0.735
e,366574,27
11,366715,265,366856,91
b,366997,87
c,367139,2308
d,367277,46
f,367418,32
14,367559,0.140
e,367702,33
11,367843,205,367984,92
b,368125,51
c,368266,2441
d,368407,49
f,368548,32
14,368689,0.855
e,368831,49
11,368972,145,369113,92
b,369254,26
c,369395,2438
d,369533,49
f,369674,32
14,369815,0.340
e,369957,5
11,370098,135,370239,92
b,370380,20
c,370521,2369
d,370662,47
f,370803,33
14,370941,0.30
e,371083,-2
11,371224,135,371363,92
b,371504,22
c,371645,2282
d,371785,45
f,371923,33
14,372064,0.0
e,372206,48
11,372347,155,372488,92
b,372629,30
c,372771,2284
d,372912,45
f,373053,33
14,373193,0.50
e,373335,40
11,373476,215,373617,92
b,373758,59
c,373895,2375
d,374036,47
f,374177,33
14,374318,0.75
e,374460,33
11,374601,245,374739,91
b,374880,70
c,375021,2573
d,375161,52
f,375302,32
14,375443,0.765
e,375585,35
11,375726,195,375867,91
b,376008,42
c,376150,2722
d,376291,54
f,376432,31
14,376573,0.825
e,376715,49
11,376856,155,376995,91
b,377136,24
c,377277,2753
d,377417,55
f,377555,31
14,377696,0.645
e,377838,25
11,377979,135,378120,91
b,378261,18
c,378403,2708
d,378541,54
f,378682,31
14,378823,0.10
e,378966,19
11,379107,135,379248,91
b,379389,18
c,379530,2665
d,379671,53
f,379812,32
14,379953,0.10
e,380095,23
11,380236,135,380377,91
b,380518,18
c,380659,2612
d,380797,52
f,380938,32
14,381079,0.20
e,381221,-1
11,381362,135,381503,91
b,381644,18
c,381785,2555
d,381926,51
f,382067,33
14,382205,0.0
e,382347,49
11,382488,135,382627,90
b,382768,19
c,382909,2501
d,383049,50
f,383187,33
14,383328,0.0
e,383470,49
11,383611,135,383752,90
b,383893,20
c,384035,2447
d,384176,49
f,384317,33
14,384457,0.0
e,384599,48
11,384740,135,384881,90
b,385022,20
c,385159,2391
d,385300,47
f,385441,33
14,385582,0.0
e,385724,48
11,385865,135,386003,90
b,386144,21
c,386285,2314
d,386425,46
f,386566,33
14,386707,0.855
e,386849,48
11,386990,165,387131,90
b,387272,32
c,387414,2274
d,387555,46
f,387696,33
14,387837,0.385
e,387979,47
11,388120,185,388259,90
b,388400,45
c,388541,2340
d,388681,47
f,388819,32
14,388960,0.600
e,389102,41
11,389243,235,389384,90
b,389525,85
c,389667,2468
d,389805,49
f,389946,31
14,390087,0.70
e,390230,20
11,390371,515,390512,90
b,390653,152
c,390794,2866
d,390935,58
f,391076,30
14,391217,0.830
e,391359,22
11,391500,885,391641,89
b,391782,154
c,391923,3387
d,392061,68
f,392202,26
14,392343,0.900
e,392485,24
11,392626,885,392767,89
b,392908,161
c,393049,3888
d,393190,79
f,393331,26
14,393469,0.905
e,393611,25
11,393752,885,393891,89
b,394032,167
c,394173,4421
d,394313,89
f,394451,26
14,394592,0.930
e,394734,24
11,394875,885,395016,89
b,395157,170
c,395299,4910
d,395437,99
f,395578,27
14,395719,0.930
e,395862,24
11,396003,885,396144,89
b,396285,171
c,396426,5408
d,396567,109
f,396708,29
14,396849,0.940
e,396991,25
11,397132,885,397273,89
b,397414,172
c,397555,5831
d,397693,117
f,397834,30
14,397975,0.945
e,398117,25
11,398258,885,398399,89
b,398540,172
c,398681,6256
d,398822,126
f,398963,33
14,399101,0.950
e,399243,7
11,399384,195,399523,89
b,399664,23
c,399805,5106
d,399945,126
f,400083,35
14,400224,0.0
e,400366,49
11,400507,165,400648,90
b,400789,18
c,400931,4433
d,401069,119
f,401210,35
14,401351,0.0
e,401494,49
11,401635,145,401776,90
b,401917,18
c,402058,3100
d,402199,112
f,402340,34
14,402481,0.0
e,402623,49
11,402764,145,402905,90
b,403046,19
c,403187,2863
d,403325,103
f,403466,34
14,403607,0.0
e,403749,49
11,403890,135,404031,91
b,404172,19
c,404313,2692
d,404454,97
f,404595,33
14,404733,0.0
e,404875,49
11,405016,135,405155,91
b,405296,19
c,405437,2569
d,405577,93
f,405715,33
14,405856,0.0
e,405998,49
11,406139,135,406280,92
b,406421,20
c,406563,2497
d,406701,90
f,406842,33
14,406983,0.0
e,407126,49
11,407267,135,407408,92
b,407549,22
c,407690,2439
d,407831,88
f,407972,33
14,408113,0.655
e,408255,48
11,408396,185,408537,92
b,408678,45
c,408819,2397
d,408957,87
f,409098,32
14,409239,0.145
e,409381,33
11,409522,235,409663,93
b,409804,69
c,409945,2399
d,410086,87
f,410227,30
14,410365,0.740
e,410507,33
11,410648,235,410787,93
b,410928,69
c,411069,2409
d,411209,87
f,411347,29
14,411488,0.295
e,411630,33
11,411771,235,411912,93
b,412053,70
c,412195,2416
d,412333,87
f,412474,28
14,412615,0.785
e,412758,32
11,412899,235,413040,92
b,413181,70
c,413322,2424
d,413463,88
f,413604,27
14,413745,0.130
e,413887,33
11,414028,215,414169,92
b,414310,61
c,414451,2430
d,414589,88
f,414730,27
14,414871,0.830
e,415013,35
11,415154,205,415295,91
b,415436,57
c,415577,2421
d,415718,88
f,415859,27
14,415997,0.260
e,416139,37
11,416280,205,416419,90
b,416560,55
c,416701,2411
d,416841,87
f,416979,27
14,417120,0.540
e,417262,37
11,417403,205,417544,90
b,417685,54
c,417827,2403
d,417968,87
f,418109,26
14,418249,0.830
e,418391,37
11,418532,205,418673,89
b,418814,57
c,418951,2395
d,419092,87
f,419233,26
14,419374,0.620
e,419516,35
11,419657,205,419795,89
b,419936,61
c,420077,2392
d,420217,87
f,420358,26
14,420499,0.820
e,420641,34
11,420782,215,420923,88
b,421064,62
c,421206,2395
d,421347,86
f,421488,26
14,421629,0.115
e,421771,34
11,421912,215,422051,88
b,422192,63
c,422333,2389
d,422473,87
f,422611,25
14,422752,0.810
e,422894,34
11,423035,215,423176,87
b,423317,63
c,423459,2391
d,423600,87
f,423741,25
14,423881,0.140
e,424023,34
11,424164,215,424305,87
b,424446,63
c,424583,2394
d,424724,86
f,424865,25
14,425006,0.340
e,425148,34
11,425289,215,425427,87
b,425568,62
c,425709,2390
d,425849,86
f,425990,25
14,426131,0.795
e,426273,34
11,426414,215,426555,87
b,426696,63
c,426838,2394
d,426979,86
f,427120,24
14,427261,0.770
e,427403,34
11,427544,215,427683,87
b,427824,63
c,427965,2381
d,428105,86
f,428243,24
e,428525,34
11,428665,215,428806,87
b,428947,63
c,429088,2379
d,429229,86
f,429370,24
14,429511,0.665
e,429654,34
11,429795,205,429936,87
b,430077,57
c,430218,2381
d,430359,86
f,430500,24
e,430782,35
11,430923,205,431064,88
b,431205,56
c,431346,2371
d,431488,86
f,431628,24
14,431769,0.780
e,431911,38
11,432052,195,432193,88
b,432334,53
c,432475,2361
d,432616,85
f,432757,24
14,432898,0.140
e,433040,38
11,433181,195,433323,88
b,433464,53
c,433605,2345
d,433746,85
f,433887,24
14,434028,0.800
e,434170,38
11,434311,195,434452,88
b,434593,54
c,434734,2332
d,434875,84
f,435016,24
14,435158,0.95
e,435300,37
11,435441,195,435582,89
b,435719,54
c,435860,2330
d,436001,84
f,436142,24
14,436283,0.785
e,436425,34
11,436563,205,436704,89
b,436845,61
c,436985,2327
d,437126,84
f,437267,24
14,437408,0.115
e,437550,33
11,437691,215,437832,89
b,437974,64
c,438115,2332
d,438256,84
f,438397,24
14,438538,0.385
e,438680,33
11,438819,215,438960,89
b,439101,64
c,439241,2332
d,439379,84
f,439520,23
14,439661,0.745
e,439801,33
11,439942,215,440083,90
b,440224,64
c,440365,2332
d,440506,84
f,440647,23
14,440788,0.160
e,440925,32
11,441066,225,441207,90
b,441348,70
c,441489,2343
d,441630,85
f,441768,23
14,441909,0.90
e,442051,17
11,442190,885,442331,90
b,442472,156
c,442613,2427
d,442754,88
f,442895,23
14,443036,0.865
e,443179,16
11,443320,885,443461,90
b,443602,158
c,443743,2534
d,443884,92
f,444025,22
14,444166,0.865
e,444308,16
11,444449,885,444590,90
b,444731,159
c,444872,2645
d,445014,96
f,445155,21
14,445296,0.865
e,445438,17
11,445575,885,445716,91
b,445857,160
c,445998,2754
d,446139,100
f,446280,21
14,446422,0.870
e,446564,18
11,446705,885,446846,91
b,446983,160
c,447124,2862
d,447265,104
f,447406,21
14,447547,0.880
e,447689,18
11,447827,885,447968,91
b,448109,159
c,448249,2986
d,448390,109
f,448531,21
14,448672,0.880
e,448814,19
11,448955,885,449096,92
b,449238,159
c,449379,3094
d,449520,112
f,449661,21
14,449802,0.880
e,449944,19
11,450083,885,450224,92
b,450365,160
c,450505,3209
d,450643,117
f,450784,21
14,450925,0.890
e,451065,20
11,451206,885,451347,92
b,451488,162
c,451629,3324
d,451770,120
f,451911,21
14,452052,0.895
e,452189,20
11,452330,885,452471,93
b,452612,163
c,452753,3433
d,452894,125
f,453032,22
14,453173,0.895
e,453315,21
11,453454,885,453595,93
b,453736,165
c,453877,3554
d,454018,129
f,454159,23
14,454300,0.895
e,454443,22
11,454584,885,454725,93
b,454866,167
c,455007,3675
d,455148,133
f,455289,24
14,455430,0.895
e,455572,23
11,455713,885,455854,93
b,455995,167
c,456136,3781
d,456278,137
f,456419,24
14,456560,0.895
e,456702,24
11,456839,885,456980,92
b,457121,169
c,457262,3890
d,457403,141
f,457544,24
14,457686,0.900
e,457828,24
11,457969,345,458110,92
b,458247,38
c,458388,3926
d,458529,141
f,458670,24
14,458811,0.10
e,458953,9
11,459091,145,459232,91
b,459373,17
c,459513,3652
d,459654,132
f,459795,24
14,459936,0.0
e,460078,49
11,460219,145,460360,91
b,460502,18
c,460643,3405
d,460784,122
f,460925,24
14,461066,0.0
e,461208,49
11,461347,145,461488,90
b,461629,18
c,461769,3196
d,461907,115
f,462048,24
14,462189,0.0
e,462329,49
11,462470,145,462611,90
b,462752,18
c,462893,2999
d,463034,109
f,463175,24
14,463316,0.0
e,463453,49
11,463594,135,463735,90
b,463876,18
c,464017,2881
d,464158,104
f,464296,24
14,464437,0.0
e,464579,49
11,464718,135,464859,90
b,465000,18
c,465141,2782
d,465282,100
f,465423,24
14,465564,0.0
e,465707,49
11,465848,165,465989,90
b,466130,31
c,466271,2683
d,466412,98
f,466553,24
14,466694,0.60
e,466836,38
11,466977,225,467118,90
b,467259,60
c,467400,2693
d,467542,98
f,467683,24
14,467824,0.720
e,467966,35
11,468103,255,468244,89
b,468385,72
c,468526,2688
d,468667,97
f,468808,23
14,468950,0.220
e,469092,41
11,469233,205,469374,89
b,469511,48
c,469652,2665
d,469793,96
f,469934,22
14,470075,0.695
e,470217,39
11,470355,215,470496,89
b,470637,60
c,470777,2636
d,470918,95
f,471059,21
14,471200,0.95
e,471342,35
11,471483,235,471624,89
b,471766,65
c,471907,2621
d,472048,95
f,472189,21
14,472330,0.190
e,472472,35
11,472611,195,472752,89
b,472893,51
c,473033,2593
d,473171,94
f,473312,21
14,473453,0.820
e,473593,38
11,473734,205,473875,89
b,474016,53
c,474157,2542
d,474298,92
f,474439,21
14,474580,0.745
e,474717,38
11,474858,205,474999,89
b,475140,56
c,475281,2491
d,475422,90
f,475560,21
14,475701,0.90
e,475843,34
11,475982,245,476123,89
b,476264,92
c,476405,2466
d,476546,89
f,476687,21
14,476828,0.795
e,476971,16
11,477112,885,477253,89
b,477394,158
c,477535,2576
d,477676,92
f,477817,20
14,477958,0.850
e,478100,16
11,478241,885,478382,89
b,478523,159
c,478664,2604
d,478806,94
f,478947,19
14,479088,0.865
e,479230,16
11,479367,795,479508,89
b,479649,154
c,479790,2640
d,479931,97
f,480072,18
14,480214,0.800
e,480356,30
11,480497,255,480638,89
b,480775,43
c,480916,2502
d,481057,94
f,481198,18
14,481339,0.45
e,481481,-13
11,481619,165,481760,89
b,481901,33
c,482041,3493
d,482182,91
f,482323,18
14,482464,0.890
e,482606,23
11,482747,885,482888,89
b,483030,166
c,483171,3892
d,483312,96
f,483453,19
14,483594,0.900
e,483736,24
11,483875,885,484016,89
b,484157,169
c,484297,4164
d,484435,103
f,484576,20
14,484717,0.915
e,484857,22
11,484998,885,485139,89
b,485280,171
c,485421,4430
d,485562,109
f,485703,21
14,485844,0.920
e,485981,22
11,486122,885,486263,89
b,486404,172
c,486545,4640
d,486686,115
f,486824,22
14,486965,0.925
e,487107,24
11,487246,885,487387,89
b,487528,174
c,487669,4901
d,487810,121
f,487951,24
14,488092,0.925
e,488235,22
11,488376,885,488517,90
b,488658,175
c,488799,5115
d,488940,126
f,489081,26
14,489222,0.925
e,489364,23
11,489505,885,489646,90
b,489787,175
c,489928,5333
d,490070,131
f,490211,27
14,490352,0.930
e,490494,23
11,490631,885,490772,90
b,490913,176
c,491054,5527
d,491195,136
f,491336,29
14,491478,0.935
e,491620,23
11,491761,885,491902,91
b,492039,176
c,492180,5713
d,492321,140
f,492462,30
14,492603,0.935
e,492745,23
11,492883,885,493024,91
b,493165,175
c,493305,5889
d,493446,145
f,493587,32
14,493728,0.935
e,493870,24
11,494011,885,494152,92
b,494294,175
c,494435,6041
d,494576,149
f,494717,33
14,494858,0.940
e,495000,24
11,495139,885,495280,93
b,495421,176
c,495561,6184
d,495699,152
f,495840,34
14,495981,0.940
e,496121,2
11,496262,185,496403,93
b,496544,126
c,496685,5094
d,496826,151
f,496967,36
14,497108,0.930
e,497245,20
11,497386,885,497527,94
b,497668,178
c,497809,5181
d,497950,154
f,498088,33
14,498229,0.925
e,498371,20
11,498510,885,498651,95
b,498792,177
c,498933,5258
d,499074,156
f,499215,33
14,499356,0.925
e,499499,20
11,499640,325,499781,96
b,499922,29
c,500063,4927
d,500204,154
f,500345,33
14,500486,0.0
e,500628,49
11,500769,155,500910,95
b,501051,17
c,501192,4015
d,501334,145
f,501475,31
14,501616,0.0
e,501758,49
11,501895,145,502036,94
b,502177,17
c,502318,3692
d,502459,133
f,502600,30
14,502742,0.0
e,502884,49
11,503025,145,503166,93
b,503303,17
c,503444,3481
d,503585,125
f,503726,29
14,503867,0.0
e,504009,49
11,504147,145,504288,92
b,504429,18
c,504569,3237
d,504710,117
f,504851,27
14,504992,0.0
e,505134,49
11,505275,215,505416,92
b,505558,113
c,505699,3180
d,505840,115
f,505981,27
14,506122,0.870
e,506264,17
11,506403,885,506544,90
b,506685,161
c,506825,3227
d,506963,117
f,507104,24
14,507245,0.840
e,507385,20
11,507526,345,507667,90
b,507808,82
c,507949,3244
d,508090,117
f,508231,22
14,508372,0.505
e,508509,6
11,508650,145,508791,90
b,508932,18
c,509073,3125
d,509214,113
f,509352,22
14,509493,0.15
e,509635,49
11,509774,185,509915,90
b,510056,25
c,510197,2905
d,510338,108
f,510479,22
14,510620,0.935
e,510763,10
11,510904,185,511045,90
b,511186,68
c,511327,3634
d,511468,107
f,511609,22
14,511750,0.880
e,511892,21
11,512033,885,512174,90
b,512315,165
c,512456,3755
d,512598,111
f,512739,22
14,512880,0.885
e,513022,21
11,513159,885,513300,90
b,513441,168
c,513582,3920
d,513723,116
f,513864,21
14,514006,0.885
e,514148,21
11,514289,885,514430,90
b,514567,170
c,514708,4091
d,514849,121
f,514990,22
14,515131,0.900
e,515273,22
11,515411,885,515552,90
b,515693,171
c,515833,4241
d,515974,126
f,516115,24
14,516256,0.910
e,516398,22
11,516539,885,516680,90
b,516822,173
c,516963,4390
d,517104,130
f,517245,24
14,517386,0.920
e,517528,22
11,517667,885,517808,90
b,517949,174
c,518089,4544
d,518227,135
f,518368,25
14,518509,0.930
e,518649,8
11,518790,155,518931,91
b,519072,18
c,519213,3528
d,519354,131
f,519495,24
14,519636,0.0
e,519773,49
11,519914,145,520055,91
b,520196,18
c,520337,3387
d,520478,122
f,520616,24
14,520757,0.0
e,520899,49
11,521038,145,521179,92
b,521320,18
c,521461,3198
d,521602,115
f,521743,24
14,521884,0.0
e,522027,49
11,522168,145,522309,92
b,522450,18
c,522591,3011
d,522732,108
f,522873,24
14,523014,0.0
e,523156,49
11,523297,135,523438,93
b,523579,18
c,523720,2878
d,523862,104
f,524003,23
14,524144,0.0
e,524286,49
11,524423,135,524564,93
b,524705,18
c,524846,2755
d,524987,100
f,525128,22
14,525270,0.0
e,525412,49
11,525553,135,525694,93
b,525831,19
c,525972,2301
d,526113,96
f,526254,21
14,526395,0.0
e,526537,49
11,526675,135,526816,92
b,526957,18
c,527097,3141
d,527238,92
f,527379,21
14,527520,0.0
e,527662,49
11,527803,145,527944,91
b,528086,18
c,528227,2975
d,528368,87
f,528509,21
14,528650,0.0
e,528792,49
11,528931,135,529072,90
b,529213,18
c,529353,2753
d,529491,81
f,529632,21
14,529773,0.0
e,529913,49
11,530054,135,530195,90
b,530336,19
c,530477,2514
d,530618,73
f,530759,21
14,530900,0.0
e,531037,47
11,531178,135,531319,89
b,531460,20
c,531601,1456
d,531742,62
f,531880,21
14,532021,0.0
e,532163,44
11,532302,135,532443,89
b,532584,29
c,532725,1806
d,532866,46
f,533007,21
14,533148,0.0
e,533291,47
11,533432,135,533573,88
b,533714,23
c,533855,1862
d,533996,36
f,534137,21
14,534278,0.0
e,534420,46
11,534561,135,534702,88
b,534843,30
c,534984,1731
d,535126,34
f,535267,21
14,535408,0.480
e,535550,9
11,535687,885,535828,87
b,535969,147
c,536110,1957
d,536251,40
f,536392,20
14,536534,0.845
e,536676,12
11,536817,885,536958,87
b,537095,154
c,537236,2327
d,537377,47
f,537518,19
14,537659,0.820
e,537801,14
11,537939,455,538080,87
b,538221,137
c,538361,2582
d,538502,52
f,538643,18
14,538784,0.160
e,538926,-1
11,539067,135,539208,87
b,539350,22
c,539491,2449
d,539632,48
f,539773,17
14,539914,0.0
e,540056,48
11,540195,135,540336,87
b,540477,23
c,540617,1954
d,540755,38
f,540896,18
14,541037,0.0
e,541177,46
11,541318,135,541459,87
b,541600,23
c,541741,1479
d,541882,29
f,542023,18
14,542164,0.0
e,542301,44
11,542442,135,542583,87
b,542724,32
c,542865,1322
d,543006,26
f,543144,19
14,543285,0.875
e,543427,28
11,543566,195,543707,87
b,543848,70
c,543989,1398
d,544130,28
f,544271,19
14,544412,0.880
e,544555,-8
11,544696,135,544837,87
b,544978,35
c,545119,1196
d,545260,27
f,545401,19
14,545542,0.170
e,545684,1
11,545825,135,545966,88
b,546107,43
c,546248,724
d,546390,23
f,546531,19
14,546672,0.45
e,546814,4
11,546951,125,547092,88
b,547233,47
c,547374,886
d,547515,21
f,547656,19
14,547798,0.45
e,547940,22
11,548081,175,548222,88
b,548359,54
c,548500,1411
d,548641,20
f,548782,19
14,548923,0.80
e,549065,27
11,549203,185,549344,88
b,549485,59
c,549625,1607
d,549766,23
f,549907,19
14,550048,0.105
e,550190,5
11,550331,135,550472,89
b,550614,32
c,550755,1090
d,550896,21
f,551037,19
14,551178,0.55
e,551320,7
11,551459,135,551600,89
b,551741,43
c,551881,745
d,552019,19
f,552160,19
14,552301,0.795
e,552441,2
11,552582,125,552723,89
b,552864,45
c,553005,745
d,553146,14
f,553287,19
14,553428,0.70
e,553565,1
11,553706,125,553847,89
b,553988,44
c,554129,752
d,554270,4
f,554408,19
14,554549,0.130
e,554691,4
11,554830,125,554971,90
b,555112,42
c,555253,751
d,555394,0
f,555535,19
14,555676,0.130
e,555819,6
11,555960,125,556101,90
b,556242,42
c,556383,738
d,556524,0
f,556665,20
14,556806,0.70
e,556948,2
11,557089,125,557230,90
b,557371,42
c,557512,768
d,557654,0
f,557795,20
14,557936,0.785
e,558078,5
11,558215,125,558356,90
b,558497,41
c,558638,744
d,558779,0
f,558920,20
14,559062,0.90
e,559204,6
11,559345,125,559486,90
b,559623,40
c,559764,739
d,559905,0
f,560046,20
14,560187,0.510
e,560329,10
11,560467,125,560608,91
b,560749,39
c,560889,733
d,561030,0
f,561171,20
14,561312,0.135
e,561454,10
11,561595,125,561736,91
b,561878,39
c,562019,734
d,562160,0
f,562301,20
14,562442,0.415
e,562584,11
11,562723,125,562864,91
b,563005,39
c,563145,740
d,563283,0
f,563424,20
14,563565,0.755
e,563705,11
11,563846,125,563987,92
b,564128,39
c,564269,738
d,564410,0
f,564551,20
e,564829,10
11,564970,125,565111,92
b,565252,39
c,565393,748
d,565534,0
f,565672,20
14,565813,0.730
e,565955,11
11,566094,125,566235,92
b,566376,39
c,566517,747
d,566658,0
f,566799,20
14,566940,0.120
e,567083,9
11,567224,125,567365,92
b,567506,39
c,567647,752
d,567788,0
f,567929,20
14,568070,0.700
e,568212,10
11,568353,125,568494,93
b,568635,40
c,568776,743
d,568918,0
f,569059,20
14,569200,0.120
e,569342,8
11,569479,125,569620,93
b,569761,39
c,569902,745
d,570043,0
f,570184,20
14,570326,0.745
e,570468,8
11,570609,125,570750,93
b,570887,39
c,571028,733
d,571169,0
f,571310,20
14,571451,0.70
e,571593,6
11,571731,125,571872,93
b,572013,43
c,572153,751
d,572294,0
