f,4405,32
11,4546,17
b,4687,100
c,4828,0
d,4969,0
f,5110,32
11,5251,17
b,5392,100
c,5533,0
d,5675,0
f,5816,32
11,5957,17
b,6098,100
c,6239,0
d,6380,0
f,6521,32
11,6662,17
b,6803,100
c,6944,0
d,7085,0
f,7226,32
11,7367,17
b,7508,100
c,7645,0
d,7786,0
f,7927,32
11,8068,17
b,8209,100
c,8350,0
d,8488,0
f,8629,32
11,8770,17
b,8911,100
c,9052,0
d,9193,0
f,9334,32
11,9475,17
b,9616,100
c,9757,0
d,9899,0
f,10040,32
11,10181,17
b,10322,100
c,10463,0
d,10604,0
f,10745,32
11,10886,17
b,11027,100
c,11168,0
d,11309,0
f,11450,32
11,11591,17
b,11732,100
c,11869,0
d,12010,0
f,12151,32
11,12292,17
b,12433,100
c,12574,0
d,12712,0
f,12853,32
11,12994,17
b,13135,100
c,13276,0
d,13417,0
f,13558,32
11,13699,17
b,13840,100
c,13981,0
d,14123,0
f,14264,32
11,14405,17
b,14546,100
c,14687,0
d,14828,0
f,14969,32
11,15110,17
b,15251,100
c,15392,0
d,15533,0
f,15674,32
11,15815,17
b,15956,100
c,16093,0
d,16234,0
f,16375,32
11,16516,17
b,16657,100
c,16798,0
d,16936,0
f,17077,32
11,17218,17
b,17359,100
c,17500,0
d,17641,0
f,17782,32
11,17923,17
b,18064,100
c,18205,0
d,18347,0
f,18488,32
11,18629,17
b,18770,100
c,18911,0
d,19052,0
f,19193,32
11,19334,17
b,19475,100
c,19616,0
d,19757,0
f,19898,32
11,20039,17
b,20180,100
c,20317,0
d,20458,0
f,20599,32
11,20740,17
b,20881,100
c,21022,0
d,21160,0
f,21301,32
11,21442,17
b,21583,100
c,21724,0
d,21865,0
f,22006,32
11,22147,17
b,22288,100
c,22429,0
d,22571,0
f,22712,32
11,22853,17
b,22994,100
c,23135,0
d,23276,0
f,23417,32
11,23558,17
b,23699,100
c,23840,0
d,23981,0
f,24122,32
11,24263,17
b,24404,100
c,24541,0
d,24682,0
f,24823,32
11,24964,17
b,25105,100
c,25246,0
d,25384,0
f,25525,32
11,25666,17
b,25807,100
c,25948,0
d,26089,0
f,26230,32
11,26371,17
b,26512,100
c,26653,0
d,26795,0
f,26936,32
11,27077,17
b,27218,100
c,27359,0
d,27500,0
f,27641,32
11,27782,17
b,27923,100
c,28064,0
d,28205,0
f,28346,32
11,28487,17
b,28628,100
c,28765,0
d,28906,0
f,29047,32
11,29188,17
b,29329,100
c,29470,0
d,29608,0
f,29749,32
11,29890,17
b,30031,100
c,30172,0
d,30313,0
f,30454,32
11,30595,17
b,30736,100
c,30877,0
d,31019,0
f,31160,32
11,31301,17
b,31442,100
c,31583,0
d,31724,0
f,31865,32
11,32006,17
b,32147,100
c,32288,0
d,32429,0
f,32570,32
11,32711,17
b,32852,100
c,32989,0
d,33130,0
f,33271,32
11,33412,17
b,33553,100
c,33694,0
d,33832,0
f,33973,32
11,34114,17
b,34255,100
c,34396,0
d,34537,0
f,34678,32
11,34819,17
b,34960,100
c,35101,0
d,35243,0
f,35384,32
11,35525,17
b,35666,100
c,35807,0
d,35948,0
f,36089,32
11,36230,17
b,36371,100
c,36512,0
d,36653,0
f,36794,32
11,36935,17
b,37076,100
c,37213,0
d,37354,0
f,37495,32
11,37636,17
b,37777,100
c,37918,0
d,38056,0
f,38197,32
11,38338,17
b,38479,100
c,38620,0
d,38761,0
f,38902,32
11,39043,17
b,39184,100
c,39325,0
d,39467,0
f,39608,32
11,39749,17
b,39890,100
c,40031,0
d,40172,0
f,40313,32
11,40454,17
b,40595,100
c,40736,0
d,40877,0
f,41018,32
11,41159,17
b,41300,100
c,41437,0
d,41578,0
f,41719,32
11,41860,17
b,42001,100
c,42142,0
d,42280,0
f,42421,32
11,42562,17
b,42703,100
c,42844,0
d,42985,0
f,43126,32
11,43267,17
b,43408,100
c,43549,0
d,43691,0
f,43832,32
11,43973,17
b,44114,100
c,44255,0
d,44396,0
f,44537,32
11,44678,17
b,44819,100
c,44960,0
d,45101,0
f,45242,32
11,45383,17
b,45524,100
c,45661,0
d,45802,0
f,45943,32
11,46084,17
b,46225,100
c,46366,0
d,46504,0
f,46645,32
11,46786,17
b,46927,100
c,47068,0
d,47209,0
f,47350,32
11,47491,17
b,47632,100
c,47773,0
d,47915,0
f,48056,32
11,48197,17
b,48338,100
c,48479,0
d,48620,0
f,48761,32
11,48902,17
b,49043,100
c,49184,0
d,49325,0
f,49466,32
11,49607,17
b,49748,100
c,49885,0
d,50026,0
f,50167,32
11,50308,17
b,50449,100
c,50590,0
d,50728,0
f,50869,32
11,51010,17
b,51151,100
c,51292,0
d,51433,0
f,51574,32
11,51715,17
b,51856,100
c,51997,0
d,52139,0
f,52280,32
11,52421,17
b,52562,100
c,52703,0
d,52844,0
f,52985,32
11,53126,17
b,53267,100
c,53408,0
d,53549,0
f,53690,32
11,53831,17
b,53972,100
c,54109,0
d,54250,0
f,54391,32
11,54532,17
b,54673,100
c,54814,0
d,54952,0
f,55093,32
11,55234,17
b,55375,100
c,55516,0
d,55657,0
f,55798,32
11,55939,17
b,56080,100
c,56221,0
d,56363,0
f,56504,32
11,56645,17
b,56786,100
c,56927,0
d,57068,0
f,57209,32
11,57350,17
b,57491,100
c,57632,0
d,57773,0
f,57914,32
11,58055,17
b,58196,100
c,58333,0
d,58474,0
f,58615,32
11,58756,17
b,58897,100
c,59038,0
d,59176,0
f,59317,32
11,59458,17
b,59599,100
c,59740,0
d,59881,0
f,60022,32
11,60163,17
b,60304,100
c,60445,0
d,60587,0
f,60728,32
11,60869,17
b,61010,100
c,61151,0
d,61292,0
f,61433,32
11,61574,17
b,61715,100
c,61856,0
d,61997,0
f,62138,32
11,62279,17
b,62420,100
c,62557,0
d,62698,0
f,62839,32
11,62980,17
b,63121,100
c,63262,0
d,63400,0
f,63541,32
11,63682,17
b,63823,100
c,63964,0
d,64105,0
f,64246,32
11,64387,17
b,64528,100
c,64669,0
d,64811,0
f,64952,32
11,65093,17
b,65234,100
c,65375,0
d,65516,0
f,65657,32
11,65798,17
b,65939,100
c,66080,0
d,66221,0
f,66362,32
11,66503,17
b,66644,100
c,66781,0
d,66922,0
f,67063,32
11,67204,17
b,67345,100
c,67486,0
d,67624,0
f,67765,32
11,67906,17
b,68047,100
c,68188,0
d,68329,0
f,68470,32
11,68611,17
b,68752,100
c,68893,0
d,69035,0
f,69176,32
11,69317,14
b,69458,83
c,69599,1631
d,69740,0
f,69881,32
11,70022,14
b,70163,33
c,70304,1797
d,70445,0
f,70586,32
11,70727,14
b,70868,34
c,71005,1193
d,71146,0
f,71287,31
11,71428,16
b,71569,48
c,71710,1112
d,71848,0
f,71989,32
11,72130,14
b,72271,47
c,72412,1084
d,72553,0
f,72694,32
11,72835,14
b,72976,46
c,73117,1069
d,73259,0
f,73400,32
11,73541,14
b,73682,46
c,73823,1055
d,73964,0
f,74105,32
11,74246,14
b,74387,47
c,74528,1040
d,74669,0
f,74810,32
11,74951,14
b,75092,48
c,75229,1027
d,75370,0
f,75511,32
11,75652,15
b,75793,50
c,75934,1023
d,76072,0
f,76213,32
11,76354,15
b,76495,53
c,76636,1020
d,76777,0
f,76918,32
11,77059,15
b,77200,54
c,77341,1028
d,77483,0
f,77624,32
11,77765,15
b,77906,54
c,78047,1023
d,78188,0
f,78329,32
11,78470,15
b,78611,54
c,78752,1034
d,78893,0
f,79034,32
11,79175,15
b,79316,53
c,79453,1033
d,79594,0
f,79735,32
11,79876,15
b,80017,53
c,80158,1040
d,80296,0
f,80437,32
11,80578,15
b,80719,53
c,80860,1030
d,81001,0
f,81142,32
11,81283,15
b,81424,53
c,81565,1028
d,81707,0
f,81848,32
11,81989,15
b,82130,53
c,82271,1036
d,82412,0
f,82553,32
11,82694,15
b,82835,54
c,82976,1027
d,83117,0
f,83258,32
11,83399,15
b,83540,53
c,83677,1035
d,83818,0
f,83959,32
11,84100,15
b,84241,54
c,84382,1026
d,84520,0
f,84661,32
11,84802,15
b,84943,54
c,85084,1031
d,85225,0
f,85366,32
11,85507,15
b,85648,54
c,85789,1037
d,85931,0
f,86072,32
11,86213,15
b,86354,54
c,86495,1031
d,86636,0
f,86777,32
11,86918,15
b,87059,53
c,87200,1044
d,87341,0
f,87482,32
11,87623,15
b,87764,54
c,87901,1038
d,88042,0
f,88183,32
11,88324,15
b,88465,54
c,88606,1036
d,88744,0
f,88885,32
11,89026,15
b,89167,54
c,89308,1039
d,89449,0
f,89590,32
11,89731,15
b,89872,54
c,90013,1027
d,90155,0
f,90296,32
11,90437,15
b,90578,54
c,90719,1024
d,90860,0
f,91001,32
11,91142,15
b,91283,54
c,91424,1022
d,91565,0
f,91706,32
11,91847,15
b,91988,55
c,92125,1008
d,92266,0
f,92407,32
11,92548,15
b,92689,55
c,92830,1018
d,92968,0
f,93109,32
11,93250,15
b,93391,55
c,93532,1029
d,93673,0
f,93814,32
11,93955,15
b,94096,54
c,94237,1037
d,94379,0
f,94520,32
11,94661,15
b,94802,54
c,94943,1022
d,95084,0
f,95225,32
11,95366,15
b,95507,54
c,95648,1018
d,95789,0
f,95930,32
11,96071,15
b,96212,55
c,96349,1012
d,96490,0
f,96631,32
11,96772,15
b,96913,55
c,97054,1008
d,97192,0
f,97333,32
11,97474,15
b,97615,55
c,97756,1004
d,97897,0
f,98038,32
11,98179,15
b,98320,55
c,98461,1008
d,98603,0
f,98744,32
11,98885,15
b,99026,55
c,99167,1026
d,99308,0
f,99449,32
11,99590,15
b,99731,55
c,99872,1013
d,100013,0
f,100154,32
11,100295,15
b,100436,55
c,100573,1017
d,100714,0
f,100855,32
11,100996,15
b,101137,55
c,101278,1005
d,101416,0
f,101557,32
11,101698,15
b,101839,55
c,101980,1011
d,102121,0
f,102262,32
11,102403,15
b,102544,55
c,102685,999
d,102827,0
f,102968,32
11,103109,15
b,103250,55
c,103391,1011
d,103532,0
f,103673,32
11,103814,15
b,103955,55
c,104096,996
d,104237,0
f,104378,32
11,104519,15
b,104660,55
c,104797,1006
d,104938,0
f,105079,32
11,105220,15
b,105361,55
c,105502,1016
d,105640,0
f,105781,32
11,105922,14
b,106063,54
c,106204,1006
d,106345,0
f,106486,32
11,106627,14
b,106768,53
c,106909,1012
d,107051,0
f,107192,32
11,107333,15
b,107474,54
c,107615,1013
d,107756,0
f,107897,32
11,108038,15
b,108179,54
c,108320,1010
d,108461,0
f,108602,32
11,108743,14
b,108884,54
c,109021,1015
d,109162,0
f,109303,32
11,109444,14
b,109585,53
c,109726,1008
d,109864,0
f,110005,32
11,110146,14
b,110287,54
c,110428,974
d,110569,0
f,110710,32
11,110851,14
b,110992,53
c,111133,998
d,111275,0
f,111416,32
11,111557,14
b,111698,53
c,111839,987
d,111980,0
f,112121,32
11,112262,14
b,112403,53
c,112544,995
d,112685,0
f,112826,32
11,112967,14
b,113108,52
c,113245,992
d,113386,0
f,113527,32
11,113668,14
b,113809,53
c,113950,979
d,114088,0
f,114229,32
11,114370,14
b,114511,51
c,114652,992
d,114793,0
f,114934,32
11,115075,14
b,115216,52
c,115357,967
d,115499,0
f,115640,32
11,115781,14
b,115922,51
c,116063,982
d,116204,0
f,116345,32
11,116486,14
b,116627,51
c,116768,972
d,116909,0
f,117050,32
11,117191,14
b,117332,51
c,117469,981
d,117610,0
f,117751,32
11,117892,14
b,118033,50
c,118174,979
d,118312,0
f,118453,32
11,118594,14
b,118735,50
c,118876,974
d,119017,0
f,119158,32
11,119299,14
b,119440,50
c,119581,973
d,119723,0
f,119864,32
11,120005,14
b,120146,50
c,120287,969
d,120428,0
f,120569,32
11,120710,14
b,120851,50
c,120992,968
d,121133,0
f,121274,32
11,121415,14
b,121556,50
c,121693,963
d,121834,0
f,121975,32
11,122116,14
b,122257,50
c,122398,970
d,122536,0
f,122677,32
11,122818,14
b,122959,50
c,123100,947
d,123241,0
f,123382,32
11,123523,14
b,123664,49
c,123805,956
d,123947,0
f,124088,32
11,124229,14
b,124370,49
c,124511,968
d,124652,0
f,124793,32
11,124934,14
b,125075,49
c,125216,953
d,125357,0
f,125498,32
11,125639,14
b,125780,49
c,125917,960
d,126058,0
f,126199,32
11,126340,14
b,126481,49
c,126622,932
d,126760,0
f,126901,32
11,127042,14
b,127183,48
c,127324,951
d,127465,0
f,127606,32
11,127747,14
b,127888,48
c,128029,948
d,128171,0
f,128312,32
11,128453,14
b,128594,48
c,128735,933
d,128876,0
f,129017,32
11,129158,14
b,129299,48
c,129440,930
d,129581,0
f,129722,32
11,129863,14
b,130004,47
c,130141,931
d,130282,0
f,130423,32
11,130564,14
b,130705,47
c,130846,936
d,130984,0
f,131125,32
11,131266,14
b,131407,47
c,131548,914
d,131689,0
f,131830,32
11,131971,14
b,132112,47
c,132253,912
d,132395,0
f,132536,32
11,132677,14
b,132818,47
c,132959,910
d,133100,0
f,133241,32
11,133382,13
b,133523,46
c,133664,893
d,133805,0
f,133946,32
11,134087,13
b,134228,46
c,134365,895
d,134506,0
f,134647,32
11,134788,14
b,134929,48
c,135070,880
d,135208,0
f,135349,32
11,135490,13
b,135631,47
c,135772,873
d,135913,0
f,136054,32
11,136195,13
b,136336,47
c,136477,892
d,136619,0
f,136760,32
11,136901,13
b,137042,45
c,137183,866
d,137324,1
f,137465,32
11,137606,13
b,137747,46
c,137888,817
d,138029,2
f,138170,32
11,138311,13
b,138452,49
c,138589,770
d,138730,3
f,138871,32
11,139012,13
b,139153,52
c,139294,790
d,139432,4
f,139573,32
11,139714,14
b,139855,51
c,139996,888
d,140137,4
f,140278,32
11,140419,15
b,140560,51
c,140701,1043
d,140843,4
f,140984,32
11,141125,14
b,141266,50
c,141407,859
d,141548,5
f,141689,32
11,141830,15
b,141971,65
c,142112,861
d,142253,6
f,142394,32
11,142535,14
b,142676,59
c,142813,876
d,142954,5
f,143095,32
11,143236,13
b,143377,53
c,143518,899
d,143656,4
f,143797,32
11,143938,13
b,144079,48
c,144220,915
d,144361,4
f,144502,32
11,144643,13
b,144784,46
c,144925,900
d,145067,3
f,145208,32
11,145349,13
b,145490,45
c,145631,844
d,145772,3
f,145913,32
11,146054,13
b,146195,45
c,146336,854
d,146477,3
f,146618,32
11,146759,13
b,146900,45
c,147037,840
d,147178,3
f,147319,32
11,147460,13
b,147601,46
c,147742,871
d,147880,3
f,148021,32
11,148162,14
b,148303,53
c,148444,959
d,148585,5
f,148726,32
11,148867,14
b,149008,55
c,149149,742
d,149291,7
f,149432,32
11,149573,14
b,149714,59
c,149855,962
d,149996,8
f,150137,32
11,150278,13
b,150419,50
c,150560,968
d,150701,8
f,150842,32
11,150983,14
b,151124,51
c,151261,922
d,151402,8
f,151543,32
11,151684,15
b,151825,53
c,151966,994
d,152104,8
f,152245,32
11,152386,16
b,152527,64
c,152668,1225
d,152809,11
f,152950,32
11,153091,16
b,153232,55
c,153373,1462
d,153515,13
f,153656,32
11,153797,14
b,153938,51
c,154079,1565
d,154220,13
f,154361,32
11,154502,13
b,154643,41
c,154784,1513
d,154925,13
f,155066,32
11,155207,13
b,155348,33
c,155485,1415
d,155626,12
f,155767,32
11,155908,13
b,156049,32
c,156190,1316
d,156328,11
f,156469,32
11,156610,14
b,156751,35
c,156892,1309
d,157033,11
f,157174,32
11,157315,17
b,157456,50
c,157597,1375
d,157739,12
f,157880,32
11,158021,17
b,158162,54
c,158303,1532
d,158444,14
f,158585,32
11,158726,17
b,158867,50
c,159008,1714
d,159149,15
f,159290,32
11,159431,15
b,159572,37
c,159709,1765
d,159850,15
f,159991,32
11,160132,15
b,160273,33
c,160414,1774
d,160552,15
f,160693,32
11,160834,15
b,160975,36
c,161116,1785
d,161257,15
f,161398,32
11,161539,15
b,161680,35
c,161821,1796
d,161963,16
f,162104,32
11,162245,14
b,162386,28
c,162527,1760
d,162668,15
f,162809,32
11,162950,14
b,163091,30
c,163232,1728
d,163373,14
f,163514,32
11,163655,15
b,163796,33
c,163933,1694
d,164074,14
f,164215,32
11,164356,15
b,164497,35
c,164638,1674
d,164776,14
f,164917,32
11,165058,16
b,165199,39
c,165340,1733
d,165481,15
f,165622,32
11,165763,16
b,165904,40
c,166045,1800
d,166187,16
f,166328,32
11,166469,16
b,166610,39
c,166751,1863
d,166892,16
f,167033,31
11,167174,15
b,167315,36
c,167456,1906
d,167597,16
f,167738,31
11,167879,15
b,168020,31
c,168157,1888
d,168298,16
f,168439,31
11,168580,14
b,168721,29
c,168862,1830
d,169000,16
f,169141,31
11,169282,14
b,169423,27
c,169564,1745
d,169705,15
f,169846,31
11,169987,14
b,170128,26
c,170269,1646
d,170411,14
f,170552,31
11,170693,14
b,170834,30
c,170975,1584
d,171116,13
f,171257,31
11,171398,15
b,171539,36
c,171680,1572
d,171821,13
f,171962,31
11,172103,16
b,172244,42
c,172381,1604
d,172522,14
f,172663,31
11,172804,15
b,172945,40
c,173086,1648
d,173224,14
f,173365,31
11,173506,14
b,173647,31
c,173788,1535
d,173929,14
f,174070,31
11,174211,13
b,174352,33
c,174493,849
d,174635,13
f,174776,31
11,174917,13
b,175058,44
c,175199,797
d,175340,10
f,175481,31
11,175622,13
b,175763,45
c,175904,807
d,176045,7
f,176186,31
11,176327,13
b,176468,45
c,176605,777
d,176746,4
f,176887,31
11,177028,13
b,177169,46
c,177310,775
d,177448,3
f,177589,31
11,177730,13
b,177871,49
c,178012,776
d,178153,2
f,178294,31
11,178435,13
b,178576,51
c,178717,778
d,178859,1
f,179000,31
11,179141,13
b,179282,52
c,179423,773
d,179564,0
f,179705,31
11,179846,13
b,179987,53
c,180128,764
d,180269,0
f,180410,31
11,180551,13
b,180692,53
c,180829,787
d,180970,0
f,181111,31
11,181252,13
b,181393,50
c,181534,788
d,181672,0
f,181813,31
11,181954,13
b,182095,48
c,182236,807
d,182377,0
f,182518,31
11,182659,13
b,182800,49
c,182941,769
d,183083,0
f,183224,31
11,183365,14
b,183506,53
c,183647,763
d,183788,0
f,183929,31
11,184070,14
b,184211,56
c,184352,766
d,184493,0
f,184634,31
11,184775,13
b,184916,56
c,185053,768
d,185194,0
f,185335,31
11,185476,13
b,185617,53
c,185758,781
d,185896,0
f,186037,31
11,186178,13
b,186319,51
c,186460,806
d,186601,0
f,186742,31
11,186883,13
b,187024,48
c,187165,802
d,187307,0
f,187448,31
11,187589,13
b,187730,47
c,187871,781
d,188012,0
f,188153,31
11,188294,13
b,188435,48
c,188576,769
d,188717,0
f,188858,31
11,188999,13
b,189140,52
c,189277,760
d,189418,0
f,189559,31
11,189700,15
b,189841,61
c,189982,699
d,190120,1
f,190261,31
11,190402,17
b,190543,79
c,190684,1062
d,190825,3
f,190966,32
11,191107,15
b,191248,70
c,191389,661
d,191531,6
f,191672,31
11,191813,16
b,191954,80
c,192095,964
d,192236,8
f,192377,31
11,192518,13
b,192659,60
c,192800,1005
d,192941,8
f,193082,31
11,193223,12
b,193364,45
c,193501,896
d,193642,7
f,193783,31
11,193924,13
b,194065,44
c,194206,860
d,194344,7
f,194485,31
11,194626,14
b,194767,50
c,194908,875
d,195049,7
f,195190,31
11,195331,14
b,195472,55
c,195613,934
d,195755,8
f,195896,31
11,196037,15
b,196178,62
c,196319,1005
d,196460,9
f,196601,31
11,196742,16
b,196883,64
c,197024,1248
d,197165,11
f,197306,31
11,197447,18
b,197588,65
c,197725,1439
d,197866,13
f,198007,31
11,198148,21
b,198289,74
c,198430,1765
d,198568,15
f,198709,31
11,198850,14
b,198991,46
c,199132,1811
d,199273,17
f,199414,31
11,199555,13
b,199696,34
c,199837,965
d,199979,16
f,200120,31
11,200261,17
b,200402,59
c,200543,1125
d,200684,16
f,200825,31
11,200966,16
b,201107,61
c,201248,1159
d,201389,17
f,201530,31
11,201671,13
b,201812,41
c,201949,1126
d,202090,16
f,202231,31
11,202372,13
b,202513,37
c,202654,1122
d,202792,16
f,202933,31
11,203074,13
b,203215,39
c,203356,1079
d,203497,15
f,203638,31
11,203779,14
b,203920,42
c,204061,876
d,204203,14
f,204344,31
11,204485,14
b,204626,52
c,204767,765
d,204908,13
f,205049,31
11,205190,13
b,205331,53
c,205472,757
d,205613,9
f,205754,31
11,205895,13
b,206036,54
c,206173,763
d,206314,5
f,206455,31
11,206596,13
b,206737,53
c,206878,770
d,207016,3
f,207157,31
11,207298,13
b,207439,52
c,207580,758
d,207721,1
f,207862,31
11,208003,13
b,208144,52
c,208285,770
d,208427,0
f,208568,31
11,208709,12
b,208850,69
c,208991,731
d,209132,0
f,209273,31
11,209414,13
b,209555,58
c,209696,844
d,209837,0
f,209978,31
11,210119,17
b,210260,60
c,210397,1102
d,210538,0
f,210679,31
11,210820,16
b,210961,53
c,211102,1417
d,211240,0
f,211381,31
11,211522,16
b,211663,52
c,211804,1296
d,211945,0
f,212086,31
11,212227,16
b,212368,56
c,212509,1093
d,212651,1
f,212792,31
11,212933,16
b,213074,64
c,213215,1073
d,213356,2
f,213497,31
11,213638,16
b,213779,62
c,213920,1194
d,214061,3
f,214202,31
11,214343,16
b,214484,59
c,214621,1079
d,214762,4
f,214903,31
11,215044,13
b,215185,53
c,215326,750
d,215464,3
f,215605,31
11,215746,14
b,215887,55
c,216028,779
d,216169,2
f,216310,31
11,216451,16
b,216592,63
c,216733,1069
d,216875,1
f,217016,31
11,217157,16
b,217298,56
c,217439,1119
d,217580,0
f,217721,31
11,217862,16
b,218003,59
c,218144,1207
d,218285,1
f,218426,31
11,218567,20
b,218708,82
c,218845,1057
d,218986,3
f,219127,31
11,219268,17
b,219409,75
c,219550,1203
d,219688,6
f,219829,31
11,219970,18
b,220111,76
c,220252,876
d,220393,8
f,220534,31
11,220675,14
b,220816,66
c,220957,777
d,221099,7
f,221240,31
11,221381,14
b,221522,76
c,221663,960
d,221804,8
f,221945,31
11,222086,16
b,222227,68
c,222368,1140
d,222509,10
f,222650,31
11,222791,16
b,222932,65
c,223069,1356
d,223210,12
f,223351,31
11,223492,19
b,223633,69
c,223774,1617
d,223912,14
f,224053,31
11,224194,21
b,224335,72
c,224476,1958
d,224617,18
f,224758,31
11,224899,15
b,225040,42
c,225181,1904
d,225323,19
f,225464,31
11,225605,14
b,225746,34
c,225887,1258
d,226028,19
f,226169,30
11,226310,13
b,226451,32
c,226592,1281
d,226733,18
f,226874,30
11,227015,14
b,227156,36
c,227293,1291
d,227434,18
f,227575,30
11,227716,13
b,227857,33
c,227998,1282
d,228136,18
f,228277,30
11,228418,13
b,228559,32
c,228700,1284
d,228841,18
f,228982,30
11,229123,15
b,229264,39
c,229405,1333
d,229547,19
f,229688,30
11,229829,17
b,229970,55
c,230111,1439
d,230252,21
f,230393,30
11,230534,13
b,230675,41
c,230816,1490
d,230957,21
f,231098,31
11,231239,13
b,231380,32
c,231517,1472
d,231658,21
f,231799,30
11,231940,14
b,232081,33
c,232222,1488
d,232360,21
f,232501,30
11,232642,15
b,232783,40
c,232924,1514
d,233065,22
f,233206,30
11,233347,15
b,233488,43
c,233629,1542
d,233771,22
f,233912,30
11,234053,17
b,234194,59
c,234335,1557
d,234476,22
f,234617,30
11,234758,18
b,234899,60
c,235040,1623
d,235181,23
f,235322,30
11,235463,18
b,235604,59
c,235741,1695
d,235882,24
f,236023,30
11,236164,17
b,236305,55
c,236446,1776
d,236584,25
f,236725,30
11,236866,15
b,237007,43
c,237148,1817
d,237289,26
f,237430,30
11,237571,14
b,237712,32
c,237853,1789
d,237995,26
f,238136,30
11,238277,13
b,238418,27
c,238559,1723
d,238700,25
f,238841,30
11,238982,14
b,239123,27
c,239264,1682
d,239405,24
f,239546,30
11,239687,14
b,239828,31
c,239965,1651
d,240106,24
f,240247,30
11,240388,14
b,240529,34
c,240670,1653
d,240808,24
f,240949,30
11,241090,16
b,241231,43
c,241372,1680
d,241513,24
f,241654,30
11,241795,21
b,241936,75
c,242077,1801
d,242219,26
f,242360,30
11,242501,27
b,242642,92
c,242783,2008
d,242924,29
f,243065,30
11,243206,29
b,243347,96
c,243488,2256
d,243629,33
f,243770,30
11,243911,28
b,244052,93
c,244189,2506
d,244330,36
f,244471,30
11,244612,17
b,244753,48
c,244894,2520
d,245032,37
f,245173,30
11,245314,16
b,245455,37
c,245596,1899
d,245737,37
f,245878,29
11,246019,25
b,246160,88
c,246301,1956
d,246443,39
f,246584,30
11,246725,24
b,246866,81
c,247007,2061
d,247148,41
f,247289,30
11,247430,21
b,247571,68
c,247712,2140
d,247853,43
f,247994,29
11,248135,18
b,248276,51
c,248413,2168
d,248554,43
f,248695,29
11,248836,17
b,248977,41
c,249118,2170
d,249256,43
f,249397,29
11,249538,17
b,249679,41
c,249820,2173
d,249961,43
f,250102,29
11,250243,17
b,250384,41
c,250525,2160
d,250667,43
f,250808,29
11,250949,17
b,251090,41
c,251231,2161
d,251372,43
f,251513,29
11,251654,17
b,251795,41
c,251936,2154
d,252077,43
f,252218,29
11,252359,17
b,252500,41
c,252637,2137
d,252778,43
f,252919,29
11,253060,20
b,253201,53
c,253342,2167
d,253480,43
f,253621,29
11,253762,21
b,253903,62
c,254044,2209
d,254185,44
f,254326,29
11,254467,26
b,254608,83
c,254749,2286
d,254891,46
f,255032,29
11,255173,25
b,255314,83
c,255455,2397
d,255596,48
f,255737,28
11,255878,26
b,256019,82
c,256160,2501
d,256301,50
f,256442,28
11,256583,21
b,256724,62
c,256861,2563
d,257002,51
f,257143,28
11,257284,16
b,257425,32
c,257566,2501
d,257704,51
f,257845,27
11,257986,15
b,258127,30
c,258268,2056
d,258409,50
f,258550,27
11,258691,18
b,258832,47
c,258973,2040
d,259115,50
f,259256,27
11,259397,15
b,259538,34
c,259679,2032
d,259820,50
f,259961,27
11,260102,15
b,260243,30
c,260384,2001
d,260525,48
f,260666,27
11,260807,14
b,260948,28
c,261085,1933
d,261226,48
f,261367,27
11,261508,15
b,261649,29
c,261790,1935
d,261928,47
f,262069,27
11,262210,17
b,262351,39
c,262492,1940
d,262633,47
f,262774,27
11,262915,21
b,263056,66
c,263197,1940
d,263339,47
f,263480,28
11,263621,18
b,263762,57
c,263903,1973
d,264044,48
f,264185,28
11,264326,17
b,264467,44
c,264608,1972
d,264749,48
f,264890,27
11,265031,15
b,265172,33
c,265309,1957
d,265450,48
f,265591,27
11,265732,16
b,265873,37
c,266014,1948
d,266152,47
f,266293,27
11,266434,16
b,266575,41
c,266716,1950
d,266857,48
f,266998,27
11,267139,16
b,267280,41
c,267421,1936
d,267563,47
f,267704,27
11,267845,17
b,267986,43
c,268127,1940
d,268268,47
f,268409,27
11,268550,18
b,268691,49
c,268832,1933
d,268973,47
f,269114,27
11,269255,19
b,269396,56
c,269533,1946
d,269674,48
f,269815,27
11,269956,19
b,270097,56
c,270238,1963
d,270376,48
f,270517,27
11,270658,17
b,270799,46
c,270940,1983
d,271081,48
f,271222,27
11,271363,15
b,271504,36
c,271645,1896
d,271787,48
f,271928,27
11,272069,13
b,272210,26
c,272351,1896
d,272492,46
f,272633,27
11,272774,14
b,272915,25
c,273056,1847
d,273197,45
f,273338,27
11,273479,14
b,273620,26
c,273757,1813
d,273898,44
f,274039,27
11,274180,14
b,274321,28
c,274462,1773
d,274600,43
f,274741,27
11,274882,14
b,275023,27
c,275164,1709
d,275305,41
f,275446,27
11,275587,14
b,275728,27
c,275869,1638
d,276011,40
f,276152,27
11,276293,14
b,276434,29
c,276575,1572
d,276716,38
f,276857,27
11,276998,13
b,277139,31
c,277280,1028
d,277421,37
f,277562,27
11,277703,14
b,277844,41
c,277981,797
d,278122,37
f,278263,27
11,278404,13
b,278545,47
c,278686,775
d,278824,36
f,278965,27
11,279106,13
b,279247,48
c,279388,764
d,279529,33
f,279670,27
11,279811,13
b,279952,49
c,280093,764
d,280235,31
f,280376,27
11,280517,13
b,280658,48
c,280799,748
d,280940,28
f,281081,27
11,281222,13
b,281363,48
c,281504,753
d,281645,25
f,281786,27
11,281927,13
b,282068,51
c,282205,738
d,282346,21
f,282487,27
11,282628,13
b,282769,52
c,282910,764
d,283048,16
f,283189,27
11,283330,13
b,283471,50
c,283612,762
d,283753,11
f,283894,27
11,284035,13
b,284176,49
c,284317,764
d,284459,6
f,284600,27
11,284741,12
b,284882,48
c,285023,754
d,285164,2
f,285305,27
11,285446,13
b,285587,48
c,285728,761
d,285869,1
f,286010,27
11,286151,13
b,286292,48
c,286429,752
d,286570,0
f,286711,27
11,286852,13
b,286993,48
c,287134,747
d,287272,0
f,287413,27
11,287554,12
b,287695,48
c,287836,760
d,287977,0
f,288118,27
11,288259,12
b,288400,48
c,288541,744
d,288683,0
f,288824,27
11,288965,12
b,289106,47
c,289247,750
d,289388,0
f,289529,27
11,289670,12
b,289811,47
c,289952,748
d,290093,0
f,290234,27
11,290375,12
b,290516,47
c,290653,743
d,290794,0
f,290935,27
11,291076,12
b,291217,47
c,291358,746
d,291496,0
f,291637,27
11,291778,12
b,291919,47
c,292060,743
d,292201,0
f,292342,27
11,292483,12
b,292624,47
c,292765,801
d,292907,0
f,293048,27
11,293189,17
b,293330,74
c,293471,1530
d,293612,1
f,293753,27
11,293894,17
b,294035,63
c,294176,1250
d,294317,6
f,294458,27
11,294599,20
b,294740,80
c,294877,1075
d,295018,9
f,295159,27
11,295300,22
b,295441,90
c,295582,1481
d,295720,13
f,295861,27
11,296002,23
b,296143,84
c,296284,1911
d,296425,17
f,296566,27
11,296707,18
b,296848,57
c,296989,2095
d,297131,19
f,297272,27
11,297413,13
b,297554,30
c,297695,1283
d,297836,18
f,297977,27
11,298118,26
b,298259,96
c,298400,1344
d,298541,19
f,298682,27
11,298823,23
b,298964,95
c,299101,1576
d,299242,23
f,299383,27
11,299524,24
b,299665,87
c,299806,1844
d,299944,27
f,300085,27
11,300226,17
b,300367,56
c,300508,2001
d,300649,28
f,300790,27
11,300931,13
b,301072,29
c,301213,1888
d,301355,27
f,301496,27
11,301637,13
b,301778,26
c,301919,1751
d,302060,25
f,302201,27
11,302342,13
b,302483,27
c,302624,1613
d,302765,23
f,302906,27
11,303047,14
b,303188,30
c,303325,1508
d,303466,21
f,303607,27
11,303748,17
b,303889,50
c,304030,1494
d,304168,21
f,304309,27
11,304450,20
b,304591,68
c,304732,1542
d,304873,22
f,305014,27
11,305155,23
b,305296,82
c,305437,1668
d,305579,24
f,305720,27
11,305861,24
b,306002,86
c,306143,1846
d,306284,27
f,306425,27
11,306566,24
b,306707,84
c,306848,2025
d,306989,29
f,307130,27
11,307271,25
b,307412,82
c,307549,2218
d,307690,32
f,307831,27
11,307972,25
b,308113,80
c,308254,2402
d,308392,35
f,308533,27
11,308674,15
b,308815,41
c,308956,2404
d,309097,35
f,309238,27
11,309379,13
b,309520,25
c,309661,1705
d,309803,35
f,309944,26
11,310085,22
b,310226,64
c,310367,1754
d,310508,35
f,310649,27
11,310790,15
b,310931,49
c,311072,1805
d,311213,35
f,311354,27
11,311495,18
b,311636,48
c,311773,1806
d,311914,36
f,312055,27
11,312196,16
b,312337,46
c,312478,1816
d,312616,36
f,312757,27
11,312898,19
b,313039,59
c,313180,1856
d,313321,37
f,313462,27
11,313603,19
b,313744,59
c,313885,1902
d,314027,38
f,314168,27
11,314309,20
b,314450,59
c,314591,1950
d,314732,39
f,314873,27
11,315014,20
b,315155,58
c,315296,1981
d,315437,39
f,315578,27
11,315719,19
b,315860,57
c,315997,2009
d,316138,40
f,316279,27
11,316420,19
b,316561,56
c,316702,2061
d,316840,41
f,316981,27
11,317122,20
b,317263,56
c,317404,2107
d,317545,42
f,317686,26
11,317827,20
b,317968,60
c,318109,2177
d,318251,43
f,318392,26
11,318533,21
b,318674,63
c,318815,2273
d,318956,45
f,319097,26
11,319238,28
b,319379,90
c,319520,2426
d,319661,48
f,319802,26
11,319943,31
b,320084,113
c,320221,2635
d,320362,53
f,320503,26
11,320644,36
b,320785,121
c,320926,2871
d,321064,58
f,321205,26
11,321346,40
b,321487,128
c,321628,3156
d,321769,64
f,321910,26
11,322051,37
b,322192,121
c,322333,3451
d,322475,69
f,322616,26
11,322757,17
b,322898,32
c,323039,3138
d,323180,70
f,323321,26
11,323462,22
b,323603,60
c,323744,2888
d,323885,71
f,324026,26
11,324167,38
b,324308,127
c,324445,3048
d,324586,75
f,324727,27
11,324868,66
b,325009,154
c,325150,3276
d,325288,81
f,325429,27
11,325570,88
b,325711,158
c,325852,3510
d,325993,87
f,326134,27
11,326275,88
b,326416,161
c,326557,3755
d,326699,93
f,326840,27
11,326981,14
b,327122,29
c,327263,3468
d,327404,93
f,327545,27
11,327686,14
b,327827,19
c,327968,3109
d,328109,91
f,328250,27
11,328391,14
b,328532,19
c,328669,3071
d,328810,91
f,328951,27
11,329092,15
b,329233,20
c,329374,3059
d,329512,90
f,329653,27
11,329794,15
b,329935,20
c,330076,3027
d,330217,89
f,330358,27
11,330499,15
b,330640,22
c,330781,3014
d,330923,89
f,331064,27
11,331205,15
b,331346,22
c,331487,2997
d,331628,89
f,331769,27
11,331910,15
b,332051,22
c,332192,2997
d,332333,88
f,332474,27
11,332615,15
b,332756,22
c,332893,2988
d,333034,88
f,333175,27
11,333316,15
b,333457,22
c,333598,2981
d,333736,88
f,333877,27
11,334018,15
b,334159,22
c,334300,2978
d,334441,88
f,334582,26
11,334723,15
b,334864,22
c,335005,2969
d,335147,88
f,335288,26
11,335429,15
b,335570,22
c,335711,2959
d,335852,88
f,335993,26
11,336134,16
b,336275,24
c,336416,2949
d,336557,87
f,336698,26
11,336839,16
b,336980,25
c,337117,2955
d,337258,87
f,337399,26
11,337540,16
b,337681,25
c,337822,2958
d,337960,87
f,338101,26
11,338242,14
b,338383,19
c,338524,2687
d,338665,87
f,338806,26
11,338947,14
b,339088,25
c,339229,2414
d,339371,87
f,339512,26
11,339653,18
b,339794,43
c,339935,2425
d,340076,88
f,340217,26
11,340358,15
b,340499,32
c,340640,2423
d,340781,88
f,340922,26
11,341063,16
b,341204,30
c,341341,2435
d,341482,88
f,341623,26
11,341764,16
b,341905,30
c,342046,2454
d,342184,89
f,342325,26
11,342466,16
b,342607,30
c,342748,2456
d,342889,89
f,343030,25
11,343171,16
b,343312,30
c,343453,2433
d,343595,89
f,343736,25
11,343877,14
b,344018,24
c,344159,2447
d,344300,88
f,344441,25
11,344582,14
b,344723,23
c,344864,2443
d,345005,88
f,345146,25
11,345287,14
b,345428,23
c,345565,2432
d,345706,88
f,345847,25
11,345988,15
b,346129,26
c,346270,2426
d,346408,88
f,346549,25
11,346690,15
b,346831,27
c,346972,2413
d,347113,87
f,347254,25
11,347395,15
b,347536,27
c,347677,2404
d,347819,87
f,347960,25
11,348101,15
b,348242,27
c,348383,2397
d,348524,87
f,348665,25
11,348806,16
b,348947,29
c,349088,2400
d,349229,87
f,349370,25
11,349511,16
b,349652,30
c,349789,2401
d,349930,86
f,350071,25
11,350212,16
b,350353,33
c,350494,2382
d,350632,86
f,350773,25
11,350914,16
b,351055,35
c,351196,2391
d,351337,86
f,351478,25
11,351619,17
b,351760,36
c,351901,2390
d,352043,86
f,352184,25
11,352325,18
b,352466,43
c,352607,2396
d,352748,87
f,352889,25
11,353030,19
b,353171,46
c,353312,2403
d,353453,87
f,353594,24
11,353735,19
b,353876,47
c,354013,2409
d,354154,87
f,354295,24
11,354436,19
b,354577,47
c,354718,2409
d,354856,87
f,354997,24
11,355138,19
b,355279,47
c,355420,2402
d,355561,87
f,355702,24
11,355843,19
b,355984,47
c,356125,2400
d,356267,87
f,356408,24
11,356549,17
b,356690,40
c,356831,2383
d,356972,86
f,357113,24
11,357254,17
b,357395,38
c,357536,2361
d,357677,85
f,357818,24
11,357959,18
b,358100,43
c,358237,2335
d,358378,84
f,358519,24
11,358660,19
b,358801,50
c,358942,2311
d,359080,83
f,359221,24
11,359362,20
b,359503,57
c,359644,2293
d,359785,83
f,359926,24
11,360067,23
b,360208,77
c,360349,2285
d,360491,82
f,360632,24
11,360773,25
b,360914,85
c,361055,2272
d,361196,82
f,361337,24
11,361478,26
b,361619,90
c,361760,2269
d,361901,82
f,362042,24
11,362183,27
b,362324,94
c,362461,2265
d,362602,82
f,362743,24
11,362884,27
b,363025,95
c,363166,2255
d,363304,82
f,363445,24
11,363586,28
b,363727,96
c,363868,2256
d,364009,81
f,364150,24
11,364291,32
b,364432,111
c,364573,2262
d,364715,82
f,364856,24
11,364997,33
b,365138,117
c,365279,2275
d,365420,82
f,365561,24
11,365702,32
b,365843,116
c,365984,2287
d,366125,83
f,366266,24
11,366407,32
b,366548,115
c,366685,2300
d,366826,83
f,366967,24
11,367108,29
b,367249,108
c,367390,2304
d,367528,83
f,367669,24
11,367810,29
b,367951,103
c,368092,2305
d,368233,83
f,368374,24
11,368515,29
b,368656,104
c,368797,2311
d,368939,84
f,369080,24
11,369221,29
b,369362,104
c,369503,2310
d,369644,83
f,369785,24
11,369926,29
b,370067,103
c,370208,2312
d,370349,83
f,370490,24
11,370631,31
b,370772,107
c,370909,2313
d,371050,83
f,371191,24
11,371332,27
b,371473,102
c,371614,2313
d,371752,83
f,371893,24
11,372034,28
b,372175,98
c,372316,2305
d,372457,83
f,372598,24
11,372739,29
b,372880,98
c,373021,2299
d,373163,83
f,373304,24
11,373445,29
b,373586,99
c,373727,2300
d,373868,83
f,374009,24
11,374150,32
b,374291,110
c,374432,2295
d,374573,83
f,374714,24
11,374855,32
b,374996,113
c,375133,2301
d,375274,83
f,375415,24
11,375556,29
b,375697,102
c,375838,2308
d,375976,83
f,376117,24
11,376258,28
b,376399,98
c,376540,2298
d,376681,83
f,376822,24
11,376963,29
b,377104,98
c,377245,2290
d,377387,83
f,377528,24
11,377669,29
b,377810,103
c,377951,2301
d,378092,83
f,378233,24
11,378374,29
b,378515,103
c,378656,2292
d,378797,83
f,378938,24
11,379079,29
b,379220,102
c,379357,2297
d,379498,83
f,379639,24
11,379780,29
b,379921,103
c,380062,2291
d,380200,83
f,380341,24
11,380482,29
b,380623,103
c,380764,2292
d,380905,83
f,381046,24
11,381187,29
b,381328,103
c,381469,2296
d,381611,83
f,381752,24
11,381893,29
b,382034,103
c,382175,2294
d,382316,83
f,382457,24
11,382598,29
b,382739,103
c,382880,2288
d,383021,83
f,383162,24
11,383303,24
b,383444,85
c,383581,2282
d,383722,82
f,383863,24
11,384004,18
b,384145,54
c,384286,2247
d,384424,81
f,384565,24
11,384706,17
b,384847,41
c,384988,2198
d,385129,79
f,385270,24
11,385411,17
b,385552,42
c,385693,2155
d,385835,78
f,385976,24
11,386117,18
b,386258,47
c,386399,2124
d,386540,77
f,386681,24
11,386822,19
b,386963,53
c,387104,2097
d,387245,76
f,387386,24
11,387527,20
b,387668,57
c,387805,2089
d,387946,75
f,388087,24
11,388228,20
b,388369,58
c,388510,2070
d,388648,75
f,388789,24
11,388930,20
b,389071,58
c,389212,2068
d,389353,75
f,389494,24
11,389635,20
b,389776,62
c,389917,2069
d,390059,75
f,390200,24
11,390341,23
b,390482,74
c,390623,2078
d,390764,75
f,390905,24
11,391046,24
b,391187,80
c,391328,2102
d,391469,76
f,391610,24
11,391751,27
b,391892,92
c,392029,2123
d,392170,77
f,392311,24
11,392452,28
b,392593,104
c,392734,2158
d,392872,78
f,393013,24
11,393154,23
b,393295,80
c,393436,2174
d,393577,79
f,393718,24
11,393859,22
b,394000,69
c,394141,2183
d,394283,79
f,394424,24
11,394565,20
b,394706,64
c,394847,2195
d,394988,79
f,395129,24
11,395270,20
b,395411,58
c,395552,2190
d,395693,79
f,395834,24
11,395975,18
b,396116,49
c,396253,2186
d,396394,79
f,396535,24
11,396676,17
b,396817,41
c,396958,2171
d,397096,78
f,397237,24
11,397378,17
b,397519,40
c,397660,2154
d,397801,78
f,397942,24
11,398083,19
b,398224,51
c,398365,2158
d,398507,78
f,398648,24
11,398789,20
b,398930,58
c,399071,2151
d,399212,78
f,399353,24
11,399494,22
b,399635,68
c,399776,2157
d,399917,78
f,400058,24
11,400199,25
b,400340,85
c,400477,2175
d,400618,79
f,400759,24
11,400900,21
b,401041,76
c,401182,2184
d,401320,79
f,401461,24
11,401602,22
b,401743,71
c,401884,2201
d,402025,79
f,402166,24
11,402307,24
b,402448,79
c,402589,2219
d,402731,80
f,402872,24
11,403013,21
b,403154,70
c,403295,2221
d,403436,80
f,403577,23
11,403718,18
b,403859,52
c,404000,2188
d,404141,79
f,404282,23
11,404423,18
b,404564,47
c,404701,2133
d,404842,77
f,404983,23
11,405124,18
b,405265,47
c,405406,2062
d,405544,74
f,405685,23
11,405826,16
b,405967,44
c,406108,2021
d,406249,73
f,406390,23
11,406531,20
b,406672,63
c,406813,1981
d,406955,72
f,407096,23
11,407237,13
b,407378,31
c,407519,1955
d,407660,70
f,407801,23
11,407942,14
b,408083,26
c,408224,1826
d,408365,65
f,408506,23
11,408647,14
b,408788,22
c,408925,1494
d,409066,58
f,409207,23
11,409348,13
b,409489,32
c,409630,868
d,409768,51
f,409909,23
11,410050,13
b,410191,45
c,410332,833
d,410473,50
f,410614,24
11,410755,21
b,410896,74
c,411037,2084
d,411179,50
f,411320,24
11,411461,31
b,411602,110
c,411743,2109
d,411884,51
f,412025,24
11,412166,33
b,412307,121
c,412448,2222
d,412589,54
f,412730,24
11,412871,34
b,413012,124
c,413149,2321
d,413290,57
f,413431,23
11,413572,36
b,413713,128
c,413854,2447
d,413992,60
f,414133,23
11,414274,39
b,414415,137
c,414556,2591
d,414697,64
f,414838,23
11,414979,42
b,415120,144
c,415261,2780
d,415403,69
f,415544,23
11,415685,43
b,415826,146
c,415967,2986
d,416108,74
f,416249,23
11,416390,42
b,416531,143
c,416672,3156
d,416813,78
f,416954,24
11,417095,40
b,417236,139
c,417373,3313
d,417514,81
f,417655,24
11,417796,12
b,417937,24
c,418078,2867
d,418216,80
f,418357,24
11,418498,18
b,418639,54
c,418780,2754
d,418921,80
f,419062,24
11,419203,38
b,419344,118
c,419485,2752
d,419627,82
f,419768,24
11,419909,41
b,420050,140
c,420191,2848
d,420332,84
f,420473,24
11,420614,45
b,420755,149
c,420896,2949
d,421037,88
f,421178,24
11,421319,46
b,421460,150
c,421597,3069
d,421738,91
f,421879,24
11,422020,46
b,422161,145
c,422302,3163
d,422440,94
f,422581,25
11,422722,23
b,422863,63
c,423004,3188
d,423145,94
f,423286,25
11,423427,17
b,423568,31
c,423709,3075
d,423851,93
f,423992,24
11,424133,14
b,424274,18
c,424415,3087
d,424556,91
f,424697,24
11,424838,14
b,424979,18
c,425120,3026
d,425261,89
f,425402,24
11,425543,14
b,425684,18
c,425821,2953
d,425962,88
f,426103,24
11,426244,14
b,426385,18
c,426526,2908
d,426664,86
f,426805,24
11,426946,13
b,427087,19
c,427228,2836
d,427369,84
f,427510,24
11,427651,13
b,427792,19
c,427933,2761
d,428075,81
f,428216,24
11,428357,13
b,428498,19
c,428639,2647
d,428780,78
f,428921,24
11,429062,13
b,429203,19
c,429344,2511
d,429485,74
f,429626,24
11,429767,13
b,429908,21
c,430045,2360
d,430186,69
f,430327,24
11,430468,13
b,430609,22
c,430750,2172
d,430888,63
f,431029,24
11,431170,13
b,431311,24
c,431452,2049
d,431593,60
f,431734,24
11,431875,13
b,432016,24
c,432157,2018
d,432299,59
f,432440,24
11,432581,14
b,432722,25
c,432863,2017
d,433004,58
f,433145,24
11,433286,27
b,433427,84
c,433568,1990
d,433709,59
f,433850,24
11,433991,23
b,434132,82
c,434269,2021
d,434410,60
f,434551,24
11,434692,23
b,434833,77
c,434974,2092
d,435112,61
f,435253,24
11,435394,12
b,435535,39
c,435676,2039
d,435817,60
f,435958,24
11,436099,13
b,436240,24
c,436381,1977
d,436523,58
f,436664,23
11,436805,13
b,436946,21
c,437087,1887
d,437228,55
f,437369,23
11,437510,10
b,437651,13
c,437792,1824
d,437933,54
f,438074,23
11,438215,10
b,438356,13
c,438493,1446
d,438634,53
f,438775,24
11,438916,13
b,439057,49
c,439198,1371
d,439336,50
f,439477,24
11,439618,14
b,439759,30
c,439900,2356
d,440041,45
f,440182,24
11,440323,14
b,440464,24
c,440605,2020
d,440747,39
f,440888,24
11,441029,10
b,441170,16
c,441311,1804
d,441452,35
f,441593,24
11,441734,18
b,441875,39
c,442016,1731
d,442157,35
f,442298,24
11,442439,15
b,442580,42
c,442717,1735
d,442858,34
f,442999,24
11,443140,13
b,443281,31
c,443422,1702
d,443560,33
f,443701,24
11,443842,13
b,443983,28
c,444124,1629
d,444265,32
f,444406,24
11,444547,14
b,444688,31
c,444829,1628
d,444971,32
f,445112,24
11,445253,16
b,445394,40
c,445535,1596
d,445676,32
f,445817,24
11,445958,19
b,446099,61
c,446240,1651
d,446381,33
f,446522,24
11,446663,19
b,446804,63
c,446941,1722
d,447082,34
f,447223,24
11,447364,27
b,447505,90
c,447646,1817
d,447784,37
f,447925,23
11,448066,30
b,448207,108
c,448348,1979
d,448489,40
f,448630,24
11,448771,32
b,448912,117
c,449053,2159
d,449195,44
f,449336,23
11,449477,24
b,449618,84
c,449759,2302
d,449900,46
f,450041,23
11,450182,14
b,450323,37
c,450464,2265
d,450605,45
f,450746,23
11,450887,13
b,451028,23
c,451165,2167
d,451306,42
f,451447,23
11,451588,13
b,451729,23
c,451870,1946
d,452008,38
f,452149,23
11,452290,10
b,452431,15
c,452572,1691
d,452713,33
f,452854,23
11,452995,13
b,453136,26
c,453277,1405
d,453419,27
f,453560,23
11,453701,13
b,453842,31
c,453983,1003
d,454124,21
f,454265,23
11,454406,13
b,454547,42
c,454688,777
d,454829,17
f,454970,23
11,455111,20
b,455252,65
c,455389,1258
d,455530,15
f,455671,24
11,455812,23
b,455953,95
c,456094,1238
d,456232,18
f,456373,24
11,456514,24
b,456655,102
c,456796,1488
d,456937,22
f,457078,24
11,457219,25
b,457360,100
c,457501,1744
d,457643,25
f,457784,24
11,457925,14
b,458066,56
c,458207,1837
d,458348,26
f,458489,23
11,458630,15
b,458771,36
c,458912,1797
d,459053,26
f,459194,23
11,459335,16
b,459476,37
c,459613,1788
d,459754,25
f,459895,23
11,460036,17
b,460177,47
c,460318,1805
d,460456,26
f,460597,23
11,460738,17
b,460879,48
c,461020,1845
d,461161,27
f,461302,23
11,461443,18
b,461584,50
c,461725,1926
d,461867,28
f,462008,23
11,462149,14
b,462290,31
c,462431,1921
d,462572,27
f,462713,23
11,462854,14
b,462995,27
c,463136,1590
d,463277,26
f,463418,23
11,463559,13
b,463700,30
c,463837,1049
d,463978,24
f,464119,23
11,464260,14
b,464401,42
c,464542,731
d,464680,20
f,464821,23
11,464962,13
b,465103,49
c,465244,755
d,465385,15
f,465526,23
11,465667,12
b,465808,49
c,465949,741
d,466091,10
f,466232,23
11,466373,12
b,466514,48
c,466655,744
d,466796,7
f,466937,23
11,467078,12
b,467219,48
c,467360,739
d,467501,3
f,467642,23
11,467783,12
b,467924,48
c,468061,755
d,468202,0
f,468343,23
11,468484,12
b,468625,48
c,468766,760
d,468904,0
f,469045,23
11,469186,12
b,469327,48
c,469468,759
d,469609,0
f,469750,23
11,469891,12
b,470032,47
c,470173,760
d,470315,0
f,470456,23
11,470597,12
b,470738,46
c,470879,749
d,471020,0
f,471161,23
11,471302,12
b,471443,45
c,471584,748
d,471725,0
f,471866,23
11,472007,12
b,472148,44
c,472285,750
d,472426,0
f,472567,23
11,472708,12
b,472849,44
c,472990,744
d,473128,0
f,473269,23
11,473410,12
b,473551,45
c,473692,734
d,473833,0
f,473974,23
11,474115,12
b,474256,45
c,474397,748
d,474539,0
f,474680,23
11,474821,12
b,474962,44
c,475103,745
d,475244,0
f,475385,23
11,475526,12
b,475667,43
c,475808,735
d,475949,0
f,476090,23
11,476231,12
b,476372,43
c,476509,748
d,476650,0
f,476791,24
11,476932,12
b,477073,43
c,477214,735
d,477352,0
f,477493,24
11,477634,12
b,477775,44
c,477916,734
d,478057,0
f,478198,24
11,478339,12
b,478480,44
c,478621,737
d,478763,0
f,478904,24
11,479045,12
b,479186,44
c,479327,736
d,479468,0
f,479609,24
11,479750,12
b,479891,44
c,480032,741
d,480173,0
f,480314,24
11,480455,12
b,480596,44
c,480733,745
d,480874,0
f,481015,24
11,481156,12
b,481297,44
c,481438,734
d,481576,0
f,481717,24
11,481858,12
b,481999,45
c,482140,737
d,482281,0
f,482422,24
11,482563,12
b,482704,45
c,482845,754
d,482987,0
f,483128,24
11,483269,12
b,483410,45
c,483551,741
d,483692,0
f,483833,24
11,483974,12
b,484115,45
c,484256,738
d,484397,0
f,484538,24
11,484679,12
b,484820,45
c,484957,747
d,485098,0
f,485239,24
11,485380,12
b,485521,45
c,485662,743
d,485800,0
f,485941,24
11,486082,12
b,486223,44
c,486364,745
d,486505,0
f,486646,24
11,486787,12
b,486928,45
c,487069,742
d,487211,0
f,487352,24
11,487493,12
b,487634,45
c,487775,745
d,487916,0
f,488057,24
11,488198,12
b,488339,45
c,488480,740
d,488621,0
f,488762,24
11,488903,12
b,489044,45
c,489181,734
d,489322,0
f,489463,24
11,489604,12
b,489745,45
c,489886,753
d,490024,0
f,490165,24
11,490306,12
b,490447,45
c,490588,752
d,490729,0
f,490870,24
11,491011,12
b,491152,45
c,491293,745
d,491435,0
f,491576,24
11,491717,12
b,491858,45
c,491999,743
d,492140,0
f,492281,24
11,492422,12
b,492563,45
c,492704,737
d,492845,0
f,492986,24
11,493127,12
b,493268,45
c,493405,745
d,493546,0
f,493687,24
11,493828,12
b,493969,45
c,494110,741
d,494248,0
f,494389,24
11,494530,12
b,494671,45
c,494812,759
d,494953,0
f,495094,24
11,495235,12
b,495376,45
c,495517,762
d,495659,0
f,495800,24
11,495941,12
b,496082,45
c,496223,756
d,496364,0
f,496505,24
11,496646,12
b,496787,45
c,496928,749
d,497069,0
f,497210,24
11,497351,12
b,497492,45
c,497629,747
d,497770,0
f,497911,24
11,498052,12
b,498193,46
c,498334,758
d,498472,0
f,498613,24
11,498754,12
b,498895,46
c,499036,761
d,499177,0
f,499318,24
11,499459,12
b,499600,45
c,499741,765
d,499883,0
f,500024,24
11,500165,12
b,500306,45
c,500447,769
d,500588,0
f,500729,24
11,500870,12
b,501011,45
c,501152,766
d,501293,0
f,501434,24
11,501575,12
b,501716,45
c,501853,754
d,501994,0
f,502135,24
11,502276,12
b,502417,45
c,502558,772
d,502696,0
f,502837,24
11,502978,12
b,503119,45
c,503260,766
d,503401,0
f,503542,24
11,503683,12
b,503824,45
c,503965,768
d,504107,0
f,504248,24
11,504389,12
b,504530,45
c,504671,751
d,504812,0
f,504953,24
11,505094,12
b,505235,45
c,505376,760
d,505517,0
f,505658,24
11,505799,12
b,505940,45
c,506077,762
d,506218,0
f,506359,24
11,506500,12
b,506641,45
c,506782,767
d,506920,0
f,507061,24
11,507202,12
b,507343,45
c,507484,774
d,507625,0
f,507766,24
11,507907,12
b,508048,45
c,508189,764
d,508331,0
f,508472,24
11,508613,12
b,508754,45
c,508895,772
d,509036,0
f,509177,24
11,509318,12
b,509459,46
c,509600,760
d,509741,0
f,509882,24
11,510023,12
b,510164,46
c,510301,771
d,510442,0
f,510583,24
11,510724,12
b,510865,46
c,511006,772
d,511144,0
f,511285,24
11,511426,12
b,511567,46
c,511708,769
d,511849,0
f,511990,24
11,512131,12
b,512272,45
c,512413,769
d,512555,0
f,512696,24
11,512837,12
b,512978,45
c,513119,771
d,513260,0
f,513401,24
11,513542,12
b,513683,45
c,513824,769
d,513965,0
f,514106,24
11,514247,12
b,514388,45
c,514525,768
d,514666,0
f,514807,24
11,514948,12
b,515089,45
c,515230,769
d,515368,0
f,515509,24
11,515650,12
b,515791,45
c,515932,764
d,516073,0
f,516214,24
11,516355,12
b,516496,45
c,516637,767
d,516779,0
f,516920,24
11,517061,12
b,517202,45
c,517343,771
d,517484,0
f,517625,24
11,517766,12
b,517907,45
c,518048,769
d,518189,0
f,518330,24
11,518471,12
b,518612,45
c,518749,760
d,518890,0
f,519031,24
11,519172,12
b,519313,45
c,519454,763
d,519592,0
f,519733,24
11,519874,12
b,520015,45
c,520156,763
d,520297,0
f,520438,24
11,520579,12
b,520720,45
c,520861,765
d,521003,0
f,521144,24
11,521285,12
b,521426,45
c,521567,766
d,521708,0
f,521849,24
11,521990,12
b,522131,45
c,522272,766
d,522413,0
f,522554,24
11,522695,12
b,522836,45
c,522973,763
d,523114,0
f,523255,24
11,523396,12
b,523537,46
c,523678,750
d,523816,0
f,523957,24
11,524098,12
b,524239,46
c,524380,762
d,524521,0
f,524662,24
11,524803,12
b,524944,46
c,525085,757
d,525227,0
f,525368,24
11,525509,12
b,525650,45
c,525791,767
d,525932,0
f,526073,24
11,526214,12
b,526355,46
c,526496,749
d,526637,0
f,526778,24
11,526919,12
b,527060,46
c,527197,759
d,527338,0
f,527479,24
11,527620,12
b,527761,46
c,527902,761
d,528040,0
f,528181,24
11,528322,12
b,528463,46
c,528604,747
d,528745,0
f,528886,24
11,529027,12
b,529168,46
c,529309,747
d,529451,0
f,529592,24
11,529733,12
b,529874,47
c,530015,743
d,530156,0
f,530297,24
11,530438,12
b,530579,47
c,530720,749
d,530861,0
f,531002,24
11,531143,12
b,531284,47
c,531421,760
d,531562,0
f,531703,24
11,531844,12
b,531985,46
c,532126,754
d,532264,0
f,532405,24
11,532546,12
b,532687,46
c,532828,752
d,532969,0
f,533110,24
11,533251,12
b,533392,46
c,533533,747
d,533675,0
f,533816,25
11,533957,12
b,534098,46
c,534239,744
d,534380,0
f,534521,25
11,534662,12
b,534803,46
c,534944,744
d,535085,0
f,535226,25
11,535367,12
b,535508,47
c,535645,747
d,535786,0
f,535927,25
11,536068,12
b,536209,47
c,536350,753
d,536488,0
f,536629,25
11,536770,12
b,536911,47
c,537052,743
d,537193,0
f,537334,25
11,537475,12
b,537616,47
c,537757,752
d,537899,0
f,538040,25
11,538181,12
b,538322,47
c,538463,746
d,538604,0
f,538745,25
11,538886,12
b,539027,47
c,539168,737
d,539309,0
f,539450,25
11,539591,12
b,539732,47
c,539869,735
d,540010,0
f,540151,25
11,540292,12
b,540433,47
c,540574,745
d,540712,0
f,540853,25
11,540994,12
b,541135,47
c,541276,735
d,541417,0
f,541558,25
11,541699,12
b,541840,47
c,541981,746
d,542123,0
f,542264,25
11,542405,12
b,542546,47
c,542687,744
d,542828,0
f,542969,25
11,543110,12
b,543251,47
c,543392,738
d,543533,0
f,543674,25
11,543815,12
b,543956,47
c,544093,745
d,544234,0
f,544375,25
11,544516,12
b,544657,47
c,544798,743
d,544936,0
f,545077,25
11,545218,12
b,545359,47
c,545500,744
d,545641,0
f,545782,25
11,545923,12
b,546064,47
c,546205,741
d,546347,0
f,546488,25
11,546629,12
b,546770,47
c,546911,739
d,547052,0
f,547193,25
11,547334,12
b,547475,47
c,547616,740
d,547757,0
f,547898,25
11,548039,12
b,548180,47
c,548317,742
d,548458,0
f,548599,25
11,548740,12
b,548881,47
c,549022,746
d,549160,0
f,549301,25
11,549442,12
b,549583,47
c,549724,742
d,549865,0
f,550006,25
11,550147,12
b,550288,47
c,550429,740
d,550571,0
f,550712,25
11,550853,12
b,550994,47
c,551135,747
d,551276,0
f,551417,25
11,551558,12
b,551699,47
c,551840,742
d,551981,0
f,552122,25
11,552263,12
b,552404,47
c,552541,739
d,552682,0
f,552823,25
11,552964,12
b,553105,47
c,553246,744
d,553384,0
f,553525,25
11,553666,12
b,553807,47
c,553948,749
d,554089,0
f,554230,26
11,554371,12
b,554512,47
c,554653,741
d,554795,0
f,554936,26
11,555077,12
b,555218,47
c,555359,747
d,555500,0
f,555641,26
11,555782,12
b,555923,47
c,556064,746
d,556205,0
f,556346,26
11,556487,12
b,556628,47
c,556765,743
d,556906,0
f,557047,26
11,557188,12
b,557329,47
c,557470,747
d,557608,0
f,557749,26
11,557890,12
b,558031,47
c,558172,742
d,558313,0
f,558454,26
11,558595,13
b,558736,49
c,558877,746
d,559019,0
f,559160,26
11,559301,12
b,559442,49
c,559583,750
d,559724,0
f,559865,26
11,560006,13
b,560147,49
c,560288,762
d,560429,0
f,560570,26
11,560711,13
b,560852,49
c,560989,735
d,561130,0
f,561271,26
11,561412,13
b,561553,51
c,561694,736
d,561832,0
f,561973,26
11,562114,13
b,562255,52
c,562396,734
d,562537,0
f,562678,26
11,562819,13
b,562960,53
c,563101,733
d,563243,0
f,563384,26
11,563525,13
b,563666,54
c,563807,733
d,563948,0
f,564089,26
11,564230,13
b,564371,54
c,564512,735
d,564653,0
f,564794,26
11,564935,13
b,565076,54
c,565213,733
d,565354,0
f,565495,26
11,565636,13
b,565777,53
c,565918,759
d,566056,0
f,566197,26
11,566338,13
b,566479,51
c,566620,751
d,566761,0
f,566902,26
11,567043,13
b,567184,50
c,567325,735
d,567467,0
f,567608,26
11,567749,12
b,567890,50
c,568031,732
d,568172,0
f,568313,26
11,568454,12
b,568595,50
c,568736,731
d,568877,0
f,569018,26
11,569159,12
b,569300,49
c,569437,740
d,569578,0
f,569719,26
11,569860,12
b,570001,49
c,570142,737
d,570280,0
f,570421,26
11,570562,12
b,570703,48
c,570844,737
d,570985,0
f,571126,26
11,571267,12
b,571408,48
c,571549,735
d,571691,0
f,571832,27
11,571973,12
b,572114,48
c,572255,737
d,572396,0
f,572537,27
11,572678,12
b,572819,48
c,572960,744
d,573101,0
f,573242,27
11,573383,12
b,573524,47
c,573661,737
d,573802,0
f,573943,27
11,574084,12
b,574225,47
c,574366,733
d,574504,0
f,574645,27
11,574786,12
b,574927,47
c,575068,746
d,575209,0
f,575350,27
11,575491,12
b,575632,47
c,575773,749
d,575915,0
f,576056,27
11,576197,12
b,576338,47
c,576479,740
d,576620,0
f,576761,27
11,576902,12
b,577043,47
c,577184,740
d,577325,0
f,577466,27
11,577607,12
b,577748,47
c,577885,750
d,578026,0
f,578167,27
11,578308,12
b,578449,47
c,578590,743
d,578728,0
f,578869,27
11,579010,12
b,579151,47
c,579292,754
d,579433,0
f,579574,27
11,579715,12
b,579856,47
c,579997,751
d,580139,0
f,580280,27
11,580421,12
b,580562,47
c,580703,760
d,580844,0
f,580985,27
11,581126,12
b,581267,46
c,581408,763
d,581549,0
f,581690,27
11,581831,12
b,581972,46
c,582109,744
d,582250,0
f,582391,27
11,582532,12
b,582673,47
c,582814,749
d,582952,0
f,583093,27
11,583234,12
b,583375,47
c,583516,749
d,583657,0
f,583798,27
11,583939,12
b,584080,47
c,584221,763
d,584363,0
f,584504,27
11,584645,12
b,584786,47
c,584927,771
d,585068,0
f,585209,27
11,585350,12
b,585491,47
c,585632,764
d,585773,0
f,585914,27
11,586055,12
b,586196,47
c,586333,756
d,586474,0
f,586615,27
11,586756,12
b,586897,47
c,587038,763
d,587176,0
f,587317,27
11,587458,12
b,587599,47
c,587740,764
d,587881,0
f,588022,27
11,588163,12
b,588304,47
c,588445,768
d,588587,0
f,588728,27
11,588869,12
b,589010,47
c,589151,756
d,589292,0
f,589433,27
11,589574,12
b,589715,47
c,589856,764
d,589997,0
f,590138,27
11,590279,12
b,590420,47
c,590557,770
d,590698,0
f,590839,27
11,590980,12
b,591121,47
c,591262,764
d,591400,0
f,591541,27
11,591682,13
b,591823,48
c,591964,765
d,592105,0
f,592246,27
11,592387,12
b,592528,48
c,592669,766
d,592811,0
f,592952,27
11,593093,12
b,593234,48
c,593375,772
d,593516,0
f,593657,27
11,593798,12
b,593939,48
c,594080,770
d,594221,0
f,594362,27
11,594503,13
b,594644,48
c,594781,769
d,594922,0
f,595063,27
11,595204,13
b,595345,48
c,595486,769
d,595624,0
f,595765,27
11,595906,13
b,596047,48
c,596188,766
d,596329,0
f,596470,27
11,596611,13
b,596752,48
c,596893,767
d,597035,0
f,597176,27
11,597317,12
b,597458,48
c,597599,771
d,597740,0
f,597881,27
11,598022,13
b,598163,48
c,598304,768
d,598445,0
f,598586,27
11,598727,13
b,598868,48
c,599005,762
d,599146,0
f,599287,27
11,599428,13
b,599569,48
c,599710,756
d,599848,0
f,599989,27
11,600130,13
b,600271,48
c,600412,769
d,600553,0
f,600694,28
11,600835,13
b,600976,48
c,601117,757
d,601259,0
f,601400,28
11,601541,13
b,601682,48
c,601823,766
d,601964,0
f,602105,28
11,602246,12
b,602387,48
c,602528,765
d,602669,0
f,602810,28
11,602951,13
b,603092,48
c,603229,766
d,603370,0
f,603511,28
11,603652,13
b,603793,48
c,603934,771
d,604072,0
f,604213,28
11,604354,13
b,604495,48
c,604636,765
d,604777,0
f,604918,28
11,605059,13
b,605200,48
c,605341,770
d,605483,0
f,605624,28
11,605765,12
b,605906,48
c,606047,766
d,606188,0
f,606329,28
11,606470,13
b,606611,48
c,606752,746
d,606893,0
f,607034,28
11,607175,13
b,607316,50
c,607453,735
d,607594,0
f,607735,28
11,607876,13
b,608017,53
c,608158,749
d,608296,0
f,608437,28
11,608578,13
b,608719,54
c,608860,744
d,609001,0
f,609142,28
11,609283,13
b,609424,55
c,609565,745
d,609707,0
f,609848,28
11,609989,13
b,610130,55
c,610271,742
d,610412,0
f,610553,28
11,610694,13
b,610835,55
c,610976,736
d,611117,0
f,611258,28
11,611399,13
b,611540,55
c,611677,740
d,611818,0
f,611959,28
11,612100,13
b,612241,55
c,612382,767
d,612520,0
f,612661,28
11,612802,13
b,612943,52
c,613084,762
d,613225,0
f,613366,28
11,613507,12
b,613648,50
c,613789,745
d,613931,0
f,614072,28
11,614213,12
b,614354,49
c,614495,733
d,614636,0
f,614777,29
11,614918,12
b,615059,49
c,615200,746
d,615341,0
f,615482,29
11,615623,12
b,615764,48
c,615901,746
d,616042,0
f,616183,29
11,616324,12
b,616465,47
c,616606,741
d,616744,0
f,616885,29
11,617026,12
b,617167,47
c,617308,745
d,617449,0
f,617590,29
11,617731,12
b,617872,47
c,618013,738
d,618155,0
f,618296,29
11,618437,12
b,618578,47
c,618719,738
d,618860,0
f,619001,29
11,619142,12
b,619283,47
c,619424,744
d,619565,0
f,619706,29
11,619847,12
b,619988,47
c,620125,739
d,620266,0
f,620407,29
11,620548,12
b,620689,47
c,620830,744
d,620968,0
f,621109,29
11,621250,12
b,621391,47
c,621532,745
d,621673,0
f,621814,29
11,621955,12
b,622096,46
c,622237,745
d,622379,0
f,622520,29
11,622661,12
b,622802,45
c,622943,732
d,623084,0
f,623225,29
11,623366,12
b,623507,46
c,623648,746
d,623789,0
f,623930,29
11,624071,12
b,624212,46
c,624349,751
d,624490,0
f,624631,29
11,624772,12
b,624913,46
c,625054,740
d,625192,0
f,625333,29
11,625474,12
b,625615,46
c,625756,748
d,625897,0
f,626038,29
11,626179,12
b,626320,46
c,626461,749
d,626603,0
f,626744,29
11,626885,12
b,627026,46
c,627167,752
d,627308,0
f,627449,29
11,627590,12
b,627731,46
c,627872,747
d,628013,0
f,628154,30
11,628295,12
b,628436,46
c,628573,749
d,628714,0
f,628855,30
11,628996,12
b,629137,46
c,629278,752
d,629416,0
f,629557,30
11,629698,12
b,629839,46
c,629980,757
d,630121,0
f,630262,30
11,630403,12
b,630544,46
c,630685,748
d,630827,0
f,630968,30
11,631109,12
b,631250,46
c,631391,753
d,631532,0
f,631673,30
11,631814,12
b,631955,47
c,632096,751
d,632237,0
f,632378,30
11,632519,12
b,632660,47
c,632797,749
d,632938,0
f,633079,30
11,633220,12
b,633361,47
c,633502,761
d,633640,0
f,633781,30
11,633922,12
b,634063,46
c,634204,755
d,634345,0
f,634486,30
11,634627,12
b,634768,47
c,634909,746
d,635051,0
f,635192,30
11,635333,12
b,635474,47
c,635615,763
d,635756,0
f,635897,30
11,636038,12
b,636179,46
c,636320,755
d,636461,0
f,636602,30
11,636743,12
b,636884,47
c,637021,750
d,637162,0
f,637303,30
11,637444,12
b,637585,47
c,637726,745
d,637864,0
f,638005,30
11,638146,13
b,638287,48
c,638428,756
d,638569,0
f,638710,30
11,638851,13
b,638992,48
c,639133,756
d,639275,0
f,639416,30
11,639557,12
b,639698,48
c,639839,764
d,639980,0
f,640121,30
11,640262,13
b,640403,48
c,640544,766
d,640685,0
f,640826,30
11,640967,12
b,641108,48
c,641245,747
d,641386,0
f,641527,30
11,641668,13
b,641809,48
c,641950,762
d,642088,0
f,642229,30
11,642370,13
b,642511,48
c,642652,759
d,642793,0
f,642934,30
11,643075,13
b,643216,48
c,643357,747
d,643499,0
f,643640,30
11,643781,13
b,643922,49
c,644063,761
d,644204,0
f,644345,30
11,644486,13
b,644627,48
c,644768,757
d,644909,0
f,645050,30
11,645191,13
b,645332,48
c,645469,758
d,645610,0
f,645751,30
11,645892,13
b,646033,48
c,646174,755
d,646312,0
f,646453,30
11,646594,13
b,646735,48
c,646876,764
d,647017,0
f,647158,30
11,647299,13
b,647440,48
c,647581,757
d,647723,0
f,647864,30
11,648005,13
b,648146,48
c,648287,762
d,648428,0
f,648569,30
11,648710,13
b,648851,49
c,648992,738
d,649133,0
f,649274,30
11,649415,13
b,649556,51
c,649693,738
d,649834,0
f,649975,30
11,650116,13
b,650257,53
c,650398,737
d,650536,0
f,650677,30
11,650818,13
b,650959,55
c,651100,737
d,651241,0
f,651382,30
11,651523,13
b,651664,55
c,651805,738
d,651947,0
f,652088,31
11,652229,13
b,652370,55
c,652511,740
d,652652,0
f,652793,31
11,652934,13
b,653075,55
c,653216,737
d,653357,0
f,653498,31
11,653639,13
b,653780,55
c,653917,745
d,654058,0
f,654199,31
11,654340,13
b,654481,54
c,654622,768
d,654760,0
f,654901,31
11,655042,13
b,655183,52
c,655324,758
d,655465,0
f,655606,31
11,655747,12
b,655888,50
c,656029,740
d,656171,0
f,656312,31
11,656453,12
b,656594,50
c,656735,737
d,656876,0
f,657017,31
11,657158,12
b,657299,50
c,657440,743
d,657581,0
f,657722,31
11,657863,12
b,658004,49
c,658141,738
d,658282,0
f,658423,31
11,658564,12
b,658705,49
c,658846,737
d,658984,0
f,659125,31
11,659266,12
b,659407,48
c,659548,741
d,659689,0
f,659830,31
11,659971,12
b,660112,48
c,660253,741
d,660395,0
f,660536,31
11,660677,12
b,660818,48
c,660959,743
d,661100,0
f,661241,31
11,661382,12
b,661523,48
c,661664,742
d,661805,0
f,661946,31
11,662087,12
b,662228,47
c,662365,742
d,662506,0
f,662647,31
11,662788,12
b,662929,47
c,663070,745
d,663208,0
f,663349,31
11,663490,12
b,663631,47
c,663772,753
d,663913,0
f,664054,31
11,664195,12
b,664336,47
c,664477,753
d,664619,0
f,664760,31
11,664901,12
b,665042,47
c,665183,741
d,665324,0
f,665465,31
11,665606,12
b,665747,47
c,665888,758
d,666029,0
f,666170,31
11,666311,12
b,666452,47
c,666589,755
d,666730,0
f,666871,31
11,667012,12
b,667153,47
c,667294,749
d,667432,0
f,667573,32
11,667714,12
b,667855,47
c,667996,756
d,668137,0
f,668278,32
11,668419,12
b,668560,47
c,668701,743
d,668843,0
f,668984,32
11,669125,12
b,669266,47
c,669407,742
d,669548,0
f,669689,32
11,669830,12
b,669971,47
c,670112,745
d,670253,0
f,670394,32
11,670535,12
b,670676,47
c,670813,751
d,670954,0
f,671095,32
11,671236,12
b,671377,47
c,671518,753
d,671656,0
f,671797,32
11,671938,12
b,672079,47
c,672220,753
d,672361,0
f,672502,32
11,672643,12
b,672784,47
c,672925,765
d,673067,0
f,673208,32
11,673349,12
b,673490,47
c,673631,757
d,673772,0
f,673913,32
11,674054,12
b,674195,47
c,674336,758
d,674477,0
f,674618,32
11,674759,12
b,674900,47
c,675037,757
d,675178,0
f,675319,32
11,675460,12
b,675601,47
c,675742,762
d,675880,0
f,676021,32
11,676162,12
b,676303,47
c,676444,754
d,676585,0
f,676726,32
11,676867,12
b,677008,47
c,677149,762
d,677291,0
f,677432,32
11,677573,12
b,677714,47
c,677855,762
d,677996,0
f,678137,32
11,678278,12
b,678419,47
c,678560,764
d,678701,0
f,678842,32
11,678983,12
b,679124,47
c,679261,767
d,679402,0
f,679543,32
11,679684,12
b,679825,47
c,679966,761
d,680104,0
f,680245,32
11,680386,12
b,680527,47
c,680668,763
d,680809,0
f,680950,32
11,681091,12
b,681232,47
c,681373,759
d,681515,0
f,681656,32
11,681797,12
b,681938,47
c,682079,760
d,682220,0
f,682361,32
11,682502,12
b,682643,47
c,682784,763
d,682925,0
f,683066,32
11,683207,13
b,683348,48
c,683485,758
d,683626,0
f,683767,32
11,683908,13
b,684049,49
c,684190,764
d,684328,0
f,684469,33
11,684610,13
b,684751,49
c,684892,762
d,685033,0
f,685174,33
11,685315,13
b,685456,49
c,685597,766
d,685739,0
f,685880,33
11,686021,13
b,686162,49
c,686303,758
d,686444,0
f,686585,33
11,686726,13
b,686867,49
c,687008,759
d,687149,0
f,687290,33
11,687431,13
b,687572,49
c,687709,754
d,687850,0
f,687991,33
11,688132,13
b,688273,49
c,688414,759
d,688552,0
f,688693,33
11,688834,13
b,688975,49
c,689116,754
d,689257,0
f,689398,33
11,689539,13
b,689680,49
c,689821,753
d,689963,0
f,690104,33
11,690245,13
b,690386,49
c,690527,759
d,690668,0
f,690809,33
11,690950,13
b,691091,49
c,691232,761
d,691373,0
f,691514,33
11,691655,13
b,691796,50
c,691933,745
d,692074,0
f,692215,33
11,692356,13
b,692497,50
c,692638,759
d,692776,0
f,692917,33
11,693058,13
b,693199,50
c,693340,733
d,693481,0
f,693622,33
11,693763,13
b,693904,51
c,694045,735
d,694187,0
f,694328,33
11,694469,13
b,694610,53
c,694751,738
d,694892,0
f,695033,33
11,695174,13
b,695315,54
c,695456,734
d,695597,0
f,695738,33
11,695879,13
b,696020,55
c,696157,740
d,696298,0
f,696439,33
11,696580,13
b,696721,55
c,696862,738
d,697000,0
f,697141,33
11,697282,13
b,697423,55
c,697564,742
d,697705,0
f,697846,33
11,697987,13
b,698128,54
c,698269,741
d,698411,0
f,698552,33
11,698693,13
b,698834,54
c,698975,748
d,699116,0
f,699257,33
11,699398,13
b,699539,53
c,699680,762
d,699821,0
f,699962,33
11,700103,12
b,700244,51
c,700381,747
d,700522,0
f,700663,33
11,700804,13
b,700945,50
c,701086,731
d,701224,0
f,701365,33
11,701506,12
b,701647,50
c,701788,744
d,701929,0
f,702070,33
11,702211,12
b,702352,49
c,702493,742
d,702635,0
f,702776,33
11,702917,12
b,703058,49
c,703199,737
d,703340,0
f,703481,33
11,703622,12
b,703763,48
c,703904,737
d,704045,0
f,704186,33
11,704327,12
b,704468,48
c,704605,739
d,704746,0
f,704887,33
11,705028,12
b,705169,47
c,705310,739
d,705448,0
f,705589,33
11,705730,12
b,705871,47
c,706012,748
d,706153,0
f,706294,33
11,706435,12
b,706576,47
c,706717,744
d,706859,0
f,707000,33
11,707141,12
b,707282,47
c,707423,751
d,707564,0
f,707705,33
11,707846,12
b,707987,47
c,708128,746
d,708269,0
f,708410,33
11,708551,12
b,708692,47
c,708829,737
d,708970,0
f,709111,33
11,709252,12
b,709393,47
c,709534,747
d,709672,0
f,709813,33
11,709954,12
b,710095,47
c,710236,756
d,710377,0
f,710518,33
11,710659,12
b,710800,47
c,710941,744
d,711083,0
f,711224,33
11,711365,12
b,711506,47
c,711647,750
d,711788,0
f,711929,33
11,712070,12
b,712211,47
c,712352,755
d,712493,0
f,712634,33
11,712775,12
b,712916,46
c,713053,755
d,713194,0
f,713335,33
11,713476,12
b,713617,46
c,713758,763
d,713896,0
f,714037,33
11,714178,12
b,714319,46
c,714460,754
d,714601,0
f,714742,33
11,714883,12
b,715024,46
c,715165,752
d,715307,0
f,715448,33
11,715589,12
b,715730,46
c,715871,762
d,716012,0
f,716153,34
11,716294,12
b,716435,46
c,716576,763
d,716717,0
f,716858,34
11,716999,12
b,717140,46
c,717277,758
d,717418,0
f,717559,34
11,717700,12
b,717841,46
c,717982,758
d,718120,0
f,718261,34
11,718402,12
b,718543,47
c,718684,765
d,718825,0
f,718966,34
11,719107,12
b,719248,47
c,719389,758
d,719531,0
f,719672,34
11,719813,12
b,719954,47
c,720095,759
d,720236,0
f,720377,34
11,720518,12
b,720659,47
c,720800,764
d,720941,0
f,721082,34
11,721223,12
b,721364,47
c,721501,769
d,721642,0
f,721783,34
11,721924,12
b,722065,47
c,722206,758
d,722344,0
f,722485,34
11,722626,12
b,722767,47
c,722908,763
d,723049,0
f,723190,34
11,723331,12
b,723472,47
c,723613,760
d,723755,0
f,723896,34
11,724037,12
b,724178,47
c,724319,761
d,724460,0
f,724601,34
11,724742,12
b,724883,47
c,725024,765
d,725165,0
f,725306,34
11,725447,12
b,725588,47
c,725725,757
d,725866,0
f,726007,34
11,726148,12
b,726289,47
c,726430,753
d,726568,0
f,726709,34
11,726850,12
b,726991,47
c,727132,761
d,727273,0
f,727414,34
11,727555,12
b,727696,47
c,727837,751
d,727979,0
f,728120,34
11,728261,12
b,728402,47
c,728543,757
d,728684,0
f,728825,34
11,728966,12
b,729107,47
c,729248,764
d,729389,0
f,729530,34
11,729671,12
b,729812,47
c,729949,750
d,730090,0
f,730231,35
11,730372,13
b,730513,48
c,730654,755
d,730792,0
f,730933,35
11,731074,13
b,731215,48
c,731356,758
d,731497,0
f,731638,35
11,731779,13
b,731920,48
c,732061,762
d,732203,0
f,732344,35
11,732485,13
b,732626,48
c,732767,758
d,732908,0
f,733049,35
11,733190,13
b,733331,49
c,733472,735
d,733613,0
f,733754,35
11,733895,13
b,734036,51
c,734173,734
d,734314,0
f,734455,35
11,734596,13
b,734737,54
c,734878,737
d,735016,0
f,735157,35
11,735298,13
b,735439,55
c,735580,737
d,735721,0
f,735862,35
11,736003,13
b,736144,55
c,736285,737
d,736427,0
f,736568,35
11,736709,13
b,736850,55
c,736991,739
d,737132,0
f,737273,35
11,737414,13
b,737555,55
c,737696,740
d,737837,0
f,737978,35
11,738119,13
b,738260,56
c,738397,740
d,738538,0
f,738679,35
11,738820,13
b,738961,55
c,739102,762
d,739240,0
f,739381,35
11,739522,13
b,739663,53
c,739804,768
d,739945,0
f,740086,35
11,740227,13
b,740368,51
c,740509,734
d,740651,0
f,740792,35
11,740933,13
b,741074,51
c,741215,740
d,741356,0
f,741497,35
11,741638,13
b,741779,50
c,741920,744
d,742061,0
f,742202,35
11,742343,12
b,742484,50
c,742621,745
d,742762,0
f,742903,35
11,743044,13
b,743185,50
c,743326,747
d,743464,0
f,743605,35
11,743746,12
b,743887,49
c,744028,745
d,744169,0
f,744310,36
11,744451,12
b,744592,48
c,744733,745
d,744875,0
f,745016,36
11,745157,12
b,745298,48
c,745439,745
d,745580,0
f,745721,36
11,745862,12
b,746003,48
c,746144,748
d,746285,0
f,746426,36
11,746567,12
b,746708,48
c,746845,743
d,746986,0
f,747127,36
11,747268,12
b,747409,48
c,747550,739
d,747688,0
f,747829,36
11,747970,12
b,748111,48
c,748252,749
d,748393,0
f,748534,36
11,748675,12
b,748816,47
c,748957,740
d,749099,0
f,749240,36
11,749381,12
b,749522,47
c,749663,760
d,749804,0
f,749945,36
11,750086,12
b,750227,47
c,750368,753
d,750509,0
f,750650,36
11,750791,12
b,750932,47
c,751069,744
d,751210,0
f,751351,36
11,751492,12
b,751633,47
c,751774,748
d,751912,0
f,752053,36
11,752194,12
b,752335,47
c,752476,765
d,752617,0
f,752758,36
11,752899,12
b,753040,47
c,753181,753
d,753323,0
f,753464,36
11,753605,12
b,753746,47
c,753887,759
d,754028,0
f,754169,36
11,754310,12
b,754451,47
c,754592,752
d,754733,0
f,754874,36
11,755015,12
b,755156,47
c,755293,757
d,755434,0
f,755575,36
11,755716,12
b,755857,47
c,755998,751
d,756136,0
f,756277,36
11,756418,12
b,756559,47
c,756700,757
d,756841,0
f,756982,36
11,757123,12
b,757264,47
c,757405,758
d,757547,0
f,757688,36
11,757829,12
b,757970,47
c,758111,753
d,758252,0
f,758393,36
11,758534,12
b,758675,48
c,758816,771
d,758957,0
f,759098,36
11,759239,13
b,759380,48
c,759517,764
d,759658,0
f,759799,36
11,759940,12
b,760081,48
c,760222,760
d,760360,0
f,760501,36
11,760642,13
b,760783,48
c,760924,760
d,761065,0
f,761206,36
11,761347,13
b,761488,48
c,761629,768
d,761771,0
f,761912,36
11,762053,12
b,762194,48
c,762335,764
d,762476,0
f,762617,36
11,762758,12
b,762899,48
c,763040,765
d,763181,0
f,763322,36
11,763463,12
b,763604,48
c,763741,767
d,763882,0
f,764023,36
11,764164,13
b,764305,48
c,764446,762
d,764584,0
f,764725,36
11,764866,13
b,765007,48
c,765148,756
d,765289,0
f,765430,36
11,765571,13
b,765712,48
c,765853,755
d,765995,0
f,766136,36
11,766277,13
b,766418,48
c,766559,762
d,766700,0
f,766841,36
11,766982,13
b,767123,48
c,767264,761
d,767405,0
f,767546,36
11,767687,12
b,767828,48
c,767965,761
d,768106,0
f,768247,36
11,768388,13
b,768529,48
c,768670,764
d,768808,0
f,768949,36
11,769090,13
b,769231,48
c,769372,751
d,769513,0
f,769654,36
11,769795,13
b,769936,48
c,770077,757
d,770219,0
f,770360,36
11,770501,13
b,770642,49
c,770783,752
d,770924,0
f,771065,36
11,771206,13
b,771347,48
c,771488,756
d,771629,0
f,771770,36
11,771911,13
b,772052,48
c,772189,756
d,772330,0
f,772471,36
11,772612,13
b,772753,49
c,772894,760
d,773032,0
f,773173,36
11,773314,13
b,773455,49
c,773596,743
d,773737,0
f,773878,36
11,774019,13
b,774160,50
c,774301,732
d,774443,0
f,774584,36
11,774725,13
b,774866,53
c,775007,735
d,775148,0
f,775289,36
11,775430,13
b,775571,54
c,775712,736
d,775853,0
f,775994,36
11,776135,13
b,776276,54
c,776413,736
d,776554,0
f,776695,36
11,776836,13
b,776977,55
c,777118,737
d,777256,0
f,777397,37
11,777538,13
b,777679,55
c,777820,735
d,777961,0
f,778102,37
11,778243,13
b,778384,55
c,778525,735
d,778667,0
f,778808,37
11,778949,13
b,779090,55
c,779231,739
d,779372,0
f,779513,37
11,779654,13
b,779795,55
c,779936,747
d,780077,0
f,780218,37
11,780359,13
b,780500,53
c,780637,768
d,780778,0
f,780919,37
11,781060,12
b,781201,50
c,781342,755
d,781480,0
f,781621,37
11,781762,12
b,781903,49
c,782044,740
d,782185,0
f,782326,37
11,782467,12
b,782608,49
c,782749,746
d,782891,0
f,783032,37
11,783173,12
b,783314,48
c,783455,748
d,783596,0
f,783737,37
11,783878,12
b,784019,48
c,784160,745
d,784301,0
f,784442,37
11,784583,12
b,784724,47
c,784861,743
d,785002,0
f,785143,37
11,785284,12
b,785425,47
c,785566,746
d,785704,0
f,785845,37
11,785986,12
b,786127,47
c,786268,751
d,786409,0
f,786550,37
11,786691,12
b,786832,47
c,786973,739
d,787115,0
f,787256,37
11,787397,12
b,787538,47
c,787679,745
d,787820,0
f,787961,37
11,788102,12
b,788243,47
c,788384,738
d,788525,0
f,788666,37
11,788807,12
b,788948,47
c,789085,748
d,789226,0
f,789367,37
11,789508,12
b,789649,47
c,789790,744
d,789928,0
f,790069,37
11,790210,12
b,790351,47
c,790492,748
d,790633,0
f,790774,37
11,790915,12
b,791056,47
c,791197,748
d,791339,0
f,791480,37
11,791621,12
b,791762,47
c,791903,751
d,792044,0
f,792185,38
11,792326,12
b,792467,47
c,792608,752
d,792749,0
f,792890,38
11,793031,12
b,793172,46
c,793309,749
d,793450,0
f,793591,38
11,793732,12
b,793873,47
c,794014,750
d,794152,0
f,794293,38
11,794434,12
b,794575,47
c,794716,750
d,794857,0
f,794998,38
11,795139,12
b,795280,46
c,795421,745
d,795563,0
f,795704,38
11,795845,12
b,795986,47
c,796127,766
d,796268,0
f,796409,38
11,796550,12
b,796691,47
c,796832,751
d,796973,0
f,797114,38
11,797255,12
b,797396,47
c,797533,760
d,797674,0
f,797815,38
11,797956,12
b,798097,47
c,798238,763
d,798376,0
f,798517,38
11,798658,12
b,798799,47
c,798940,760
d,799081,0
f,799222,38
11,799363,12
b,799504,47
c,799645,765
d,799787,0
f,799928,38
11,800069,12
b,800210,47
c,800351,757
d,800492,0
f,800633,38
11,800774,12
b,800915,47
c,801056,753
d,801197,0
f,801338,38
11,801479,12
b,801620,47
c,801757,771
d,801898,0
f,802039,38
11,802180,12
b,802321,47
c,802462,760
d,802600,0
f,802741,38
11,802882,12
b,803023,47
c,803164,762
d,803305,0
f,803446,38
11,803587,12
b,803728,47
c,803869,767
d,804011,0
f,804152,38
11,804293,12
b,804434,47
c,804575,750
d,804716,0
f,804857,38
11,804998,12
b,805139,47
c,805280,751
d,805421,0
f,805562,38
11,805703,12
b,805844,48
c,805981,761
d,806122,0
f,806263,38
11,806404,13
b,806545,48
c,806686,753
d,806824,0
f,806965,39
11,807106,13
b,807247,49
c,807388,763
d,807529,0
f,807670,39
11,807811,13
b,807952,48
c,808093,760
d,808235,0
f,808376,39
11,808517,13
b,808658,48
c,808799,751
d,808940,0
f,809081,39
11,809222,13
b,809363,49
c,809504,757
d,809645,0
f,809786,39
11,809927,13
b,810068,48
c,810205,760
d,810346,0
f,810487,39
11,810628,13
b,810769,49
c,810910,747
d,811048,0
f,811189,39
11,811330,13
b,811471,50
c,811612,746
d,811753,0
f,811894,39
11,812035,13
b,812176,51
c,812317,738
d,812459,0
f,812600,39
11,812741,13
b,812882,53
c,813023,736
d,813164,0
f,813305,39
11,813446,13
b,813587,55
c,813728,740
d,813869,0
f,814010,39
11,814151,13
b,814292,55
c,814429,739
d,814570,0
f,814711,39
11,814852,13
b,814993,56
c,815134,740
d,815272,0
f,815413,39
11,815554,13
b,815695,56
c,815836,739
d,815977,0
f,816118,39
11,816259,13
b,816400,56
c,816541,739
d,816683,0
f,816824,39
11,816965,13
b,817106,56
c,817247,735
d,817388,0
f,817529,39
11,817670,13
b,817811,55
c,817952,748
d,818093,0
f,818234,39
11,818375,13
b,818516,54
c,818653,762
d,818794,0
f,818935,39
11,819076,13
b,819217,52
c,819358,746
d,819496,0
f,819637,39
11,819778,12
b,819919,50
c,820060,740
d,820201,0
f,820342,39
11,820483,12
b,820624,49
c,820765,748
d,820907,0
f,821048,39
11,821189,12
b,821330,49
c,821471,739
d,821612,0
f,821753,39
11,821894,12
b,822035,49
c,822176,742
d,822317,0
f,822458,39
11,822599,12
b,822740,49
c,822877,753
d,823018,0
f,823159,39
11,823300,12
b,823441,48
c,823582,754
d,823720,0
f,823861,39
11,824002,12
b,824143,48
c,824284,736
d,824425,0
f,824566,39
11,824707,12
b,824848,48
c,824989,748
d,825131,0
f,825272,39
11,825413,12
b,825554,48
c,825695,755
d,825836,0
f,825977,39
11,826118,12
b,826259,48
c,826400,744
d,826541,0
f,826682,39
11,826823,12
b,826964,48
c,827101,753
d,827242,0
f,827383,39
11,827524,12
b,827665,48
c,827806,751
d,827944,0
f,828085,39
11,828226,12
b,828367,48
c,828508,743
d,828649,0
f,828790,39
11,828931,12
b,829072,48
c,829213,743
d,829355,0
f,829496,39
11,829637,12
b,829778,48
c,829919,750
d,830060,0
f,830201,39
11,830342,12
b,830483,48
c,830624,745
d,830765,0
f,830906,39
11,831047,12
b,831188,48
c,831325,757
d,831466,0
f,831607,39
11,831748,12
b,831889,48
c,832030,751
d,832168,0
f,832309,39
11,832450,12
b,832591,48
c,832732,758
d,832873,0
f,833014,39
11,833155,12
b,833296,47
c,833437,756
d,833579,0
f,833720,39
11,833861,12
b,834002,47
c,834143,753
d,834284,0
f,834425,39
11,834566,12
b,834707,48
c,834848,754
d,834989,0
f,835130,39
11,835271,13
b,835412,48
c,835549,757
d,835690,0
f,835831,39
11,835972,13
b,836113,48
c,836254,759
d,836392,0
f,836533,39
11,836674,12
b,836815,48
c,836956,762
d,837097,0
f,837238,39
11,837379,13
b,837520,48
c,837661,762
d,837803,0
f,837944,39
11,838085,13
b,838226,48
c,838367,759
d,838508,0
f,838649,39
11,838790,13
b,838931,48
c,839072,766
d,839213,0
f,839354,39
11,839495,13
b,839636,48
c,839773,752
d,839914,0
f,840055,40
11,840196,13
b,840337,48
c,840478,759
d,840616,0
f,840757,40
11,840898,13
b,841039,48
c,841180,759
d,841321,0
f,841462,40
11,841603,13
b,841744,48
c,841885,758
d,842027,0
f,842168,40
11,842309,13
b,842450,48
c,842591,757
d,842732,0
f,842873,40
11,843014,13
b,843155,48
c,843296,762
d,843437,0
f,843578,40
11,843719,13
b,843860,48
c,843997,760
d,844138,0
f,844279,40
11,844420,13
b,844561,49
c,844702,754
d,844840,0
f,844981,40
11,845122,13
b,845263,49
c,845404,756
d,845545,0
f,845686,40
11,845827,13
b,845968,49
c,846109,762
d,846251,0
f,846392,40
11,846533,13
b,846674,49
c,846815,752
d,846956,0
f,847097,40
11,847238,13
b,847379,50
c,847520,755
d,847661,0
f,847802,40
11,847943,13
b,848084,49
c,848221,756
d,848362,0
f,848503,40
11,848644,13
b,848785,49
c,848926,762
d,849064,0
f,849205,40
11,849346,13
b,849487,49
c,849628,762
d,849769,0
f,849910,40
11,850051,13
b,850192,49
c,850333,755
d,850475,0
f,850616,40
11,850757,13
b,850898,49
c,851039,757
d,851180,0
f,851321,40
11,851462,13
b,851603,49
c,851744,742
d,851885,0
f,852026,40
11,852167,13
b,852308,53
c,852445,738
d,852586,0
f,852727,40
11,852868,13
b,853009,54
c,853150,735
d,853288,0
f,853429,40
11,853570,13
b,853711,55
c,853852,741
d,853993,0
f,854134,40
11,854275,13
b,854416,55
c,854557,742
d,854699,0
f,854840,40
11,854981,13
b,855122,55
c,855263,743
d,855404,0
f,855545,40
11,855686,13
b,855827,55
c,855968,739
d,856109,0
f,856250,40
11,856391,13
b,856532,55
c,856669,742
d,856810,0
f,856951,40
11,857092,13
b,857233,55
c,857374,751
d,857512,0
f,857653,40
11,857794,13
b,857935,55
c,858076,765
d,858217,0
f,858358,40
11,858499,13
b,858640,53
c,858781,761
d,858923,0
f,859064,40
11,859205,13
b,859346,51
c,859487,756
d,859628,0
f,859769,40
11,859910,13
b,860051,50
c,860192,736
d,860333,0
f,860474,40
11,860615,12
b,860756,50
c,860893,749
d,861034,0
f,861175,40
11,861316,12
b,861457,49
c,861598,741
d,861736,0
f,861877,40
11,862018,12
b,862159,49
c,862300,751
d,862441,0
f,862582,41
11,862723,12
b,862864,48
c,863005,751
d,863147,0
f,863288,41
11,863429,12
b,863570,48
c,863711,734
d,863852,0
f,863993,41
11,864134,12
b,864275,48
c,864416,743
d,864557,0
f,864698,41
11,864839,12
b,864980,48
c,865117,740
d,865258,0
f,865399,41
11,865540,12
b,865681,47
c,865822,745
d,865960,0
f,866101,41
11,866242,12
b,866383,47
c,866524,746
d,866665,0
f,866806,41
11,866947,12
b,867088,47
c,867229,743
d,867371,0
f,867512,41
11,867653,12
b,867794,48
c,867935,743
d,868076,0
f,868217,41
11,868358,12
b,868499,47
c,868640,753
d,868781,0
f,868922,41
11,869063,12
b,869204,47
c,869341,756
d,869482,0
f,869623,41
11,869764,12
b,869905,47
c,870046,751
d,870184,0
f,870325,41
11,870466,12
b,870607,47
c,870748,762
d,870889,0
f,871030,41
11,871171,12
b,871312,47
c,871453,748
d,871595,0
f,871736,41
11,871877,12
b,872018,47
c,872159,757
d,872300,0
f,872441,41
11,872582,12
b,872723,47
c,872864,746
d,873005,0
f,873146,41
11,873287,12
b,873428,47
c,873565,745
d,873706,0
f,873847,41
11,873988,12
b,874129,47
c,874270,756
d,874408,0
f,874549,41
11,874690,12
b,874831,47
c,874972,746
d,875113,0
f,875254,41
11,875395,12
b,875536,48
c,875677,754
d,875819,0
f,875960,41
11,876101,12
b,876242,47
c,876383,766
d,876524,0
f,876665,41
11,876806,13
b,876947,48
c,877088,751
d,877229,0
f,877370,41
11,877511,13
b,877652,48
c,877789,753
d,877930,0
f,878071,41
11,878212,13
b,878353,48
c,878494,767
d,878632,0
f,878773,41
11,878914,13
b,879055,48
c,879196,764
d,879337,0
f,879478,41
11,879619,13
b,879760,48
c,879901,759
d,880043,0
f,880184,42
11,880325,13
b,880466,48
c,880607,762
d,880748,0
f,880889,42
11,881030,13
b,881171,48
c,881312,770
d,881453,0
f,881594,42
11,881735,13
b,881876,48
c,882013,770
d,882154,0
f,882295,42
11,882436,13
b,882577,48
c,882718,772
d,882856,0
f,882997,42
11,883138,13
b,883279,48
c,883420,767
d,883561,0
f,883702,42
11,883843,13
b,883984,48
c,884125,767
d,884267,0
f,884408,42
11,884549,13
b,884690,48
c,884831,766
d,884972,0
f,885113,42
11,885254,13
b,885395,48
c,885536,765
d,885677,0
f,885818,42
11,885959,13
b,886100,48
c,886237,758
d,886378,0
f,886519,42
11,886660,13
b,886801,48
c,886942,770
d,887080,0
f,887221,42
11,887362,12
b,887503,48
c,887644,766
d,887785,0
f,887926,42
11,888067,13
b,888208,48
c,888349,769
d,888491,0
f,888632,42
11,888773,12
b,888914,48
c,889055,767
d,889196,0
f,889337,42
11,889478,13
b,889619,48
c,889760,761
d,889901,0
f,890042,42
11,890183,13
b,890324,48
c,890461,739
d,890602,0
f,890743,42
11,890884,13
b,891025,51
c,891166,741
d,891304,0
f,891445,42
11,891586,13
b,891727,53
c,891868,739
d,892009,0
f,892150,42
11,892291,13
b,892432,55
c,892573,747
d,892715,0
f,892856,42
11,892997,13
b,893138,55
c,893279,749
d,893420,0
f,893561,42
11,893702,13
b,893843,55
c,893984,743
d,894125,0
f,894266,42
11,894407,13
b,894548,55
c,894685,740
d,894826,0
f,894967,42
11,895108,13
b,895249,55
c,895390,744
d,895528,0
f,895669,42
11,895810,13
b,895951,55
c,896092,740
d,896233,0
f,896374,42
11,896515,13
b,896656,55
c,896797,773
d,896939,0
f,897080,42
11,897221,13
b,897362,52
c,897503,766
d,897644,0
f,897785,42
11,897926,12
b,898067,50
c,898208,746
d,898349,0
f,898490,42
11,898631,12
b,898772,49
c,898909,742
d,899050,0
f,899191,42
11,899332,12
b,899473,49
c,899614,737
d,899752,0
f,899893,42
11,900034,12
b,900175,48
c,900316,742
d,900457,0
f,900598,42
11,900739,12
b,900880,48
c,901021,741
d,901163,0
f,901304,42
11,901445,12
b,901586,48
c,901727,740
d,901868,0
f,902009,42
11,902150,12
b,902291,48
c,902432,740
d,902573,0
f,902714,42
11,902855,12
b,902996,48
c,903133,740
d,903274,0
f,903415,42
11,903556,12
b,903697,47
c,903838,746
d,903976,0
f,904117,42
11,904258,12
b,904399,47
c,904540,740
d,904681,0
f,904822,42
11,904963,12
b,905104,47
c,905245,746
d,905387,0
f,905528,42
11,905669,12
b,905810,47
c,905951,745
d,906092,0
f,906233,42
11,906374,12
b,906515,47
c,906656,753
d,906797,0
f,906938,42
11,907079,12
b,907220,47
c,907357,740
d,907498,0
f,907639,42
11,907780,12
b,907921,47
c,908062,741
d,908200,0
f,908341,42
11,908482,12
b,908623,47
c,908764,741
d,908905,0
f,909046,42
11,909187,12
b,909328,47
c,909469,742
d,909611,0
f,909752,42
11,909893,12
b,910034,47
c,910175,749
d,910316,0
f,910457,42
11,910598,12
b,910739,47
c,910880,759
d,911021,0
f,911162,42
11,911303,12
b,911444,47
c,911581,748
d,911722,0
f,911863,42
11,912004,12
b,912145,48
c,912286,742
d,912424,0
f,912565,42
11,912706,12
b,912847,48
c,912988,745
d,913129,0
f,913270,42
11,913411,12
b,913552,48
c,913693,752
d,913835,0
f,913976,42
11,914117,12
b,914258,48
c,914399,756
d,914540,0
f,914681,42
11,914822,12
b,914963,48
c,915104,751
d,915245,0
f,915386,42
11,915527,12
b,915668,48
c,915805,755
d,915946,0
f,916087,42
11,916228,13
b,916369,48
c,916510,744
d,916648,0
f,916789,42
11,916930,13
b,917071,48
c,917212,754
d,917353,0
f,917494,43
11,917635,13
b,917776,48
c,917917,755
d,918059,0
f,918200,43
11,918341,13
b,918482,48
c,918623,751
d,918764,0
f,918905,43
11,919046,12
b,919187,48
c,919328,757
d,919469,0
f,919610,43
11,919751,13
b,919892,48
c,920029,761
d,920170,0
f,920311,43
11,920452,12
b,920593,48
c,920734,761
d,920872,0
f,921013,43
11,921154,13
b,921295,48
c,921436,751
d,921577,0
f,921718,43
11,921859,13
b,922000,48
c,922141,760
d,922283,0
f,922424,43
11,922565,13
b,922706,48
c,922847,758
d,922988,0
f,923129,43
11,923270,13
b,923411,48
c,923552,757
d,923693,0
f,923834,43
11,923975,13
b,924116,48
c,924253,760
d,924394,0
f,924535,43
11,924676,13
b,924817,48
c,924958,752
d,925096,0
f,925237,43
11,925378,13
b,925519,48
c,925660,762
d,925801,0
f,925942,43
11,926083,13
b,926224,48
c,926365,764
d,926507,0
f,926648,43
11,926789,13
b,926930,48
c,927071,730
d,927212,0
f,927353,43
11,927494,13
b,927635,51
c,927776,735
d,927917,0
f,928058,43
11,928199,13
b,928340,52
c,928477,739
d,928618,0
f,928759,43
11,928900,13
b,929041,53
c,929182,738
d,929320,0
f,929461,43
11,929602,13
b,929743,54
c,929884,740
d,930025,0
f,930166,44
11,930307,13
b,930448,55
c,930589,737
d,930731,0
f,930872,44
11,931013,13
b,931154,55
c,931295,742
d,931436,0
f,931577,44
11,931718,13
b,931859,54
c,932000,740
d,932141,0
f,932282,44
11,932423,13
b,932564,54
c,932701,746
d,932842,0
f,932983,44
11,933124,13
b,933265,54
c,933406,755
d,933544,0
f,933685,44
11,933826,13
b,933967,53
c,934108,769
d,934249,0
f,934390,44
11,934531,13
b,934672,51
c,934813,759
d,934955,0
f,935096,44
11,935237,12
b,935378,49
c,935519,737
d,935660,0
f,935801,44
11,935942,12
b,936083,49
c,936224,743
d,936365,0
f,936506,44
11,936647,12
b,936788,49
c,936925,747
d,937066,0
f,937207,44
11,937348,12
b,937489,49
c,937630,745
d,937768,0
f,937909,44
11,938050,12
b,938191,48
c,938332,748
d,938473,0
f,938614,44
11,938755,12
b,938896,47
c,939037,747
d,939179,0
f,939320,44
11,939461,12
b,939602,47
c,939743,743
d,939884,0
f,940025,44
11,940166,12
b,940307,47
c,940448,749
d,940589,0
f,940730,44
11,940871,12
b,941012,47
c,941149,742
d,941290,0
f,941431,44
11,941572,12
b,941713,47
c,941854,747
d,941992,0
f,942133,44
11,942274,12
b,942415,47
c,942556,748
d,942697,0
f,942838,45
11,942979,12
b,943120,47
c,943261,742
d,943403,0
f,943544,45
11,943685,12
b,943826,47
c,943967,745
d,944108,0
f,944249,45
11,944390,12
b,944531,47
c,944672,757
d,944813,0
f,944954,45
11,945095,12
b,945236,47
c,945373,752
d,945514,0
f,945655,45
11,945796,12
b,945937,47
c,946078,753
d,946216,0
f,946357,45
11,946498,12
b,946639,47
c,946780,752
d,946921,0
f,947062,45
11,947203,12
b,947344,47
c,947485,758
d,947627,0
f,947768,45
11,947909,12
b,948050,47
c,948191,766
d,948332,0
f,948473,45
11,948614,12
b,948755,47
c,948896,758
d,949037,0
f,949178,45
11,949319,12
b,949460,47
c,949597,748
d,949738,0
f,949879,45
11,950020,12
b,950161,47
c,950302,760
d,950440,0
f,950581,45
11,950722,12
b,950863,47
c,951004,768
d,951145,0
f,951286,45
11,951427,12
b,951568,47
c,951709,762
d,951851,0
f,951992,45
11,952133,12
b,952274,47
c,952415,764
d,952556,0
f,952697,45
11,952838,12
b,952979,47
c,953120,761
d,953261,0
f,953402,45
11,953543,12
b,953684,47
c,953821,764
d,953962,0
f,954103,45
11,954244,12
b,954385,47
c,954526,767
d,954664,0
f,954805,45
11,954946,12
b,955087,47
c,955228,752
d,955369,0
f,955510,45
11,955651,13
b,955792,48
c,955933,760
d,956075,0
f,956216,45
11,956357,13
b,956498,48
c,956639,759
d,956780,0
f,956921,45
11,957062,13
b,957203,49
c,957344,767
d,957485,0
f,957626,45
11,957767,13
b,957908,48
c,958045,768
d,958186,0
f,958327,45
11,958468,13
b,958609,48
c,958750,758
d,958888,0
f,959029,45
11,959170,13
b,959311,48
c,959452,756
d,959593,0
f,959734,45
11,959875,13
b,960016,48
c,960157,756
d,960299,0
f,960440,45
11,960581,13
b,960722,48
c,960863,757
d,961004,0
f,961145,45
11,961286,13
b,961427,48
c,961568,758
d,961709,0
f,961850,45
11,961991,13
b,962132,49
c,962269,766
d,962410,0
f,962551,45
11,962692,13
b,962833,49
c,962974,766
d,963112,0
f,963253,45
11,963394,13
b,963535,49
c,963676,742
d,963817,0
f,963958,45
11,964099,13
b,964240,50
c,964381,736
d,964523,0
f,964664,45
11,964805,13
b,964946,53
c,965087,740
d,965228,0
f,965369,45
11,965510,13
b,965651,55
c,965792,741
d,965933,0
f,966074,45
11,966215,13
b,966356,56
c,966493,745
d,966634,0
f,966775,45
11,966916,13
b,967057,56
c,967198,741
d,967336,0
f,967477,45
11,967618,13
b,967759,56
c,967900,748
d,968041,0
f,968182,45
11,968323,13
b,968464,56
c,968605,748
d,968747,0
f,968888,45
11,969029,13
b,969170,55
c,969311,745
d,969452,0
f,969593,45
11,969734,13
b,969875,55
c,970016,743
d,970157,0
f,970298,45
11,970439,13
b,970580,54
c,970717,773
d,970858,0
f,970999,45
11,971140,13
b,971281,52
c,971422,758
d,971560,0
f,971701,45
11,971842,12
b,971983,50
c,972124,746
d,972265,0
f,972406,45
11,972547,12
b,972688,49
c,972829,743
d,972971,0
f,973112,45
11,973253,12
b,973394,49
c,973535,751
d,973676,0
f,973817,45
11,973958,12
b,974099,48
c,974240,740
d,974381,0
f,974522,45
11,974663,12
b,974804,48
c,974941,749
d,975082,0
f,975223,45
11,975364,12
b,975505,47
c,975646,733
d,975784,0
f,975925,45
11,976066,12
b,976207,48
c,976348,741
d,976489,0
f,976630,45
11,976771,12
b,976912,48
c,977053,745
d,977195,0
f,977336,45
11,977477,12
b,977618,47
c,977759,737
d,977900,0
f,978041,45
11,978182,12
b,978323,47
c,978464,743
d,978605,0
f,978746,45
11,978887,12
b,979028,47
c,979165,748
d,979306,0
f,979447,45
11,979588,12
b,979729,47
c,979870,739
d,980008,0
f,980149,46
11,980290,12
b,980431,47
c,980572,746
d,980713,0
f,980854,46
11,980995,12
b,981136,47
c,981277,744
d,981419,0
f,981560,46
11,981701,12
b,981842,47
c,981983,741
d,982124,0
f,982265,46
11,982406,12
b,982547,47
c,982688,752
d,982829,0
f,982970,46
11,983111,12
b,983252,47
c,983389,750
d,983530,0
f,983671,46
11,983812,12
b,983953,47
c,984094,753
d,984232,0
f,984373,46
11,984514,12
b,984655,47
c,984796,742
d,984937,0
f,985078,46
11,985219,12
b,985360,47
c,985501,741
d,985643,0
f,985784,46
11,985925,12
b,986066,48
c,986207,745
d,986348,0
f,986489,46
11,986630,12
b,986771,48
c,986912,745
d,987053,0
f,987194,46
11,987335,12
b,987476,47
c,987613,755
d,987754,0
f,987895,46
11,988036,12
b,988177,48
c,988318,741
d,988456,0
f,988597,46
11,988738,12
b,988879,47
c,989020,762
d,989161,0
f,989302,46
11,989443,12
b,989584,47
c,989725,764
d,989867,0
f,990008,46
11,990149,13
b,990290,48
c,990431,757
d,990572,0
f,990713,46
11,990854,13
b,990995,48
c,991136,763
d,991277,0
f,991418,46
11,991559,12
b,991700,48
c,991837,763
d,991978,0
f,992119,46
11,992260,12
b,992401,48
c,992542,764
d,992680,0
f,992821,46
11,992962,13
b,993103,48
c,993244,770
d,993385,0
f,993526,46
11,993667,13
b,993808,48
c,993949,761
d,994091,0
f,994232,46
11,994373,12
b,994514,48
c,994655,765
d,994796,0
f,994937,46
11,995078,13
b,995219,48
c,995360,755
d,995501,0
f,995642,46
11,995783,13
b,995924,48
c,996061,761
d,996202,0
