f,996343,46
11,996484,12
b,996625,48
c,996766,767
d,996904,0
f,997045,46
11,997186,13
b,997327,48
c,997468,759
d,997609,0
f,997750,46
11,997891,13
b,998032,48
c,998173,759
d,998315,0
f,998456,46
11,998597,13
b,998738,48
c,998879,748
d,999020,0
f,999161,46
11,999302,13
b,999443,48
c,999584,755
d,999725,0
f,999866,46
11,1000007,13
b,1000148,48
c,1000285,765
d,1000426,0
f,1000567,46
11,1000708,12
b,1000849,48
c,1000990,757
d,1001128,0
f,1001269,46
11,1001410,13
b,1001551,48
c,1001692,753
d,1001833,0
f,1001974,46
11,1002115,13
b,1002256,48
c,1002397,761
d,1002539,0
f,1002680,46
11,1002821,13
b,1002962,48
c,1003103,764
d,1003244,0
f,1003385,46
11,1003526,13
b,1003667,48
c,1003808,754
d,1003949,0
f,1004090,46
11,1004231,13
b,1004372,49
c,1004509,739
d,1004650,0
f,1004791,46
11,1004932,13
b,1005073,52
c,1005214,737
d,1005352,0
f,1005493,46
11,1005634,13
b,1005775,54
c,1005916,741
d,1006057,0
f,1006198,46
11,1006339,13
b,1006480,55
c,1006621,740
d,1006763,0
f,1006904,46
11,1007045,13
b,1007186,55
c,1007327,741
d,1007468,0
f,1007609,46
11,1007750,13
b,1007891,55
c,1008032,743
d,1008173,0
f,1008314,46
11,1008455,13
b,1008596,55
c,1008733,747
d,1008874,0
f,1009015,46
11,1009156,13
b,1009297,55
c,1009438,741
d,1009576,0
f,1009717,46
11,1009858,13
b,1009999,55
c,1010140,749
d,1010281,0
f,1010422,46
11,1010563,13
b,1010704,54
c,1010845,772
d,1010987,0
f,1011128,46
11,1011269,13
b,1011410,52
c,1011551,757
d,1011692,0
f,1011833,46
11,1011974,13
b,1012115,50
c,1012256,748
d,1012397,0
f,1012538,46
11,1012679,12
b,1012820,49
c,1012957,740
d,1013098,0
f,1013239,47
11,1013380,13
b,1013521,49
c,1013662,746
d,1013800,0
f,1013941,47
11,1014082,12
b,1014223,49
c,1014364,745
d,1014505,0
f,1014646,47
11,1014787,12
b,1014928,49
c,1015069,744
d,1015211,0
f,1015352,47
11,1015493,12
b,1015634,49
c,1015775,743
d,1015916,0
f,1016057,47
11,1016198,12
b,1016339,48
c,1016480,747
d,1016621,0
f,1016762,47
11,1016903,12
b,1017044,48
c,1017181,749
d,1017322,0
f,1017463,47
11,1017604,12
b,1017745,47
c,1017886,752
d,1018024,0
f,1018165,47
11,1018306,12
b,1018447,47
c,1018588,754
d,1018729,0
f,1018870,47
11,1019011,12
b,1019152,47
c,1019293,747
d,1019435,0
f,1019576,47
11,1019717,12
b,1019858,47
c,1019999,747
d,1020140,0
f,1020281,47
11,1020422,12
b,1020563,47
c,1020704,745
d,1020845,0
f,1020986,47
11,1021127,12
b,1021268,47
c,1021405,750
d,1021546,0
f,1021687,47
11,1021828,12
b,1021969,47
c,1022110,749
d,1022248,0
f,1022389,47
11,1022530,12
b,1022671,47
c,1022812,757
d,1022953,0
f,1023094,47
11,1023235,12
b,1023376,47
c,1023517,746
d,1023659,0
f,1023800,47
11,1023941,12
b,1024082,47
c,1024223,751
d,1024364,0
f,1024505,47
11,1024646,12
b,1024787,47
c,1024928,760
d,1025069,0
f,1025210,47
11,1025351,12
b,1025492,47
c,1025629,759
d,1025770,0
f,1025911,47
11,1026052,12
b,1026193,47
c,1026334,761
d,1026472,0
f,1026613,47
11,1026754,12
b,1026895,47
c,1027036,748
d,1027177,0
f,1027318,47
11,1027459,12
b,1027600,48
c,1027741,744
d,1027883,0
f,1028024,47
11,1028165,12
b,1028306,49
c,1028447,750
d,1028588,0
f,1028729,47
11,1028870,13
b,1029011,49
c,1029152,743
d,1029293,0
f,1029434,47
11,1029575,13
b,1029716,50
c,1029853,739
d,1029994,0
f,1030135,48
11,1030276,13
b,1030417,51
c,1030558,766
d,1030696,0
f,1030837,48
11,1030978,13
b,1031119,50
c,1031260,747
d,1031401,0
f,1031542,48
11,1031683,13
b,1031824,52
c,1031965,738
d,1032107,0
f,1032248,48
11,1032389,13
b,1032530,53
c,1032671,738
d,1032812,0
f,1032953,48
11,1033094,18
b,1033235,84
c,1033376,1168
d,1033517,0
f,1033658,48
11,1033799,17
b,1033940,75
c,1034077,839
d,1034218,3
f,1034359,48
11,1034500,20
b,1034641,98
c,1034782,917
d,1034920,6
f,1035061,48
11,1035202,18
b,1035343,88
c,1035484,1005
d,1035625,9
f,1035766,48
11,1035907,17
b,1036048,78
c,1036189,1257
d,1036331,11
f,1036472,48
11,1036613,13
b,1036754,55
c,1036895,1005
d,1037036,10
f,1037177,48
11,1037318,14
b,1037459,61
c,1037600,767
d,1037741,6
f,1037882,48
11,1038023,13
b,1038164,61
c,1038301,768
d,1038442,1
f,1038583,48
11,1038724,13
b,1038865,60
c,1039006,768
d,1039144,0
f,1039285,48
11,1039426,23
b,1039567,100
c,1039708,934
d,1039849,3
f,1039990,48
11,1040131,11
b,1040272,87
c,1040413,714
d,1040555,5
f,1040696,48
11,1040837,14
b,1040978,74
c,1041119,797
d,1041260,3
f,1041401,48
11,1041542,14
b,1041683,67
c,1041824,798
d,1041965,0
f,1042106,48
11,1042247,13
b,1042388,63
c,1042525,786
d,1042666,0
f,1042807,48
11,1042948,13
b,1043089,60
c,1043230,784
d,1043368,0
f,1043509,48
11,1043650,13
b,1043791,58
c,1043932,784
d,1044073,0
f,1044214,48
11,1044355,13
b,1044496,56
c,1044637,781
d,1044779,0
f,1044920,48
11,1045061,12
b,1045202,54
c,1045343,770
d,1045484,0
f,1045625,48
11,1045766,12
b,1045907,63
c,1046048,821
d,1046189,0
f,1046330,48
11,1046471,16
b,1046612,75
c,1046749,1142
d,1046890,2
f,1047031,48
11,1047172,20
b,1047313,91
c,1047454,717
d,1047592,6
f,1047733,48
11,1047874,18
b,1048015,92
c,1048156,1054
d,1048297,9
f,1048438,48
11,1048579,15
b,1048720,66
c,1048861,1273
d,1049003,11
f,1049144,48
11,1049285,15
b,1049426,54
c,1049567,1444
d,1049708,12
f,1049849,48
11,1049990,16
b,1050131,49
c,1050272,1561
d,1050413,13
f,1050554,48
11,1050695,18
b,1050836,56
c,1050973,1713
d,1051114,15
f,1051255,48
11,1051396,21
b,1051537,69
c,1051678,1976
d,1051816,17
f,1051957,48
11,1052098,21
b,1052239,63
c,1052380,2217
d,1052521,20
f,1052662,48
11,1052803,12
b,1052944,27
c,1053085,1755
d,1053227,20
f,1053368,48
11,1053509,22
b,1053650,83
c,1053791,1491
d,1053932,22
f,1054073,48
11,1054214,21
b,1054355,80
c,1054496,1654
d,1054637,24
f,1054778,48
11,1054919,18
b,1055060,66
c,1055197,1782
d,1055338,26
f,1055479,48
11,1055620,18
b,1055761,57
c,1055902,1836
d,1056040,27
f,1056181,48
11,1056322,13
b,1056463,33
c,1056604,1817
d,1056745,26
f,1056886,48
11,1057027,13
b,1057168,26
c,1057309,1684
d,1057451,24
f,1057592,48
11,1057733,13
b,1057874,26
c,1058015,1593
d,1058156,23
f,1058297,48
11,1058438,13
b,1058579,26
c,1058720,1510
d,1058861,21
f,1059002,48
11,1059143,13
b,1059284,26
c,1059421,1385
d,1059562,19
f,1059703,48
11,1059844,12
b,1059985,27
c,1060126,1333
d,1060264,19
f,1060405,48
11,1060546,14
b,1060687,37
c,1060828,1369
d,1060969,19
f,1061110,48
11,1061251,18
b,1061392,55
c,1061533,1449
d,1061675,21
f,1061816,48
11,1061957,19
b,1062098,70
c,1062239,1552
d,1062380,23
f,1062521,48
11,1062662,14
b,1062803,48
c,1062944,1648
d,1063085,23
f,1063226,48
11,1063367,21
b,1063508,61
c,1063645,1680
d,1063786,24
f,1063927,48
11,1064068,27
b,1064209,99
c,1064350,1878
d,1064488,27
f,1064629,48
11,1064770,30
b,1064911,108
c,1065052,2153
d,1065193,31
f,1065334,48
11,1065475,33
b,1065616,115
c,1065757,2456
d,1065899,36
f,1066040,48
11,1066181,28
b,1066322,91
c,1066463,2688
d,1066604,39
f,1066745,47
11,1066886,13
b,1067027,27
c,1067168,2350
d,1067309,39
f,1067450,47
11,1067591,17
b,1067732,35
c,1067869,1959
d,1068010,38
f,1068151,47
11,1068292,16
b,1068433,42
c,1068574,1927
d,1068712,38
f,1068853,47
11,1068994,14
b,1069135,30
c,1069276,1883
d,1069417,37
f,1069558,47
11,1069699,13
b,1069840,26
c,1069981,1807
d,1070123,35
f,1070264,47
11,1070405,13
b,1070546,26
c,1070687,1710
d,1070828,34
f,1070969,47
11,1071110,13
b,1071251,26
c,1071392,1644
d,1071533,32
f,1071674,47
11,1071815,13
b,1071956,27
c,1072093,1592
d,1072234,31
f,1072375,47
11,1072516,13
b,1072657,28
c,1072798,1534
d,1072936,30
f,1073077,47
11,1073218,13
b,1073359,28
c,1073500,1441
d,1073641,28
f,1073782,47
11,1073923,13
b,1074064,30
c,1074205,1403
d,1074347,27
f,1074488,47
11,1074629,14
b,1074770,33
c,1074911,1381
d,1075052,27
f,1075193,47
11,1075334,23
b,1075475,71
c,1075616,1370
d,1075757,27
f,1075898,47
11,1076039,23
b,1076180,89
c,1076317,1479
d,1076458,29
f,1076599,47
11,1076740,16
b,1076881,63
c,1077022,1535
d,1077160,31
f,1077301,47
11,1077442,16
b,1077583,53
c,1077724,1573
d,1077865,31
f,1078006,46
11,1078147,18
b,1078288,56
c,1078429,1585
d,1078571,31
f,1078712,46
11,1078853,13
b,1078994,37
c,1079135,1557
d,1079276,31
f,1079417,46
11,1079558,14
b,1079699,34
c,1079840,1548
d,1079981,30
f,1080122,46
11,1080263,16
b,1080404,43
c,1080541,1542
d,1080682,31
f,1080823,46
11,1080964,16
b,1081105,47
c,1081246,1546
d,1081384,31
f,1081525,46
11,1081666,21
b,1081807,75
c,1081948,1583
d,1082089,31
f,1082230,46
11,1082371,28
b,1082512,106
c,1082653,1695
d,1082795,34
f,1082936,46
11,1083077,32
b,1083218,121
c,1083359,1867
d,1083500,38
f,1083641,46
11,1083782,34
b,1083923,134
c,1084064,2087
d,1084205,42
f,1084346,45
11,1084487,27
b,1084628,106
c,1084765,2233
d,1084906,45
f,1085047,45
11,1085188,26
b,1085329,90
c,1085470,2353
d,1085608,47
f,1085749,44
11,1085890,24
b,1086031,77
c,1086172,2446
d,1086313,49
f,1086454,44
11,1086595,15
b,1086736,40
c,1086877,2443
d,1087019,49
f,1087160,43
11,1087301,13
b,1087442,23
c,1087583,1925
d,1087724,48
f,1087865,43
11,1088006,15
b,1088147,32
c,1088288,1970
d,1088429,48
f,1088570,43
11,1088711,15
b,1088852,32
c,1088989,1943
d,1089130,47
f,1089271,44
11,1089412,15
b,1089553,33
c,1089694,1930
d,1089832,47
f,1089973,44
11,1090114,14
b,1090255,31
c,1090396,1912
d,1090537,47
f,1090678,44
11,1090819,16
b,1090960,38
c,1091101,1907
d,1091243,46
f,1091384,44
11,1091525,18
b,1091666,47
c,1091807,1910
d,1091948,47
f,1092089,44
11,1092230,16
b,1092371,42
c,1092512,1919
d,1092653,47
f,1092794,43
11,1092935,18
b,1093076,49
c,1093213,1928
d,1093354,47
f,1093495,43
11,1093636,27
b,1093777,85
c,1093918,1971
d,1094056,48
f,1094197,43
11,1094338,27
b,1094479,95
c,1094620,2052
d,1094761,50
f,1094902,43
11,1095043,28
b,1095184,102
c,1095325,2144
d,1095467,52
f,1095608,43
11,1095749,30
b,1095890,107
c,1096031,2230
d,1096172,54
f,1096313,42
11,1096454,32
b,1096595,112
c,1096736,2329
d,1096877,57
f,1097018,42
11,1097159,34
b,1097300,119
c,1097437,2437
d,1097578,60
f,1097719,41
11,1097860,29
b,1098001,102
c,1098142,2539
d,1098280,63
f,1098421,41
11,1098562,15
b,1098703,45
c,1098844,2487
d,1098985,62
f,1099126,40
11,1099267,13
b,1099408,24
c,1099549,1960
d,1099691,61
f,1099832,41
11,1099973,18
b,1100114,40
c,1100255,2046
d,1100396,60
f,1100537,41
11,1100678,17
b,1100819,42
c,1100960,2039
d,1101101,60
f,1101242,41
11,1101383,16
b,1101524,41
c,1101661,2020
d,1101802,59
f,1101943,41
11,1102084,16
b,1102225,40
c,1102366,2008
d,1102504,59
f,1102645,41
11,1102786,16
b,1102927,40
c,1103068,2000
d,1103209,59
f,1103350,41
11,1103491,18
b,1103632,49
c,1103773,1999
d,1103915,59
f,1104056,41
11,1104197,27
b,1104338,84
c,1104479,2026
d,1104620,60
f,1104761,41
11,1104902,28
b,1105043,92
c,1105184,2057
d,1105325,60
f,1105466,41
11,1105607,27
b,1105748,93
c,1105885,2078
d,1106026,61
f,1106167,40
11,1106308,23
b,1106449,78
c,1106590,2099
d,1106728,62
f,1106869,40
11,1107010,19
b,1107151,63
c,1107292,2095
d,1107433,62
f,1107574,40
11,1107715,19
b,1107856,56
c,1107997,2077
d,1108139,61
f,1108280,40
11,1108421,19
b,1108562,55
c,1108703,2051
d,1108844,60
f,1108985,39
11,1109126,19
b,1109267,55
c,1109408,2061
d,1109549,61
f,1109690,39
11,1109831,19
b,1109972,54
c,1110109,2056
d,1110250,61
f,1110391,39
11,1110532,16
b,1110673,40
c,1110814,2071
d,1110952,61
f,1111093,39
11,1111234,16
b,1111375,35
c,1111516,2092
d,1111657,62
f,1111798,39
11,1111939,16
b,1112080,35
c,1112221,2099
d,1112363,62
f,1112504,39
11,1112645,17
b,1112786,42
c,1112927,2106
d,1113068,62
f,1113209,39
11,1113350,16
b,1113491,39
c,1113632,2108
d,1113773,62
f,1113914,39
11,1114055,16
b,1114196,36
c,1114333,2109
d,1114474,62
f,1114615,39
11,1114756,16
b,1114897,34
c,1115038,2094
d,1115176,61
f,1115317,39
11,1115458,16
b,1115599,36
c,1115740,2064
d,1115881,61
f,1116022,39
11,1116163,18
b,1116304,48
c,1116445,2061
d,1116587,61
f,1116728,39
11,1116869,20
b,1117010,59
c,1117151,2071
d,1117292,61
f,1117433,39
11,1117574,17
b,1117715,47
c,1117856,2062
d,1117997,61
f,1118138,39
11,1118279,18
b,1118420,50
c,1118557,2064
d,1118698,61
f,1118839,39
11,1118980,20
b,1119121,60
c,1119262,2062
d,1119400,61
f,1119541,39
11,1119682,19
b,1119823,55
c,1119964,2060
d,1120105,61
f,1120246,39
11,1120387,15
b,1120528,36
c,1120669,2052
d,1120811,60
f,1120952,39
11,1121093,16
b,1121234,38
c,1121375,2034
d,1121516,60
f,1121657,39
11,1121798,18
b,1121939,49
c,1122080,2056
d,1122221,61
f,1122362,39
11,1122503,16
b,1122644,43
c,1122781,2091
d,1122922,62
f,1123063,39
11,1123204,13
b,1123345,26
c,1123486,2078
d,1123624,61
f,1123765,39
11,1123906,13
b,1124047,23
c,1124188,2076
d,1124329,61
f,1124470,39
11,1124611,13
b,1124752,23
c,1124893,2048
d,1125035,60
f,1125176,39
11,1125317,13
b,1125458,24
c,1125599,2019
d,1125740,60
f,1125881,39
11,1126022,13
b,1126163,24
c,1126304,1969
d,1126445,58
f,1126586,39
11,1126727,12
b,1126868,22
c,1127005,1923
d,1127146,56
f,1127287,39
11,1127428,14
b,1127569,22
c,1127710,1905
d,1127848,55
f,1127989,39
11,1128130,14
b,1128271,27
c,1128412,1859
d,1128553,54
f,1128694,39
11,1128835,20
b,1128976,62
c,1129117,1815
d,1129259,53
f,1129400,39
11,1129541,30
b,1129682,107
c,1129823,1861
d,1129964,55
f,1130105,39
11,1130246,32
b,1130387,120
c,1130528,1920
d,1130669,57
f,1130810,38
11,1130951,34
b,1131092,125
c,1131229,2006
d,1131370,59
f,1131511,38
11,1131652,34
b,1131793,128
c,1131934,2072
d,1132072,62
f,1132213,37
11,1132354,35
b,1132495,130
c,1132636,2140
d,1132777,63
f,1132918,36
11,1133059,25
b,1133200,81
c,1133341,2150
d,1133483,64
f,1133624,36
11,1133765,17
b,1133906,50
c,1134047,2131
d,1134188,63
f,1134329,36
11,1134470,22
b,1134611,69
c,1134752,2150
d,1134893,63
f,1135034,36
11,1135175,27
b,1135316,102
c,1135453,2221
d,1135594,65
f,1135735,36
11,1135876,32
b,1136017,111
c,1136158,2274
d,1136296,67
f,1136437,36
11,1136578,30
b,1136719,109
c,1136860,2331
d,1137001,69
f,1137142,36
11,1137283,30
b,1137424,105
c,1137565,2412
d,1137707,71
f,1137848,36
11,1137989,28
b,1138130,90
c,1138271,2448
d,1138412,73
f,1138553,36
11,1138694,12
b,1138835,31
c,1138976,2204
d,1139117,72
f,1139258,36
11,1139399,13
b,1139540,25
c,1139677,1890
d,1139818,71
f,1139959,36
11,1140100,15
b,1140241,30
c,1140382,1988
d,1140520,71
f,1140661,36
11,1140802,16
b,1140943,39
c,1141084,1960
d,1141225,71
f,1141366,36
11,1141507,15
b,1141648,36
c,1141789,1963
d,1141931,71
f,1142072,36
11,1142213,15
b,1142354,34
c,1142495,1960
d,1142636,71
f,1142777,37
11,1142918,18
b,1143059,47
c,1143200,1957
d,1143341,71
f,1143482,37
11,1143623,20
b,1143764,63
c,1143901,1963
d,1144042,71
f,1144183,37
11,1144324,21
b,1144465,66
c,1144606,1975
d,1144744,71
f,1144885,36
11,1145026,20
b,1145167,61
c,1145308,1978
d,1145449,71
f,1145590,36
11,1145731,19
b,1145872,57
c,1146013,1978
d,1146155,71
f,1146296,36
11,1146437,21
b,1146578,66
c,1146719,1977
d,1146860,71
f,1147001,36
11,1147142,24
b,1147283,81
c,1147424,1985
d,1147565,71
f,1147706,36
11,1147847,23
b,1147988,80
c,1148125,1980
d,1148266,72
f,1148407,36
11,1148548,21
b,1148689,69
c,1148830,1983
d,1148968,71
f,1149109,36
11,1149250,21
b,1149391,70
c,1149532,1972
d,1149673,71
f,1149814,36
11,1149955,21
b,1150096,70
c,1150237,1965
d,1150379,71
f,1150520,36
11,1150661,21
b,1150802,71
c,1150943,1959
d,1151084,71
f,1151225,36
11,1151366,21
b,1151507,71
c,1151648,1948
d,1151789,70
f,1151930,36
11,1152071,21
b,1152212,71
c,1152349,1948
d,1152490,70
f,1152631,36
11,1152772,21
b,1152913,71
c,1153054,1942
d,1153192,70
f,1153333,36
11,1153474,21
b,1153615,71
c,1153756,1933
d,1153897,70
f,1154038,36
11,1154179,21
b,1154320,72
c,1154461,1934
d,1154603,70
f,1154744,36
11,1154885,21
b,1155026,72
c,1155167,1941
d,1155308,70
f,1155449,36
11,1155590,21
b,1155731,72
c,1155872,1942
d,1156013,70
f,1156154,36
11,1156295,21
b,1156436,72
c,1156573,1942
d,1156714,70
f,1156855,36
11,1156996,21
b,1157137,72
c,1157278,1953
d,1157416,71
f,1157557,36
11,1157698,21
b,1157839,72
c,1157980,1963
d,1158121,71
f,1158262,35
11,1158403,21
b,1158544,71
c,1158685,1977
d,1158827,71
f,1158968,35
11,1159109,21
b,1159250,72
c,1159391,1985
d,1159532,72
f,1159673,35
11,1159814,21
b,1159955,70
c,1160096,1993
d,1160237,72
f,1160378,35
11,1160519,20
b,1160660,65
c,1160797,2004
d,1160938,73
f,1161079,35
11,1161220,19
b,1161361,57
c,1161502,2011
d,1161640,73
f,1161781,35
11,1161922,19
b,1162063,56
c,1162204,2018
d,1162345,73
f,1162486,35
11,1162627,18
b,1162768,54
c,1162909,2022
d,1163051,73
f,1163192,35
11,1163333,18
b,1163474,49
c,1163615,2026
d,1163756,73
f,1163897,35
11,1164038,17
b,1164179,47
c,1164320,2036
d,1164461,74
f,1164602,35
11,1164743,17
b,1164884,47
c,1165021,2038
d,1165162,74
f,1165303,35
11,1165444,17
b,1165585,47
c,1165726,2039
d,1165864,74
f,1166005,35
11,1166146,18
b,1166287,51
c,1166428,2046
d,1166569,74
f,1166710,35
11,1166851,18
b,1166992,52
c,1167133,2053
d,1167275,74
f,1167416,35
11,1167557,19
b,1167698,58
c,1167839,2060
d,1167980,75
f,1168121,35
11,1168262,18
b,1168403,53
c,1168544,2073
d,1168685,75
f,1168826,35
11,1168967,18
b,1169108,50
c,1169245,2073
d,1169386,75
f,1169527,35
11,1169668,18
b,1169809,48
c,1169950,2080
d,1170088,75
f,1170229,35
11,1170370,18
b,1170511,48
c,1170652,2099
d,1170793,76
f,1170934,35
11,1171075,18
b,1171216,47
c,1171357,2087
d,1171499,75
f,1171640,34
11,1171781,17
b,1171922,46
c,1172063,2086
d,1172204,75
f,1172345,34
11,1172486,16
b,1172627,39
c,1172768,2087
d,1172909,75
f,1173050,34
11,1173191,16
b,1173332,39
c,1173469,2088
d,1173610,75
f,1173751,34
11,1173892,16
b,1174033,39
c,1174174,2092
d,1174312,76
f,1174453,34
11,1174594,16
b,1174735,39
c,1174876,2087
d,1175017,76
f,1175158,34
11,1175299,16
b,1175440,38
c,1175581,2091
d,1175723,75
f,1175864,34
11,1176005,16
b,1176146,38
c,1176287,2097
d,1176428,76
f,1176569,34
11,1176710,16
b,1176851,38
c,1176992,2096
d,1177133,76
f,1177274,34
11,1177415,16
b,1177556,40
c,1177693,2103
d,1177834,76
f,1177975,34
11,1178116,17
b,1178257,45
c,1178398,2114
d,1178536,76
f,1178677,34
11,1178818,17
b,1178959,45
c,1179100,2114
d,1179241,76
f,1179382,34
11,1179523,16
b,1179664,42
c,1179805,2114
d,1179947,76
f,1180088,34
11,1180229,17
b,1180370,44
c,1180511,2115
d,1180652,76
f,1180793,34
11,1180934,17
b,1181075,45
c,1181216,2110
d,1181357,76
f,1181498,34
11,1181639,17
b,1181780,45
c,1181917,2109
d,1182058,76
f,1182199,34
11,1182340,17
b,1182481,45
c,1182622,2101
d,1182760,76
f,1182901,34
11,1183042,16
b,1183183,42
c,1183324,2090
d,1183465,76
f,1183606,34
11,1183747,16
b,1183888,42
c,1184029,2077
d,1184171,75
f,1184312,34
11,1184453,16
b,1184594,42
c,1184735,2064
d,1184876,74
f,1185017,33
11,1185158,16
b,1185299,43
c,1185440,2050
d,1185581,74
f,1185722,33
11,1185863,18
b,1186004,51
c,1186141,2040
d,1186282,74
f,1186423,33
11,1186564,18
b,1186705,52
c,1186846,2029
d,1186984,74
f,1187125,33
11,1187266,23
b,1187407,69
c,1187548,2027
d,1187689,73
f,1187830,33
11,1187971,25
b,1188112,87
c,1188253,2046
d,1188395,74
f,1188536,33
11,1188677,28
b,1188818,96
c,1188959,2059
d,1189100,74
f,1189241,33
11,1189382,30
b,1189523,106
c,1189664,2073
d,1189805,75
f,1189946,33
11,1190087,30
b,1190228,108
c,1190365,2085
d,1190506,76
f,1190647,33
11,1190788,30
b,1190929,109
c,1191070,2106
d,1191208,76
f,1191349,33
11,1191490,25
b,1191631,89
c,1191772,2124
d,1191913,77
f,1192054,32
11,1192195,24
b,1192336,84
c,1192477,2124
d,1192619,77
f,1192760,32
11,1192901,21
b,1193042,66
c,1193183,2114
d,1193324,76
f,1193465,32
11,1193606,19
b,1193747,58
c,1193888,2091
d,1194029,75
f,1194170,32
11,1194311,20
b,1194452,64
c,1194589,2078
d,1194730,75
f,1194871,32
11,1195012,24
b,1195153,82
c,1195294,2084
d,1195432,75
f,1195573,32
11,1195714,24
b,1195855,82
c,1195996,2103
d,1196137,76
f,1196278,32
11,1196419,21
b,1196560,67
c,1196701,2118
d,1196843,77
f,1196984,32
11,1197125,20
b,1197266,60
c,1197407,2150
d,1197548,78
f,1197689,32
11,1197830,18
b,1197971,52
c,1198112,2173
d,1198253,79
f,1198394,32
11,1198535,17
b,1198676,45
c,1198813,2186
d,1198954,79
f,1199095,32
11,1199236,17
b,1199377,45
c,1199518,2199
d,1199656,79
f,1199797,33
11,1199938,17
b,1200079,42
c,1200220,2203
d,1200361,80
f,1200502,33
11,1200643,16
b,1200784,41
c,1200925,2201
d,1201067,80
f,1201208,33
11,1201349,16
b,1201490,37
c,1201631,2206
d,1201772,80
f,1201913,33
11,1202054,14
b,1202195,32
c,1202336,2213
d,1202477,80
f,1202618,33
11,1202759,15
b,1202900,33
c,1203037,2213
d,1203178,80
f,1203319,33
11,1203460,18
b,1203601,48
c,1203742,2216
d,1203880,80
f,1204021,33
11,1204162,19
b,1204303,52
c,1204444,2215
d,1204585,80
f,1204726,33
11,1204867,19
b,1205008,53
c,1205149,2221
d,1205291,80
f,1205432,33
11,1205573,19
b,1205714,53
c,1205855,2222
d,1205996,80
f,1206137,33
11,1206278,19
b,1206419,53
c,1206560,2221
d,1206701,80
f,1206842,32
11,1206983,19
b,1207124,53
c,1207261,2224
d,1207402,80
f,1207543,32
11,1207684,19
b,1207825,53
c,1207966,2221
d,1208104,80
f,1208245,32
11,1208386,19
b,1208527,53
c,1208668,2215
d,1208809,80
f,1208950,32
11,1209091,21
b,1209232,61
c,1209373,2222
d,1209515,80
f,1209656,32
11,1209797,21
b,1209938,63
c,1210079,2222
d,1210220,80
f,1210361,32
11,1210502,21
b,1210643,63
c,1210784,2228
d,1210925,81
f,1211066,32
11,1211207,21
b,1211348,64
c,1211485,2238
d,1211626,81
f,1211767,31
11,1211908,21
b,1212049,65
c,1212190,2242
d,1212328,81
f,1212469,31
11,1212610,21
b,1212751,65
c,1212892,2251
d,1213033,81
f,1213174,31
11,1213315,21
b,1213456,65
c,1213597,2257
d,1213739,82
f,1213880,31
11,1214021,19
b,1214162,56
c,1214303,2261
d,1214444,82
f,1214585,31
11,1214726,19
b,1214867,53
c,1215008,2260
d,1215149,82
f,1215290,31
11,1215431,18
b,1215572,49
c,1215709,2249
d,1215850,81
f,1215991,31
11,1216132,18
b,1216273,47
c,1216414,2237
d,1216552,81
f,1216693,31
11,1216834,19
b,1216975,51
c,1217116,2246
d,1217257,81
f,1217398,31
11,1217539,19
b,1217680,54
c,1217821,2240
d,1217963,81
f,1218104,31
11,1218245,19
b,1218386,55
c,1218527,2241
d,1218668,81
f,1218809,31
11,1218950,20
b,1219091,58
c,1219232,2244
d,1219373,81
f,1219514,31
11,1219655,21
b,1219796,62
c,1219933,2251
d,1220074,81
f,1220215,31
11,1220356,18
b,1220497,54
c,1220638,2254
d,1220776,82
f,1220917,31
11,1221058,19
b,1221199,52
c,1221340,2249
d,1221481,81
f,1221622,31
11,1221763,18
b,1221904,49
c,1222045,2245
d,1222187,81
f,1222328,31
11,1222469,18
b,1222610,49
c,1222751,2240
d,1222892,81
f,1223033,31
11,1223174,18
b,1223315,49
c,1223456,2234
d,1223597,81
f,1223738,31
11,1223879,18
b,1224020,49
c,1224157,2231
d,1224298,81
f,1224439,31
11,1224580,18
b,1224721,49
c,1224862,2227
d,1225000,80
f,1225141,31
11,1225282,18
b,1225423,49
c,1225564,2226
d,1225705,80
f,1225846,31
11,1225987,18
b,1226128,49
c,1226269,2221
d,1226411,80
f,1226552,31
11,1226693,18
b,1226834,49
c,1226975,2214
d,1227116,80
f,1227257,30
11,1227398,18
b,1227539,49
c,1227680,2210
d,1227821,80
f,1227962,30
11,1228103,18
b,1228244,49
c,1228381,2204
d,1228522,79
f,1228663,30
11,1228804,18
b,1228945,49
c,1229086,2199
d,1229224,79
f,1229365,30
11,1229506,18
b,1229647,50
c,1229788,2190
d,1229929,79
f,1230070,30
11,1230211,18
b,1230352,50
c,1230493,2189
d,1230635,79
f,1230776,30
11,1230917,20
b,1231058,59
c,1231199,2185
d,1231340,79
f,1231481,30
11,1231622,20
b,1231763,62
c,1231904,2195
d,1232045,79
f,1232186,30
11,1232327,20
b,1232468,62
c,1232605,2198
d,1232746,79
f,1232887,30
11,1233028,19
b,1233169,59
c,1233310,2201
d,1233448,80
f,1233589,30
11,1233730,18
b,1233871,49
c,1234012,2201
d,1234153,80
f,1234294,30
11,1234435,18
b,1234576,46
c,1234717,2211
d,1234859,80
f,1235000,30
11,1235141,18
b,1235282,46
c,1235423,2205
d,1235564,80
f,1235705,30
11,1235846,15
b,1235987,36
c,1236128,2196
d,1236269,79
f,1236410,30
11,1236551,15
b,1236692,35
c,1236829,2184
d,1236970,79
f,1237111,30
11,1237252,16
b,1237393,38
c,1237534,2170
d,1237672,78
f,1237813,30
11,1237954,16
b,1238095,38
c,1238236,2162
d,1238377,78
f,1238518,30
11,1238659,16
b,1238800,41
c,1238941,2147
d,1239083,78
f,1239224,30
11,1239365,17
b,1239506,45
c,1239647,2145
d,1239788,77
f,1239929,30
11,1240070,19
b,1240211,54
c,1240352,2135
d,1240493,77
f,1240634,30
11,1240775,19
b,1240916,54
c,1241053,2134
d,1241194,77
f,1241335,30
11,1241476,20
b,1241617,58
c,1241758,2130
d,1241896,77
f,1242037,30
11,1242178,21
b,1242319,64
c,1242460,2133
d,1242601,77
f,1242742,30
11,1242883,21
b,1243024,64
c,1243165,2143
d,1243307,78
f,1243448,30
11,1243589,21
b,1243730,67
c,1243871,2150
d,1244012,78
f,1244153,30
11,1244294,24
b,1244435,77
c,1244576,2167
d,1244717,78
f,1244858,30
11,1244999,23
b,1245140,72
c,1245277,2178
d,1245418,79
f,1245559,30
11,1245700,20
b,1245841,64
c,1245982,2189
d,1246120,79
f,1246261,30
11,1246402,20
b,1246543,63
c,1246684,2203
d,1246825,79
f,1246966,30
11,1247107,20
b,1247248,61
c,1247389,2200
d,1247531,80
f,1247672,30
11,1247813,20
b,1247954,61
c,1248095,2209
d,1248236,80
f,1248377,30
11,1248518,19
b,1248659,58
c,1248800,2214
d,1248941,80
f,1249082,30
11,1249223,18
b,1249364,53
c,1249501,2217
d,1249642,80
f,1249783,30
11,1249924,18
b,1250065,50
c,1250206,2210
d,1250344,80
f,1250485,30
11,1250626,18
b,1250767,49
c,1250908,2205
d,1251049,80
f,1251190,30
11,1251331,18
b,1251472,50
c,1251613,2203
d,1251755,80
f,1251896,30
11,1252037,18
b,1252178,50
c,1252319,2200
d,1252460,79
f,1252601,30
11,1252742,18
b,1252883,50
c,1253024,2196
d,1253165,79
f,1253306,30
11,1253447,18
b,1253588,50
c,1253725,2191
d,1253866,79
f,1254007,30
11,1254148,18
b,1254289,52
c,1254430,2187
d,1254568,79
f,1254709,30
11,1254850,18
b,1254991,52
c,1255132,2187
d,1255273,79
f,1255414,30
11,1255555,19
b,1255696,56
c,1255837,2187
d,1255979,79
f,1256120,30
11,1256261,19
b,1256402,56
c,1256543,2186
d,1256684,79
f,1256825,29
11,1256966,19
b,1257107,57
c,1257248,2186
d,1257389,79
f,1257530,29
11,1257671,20
b,1257812,59
c,1257949,2190
d,1258090,79
f,1258231,29
11,1258372,20
b,1258513,59
c,1258654,2192
d,1258792,79
f,1258933,29
11,1259074,20
b,1259215,61
c,1259356,2198
d,1259497,80
f,1259638,29
11,1259779,20
b,1259920,62
c,1260061,2209
d,1260203,80
f,1260344,29
11,1260485,20
b,1260626,62
c,1260767,2214
d,1260908,80
f,1261049,29
11,1261190,20
b,1261331,62
c,1261472,2215
d,1261613,80
f,1261754,29
11,1261895,21
b,1262036,62
c,1262173,2225
d,1262314,80
f,1262455,29
11,1262596,20
b,1262737,56
c,1262878,2224
d,1263016,80
f,1263157,29
11,1263298,18
b,1263439,50
c,1263580,2220
d,1263721,80
f,1263862,29
11,1264003,18
b,1264144,46
c,1264285,2214
d,1264427,80
f,1264568,29
11,1264709,18
b,1264850,48
c,1264991,2208
d,1265132,80
f,1265273,29
11,1265414,18
b,1265555,49
c,1265696,2209
d,1265837,80
f,1265978,29
11,1266119,18
b,1266260,51
c,1266397,2209
d,1266538,80
f,1266679,29
11,1266820,18
b,1266961,50
c,1267102,2209
d,1267240,80
f,1267381,29
11,1267522,18
b,1267663,49
c,1267804,2204
d,1267945,80
f,1268086,29
11,1268227,18
b,1268368,46
c,1268509,2197
d,1268651,79
f,1268792,29
11,1268933,18
b,1269074,46
c,1269215,2191
d,1269356,79
f,1269497,29
11,1269638,18
b,1269779,46
c,1269920,2182
d,1270061,79
f,1270202,29
11,1270343,18
b,1270484,49
c,1270621,2172
d,1270762,78
f,1270903,29
11,1271044,18
b,1271185,52
c,1271326,2163
d,1271464,78
f,1271605,29
11,1271746,19
b,1271887,53
c,1272028,2159
d,1272169,78
f,1272310,29
11,1272451,19
b,1272592,56
c,1272733,2158
d,1272875,78
f,1273016,29
11,1273157,20
b,1273298,59
c,1273439,2168
d,1273580,78
f,1273721,28
11,1273862,21
b,1274003,65
c,1274144,2181
d,1274285,79
f,1274426,28
11,1274567,21
b,1274708,66
c,1274845,2191
d,1274986,79
f,1275127,28
11,1275268,21
b,1275409,66
c,1275550,2206
d,1275688,80
f,1275829,28
11,1275970,22
b,1276111,70
c,1276252,2212
d,1276393,80
f,1276534,28
11,1276675,22
b,1276816,70
c,1276957,2222
d,1277099,80
f,1277240,28
11,1277381,22
b,1277522,70
c,1277663,2239
d,1277804,81
f,1277945,28
11,1278086,22
b,1278227,69
c,1278368,2251
d,1278509,81
f,1278650,28
11,1278791,22
b,1278932,69
c,1279069,2260
d,1279210,82
f,1279351,28
11,1279492,20
b,1279633,57
c,1279774,2268
d,1279912,82
f,1280053,27
11,1280194,19
b,1280335,55
c,1280476,2264
d,1280617,82
f,1280758,27
11,1280899,19
b,1281040,55
c,1281181,2268
d,1281323,82
f,1281464,27
11,1281605,19
b,1281746,55
c,1281887,2263
d,1282028,82
f,1282169,27
11,1282310,19
b,1282451,55
c,1282592,2263
d,1282733,82
f,1282874,27
11,1283015,18
b,1283156,48
c,1283293,2255
d,1283434,81
f,1283575,27
11,1283716,18
b,1283857,47
c,1283998,2246
d,1284136,81
f,1284277,27
11,1284418,18
b,1284559,49
c,1284700,2243
d,1284841,81
f,1284982,27
11,1285123,18
b,1285264,46
c,1285405,2232
d,1285547,81
f,1285688,27
11,1285829,17
b,1285970,44
c,1286111,2221
d,1286252,80
f,1286393,27
11,1286534,18
b,1286675,47
c,1286816,2214
d,1286957,80
f,1287098,27
11,1287239,18
b,1287380,49
c,1287517,2208
d,1287658,80
f,1287799,27
11,1287940,18
b,1288081,49
c,1288222,2204
d,1288360,80
f,1288501,27
11,1288642,18
b,1288783,50
c,1288924,2198
d,1289065,79
f,1289206,27
11,1289347,18
b,1289488,49
c,1289629,2202
d,1289771,80
f,1289912,27
11,1290053,18
b,1290194,50
c,1290335,2193
d,1290476,79
f,1290617,27
11,1290758,18
b,1290899,50
c,1291040,2189
d,1291181,79
f,1291322,27
11,1291463,18
b,1291604,50
c,1291741,2186
d,1291882,79
f,1292023,27
11,1292164,19
b,1292305,53
c,1292446,2185
d,1292584,79
f,1292725,27
11,1292866,20
b,1293007,58
c,1293148,2189
d,1293289,79
f,1293430,27
11,1293571,20
b,1293712,59
c,1293853,2195
d,1293995,79
f,1294136,27
11,1294277,20
b,1294418,61
c,1294559,2197
d,1294700,80
f,1294841,27
11,1294982,22
b,1295123,69
c,1295264,2207
d,1295405,80
f,1295546,27
11,1295687,21
b,1295828,67
c,1295965,2217
d,1296106,80
f,1296247,27
11,1296388,20
b,1296529,59
c,1296670,2222
d,1296808,80
f,1296949,27
11,1297090,19
b,1297231,56
c,1297372,2225
d,1297513,80
f,1297654,27
11,1297795,18
b,1297936,50
c,1298077,2221
d,1298219,80
f,1298360,27
11,1298501,18
b,1298642,49
c,1298783,2216
d,1298924,80
f,1299065,27
11,1299206,19
b,1299347,52
c,1299488,2195
d,1299629,80
f,1299770,27
11,1299911,18
b,1300052,50
c,1300189,2207
d,1300330,80
f,1300471,27
11,1300612,18
b,1300753,50
c,1300894,2201
d,1301032,79
f,1301173,27
11,1301314,18
b,1301455,50
c,1301596,2201
d,1301737,79
f,1301878,27
11,1302019,19
b,1302160,52
c,1302301,2202
d,1302443,80
f,1302584,27
11,1302725,19
b,1302866,52
c,1303007,2197
d,1303148,79
f,1303289,27
11,1303430,18
b,1303571,50
c,1303712,2193
d,1303853,79
f,1303994,27
11,1304135,18
b,1304276,50
c,1304413,2190
d,1304554,79
f,1304695,27
11,1304836,18
b,1304977,50
c,1305118,2189
d,1305256,79
f,1305397,27
11,1305538,18
b,1305679,50
c,1305820,2180
d,1305961,79
f,1306102,27
11,1306243,18
b,1306384,50
c,1306525,2176
d,1306667,79
f,1306808,27
11,1306949,18
b,1307090,52
c,1307231,2171
d,1307372,79
f,1307513,27
11,1307654,18
b,1307795,52
c,1307936,2172
d,1308077,78
f,1308218,27
11,1308359,19
b,1308500,53
c,1308637,2171
d,1308778,78
f,1308919,27
11,1309060,19
b,1309201,55
c,1309342,2172
d,1309480,78
f,1309621,27
11,1309762,19
b,1309903,56
c,1310044,2168
d,1310185,78
f,1310326,27
11,1310467,20
b,1310608,59
c,1310749,2171
d,1310891,78
f,1311032,27
11,1311173,20
b,1311314,60
c,1311455,2170
d,1311596,78
f,1311737,27
11,1311878,20
b,1312019,60
c,1312160,2176
d,1312301,79
f,1312442,27
11,1312583,20
b,1312724,61
c,1312861,2182
d,1313002,79
f,1313143,27
11,1313284,20
b,1313425,62
c,1313566,2184
d,1313704,79
f,1313845,27
11,1313986,20
b,1314127,62
c,1314268,2189
d,1314409,79
f,1314550,27
11,1314691,20
b,1314832,62
c,1314973,2189
d,1315115,79
f,1315256,27
11,1315397,20
b,1315538,62
c,1315679,2195
d,1315820,79
f,1315961,27
11,1316102,20
b,1316243,62
c,1316384,2199
d,1316525,79
f,1316666,26
11,1316807,20
b,1316948,62
c,1317085,2204
d,1317226,80
f,1317367,26
11,1317508,21
b,1317649,63
c,1317790,2211
d,1317928,80
f,1318069,26
11,1318210,20
b,1318351,62
c,1318492,2223
d,1318633,80
f,1318774,26
11,1318915,21
b,1319056,62
c,1319197,2230
d,1319339,81
f,1319480,26
11,1319621,19
b,1319762,57
c,1319903,2237
d,1320044,81
f,1320185,26
11,1320326,18
b,1320467,48
c,1320608,2244
d,1320749,81
f,1320890,26
11,1321031,15
b,1321172,41
c,1321309,2244
d,1321450,81
f,1321591,26
11,1321732,15
b,1321873,34
c,1322014,2220
d,1322152,81
f,1322293,26
11,1322434,14
b,1322575,27
c,1322716,2235
d,1322857,81
f,1322998,26
11,1323139,15
b,1323280,32
c,1323421,2222
d,1323563,80
f,1323704,27
11,1323845,17
b,1323986,38
c,1324127,2225
d,1324268,80
f,1324409,27
11,1324550,17
b,1324691,42
c,1324832,2234
d,1324973,81
f,1325114,27
11,1325255,17
b,1325396,43
c,1325533,2241
d,1325674,81
f,1325815,27
11,1325956,17
b,1326097,43
c,1326238,2248
d,1326376,81
f,1326517,26
11,1326658,18
b,1326799,45
c,1326940,2258
d,1327081,82
f,1327222,26
11,1327363,18
b,1327504,45
c,1327645,2268
d,1327787,82
f,1327928,26
11,1328069,18
b,1328210,45
c,1328351,2277
d,1328492,82
f,1328633,26
11,1328774,18
b,1328915,45
c,1329056,2282
d,1329197,83
f,1329338,26
11,1329479,18
b,1329620,47
c,1329757,2290
d,1329898,83
f,1330039,26
11,1330180,18
b,1330321,48
c,1330462,2296
d,1330600,83
f,1330741,26
11,1330882,18
b,1331023,45
c,1331164,2295
d,1331305,83
f,1331446,26
11,1331587,16
b,1331728,40
c,1331869,2291
d,1332011,83
f,1332152,26
11,1332293,16
b,1332434,40
c,1332575,2282
d,1332716,82
f,1332857,26
11,1332998,17
b,1333139,42
c,1333280,2270
d,1333421,82
f,1333562,26
11,1333703,18
b,1333844,46
c,1333981,2260
d,1334122,82
f,1334263,26
11,1334404,18
b,1334545,50
c,1334686,2254
d,1334824,81
f,1334965,26
11,1335106,19
b,1335247,54
c,1335388,2247
d,1335529,81
f,1335670,26
11,1335811,20
b,1335952,61
c,1336093,2239
d,1336235,81
f,1336376,26
11,1336517,23
b,1336658,69
c,1336799,2244
d,1336940,81
f,1337081,26
11,1337222,24
b,1337363,79
c,1337504,2249
d,1337645,81
f,1337786,26
11,1337927,25
b,1338068,82
c,1338205,2259
d,1338346,82
f,1338487,26
11,1338628,22
b,1338769,72
c,1338910,2260
d,1339048,82
f,1339189,26
11,1339330,22
b,1339471,69
c,1339612,2252
d,1339753,81
f,1339894,25
11,1340035,20
b,1340176,63
c,1340317,2239
d,1340459,81
f,1340600,25
11,1340741,19
b,1340882,55
c,1341023,2217
d,1341164,80
f,1341305,25
11,1341446,21
b,1341587,66
c,1341728,2204
d,1341869,80
f,1342010,25
11,1342151,21
b,1342292,65
c,1342429,2192
d,1342570,79
f,1342711,25
11,1342852,23
b,1342993,74
c,1343134,2186
d,1343272,79
f,1343413,25
11,1343554,24
b,1343695,79
c,1343836,2186
d,1343977,79
f,1344118,25
11,1344259,20
b,1344400,65
c,1344541,2176
d,1344683,79
f,1344824,25
11,1344965,19
b,1345106,58
c,1345247,2174
d,1345388,78
f,1345529,25
11,1345670,20
b,1345811,62
c,1345952,2169
d,1346093,78
f,1346234,25
11,1346375,21
b,1346516,68
c,1346653,2169
d,1346794,78
f,1346935,25
11,1347076,18
b,1347217,60
c,1347358,2165
d,1347496,78
f,1347637,25
11,1347778,18
b,1347919,53
c,1348060,2160
d,1348201,78
f,1348342,25
11,1348483,18
b,1348624,51
c,1348765,2147
d,1348907,78
f,1349048,25
11,1349189,18
b,1349330,50
c,1349471,2130
d,1349612,77
f,1349753,25
11,1349894,19
b,1350035,54
c,1350176,2115
d,1350317,76
f,1350458,25
11,1350599,19
b,1350740,56
c,1350877,2109
d,1351018,76
f,1351159,25
11,1351300,19
b,1351441,55
c,1351582,2104
d,1351720,76
f,1351861,25
11,1352002,18
b,1352143,51
c,1352284,2097
d,1352425,76
f,1352566,25
11,1352707,18
b,1352848,47
c,1352989,2077
d,1353131,75
f,1353272,25
11,1353413,18
b,1353554,45
c,1353695,2067
d,1353836,75
f,1353977,25
11,1354118,17
b,1354259,45
c,1354400,2052
d,1354541,74
f,1354682,25
11,1354823,14
b,1354964,37
c,1355101,2027
d,1355242,73
f,1355383,25
11,1355524,13
b,1355665,26
c,1355806,1993
d,1355944,71
f,1356085,25
11,1356226,16
b,1356367,34
c,1356508,1953
d,1356649,71
f,1356790,25
11,1356931,17
b,1357072,45
c,1357213,1950
d,1357355,70
f,1357496,25
11,1357637,20
b,1357778,60
c,1357919,1941
d,1358060,70
f,1358201,25
11,1358342,23
b,1358483,76
c,1358624,1950
d,1358765,70
f,1358906,25
11,1359047,23
b,1359188,76
c,1359325,1956
d,1359466,71
f,1359607,25
11,1359748,24
b,1359889,84
c,1360030,1969
d,1360168,71
f,1360309,25
11,1360450,25
b,1360591,87
c,1360732,1980
d,1360873,72
f,1361014,25
11,1361155,26
b,1361296,89
c,1361437,1995
d,1361579,72
f,1361720,24
11,1361861,25
b,1362002,88
c,1362143,2017
d,1362284,73
f,1362425,24
11,1362566,22
b,1362707,72
c,1362848,2025
d,1362989,73
f,1363130,24
11,1363271,24
b,1363412,79
c,1363549,2032
d,1363690,74
f,1363831,24
11,1363972,18
b,1364113,55
c,1364254,2036
d,1364392,73
f,1364533,24
11,1364674,18
b,1364815,48
c,1364956,2036
d,1365097,73
f,1365238,24
11,1365379,19
b,1365520,54
c,1365661,2034
d,1365803,74
f,1365944,24
11,1366085,20
b,1366226,58
c,1366367,2043
d,1366508,74
f,1366649,24
11,1366790,21
b,1366931,66
c,1367072,2062
d,1367213,75
f,1367354,24
11,1367495,20
b,1367636,62
c,1367773,2070
d,1367914,75
f,1368055,24
11,1368196,20
b,1368337,62
c,1368478,2071
d,1368616,75
f,1368757,24
11,1368898,21
b,1369039,66
c,1369180,2077
d,1369321,75
f,1369462,24
11,1369603,21
b,1369744,67
c,1369885,2082
d,1370027,75
f,1370168,24
11,1370309,21
b,1370450,67
c,1370591,2075
d,1370732,75
f,1370873,24
11,1371014,21
b,1371155,67
c,1371296,2066
d,1371437,75
f,1371578,24
11,1371719,21
b,1371860,66
c,1371997,2054
d,1372138,74
f,1372279,24
11,1372420,19
b,1372561,56
c,1372702,2038
d,1372840,74
f,1372981,24
11,1373122,18
b,1373263,52
c,1373404,2017
d,1373545,73
f,1373686,24
11,1373827,18
b,1373968,49
c,1374109,1987
d,1374251,72
f,1374392,24
11,1374533,18
b,1374674,50
c,1374815,1965
d,1374956,71
f,1375097,24
11,1375238,18
b,1375379,50
c,1375520,1947
d,1375661,70
f,1375802,24
11,1375943,18
b,1376084,49
c,1376221,1927
d,1376362,69
f,1376503,24
11,1376644,22
b,1376785,74
c,1376926,1925
d,1377064,70
f,1377205,24
11,1377346,25
b,1377487,91
c,1377628,1949
d,1377769,71
f,1377910,24
11,1378051,23
b,1378192,85
c,1378333,1973
d,1378475,71
f,1378616,24
11,1378757,13
b,1378898,47
c,1379039,1889
d,1379180,71
f,1379321,24
11,1379462,14
b,1379603,69
c,1379744,2528
d,1379885,69
f,1380026,24
11,1380167,13
b,1380308,21
c,1380445,2798
d,1380586,68
f,1380727,24
11,1380868,13
b,1381009,19
c,1381150,2742
d,1381288,66
f,1381429,24
11,1381570,13
b,1381711,19
c,1381852,2563
d,1381993,62
f,1382134,24
11,1382275,13
b,1382416,20
c,1382557,2317
d,1382699,56
f,1382840,24
11,1382981,13
b,1383122,22
c,1383263,2061
d,1383404,50
f,1383545,24
11,1383686,12
b,1383827,23
c,1383968,1895
d,1384109,46
f,1384250,24
11,1384391,10
b,1384532,14
c,1384669,1836
d,1384810,45
f,1384951,24
11,1385092,10
b,1385233,11
c,1385374,1796
d,1385512,44
f,1385653,24
11,1385794,10
b,1385935,13
c,1386076,1748
d,1386217,42
f,1386358,24
11,1386499,13
b,1386640,16
c,1386781,1711
d,1386923,41
f,1387064,25
11,1387205,13
b,1387346,26
c,1387487,1660
d,1387628,40
f,1387769,25
11,1387910,13
b,1388051,28
c,1388192,1624
d,1388333,39
f,1388474,25
11,1388615,13
b,1388756,29
c,1388893,1588
d,1389034,39
f,1389175,25
11,1389316,13
b,1389457,29
c,1389598,1546
d,1389736,37
f,1389877,25
11,1390018,13
b,1390159,29
c,1390300,1500
d,1390441,36
f,1390582,25
11,1390723,13
b,1390864,30
c,1391005,1460
d,1391147,35
f,1391288,25
11,1391429,13
b,1391570,30
c,1391711,1399
d,1391852,35
f,1391993,25
11,1392134,15
b,1392275,42
c,1392416,1457
d,1392557,35
f,1392698,25
11,1392839,89
b,1392980,136
c,1393117,1595
d,1393258,39
f,1393399,25
11,1393540,88
b,1393681,140
c,1393822,1768
d,1393960,44
f,1394101,25
11,1394242,88
b,1394383,143
c,1394524,1928
d,1394665,48
f,1394806,24
11,1394947,88
b,1395088,147
c,1395229,2120
d,1395371,52
f,1395512,24
11,1395653,88
b,1395794,150
c,1395935,2318
d,1396076,57
f,1396217,24
11,1396358,88
b,1396499,153
c,1396640,2507
d,1396781,62
f,1396922,24
11,1397063,88
b,1397204,155
c,1397341,2705
d,1397482,67
f,1397623,24
11,1397764,88
b,1397905,156
c,1398046,2916
d,1398184,72
f,1398325,24
11,1398466,88
b,1398607,155
c,1398748,3123
d,1398889,77
f,1399030,24
11,1399171,88
b,1399312,157
c,1399453,3339
d,1399595,82
f,1399736,24
11,1399877,88
b,1400018,159
c,1400159,3547
d,1400300,87
f,1400441,25
11,1400582,88
b,1400723,162
c,1400864,3760
d,1401005,93
f,1401146,25
11,1401287,88
b,1401428,164
c,1401565,3970
d,1401706,98
f,1401847,26
11,1401988,88
b,1402129,166
c,1402270,4173
d,1402408,103
f,1402549,27
11,1402690,88
b,1402831,168
c,1402972,4370
d,1403113,108
f,1403254,27
11,1403395,88
b,1403536,169
c,1403677,4556
d,1403819,113
f,1403960,29
11,1404101,16
b,1404242,32
c,1404383,4363
d,1404524,112
f,1404665,29
11,1404806,14
b,1404947,17
c,1405088,3335
d,1405229,111
f,1405370,29
11,1405511,13
b,1405652,17
c,1405789,3029
d,1405930,109
f,1406071,29
11,1406212,13
b,1406353,18
c,1406494,2970
d,1406632,107
f,1406773,28
11,1406914,13
b,1407055,18
c,1407196,2874
d,1407337,103
f,1407478,27
11,1407619,13
b,1407760,18
c,1407901,2773
d,1408043,100
f,1408184,27
11,1408325,13
b,1408466,19
c,1408607,2726
d,1408748,98
f,1408889,27
11,1409030,13
b,1409171,18
c,1409312,2683
d,1409453,97
f,1409594,27
11,1409735,13
b,1409876,19
c,1410013,2642
d,1410154,95
f,1410295,27
11,1410436,13
b,1410577,18
c,1410718,2614
d,1410856,94
f,1410997,27
11,1411138,14
b,1411279,20
c,1411420,2576
d,1411561,93
f,1411702,27
11,1411843,15
b,1411984,25
c,1412125,2548
d,1412267,92
f,1412408,27
11,1412549,38
b,1412690,130
c,1412831,2589
d,1412972,93
f,1413113,27
11,1413254,88
b,1413395,157
c,1413536,2650
d,1413677,96
f,1413818,26
11,1413959,88
b,1414100,157
c,1414237,2727
d,1414378,99
f,1414519,25
11,1414660,88
b,1414801,158
c,1414942,2798
d,1415080,101
f,1415221,25
11,1415362,78
b,1415503,142
c,1415644,2829
d,1415785,102
f,1415926,25
11,1416067,13
b,1416208,23
c,1416349,2788
d,1416491,100
f,1416632,24
11,1416773,13
b,1416914,19
c,1417055,2742
d,1417196,99
f,1417337,24
11,1417478,13
b,1417619,18
c,1417760,2694
d,1417901,97
f,1418042,24
11,1418183,13
b,1418324,18
c,1418461,2654
d,1418602,96
f,1418743,25
11,1418884,13
b,1419025,18
c,1419166,2612
d,1419304,94
f,1419445,25
11,1419586,13
b,1419727,18
c,1419868,2570
d,1420009,93
f,1420150,25
11,1420291,15
b,1420432,25
c,1420573,2539
d,1420715,92
f,1420856,25
11,1420997,15
b,1421138,28
c,1421279,2512
d,1421420,91
f,1421561,25
11,1421702,19
b,1421843,41
c,1421984,2498
d,1422125,90
f,1422266,25
11,1422407,23
b,1422548,62
c,1422685,2491
d,1422826,90
f,1422967,25
11,1423108,24
b,1423249,75
c,1423390,2505
d,1423528,91
f,1423669,25
11,1423810,25
b,1423951,75
c,1424092,2515
d,1424233,91
f,1424374,25
11,1424515,25
b,1424656,76
c,1424797,2530
d,1424939,91
f,1425080,24
11,1425221,23
b,1425362,72
c,1425503,2537
d,1425644,92
f,1425785,24
11,1425926,24
b,1426067,71
c,1426208,2550
d,1426349,92
f,1426490,24
11,1426631,23
b,1426772,71
c,1426909,2554
d,1427050,92
f,1427191,24
11,1427332,23
b,1427473,71
c,1427614,2566
d,1427752,93
f,1427893,24
11,1428034,24
b,1428175,71
c,1428316,2571
d,1428457,93
f,1428598,24
11,1428739,23
b,1428880,71
c,1429021,2578
d,1429163,93
f,1429304,24
11,1429445,22
b,1429586,65
c,1429727,2580
d,1429868,93
f,1430009,24
11,1430150,22
b,1430291,88
c,1430432,2637
d,1430573,94
f,1430714,24
11,1430855,88
b,1430996,157
c,1431133,2677
d,1431274,97
f,1431415,24
11,1431556,88
b,1431697,158
c,1431838,2744
d,1431976,99
f,1432117,24
11,1432258,88
b,1432399,158
c,1432540,2805
d,1432681,102
f,1432822,24
11,1432963,88
b,1433104,158
c,1433245,2880
d,1433387,104
f,1433528,24
11,1433669,88
b,1433810,158
c,1433951,2949
d,1434092,107
f,1434233,24
11,1434374,13
b,1434515,55
c,1434656,2943
d,1434797,106
f,1434938,24
11,1435079,13
b,1435220,19
c,1435357,2900
d,1435498,105
f,1435639,24
11,1435780,13
b,1435921,18
c,1436062,2849
d,1436200,103
f,1436341,24
11,1436482,13
b,1436623,18
c,1436764,2799
d,1436905,101
f,1437046,24
11,1437187,13
b,1437328,18
c,1437469,2748
d,1437611,99
f,1437752,24
11,1437893,13
b,1438034,18
c,1438175,2701
d,1438316,98
f,1438457,24
11,1438598,13
b,1438739,18
c,1438880,2657
d,1439021,96
f,1439162,24
11,1439303,13
b,1439444,18
c,1439581,2613
d,1439722,94
f,1439863,24
11,1440004,15
b,1440145,22
c,1440286,2591
d,1440424,93
f,1440565,24
11,1440706,19
b,1440847,45
c,1440988,2567
d,1441129,93
f,1441270,24
11,1441411,23
b,1441552,66
c,1441693,2566
d,1441835,93
f,1441976,24
11,1442117,25
b,1442258,80
c,1442399,2577
d,1442540,93
f,1442681,24
11,1442822,29
b,1442963,85
c,1443104,2590
d,1443245,94
f,1443386,24
11,1443527,27
b,1443668,85
c,1443805,2607
d,1443946,95
f,1444087,24
11,1444228,29
b,1444369,88
c,1444510,2634
d,1444648,95
f,1444789,24
11,1444930,28
b,1445071,87
c,1445212,2652
d,1445353,96
f,1445494,24
11,1445635,27
b,1445776,85
c,1445917,2666
d,1446059,96
f,1446200,24
11,1446341,26
b,1446482,79
c,1446623,2676
d,1446764,97
f,1446905,24
11,1447046,25
b,1447187,76
c,1447328,2680
d,1447469,97
f,1447610,24
11,1447751,25
b,1447892,73
c,1448029,2688
d,1448170,97
f,1448311,24
11,1448452,19
b,1448593,49
c,1448734,2677
d,1448872,97
f,1449013,24
11,1449154,18
b,1449295,43
c,1449436,2659
d,1449577,96
f,1449718,24
11,1449859,22
b,1450000,56
c,1450141,2652
d,1450283,96
f,1450424,24
11,1450565,21
b,1450706,59
c,1450847,2645
d,1450988,96
f,1451129,24
11,1451270,20
b,1451411,50
c,1451552,2633
d,1451693,95
f,1451834,24
11,1451975,21
b,1452116,56
c,1452253,2632
d,1452394,95
f,1452535,24
11,1452676,21
b,1452817,56
c,1452958,2620
d,1453096,95
f,1453237,24
11,1453378,21
b,1453519,56
c,1453660,2615
d,1453801,95
f,1453942,23
11,1454083,21
b,1454224,56
c,1454365,2612
d,1454507,94
f,1454648,23
11,1454789,21
b,1454930,56
c,1455071,2608
d,1455212,94
f,1455353,23
11,1455494,21
b,1455635,57
c,1455776,2600
d,1455917,94
f,1456058,23
11,1456199,21
b,1456340,57
c,1456477,2601
d,1456618,94
f,1456759,23
11,1456900,21
b,1457041,56
c,1457182,2607
d,1457320,94
f,1457461,23
11,1457602,20
b,1457743,50
c,1457884,2604
d,1458025,94
f,1458166,23
11,1458307,20
b,1458448,50
c,1458589,2609
d,1458731,94
f,1458872,23
11,1459013,19
b,1459154,47
c,1459295,2606
d,1459436,94
f,1459577,23
11,1459718,19
b,1459859,47
c,1460000,2602
d,1460141,94
f,1460282,23
11,1460423,19
b,1460564,47
c,1460701,2590
d,1460842,94
f,1460983,23
11,1461124,19
b,1461265,48
c,1461406,2582
d,1461544,93
f,1461685,23
11,1461826,19
b,1461967,48
c,1462108,2575
d,1462249,93
f,1462390,23
11,1462531,19
b,1462672,48
c,1462813,2572
d,1462955,93
f,1463096,23
11,1463237,20
b,1463378,52
c,1463519,2572
d,1463660,93
f,1463801,23
11,1463942,20
b,1464083,53
c,1464224,2573
d,1464365,93
f,1464506,23
11,1464647,18
b,1464788,47
c,1464925,2572
d,1465066,93
f,1465207,23
11,1465348,16
b,1465489,35
c,1465630,2556
d,1465768,92
f,1465909,23
11,1466050,14
b,1466191,25
c,1466332,2533
d,1466473,91
f,1466614,23
11,1466755,17
b,1466896,34
c,1467037,2510
d,1467179,90
f,1467320,23
11,1467461,20
b,1467602,51
c,1467743,2496
d,1467884,90
f,1468025,23
11,1468166,22
b,1468307,61
c,1468448,2497
d,1468589,90
f,1468730,23
11,1468871,22
b,1469012,66
c,1469149,2496
d,1469290,90
f,1469431,23
11,1469572,19
b,1469713,53
c,1469854,2498
d,1469992,90
f,1470133,23
11,1470274,16
b,1470415,37
c,1470556,2481
d,1470697,90
f,1470838,22
11,1470979,12
b,1471120,21
c,1471261,2443
d,1471403,88
f,1471544,22
11,1471685,13
b,1471826,20
c,1471967,2402
d,1472108,87
f,1472249,22
11,1472390,16
b,1472531,26
c,1472672,2399
d,1472813,86
f,1472954,22
11,1473095,16
b,1473236,34
c,1473373,2352
d,1473514,85
f,1473655,23
11,1473796,17
b,1473937,37
c,1474078,2333
d,1474216,84
f,1474357,23
11,1474498,18
b,1474639,40
c,1474780,2319
d,1474921,84
f,1475062,23
11,1475203,23
b,1475344,66
c,1475485,2321
d,1475627,84
f,1475768,23
11,1475909,24
b,1476050,80
c,1476191,2334
d,1476332,84
f,1476473,22
11,1476614,25
b,1476755,79
c,1476896,2348
d,1477037,85
f,1477178,22
11,1477319,18
b,1477460,53
c,1477597,2345
d,1477738,85
f,1477879,22
11,1478020,19
b,1478161,49
c,1478302,2336
d,1478440,84
f,1478581,22
11,1478722,20
b,1478863,54
c,1479004,2315
d,1479145,84
f,1479286,22
11,1479427,14
b,1479568,30
c,1479709,2307
d,1479851,83
f,1479992,22
11,1480133,16
b,1480274,35
c,1480415,2266
d,1480556,82
f,1480697,22
11,1480838,16
b,1480979,35
c,1481120,2245
d,1481261,81
f,1481402,22
11,1481543,19
b,1481684,47
c,1481821,2223
d,1481962,80
f,1482103,22
11,1482244,19
b,1482385,51
c,1482526,2213
d,1482664,80
f,1482805,22
11,1482946,22
b,1483087,75
c,1483228,2227
d,1483369,80
f,1483510,22
11,1483651,25
b,1483792,85
c,1483933,2232
d,1484075,81
f,1484216,22
11,1484357,21
b,1484498,69
c,1484639,2238
d,1484780,81
f,1484921,22
11,1485062,18
b,1485203,53
c,1485344,2232
d,1485485,81
f,1485626,22
11,1485767,14
b,1485908,34
c,1486045,2214
d,1486186,80
f,1486327,21
11,1486468,13
b,1486609,23
c,1486750,2173
d,1486888,79
f,1487029,21
11,1487170,13
b,1487311,22
c,1487452,2141
d,1487593,77
f,1487734,22
11,1487875,16
b,1488016,32
c,1488157,2130
d,1488299,76
f,1488440,22
11,1488581,13
b,1488722,51
c,1488863,2242
d,1489004,75
f,1489145,22
11,1489286,19
b,1489427,43
c,1489568,3041
d,1489709,74
f,1489850,22
11,1489991,19
b,1490132,37
c,1490269,3009
d,1490410,73
f,1490551,22
11,1490692,20
b,1490833,42
c,1490974,2989
d,1491112,73
f,1491253,22
11,1491394,16
b,1491535,32
c,1491676,2924
d,1491817,72
f,1491958,22
11,1492099,13
b,1492240,18
c,1492381,2878
d,1492523,70
f,1492664,21
11,1492805,19
b,1492946,37
c,1493087,2844
d,1493228,69
f,1493369,22
11,1493510,25
b,1493651,70
c,1493792,2857
d,1493933,70
f,1494074,22
11,1494215,27
b,1494356,79
c,1494493,2895
d,1494634,71
f,1494775,22
11,1494916,25
b,1495057,65
c,1495198,2920
d,1495336,71
f,1495477,21
11,1495618,13
b,1495759,20
c,1495900,2836
d,1496041,69
f,1496182,21
11,1496323,13
b,1496464,37
c,1496605,3005
d,1496747,68
f,1496888,21
11,1497029,14
b,1497170,21
c,1497311,3305
d,1497452,66
f,1497593,21
11,1497734,14
b,1497875,17
c,1498016,3193
d,1498157,63
f,1498298,21
11,1498439,14
b,1498580,18
c,1498717,3003
d,1498858,59
f,1498999,22
11,1499140,13
b,1499281,18
c,1499422,2770
d,1499560,55
f,1499701,22
11,1499842,13
b,1499983,18
c,1500124,2556
d,1500265,50
f,1500406,22
11,1500547,13
b,1500688,20
c,1500829,2309
d,1500971,45
f,1501112,22
11,1501253,13
b,1501394,22
c,1501535,2037
d,1501676,40
f,1501817,22
11,1501958,10
b,1502099,17
c,1502240,1806
d,1502381,36
f,1502522,22
11,1502663,10
b,1502804,12
c,1502941,1732
d,1503082,34
f,1503223,22
11,1503364,13
b,1503505,23
c,1503646,1671
d,1503784,33
f,1503925,22
11,1504066,13
b,1504207,27
c,1504348,1604
d,1504489,32
f,1504630,22
11,1504771,13
b,1504912,29
c,1505053,1544
d,1505195,30
f,1505336,22
11,1505477,13
b,1505618,29
c,1505759,1482
d,1505900,29
f,1506041,22
11,1506182,13
b,1506323,30
c,1506464,1421
d,1506605,28
f,1506746,22
11,1506887,13
b,1507028,30
c,1507165,1364
d,1507306,27
f,1507447,22
11,1507588,12
b,1507729,30
c,1507870,1315
d,1508008,26
f,1508149,22
11,1508290,13
b,1508431,30
c,1508572,1293
d,1508713,25
f,1508854,22
11,1508995,13
b,1509136,30
c,1509277,1294
d,1509419,25
f,1509560,22
11,1509701,75
b,1509842,128
c,1509983,1435
d,1510124,29
f,1510265,22
11,1510406,88
b,1510547,138
c,1510688,1673
d,1510829,34
f,1510970,23
11,1511111,88
b,1511252,143
c,1511389,1936
d,1511530,39
f,1511671,23
11,1511812,88
b,1511953,149
c,1512094,2212
d,1512232,45
f,1512373,22
11,1512514,88
b,1512655,153
c,1512796,2514
d,1512937,51
f,1513078,22
11,1513219,88
b,1513360,156
c,1513501,2824
d,1513643,57
f,1513784,22
11,1513925,88
b,1514066,155
c,1514207,3146
d,1514348,64
f,1514489,22
11,1514630,88
b,1514771,158
c,1514912,3477
d,1515053,70
f,1515194,22
11,1515335,88
b,1515476,162
c,1515613,3814
d,1515754,77
f,1515895,23
11,1516036,88
b,1516177,165
c,1516318,4155
d,1516456,84
f,1516597,24
11,1516738,88
b,1516879,168
c,1517020,4486
d,1517161,90
f,1517302,26
11,1517443,88
b,1517584,170
c,1517725,4801
d,1517867,97
f,1518008,26
11,1518149,88
b,1518290,171
c,1518431,5120
d,1518572,103
f,1518713,27
11,1518854,88
b,1518995,171
c,1519136,5415
d,1519277,109
f,1519418,30
11,1519559,88
b,1519700,171
c,1519837,5707
d,1519978,115
f,1520119,30
11,1520260,88
b,1520401,171
c,1520542,5980
d,1520680,120
f,1520821,33
11,1520962,88
b,1521103,172
c,1521244,6246
d,1521385,125
f,1521526,36
11,1521667,88
b,1521808,174
c,1521949,6491
d,1522091,131
f,1522232,36
11,1522373,88
b,1522514,175
c,1522655,6715
d,1522796,135
f,1522937,38
11,1523078,88
b,1523219,176
c,1523360,6931
d,1523501,139
f,1523642,40
11,1523783,20
b,1523924,26
c,1524061,6002
d,1524202,138
f,1524343,39
11,1524484,88
b,1524625,174
c,1524766,5759
d,1524904,142
f,1525045,39
11,1525186,88
b,1525327,173
c,1525468,5914
d,1525609,146
f,1525750,40
11,1525891,88
b,1526032,173
c,1526173,6057
d,1526315,149
f,1526456,41
11,1526597,88
b,1526738,173
c,1526879,6197
d,1527020,153
f,1527161,41
11,1527302,88
b,1527443,174
c,1527584,6316
d,1527725,155
f,1527866,42
11,1528007,88
b,1528148,175
c,1528285,6450
d,1528426,159
f,1528567,43
11,1528708,88
b,1528849,176
c,1528990,6555
d,1529128,161
f,1529269,43
11,1529410,19
b,1529551,35
c,1529692,5789
d,1529833,160
f,1529974,45
11,1530115,88
b,1530256,174
c,1530397,5465
d,1530539,162
f,1530680,43
11,1530821,88
b,1530962,175
c,1531103,5549
d,1531244,164
f,1531385,42
11,1531526,17
b,1531667,30
c,1531808,5465
d,1531949,161
f,1532090,42
11,1532231,17
b,1532372,20
c,1532509,5210
d,1532650,154
f,1532791,40
11,1532932,16
b,1533073,18
c,1533214,4925
d,1533352,145
f,1533493,39
11,1533634,16
b,1533775,17
c,1533916,4679
d,1534057,138
f,1534198,39
11,1534339,15
b,1534480,17
c,1534621,4419
d,1534763,130
f,1534904,37
11,1535045,15
b,1535186,17
c,1535327,4184
d,1535468,123
f,1535609,36
11,1535750,15
b,1535891,17
c,1536032,3937
d,1536173,116
f,1536314,34
11,1536455,14
b,1536596,17
c,1536733,3096
d,1536874,108
f,1537015,34
11,1537156,13
b,1537297,18
c,1537438,2828
d,1537576,101
f,1537717,33
11,1537858,13
b,1537999,19
c,1538140,2626
d,1538281,94
f,1538422,32
11,1538563,13
b,1538704,19
c,1538845,2449
d,1538987,88
f,1539128,32
11,1539269,13
b,1539410,20
c,1539551,2334
d,1539692,84
f,1539833,31
11,1539974,13
b,1540115,21
c,1540256,2296
d,1540397,83
f,1540538,30
11,1540679,13
b,1540820,22
c,1540957,2260
d,1541098,81
f,1541239,30
11,1541380,13
b,1541521,22
c,1541662,2249
d,1541800,80
f,1541941,30
11,1542082,20
b,1542223,46
c,1542364,2216
d,1542505,80
f,1542646,30
11,1542787,21
b,1542928,62
c,1543069,2213
d,1543211,80
f,1543352,29
11,1543493,21
b,1543634,63
c,1543775,2219
d,1543916,80
f,1544057,29
11,1544198,23
b,1544339,71
c,1544480,2225
d,1544621,80
f,1544762,28
11,1544903,23
b,1545044,73
c,1545181,2237
d,1545322,81
f,1545463,27
11,1545604,23
b,1545745,72
c,1545886,2246
d,1546024,81
f,1546165,27
11,1546306,23
b,1546447,74
c,1546588,2261
d,1546729,82
f,1546870,27
11,1547011,25
b,1547152,81
c,1547293,2277
d,1547435,82
f,1547576,27
11,1547717,25
b,1547858,82
c,1547999,2294
d,1548140,83
f,1548281,27
11,1548422,25
b,1548563,81
c,1548704,2313
d,1548845,84
f,1548986,27
11,1549127,25
b,1549268,81
c,1549405,2327
d,1549546,84
f,1549687,27
11,1549828,25
b,1549969,81
c,1550110,2345
d,1550248,85
f,1550389,27
11,1550530,25
b,1550671,81
c,1550812,2365
d,1550953,85
f,1551094,27
11,1551235,23
b,1551376,70
c,1551517,2373
d,1551659,86
f,1551800,26
11,1551941,20
b,1552082,60
c,1552223,2375
d,1552364,86
f,1552505,26
11,1552646,20
b,1552787,58
c,1552928,2373
d,1553069,86
f,1553210,26
11,1553351,19
b,1553492,54
c,1553629,2364
d,1553770,85
f,1553911,26
11,1554052,18
b,1554193,48
c,1554334,2355
d,1554472,85
f,1554613,25
11,1554754,18
b,1554895,47
c,1555036,2349
d,1555177,85
f,1555318,25
11,1555459,18
b,1555600,47
c,1555741,2339
d,1555883,85
f,1556024,25
11,1556165,18
b,1556306,47
c,1556447,2334
d,1556588,84
f,1556729,25
11,1556870,18
b,1557011,47
c,1557152,2326
d,1557293,84
f,1557434,25
11,1557575,18
b,1557716,48
c,1557853,2320
d,1557994,84
f,1558135,25
11,1558276,18
b,1558417,47
c,1558558,2316
d,1558696,84
f,1558837,25
11,1558978,18
b,1559119,47
c,1559260,2314
d,1559401,84
f,1559542,25
11,1559683,18
b,1559824,47
c,1559965,2305
d,1560107,83
f,1560248,25
11,1560389,18
b,1560530,48
c,1560671,2302
d,1560812,83
f,1560953,25
11,1561094,18
b,1561235,48
c,1561376,2301
d,1561517,83
f,1561658,25
11,1561799,18
b,1561940,46
c,1562077,2295
d,1562218,83
f,1562359,24
11,1562500,17
b,1562641,41
c,1562782,2286
d,1562920,83
f,1563061,24
11,1563202,16
b,1563343,36
c,1563484,2276
d,1563625,82
f,1563766,24
11,1563907,16
b,1564048,37
c,1564189,2261
d,1564331,82
f,1564472,24
11,1564613,16
b,1564754,37
c,1564895,2250
d,1565036,81
f,1565177,24
11,1565318,16
b,1565459,37
c,1565600,2237
d,1565741,81
f,1565882,24
11,1566023,16
b,1566164,34
c,1566301,2244
d,1566442,80
f,1566583,24
11,1566724,13
b,1566865,22
c,1567006,2193
d,1567144,79
f,1567285,24
11,1567426,13
b,1567567,21
c,1567708,2155
d,1567849,78
f,1567990,24
11,1568131,13
b,1568272,23
c,1568413,2121
d,1568555,76
f,1568696,24
11,1568837,13
b,1568978,23
c,1569119,2085
d,1569260,75
f,1569401,24
11,1569542,13
b,1569683,23
c,1569824,2052
d,1569965,74
f,1570106,24
11,1570247,13
b,1570388,23
c,1570525,2005
d,1570666,73
f,1570807,24
11,1570948,52
b,1571089,122
c,1571230,2188
d,1571368,72
f,1571509,24
11,1571650,15
b,1571791,29
c,1571932,2912
d,1572073,71
f,1572214,24
11,1572355,19
b,1572496,38
c,1572637,2895
d,1572779,71
f,1572920,24
11,1573061,34
b,1573202,110
c,1573343,2974
d,1573484,73
f,1573625,24
11,1573766,88
b,1573907,156
c,1574048,2989
d,1574189,73
f,1574330,24
11,1574471,88
b,1574612,157
c,1574749,2976
d,1574890,73
f,1575031,24
11,1575172,88
b,1575313,158
c,1575454,2973
d,1575592,73
f,1575733,24
11,1575874,88
b,1576015,158
c,1576156,2969
d,1576297,73
f,1576438,24
11,1576579,88
b,1576720,158
c,1576861,2968
d,1577003,72
f,1577144,24
11,1577285,88
b,1577426,159
c,1577567,2961
d,1577708,72
f,1577849,25
11,1577990,88
b,1578131,159
c,1578272,2955
d,1578413,72
f,1578554,26
11,1578695,88
b,1578836,160
c,1578973,2946
d,1579114,72
f,1579255,26
11,1579396,88
b,1579537,160
c,1579678,2942
d,1579816,72
f,1579957,26
11,1580098,88
b,1580239,160
c,1580380,2953
d,1580521,72
f,1580662,27
11,1580803,88
b,1580944,160
c,1581085,2967
d,1581227,73
f,1581368,27
11,1581509,88
b,1581650,160
c,1581791,2985
d,1581932,73
f,1582073,27
11,1582214,88
b,1582355,160
c,1582496,3008
d,1582637,74
f,1582778,28
11,1582919,88
b,1583060,161
c,1583197,3020
d,1583338,74
f,1583479,29
11,1583620,88
b,1583761,161
c,1583902,3035
d,1584040,74
f,1584181,29
11,1584322,88
b,1584463,160
c,1584604,3044
d,1584745,74
f,1584886,29
11,1585027,88
b,1585168,161
c,1585309,3050
d,1585451,75
f,1585592,30
11,1585733,88
b,1585874,161
c,1586015,3053
d,1586156,75
f,1586297,30
11,1586438,88
b,1586579,160
c,1586720,3186
d,1586861,79
f,1587002,30
11,1587143,88
b,1587284,162
c,1587421,3383
d,1587562,84
f,1587703,30
11,1587844,88
b,1587985,164
c,1588126,3580
d,1588264,88
f,1588405,31
11,1588546,88
b,1588687,166
c,1588828,3773
d,1588969,93
f,1589110,31
11,1589251,88
b,1589392,168
c,1589533,3964
d,1589675,98
f,1589816,32
11,1589957,88
b,1590098,170
c,1590239,4155
d,1590380,102
f,1590521,33
11,1590662,88
b,1590803,171
c,1590944,4349
d,1591085,107
f,1591226,33
11,1591367,88
b,1591508,172
c,1591645,4524
d,1591786,111
f,1591927,33
11,1592068,15
b,1592209,27
c,1592350,4249
d,1592488,110
f,1592629,34
11,1592770,87
b,1592911,161
c,1593052,3801
d,1593193,112
f,1593334,34
11,1593475,88
b,1593616,168
c,1593757,3916
d,1593899,116
f,1594040,34
11,1594181,88
b,1594322,169
c,1594463,4033
d,1594604,119
f,1594745,34
11,1594886,88
b,1595027,170
c,1595168,4141
d,1595309,123
f,1595450,34
11,1595591,88
b,1595732,171
c,1595869,4256
d,1596010,126
f,1596151,34
11,1596292,88
b,1596433,172
c,1596574,4366
d,1596712,129
f,1596853,35
11,1596994,88
b,1597135,173
c,1597276,4470
d,1597417,132
f,1597558,36
11,1597699,88
b,1597840,173
c,1597981,4576
d,1598123,136
f,1598264,36
11,1598405,88
b,1598546,173
c,1598687,4580
d,1598828,136
f,1598969,36
11,1599110,15
b,1599251,19
c,1599392,3787
d,1599533,135
f,1599674,35
11,1599815,14
b,1599956,17
c,1600093,3671
d,1600234,133
f,1600375,33
11,1600516,14
b,1600657,17
c,1600798,3545
d,1600936,127
f,1601077,33
11,1601218,14
b,1601359,18
c,1601500,3396
d,1601641,122
f,1601782,33
11,1601923,14
b,1602064,17
c,1602205,3254
d,1602347,117
f,1602488,31
11,1602629,14
b,1602770,18
c,1602911,3017
d,1603052,108
f,1603193,31
11,1603334,13
b,1603475,18
c,1603616,2689
d,1603757,96
f,1603898,30
11,1604039,13
b,1604180,19
c,1604317,2532
d,1604458,91
f,1604599,30
11,1604740,13
b,1604881,21
c,1605022,2486
d,1605160,90
f,1605301,29
11,1605442,31
b,1605583,86
c,1605724,2498
d,1605865,90
f,1606006,29
11,1606147,29
b,1606288,102
c,1606429,2517
d,1606571,91
f,1606712,29
11,1606853,31
b,1606994,106
c,1607135,2549
d,1607276,92
f,1607417,28
11,1607558,31
b,1607699,106
c,1607840,2582
d,1607981,93
f,1608122,28
11,1608263,30
b,1608404,104
c,1608541,2607
d,1608682,95
f,1608823,27
11,1608964,30
b,1609105,102
c,1609246,2640
d,1609384,96
f,1609525,27
11,1609666,27
b,1609807,88
c,1609948,2663
d,1610089,96
f,1610230,27
11,1610371,27
b,1610512,84
c,1610653,2679
d,1610795,97
f,1610936,27
11,1611077,22
b,1611218,61
c,1611359,2676
d,1611500,97
f,1611641,27
11,1611782,21
b,1611923,55
c,1612064,2667
d,1612205,97
f,1612346,26
11,1612487,16
b,1612628,34
c,1612765,2650
d,1612906,96
f,1613047,26
11,1613188,16
b,1613329,31
c,1613470,2561
d,1613608,94
f,1613749,26
11,1613890,13
b,1614031,19
c,1614172,2591
d,1614313,93
f,1614454,26
11,1614595,22
b,1614736,45
c,1614877,2562
d,1615019,93
f,1615160,26
11,1615301,23
b,1615442,67
c,1615583,2555
d,1615724,93
f,1615865,26
11,1616006,16
b,1616147,35
c,1616288,2545
d,1616429,92
f,1616570,25
11,1616711,16
b,1616852,30
c,1616989,2536
d,1617130,91
f,1617271,25
11,1617412,13
b,1617553,19
c,1617694,2475
d,1617832,89
f,1617973,25
11,1618114,13
b,1618255,19
c,1618396,2380
d,1618537,85
f,1618678,25
11,1618819,13
b,1618960,22
c,1619101,1721
d,1619243,80
f,1619384,25
11,1619525,12
b,1619666,21
c,1619807,2402
d,1619948,74
f,1620089,25
11,1620230,13
b,1620371,18
c,1620512,2847
d,1620653,69
f,1620794,25
11,1620935,13
b,1621076,19
c,1621213,2645
d,1621354,64
f,1621495,25
11,1621636,13
b,1621777,20
c,1621918,1991
d,1622056,57
f,1622197,25
11,1622338,14
b,1622479,19
c,1622620,2191
d,1622761,51
f,1622902,25
11,1623043,13
b,1623184,21
c,1623325,2221
d,1623467,43
f,1623608,25
11,1623749,13
b,1623890,23
c,1624031,1935
d,1624172,38
f,1624313,25
11,1624454,10
b,1624595,15
c,1624736,1772
d,1624877,35
f,1625018,25
11,1625159,13
b,1625300,19
c,1625437,1466
d,1625578,33
f,1625719,24
11,1625860,13
b,1626001,59
c,1626142,1650
d,1626280,32
f,1626421,25
11,1626562,14
b,1626703,31
c,1626844,2103
d,1626985,29
f,1627126,25
11,1627267,19
b,1627408,44
c,1627549,2018
d,1627691,29
f,1627832,24
11,1627973,20
b,1628114,58
c,1628255,2105
d,1628396,30
f,1628537,24
11,1628678,22
b,1628819,69
c,1628960,2219
d,1629101,32
f,1629242,24
11,1629383,25
b,1629524,79
c,1629661,2409
d,1629802,35
f,1629943,24
11,1630084,28
b,1630225,93
c,1630366,2596
d,1630504,38
f,1630645,24
11,1630786,44
b,1630927,151
c,1631068,2972
d,1631209,43
f,1631350,25
11,1631491,88
b,1631632,157
c,1631773,3416
d,1631915,50
f,1632056,25
11,1632197,88
b,1632338,163
c,1632479,3896
d,1632620,57
f,1632761,25
11,1632902,88
b,1633043,167
c,1633184,4380
d,1633325,64
f,1633466,27
11,1633607,19
b,1633748,40
c,1633885,4295
d,1634026,65
f,1634167,27
11,1634308,18
b,1634449,32
c,1634590,3189
d,1634728,64
f,1634869,27
11,1635010,17
b,1635151,38
c,1635292,3144
d,1635433,62
f,1635574,27
11,1635715,13
b,1635856,18
c,1635997,2819
d,1636139,55
f,1636280,27
11,1636421,13
b,1636562,19
c,1636703,2467
d,1636844,48
f,1636985,27
11,1637126,13
b,1637267,21
c,1637408,2153
d,1637549,42
f,1637690,27
11,1637831,13
b,1637972,23
c,1638109,1838
d,1638250,36
f,1638391,26
11,1638532,13
b,1638673,21
c,1638814,1615
d,1638952,32
f,1639093,26
11,1639234,17
b,1639375,101
c,1639516,1653
d,1639657,31
f,1639798,26
11,1639939,13
b,1640080,37
c,1640221,1964
d,1640363,29
f,1640504,26
11,1640645,13
b,1640786,25
c,1640927,1862
d,1641068,27
f,1641209,26
11,1641350,13
b,1641491,25
c,1641632,1649
d,1641773,24
f,1641914,26
11,1642055,13
b,1642196,29
c,1642333,1082
d,1642474,21
f,1642615,25
11,1642756,13
b,1642897,38
c,1643038,726
d,1643176,18
f,1643317,26
11,1643458,13
b,1643599,45
c,1643740,759
d,1643881,15
f,1644022,26
11,1644163,12
b,1644304,46
c,1644445,766
d,1644587,13
f,1644728,25
11,1644869,12
b,1645010,44
c,1645151,761
d,1645292,10
f,1645433,25
11,1645574,12
b,1645715,42
c,1645856,741
d,1645997,6
f,1646138,25
11,1646279,12
b,1646420,41
c,1646557,752
d,1646698,3
f,1646839,25
11,1646980,12
b,1647121,41
c,1647262,740
d,1647400,2
f,1647541,25
11,1647682,12
b,1647823,41
c,1647964,743
d,1648105,1
f,1648246,25
11,1648387,12
b,1648528,41
c,1648669,745
d,1648811,1
f,1648952,25
11,1649093,12
b,1649234,41
c,1649375,738
d,1649516,1
f,1649657,25
11,1649798,12
b,1649939,41
c,1650080,737
d,1650221,0
f,1650362,25
11,1650503,12
b,1650644,41
c,1650781,735
d,1650922,0
f,1651063,25
11,1651204,12
b,1651345,41
c,1651486,739
d,1651624,0
f,1651765,25
11,1651906,12
b,1652047,41
c,1652188,736
d,1652329,0
f,1652470,25
11,1652611,12
b,1652752,41
c,1652893,737
d,1653035,0
f,1653176,25
11,1653317,12
b,1653458,41
c,1653599,767
d,1653740,0
f,1653881,25
11,1654022,20
b,1654163,82
c,1654304,1488
d,1654445,0
f,1654586,25
11,1654727,17
b,1654868,62
c,1655005,1477
d,1655146,4
f,1655287,25
11,1655428,17
b,1655569,65
c,1655710,1205
d,1655848,8
f,1655989,25
11,1656130,17
b,1656271,70
c,1656412,1340
d,1656553,12
f,1656694,25
11,1656835,12
b,1656976,49
c,1657117,1339
d,1657259,13
f,1657400,25
11,1657541,12
b,1657682,39
c,1657823,880
d,1657964,13
f,1658105,25
11,1658246,22
b,1658387,88
c,1658528,997
d,1658669,15
f,1658810,25
11,1658951,17
b,1659092,78
c,1659229,1200
d,1659370,17
f,1659511,26
11,1659652,16
b,1659793,65
c,1659934,1324
d,1660072,19
f,1660213,26
11,1660354,16
b,1660495,59
c,1660636,1454
d,1660777,21
f,1660918,26
11,1661059,18
b,1661200,61
c,1661341,1571
d,1661483,23
f,1661624,26
11,1661765,19
b,1661906,65
c,1662047,1737
d,1662188,25
f,1662329,26
11,1662470,19
b,1662611,64
c,1662752,1915
d,1662893,28
f,1663034,26
11,1663175,24
b,1663316,80
c,1663453,2169
d,1663594,32
f,1663735,26
11,1663876,22
b,1664017,69
c,1664158,2416
d,1664296,35
f,1664437,26
11,1664578,22
b,1664719,69
c,1664860,2664
d,1665001,39
f,1665142,26
11,1665283,26
b,1665424,74
c,1665565,2869
d,1665707,42
f,1665848,26
11,1665989,18
b,1666130,38
c,1666271,3017
d,1666412,44
f,1666553,26
11,1666694,13
b,1666835,20
c,1666976,2585
d,1667117,44
f,1667258,26
11,1667399,53
b,1667540,152
c,1667677,2462
d,1667818,50
f,1667959,26
11,1668100,88
b,1668241,158
c,1668382,2798
d,1668520,56
f,1668661,27
11,1668802,88
b,1668943,157
c,1669084,3155
d,1669225,64
f,1669366,27
11,1669507,88
b,1669648,159
c,1669789,3505
d,1669931,71
f,1670072,27
11,1670213,88
b,1670354,163
c,1670495,3873
d,1670636,78
f,1670777,27
11,1670918,88
b,1671059,166
c,1671200,4220
d,1671341,85
f,1671482,29
11,1671623,88
b,1671764,169
c,1671901,4546
d,1672042,91
f,1672183,30
11,1672324,88
b,1672465,170
c,1672606,4859
d,1672744,97
f,1672885,30
11,1673026,88
b,1673167,171
c,1673308,5080
d,1673449,104
f,1673590,32
11,1673731,88
b,1673872,171
c,1674013,5415
d,1674155,109
f,1674296,34
11,1674437,88
b,1674578,172
c,1674719,5658
d,1674860,114
f,1675001,34
11,1675142,88
b,1675283,171
c,1675424,5914
d,1675565,119
f,1675706,36
11,1675847,88
b,1675988,171
c,1676125,6157
d,1676266,124
f,1676407,39
11,1676548,88
b,1676689,173
c,1676830,6384
d,1676968,128
f,1677109,39
11,1677250,18
b,1677391,42
c,1677532,5311
d,1677673,129
f,1677814,40
11,1677955,88
b,1678096,174
c,1678237,5387
d,1678379,133
f,1678520,40
11,1678661,88
b,1678802,174
c,1678943,5544
d,1679084,136
f,1679225,40
11,1679366,88
b,1679507,175
c,1679648,5687
d,1679789,140
f,1679930,40
11,1680071,88
b,1680212,174
c,1680349,5825
d,1680490,143
f,1680631,41
11,1680772,88
b,1680913,173
c,1681054,5974
d,1681192,147
f,1681333,42
11,1681474,88
b,1681615,173
c,1681756,6100
d,1681897,150
f,1682038,42
11,1682179,88
b,1682320,174
c,1682461,6228
d,1682603,153
f,1682744,43
11,1682885,88
b,1683026,174
c,1683167,6341
d,1683308,156
f,1683449,45
11,1683590,88
b,1683731,175
c,1683872,6457
d,1684013,159
f,1684154,46
11,1684295,88
b,1684436,122
c,1684573,6163
d,1684714,159
f,1684855,46
11,1684996,88
b,1685137,174
c,1685278,5423
d,1685416,161
f,1685557,45
11,1685698,88
b,1685839,175
c,1685980,5503
d,1686121,163
f,1686262,45
11,1686403,88
b,1686544,176
c,1686685,5568
d,1686827,165
f,1686968,45
11,1687109,88
b,1687250,176
c,1687391,5647
d,1687532,167
f,1687673,45
11,1687814,88
b,1687955,175
c,1688096,5718
d,1688237,169
f,1688378,45
11,1688519,88
b,1688660,175
c,1688797,5786
d,1688938,172
f,1689079,45
11,1689220,88
b,1689361,175
c,1689502,5852
d,1689640,173
f,1689781,45
11,1689922,88
b,1690063,174
c,1690204,5911
d,1690345,175
f,1690486,45
11,1690627,88
b,1690768,174
c,1690909,5980
d,1691051,177
f,1691192,46
11,1691333,88
b,1691474,173
c,1691615,6038
d,1691756,179
f,1691897,46
11,1692038,88
b,1692179,174
c,1692320,6080
d,1692461,181
f,1692602,46
11,1692743,88
b,1692884,174
c,1693021,6133
d,1693162,182
f,1693303,47
11,1693444,88
b,1693585,174
c,1693726,6191
d,1693864,183
f,1694005,47
11,1694146,88
b,1694287,174
c,1694428,6235
d,1694569,185
f,1694710,48
11,1694851,88
b,1694992,174
c,1695133,6284
d,1695275,185
f,1695416,48
11,1695557,18
b,1695698,84
c,1695839,5306
d,1695980,185
f,1696121,48
11,1696262,88
b,1696403,177
c,1696544,5108
d,1696685,185
f,1696826,47
11,1696967,88
b,1697108,177
c,1697245,5124
d,1697386,186
f,1697527,46
11,1697668,88
b,1697809,176
c,1697950,5155
d,1698088,187
f,1698229,45
11,1698370,88
b,1698511,176
c,1698652,5181
d,1698793,188
f,1698934,45
11,1699075,88
b,1699216,176
c,1699357,5198
d,1699499,189
f,1699640,45
11,1699781,88
b,1699922,176
c,1700063,5227
d,1700204,189
f,1700345,45
11,1700486,88
b,1700627,176
c,1700768,5249
d,1700909,190
f,1701050,45
11,1701191,88
b,1701332,176
c,1701469,5266
d,1701610,191
f,1701751,45
11,1701892,88
b,1702033,176
c,1702174,5288
d,1702312,192
f,1702453,45
11,1702594,32
b,1702735,63
c,1702876,5150
d,1703017,189
f,1703158,43
11,1703299,16
b,1703440,19
c,1703581,5129
d,1703723,185
f,1703864,43
11,1704005,16
b,1704146,18
c,1704287,5024
d,1704428,182
f,1704569,41
11,1704710,30
b,1704851,68
c,1704992,4997
d,1705133,181
f,1705274,40
11,1705415,30
b,1705556,82
c,1705693,4951
d,1705834,179
f,1705975,40
11,1706116,44
b,1706257,128
c,1706398,4962
d,1706536,180
f,1706677,39
11,1706818,54
b,1706959,171
c,1707100,4992
d,1707241,181
f,1707382,39
11,1707523,88
b,1707664,174
c,1707805,5024
d,1707947,182
f,1708088,39
11,1708229,88
b,1708370,174
c,1708511,5051
d,1708652,183
f,1708793,39
11,1708934,88
b,1709075,175
c,1709216,5078
d,1709357,184
f,1709498,39
11,1709639,88
b,1709780,175
c,1709917,5099
d,1710058,185
f,1710199,40
11,1710340,88
b,1710481,175
c,1710622,5127
d,1710760,186
f,1710901,40
11,1711042,88
b,1711183,175
c,1711324,5145
d,1711465,187
f,1711606,41
11,1711747,88
b,1711888,175
c,1712029,5167
d,1712171,188
f,1712312,41
11,1712453,88
b,1712594,175
c,1712735,5200
d,1712876,188
f,1713017,41
11,1713158,17
b,1713299,34
c,1713440,5115
d,1713581,185
f,1713722,42
11,1713863,16
b,1714004,19
c,1714141,4940
d,1714282,178
f,1714423,40
11,1714564,16
b,1714705,17
c,1714846,4673
d,1714984,169
f,1715125,39
11,1715266,15
b,1715407,17
c,1715548,4373
d,1715689,158
f,1715830,39
11,1715971,15
b,1716112,17
c,1716253,4038
d,1716395,145
f,1716536,37
11,1716677,14
b,1716818,17
c,1716959,3685
d,1717100,133
f,1717241,36
11,1717382,14
b,1717523,17
c,1717664,3353
d,1717805,121
f,1717946,36
11,1718087,14
b,1718228,18
c,1718365,3010
d,1718506,107
f,1718647,35
11,1718788,13
b,1718929,18
c,1719070,2763
d,1719208,99
f,1719349,34
11,1719490,13
b,1719631,19
c,1719772,2604
d,1719913,93
f,1720054,34
11,1720195,13
b,1720336,19
c,1720477,2480
d,1720619,89
f,1720760,33
11,1720901,13
b,1721042,20
c,1721183,2388
d,1721324,86
f,1721465,33
11,1721606,13
b,1721747,21
c,1721888,2324
d,1722029,84
f,1722170,32
11,1722311,13
b,1722452,22
c,1722589,2277
d,1722730,82
f,1722871,32
11,1723012,16
b,1723153,30
c,1723294,2232
d,1723432,81
f,1723573,32
11,1723714,21
b,1723855,62
c,1723996,2238
d,1724137,81
f,1724278,31
11,1724419,27
b,1724560,82
c,1724701,2245
d,1724843,81
f,1724984,31
11,1725125,28
b,1725266,101
c,1725407,2269
d,1725548,82
f,1725689,30
11,1725830,35
b,1725971,127
c,1726112,2310
d,1726253,84
f,1726394,30
11,1726535,37
b,1726676,136
c,1726813,2360
d,1726954,85
f,1727095,30
11,1727236,38
b,1727377,140
c,1727518,2414
d,1727656,87
f,1727797,30
11,1727938,38
b,1728079,141
c,1728220,2460
d,1728361,89
f,1728502,30
11,1728643,38
b,1728784,141
c,1728925,2512
d,1729067,91
f,1729208,29
11,1729349,29
b,1729490,102
c,1729631,2535
d,1729772,92
f,1729913,29
11,1730054,28
b,1730195,92
c,1730336,2545
d,1730477,92
f,1730618,29
11,1730759,25
b,1730900,81
c,1731037,2556
d,1731178,92
f,1731319,29
11,1731460,25
b,1731601,79
c,1731742,2558
d,1731880,93
f,1732021,29
11,1732162,26
b,1732303,81
c,1732444,2561
d,1732585,93
f,1732726,29
11,1732867,25
b,1733008,71
c,1733149,2515
d,1733291,92
f,1733432,29
11,1733573,15
b,1733714,31
c,1733855,2464
d,1733996,91
f,1734137,29
11,1734278,13
b,1734419,19
c,1734560,2454
d,1734701,89
f,1734842,29
11,1734983,13
b,1735124,19
c,1735261,2404
d,1735402,87
f,1735543,28
11,1735684,13
b,1735825,21
c,1735966,2348
d,1736104,84
f,1736245,28
11,1736386,13
b,1736527,21
c,1736668,2271
d,1736809,81
f,1736950,28
11,1737091,13
b,1737232,23
c,1737373,2106
d,1737515,75
f,1737656,28
11,1737797,13
b,1737938,23
c,1738079,1951
d,1738220,69
f,1738361,28
11,1738502,10
b,1738643,15
c,1738784,1806
d,1738925,64
f,1739066,28
11,1739207,13
b,1739348,19
c,1739485,1597
d,1739626,57
f,1739767,28
11,1739908,13
b,1740049,29
c,1740190,1021
d,1740328,49
f,1740469,28
11,1740610,13
b,1740751,38
c,1740892,901
d,1741033,43
f,1741174,28
11,1741315,12
b,1741456,35
c,1741597,1078
d,1741739,36
f,1741880,28
11,1742021,13
b,1742162,38
c,1742303,771
d,1742444,31
f,1742585,27
11,1742726,12
b,1742867,44
c,1743008,746
d,1743149,27
f,1743290,27
11,1743431,12
b,1743572,44
c,1743709,738
d,1743850,23
f,1743991,27
11,1744132,12
b,1744273,45
c,1744414,758
d,1744552,20
f,1744693,27
11,1744834,12
b,1744975,43
c,1745116,740
d,1745257,17
f,1745398,27
11,1745539,12
b,1745680,45
c,1745821,751
d,1745963,15
f,1746104,27
11,1746245,12
b,1746386,43
c,1746527,763
d,1746668,14
f,1746809,27
11,1746950,12
b,1747091,41
c,1747232,791
d,1747373,14
f,1747514,27
11,1747655,23
b,1747796,91
c,1747933,1630
d,1748074,15
f,1748215,27
11,1748356,20
b,1748497,74
c,1748638,1402
d,1748776,18
f,1748917,27
11,1749058,18
b,1749199,73
c,1749340,1418
d,1749481,21
f,1749622,27
11,1749763,18
b,1749904,66
c,1750045,1549
d,1750187,22
f,1750328,27
11,1750469,17
b,1750610,58
c,1750751,1655
d,1750892,24
f,1751033,27
11,1751174,17
b,1751315,52
c,1751456,1724
d,1751597,25
f,1751738,27
11,1751879,13
b,1752020,31
c,1752157,1673
d,1752298,24
f,1752439,27
11,1752580,13
b,1752721,26
c,1752862,1599
d,1753000,23
f,1753141,27
11,1753282,14
b,1753423,31
c,1753564,1548
d,1753705,22
f,1753846,27
11,1753987,17
b,1754128,46
c,1754269,1573
d,1754411,22
f,1754552,27
11,1754693,18
b,1754834,55
c,1754975,1629
d,1755116,23
f,1755257,27
11,1755398,18
b,1755539,57
c,1755680,1704
d,1755821,24
f,1755962,27
11,1756103,18
b,1756244,56
c,1756381,1779
d,1756522,26
f,1756663,27
11,1756804,21
b,1756945,70
c,1757086,1882
d,1757224,27
f,1757365,27
11,1757506,23
b,1757647,79
c,1757788,2039
d,1757929,30
f,1758070,27
11,1758211,27
b,1758352,90
c,1758493,2228
d,1758635,32
f,1758776,27
11,1758917,27
b,1759058,91
c,1759199,2422
d,1759340,35
f,1759481,27
11,1759622,22
b,1759763,66
c,1759904,2472
d,1760045,36
f,1760186,27
11,1760327,13
b,1760468,23
c,1760605,2338
d,1760746,34
f,1760887,27
11,1761028,13
b,1761169,21
c,1761310,2143
d,1761448,31
f,1761589,27
11,1761730,13
b,1761871,23
c,1762012,1868
d,1762153,26
f,1762294,27
11,1762435,13
b,1762576,22
c,1762717,1518
d,1762859,21
f,1763000,27
11,1763141,13
b,1763282,28
c,1763423,1093
d,1763564,15
f,1763705,27
11,1763846,13
b,1763987,37
c,1764128,757
d,1764269,10
f,1764410,27
11,1764551,12
b,1764692,44
c,1764829,771
d,1764970,8
f,1765111,27
11,1765252,14
b,1765393,49
c,1765534,994
d,1765672,7
f,1765813,27
11,1765954,20
b,1766095,81
c,1766236,1036
d,1766377,9
f,1766518,27
11,1766659,17
b,1766800,74
c,1766941,1255
d,1767083,11
f,1767224,27
11,1767365,17
b,1767506,67
c,1767647,1481
d,1767788,13
f,1767929,27
11,1768070,18
b,1768211,66
c,1768352,1652
d,1768493,14
f,1768634,27
11,1768775,13
b,1768916,37
c,1769053,1415
d,1769194,14
f,1769335,27
11,1769476,12
b,1769617,33
c,1769758,860
d,1769896,14
f,1770037,27
11,1770178,13
b,1770319,43
c,1770460,748
d,1770601,13
f,1770742,27
11,1770883,12
b,1771024,45
c,1771165,739
d,1771307,12
f,1771448,27
11,1771589,12
b,1771730,46
c,1771871,742
d,1772012,12
f,1772153,27
11,1772294,12
b,1772435,45
c,1772576,729
d,1772717,11
f,1772858,27
11,1772999,12
b,1773140,45
c,1773277,754
d,1773418,10
f,1773559,27
11,1773700,12
b,1773841,44
c,1773982,760
d,1774120,7
f,1774261,27
11,1774402,12
b,1774543,43
c,1774684,745
d,1774825,3
f,1774966,27
11,1775107,12
b,1775248,43
c,1775389,733
d,1775531,1
f,1775672,27
11,1775813,12
b,1775954,44
c,1776095,745
d,1776236,0
f,1776377,27
11,1776518,12
b,1776659,44
c,1776800,757
d,1776941,0
f,1777082,27
11,1777223,12
b,1777364,44
c,1777501,727
d,1777642,0
f,1777783,27
11,1777924,12
b,1778065,46
c,1778206,745
d,1778344,0
f,1778485,27
11,1778626,12
b,1778767,44
c,1778908,735
d,1779049,0
f,1779190,27
11,1779331,12
b,1779472,43
c,1779613,731
d,1779755,0
f,1779896,27
11,1780037,12
b,1780178,43
c,1780319,731
d,1780460,0
f,1780601,27
11,1780742,12
b,1780883,43
c,1781024,732
d,1781165,0
f,1781306,27
11,1781447,12
b,1781588,43
c,1781725,735
d,1781866,0
f,1782007,27
11,1782148,12
b,1782289,43
c,1782430,731
d,1782568,0
f,1782709,27
11,1782850,12
b,1782991,45
c,1783132,735
d,1783273,0
f,1783414,27
11,1783555,12
b,1783696,45
c,1783837,734
d,1783979,0
f,1784120,27
11,1784261,12
b,1784402,46
c,1784543,732
d,1784684,0
f,1784825,27
11,1784966,12
b,1785107,45
c,1785248,741
d,1785389,0
f,1785530,27
11,1785671,12
b,1785812,45
c,1785949,734
d,1786090,0
f,1786231,27
11,1786372,12
b,1786513,45
c,1786654,732
d,1786792,0
f,1786933,27
11,1787074,12
b,1787215,44
c,1787356,737
d,1787497,0
f,1787638,28
11,1787779,12
b,1787920,44
c,1788061,730
d,1788203,0
f,1788344,28
11,1788485,12
b,1788626,44
c,1788767,738
d,1788908,0
f,1789049,28
11,1789190,12
b,1789331,44
c,1789472,737
d,1789613,0
f,1789754,28
11,1789895,12
b,1790036,44
c,1790173,735
d,1790314,0
f,1790455,28
11,1790596,12
b,1790737,45
c,1790878,740
d,1791016,0
f,1791157,28
11,1791298,12
b,1791439,45
c,1791580,738
d,1791721,0
f,1791862,28
11,1792003,12
b,1792144,45
c,1792285,735
d,1792427,0
f,1792568,28
11,1792709,12
b,1792850,45
c,1792991,745
d,1793132,0
f,1793273,28
11,1793414,12
b,1793555,45
c,1793696,743
d,1793837,0
f,1793978,28
11,1794119,12
b,1794260,45
c,1794397,740
d,1794538,0
f,1794679,28
11,1794820,12
b,1794961,45
c,1795102,758
d,1795240,0
f,1795381,28
11,1795522,12
b,1795663,45
c,1795804,747
d,1795945,0
f,1796086,28
11,1796227,12
b,1796368,45
c,1796509,747
d,1796651,0
f,1796792,28
11,1796933,12
b,1797074,46
c,1797215,754
d,1797356,0
f,1797497,28
11,1797638,12
b,1797779,46
c,1797920,761
d,1798061,0
f,1798202,28
11,1798343,12
b,1798484,45
c,1798621,766
d,1798762,0
f,1798903,28
11,1799044,12
b,1799185,45
c,1799326,756
d,1799464,0
f,1799605,29
11,1799746,12
b,1799887,45
c,1800028,759
d,1800169,0
f,1800310,29
11,1800451,12
b,1800592,45
c,1800733,773
d,1800875,0
f,1801016,29
11,1801157,12
b,1801298,45
c,1801439,762
d,1801580,0
f,1801721,29
11,1801862,12
b,1802003,45
c,1802144,766
d,1802285,0
f,1802426,29
11,1802567,12
b,1802708,45
c,1802845,759
d,1802986,0
f,1803127,29
11,1803268,12
b,1803409,46
c,1803550,769
d,1803688,0
f,1803829,29
11,1803970,12
b,1804111,46
c,1804252,774
d,1804393,0
f,1804534,29
11,1804675,12
b,1804816,46
c,1804957,779
d,1805099,0
f,1805240,29
11,1805381,12
b,1805522,46
c,1805663,764
d,1805804,0
f,1805945,29
11,1806086,12
b,1806227,46
c,1806368,775
d,1806509,0
f,1806650,29
11,1806791,12
b,1806932,46
c,1807069,780
d,1807210,0
f,1807351,29
11,1807492,12
b,1807633,47
c,1807774,774
d,1807912,0
f,1808053,29
11,1808194,12
b,1808335,46
c,1808476,766
d,1808617,0
f,1808758,29
11,1808899,12
b,1809040,46
c,1809181,766
d,1809323,0
f,1809464,30
11,1809605,12
b,1809746,46
c,1809887,771
d,1810028,0
f,1810169,30
11,1810310,12
b,1810451,46
c,1810592,766
d,1810733,0
f,1810874,30
11,1811015,12
b,1811156,46
