5,4412,99
b,4553,99
c,4691,0
d,4832,0
f,4973,39
14,5113,0.25
5,5255,99
b,5396,99
c,5537,0
d,5678,0
f,5819,39
14,5960,0.25
5,6102,99
b,6243,99
c,6384,0
d,6525,0
f,6666,39
14,6807,0.25
5,6949,99
b,7090,99
c,7231,0
d,7372,0
f,7513,39
14,7654,0.25
5,7796,99
b,7937,99
c,8078,0
d,8219,0
f,8360,39
14,8501,0.25
5,8643,99
b,8782,99
c,8923,0
d,9064,0
f,9205,39
14,9346,0.30
5,9488,99
b,9629,99
c,9771,0
d,9912,0
f,10053,39
14,10194,0.30
5,10336,99
b,10477,99
c,10617,0
d,10758,0
f,10899,39
14,11040,0.30
5,11182,99
b,11323,99
c,11464,0
d,11606,0
f,11747,39
14,11888,0.30
5,12030,99
b,12167,99
c,12308,0
d,12449,0
f,12590,39
14,12731,0.30
5,12873,99
b,13011,99
c,13152,0
d,13293,0
f,13433,39
14,13574,0.30
5,13716,99
b,13857,99
c,13998,0
d,14139,0
f,14280,39
14,14422,0.35
5,14564,99
b,14705,99
c,14846,0
d,14983,0
f,15124,39
14,15265,0.35
5,15407,100
b,15548,99
c,15689,0
d,15827,0
f,15968,39
14,16109,0.35
5,16249,100
b,16390,99
c,16531,0
d,16672,0
f,16813,39
14,16954,0.35
5,17096,100
b,17238,99
c,17379,0
d,17520,0
f,17661,39
14,17802,0.40
5,17944,100
b,18083,99
c,18224,0
d,18365,0
f,18505,39
14,18643,0.40
5,18785,100
b,18926,99
c,19067,0
d,19208,0
f,19349,39
14,19491,0.40
5,19629,100
b,19770,99
c,19911,0
d,20052,0
f,20189,39
14,20330,0.40
5,20473,100
b,20614,99
c,20755,0
d,20896,0
f,21037,39
14,21178,0.45
5,21320,100
b,21462,99
c,21603,0
d,21744,0
f,21885,39
14,22026,0.45
5,22168,100
b,22307,99
c,22448,0
d,22589,0
f,22729,39
14,22867,0.45
5,23009,100
b,23150,99
c,23291,0
d,23432,0
f,23573,39
14,23715,0.50
5,23853,100
b,23994,99
c,24135,0
d,24276,0
f,24413,39
14,24554,0.50
5,24697,100
b,24838,99
c,24979,0
d,25120,0
f,25261,39
14,25402,0.55
5,25544,100
b,25686,99
c,25827,0
d,25968,0
f,26109,39
14,26250,0.55
5,26392,100
b,26531,95
c,26672,1009
d,26813,0
f,26953,39
14,27091,0.960
5,27233,100
b,27374,36
c,27515,1955
d,27656,0
f,27797,39
14,27939,0.940
5,28077,100
b,28218,29
c,28359,1349
d,28500,0
f,28637,39
14,28778,0.920
5,28921,100
b,29062,38
c,29203,801
d,29344,0
f,29485,40
14,29626,0.900
5,29768,100
b,29910,45
c,30051,797
d,30192,0
f,30333,40
14,30474,0.900
5,30616,100
b,30755,44
c,30896,786
d,31037,0
f,31177,40
14,31315,0.865
5,31457,100
b,31598,44
c,31739,782
d,31880,0
f,32021,41
14,32163,0.865
5,32301,100
b,32442,43
c,32583,724
d,32724,0
f,32861,41
14,33002,0.860
5,33145,100
b,33286,54
c,33427,740
d,33568,0
f,33709,41
14,33850,0.885
5,33992,99
b,34134,53
c,34275,746
d,34416,0
f,34557,41
14,34698,0.870
5,34840,99
b,34979,53
c,35120,745
d,35261,0
f,35401,41
14,35539,0.875
5,35681,99
b,35822,52
c,35963,756
d,36104,0
f,36245,41
14,36387,0.865
5,36525,99
b,36666,52
c,36807,758
d,36948,0
f,37085,41
14,37226,0.860
5,37369,99
b,37510,52
c,37651,767
d,37792,0
f,37933,42
14,38074,0.860
5,38216,99
b,38358,52
c,38499,768
d,38640,0
f,38781,42
14,38922,0.830
5,39064,99
b,39203,52
c,39344,777
d,39485,0
f,39625,42
14,39763,0.830
5,39905,99
b,40046,52
c,40187,768
d,40328,0
f,40469,42
14,40611,0.800
5,40749,99
b,40890,52
c,41031,770
d,41172,0
f,41309,42
14,41450,0.820
5,41593,99
b,41734,52
c,41875,766
d,42016,0
f,42157,42
14,42298,0.795
5,42440,99
b,42582,52
c,42723,763
d,42864,0
f,43005,42
14,43146,0.815
5,43288,99
b,43427,52
c,43568,763
d,43709,0
f,43849,42
14,43987,0.830
5,44129,99
b,44270,52
c,44411,755
d,44552,0
f,44693,42
14,44835,0.795
5,44973,99
b,45114,52
c,45255,761
d,45396,0
f,45533,42
14,45674,0.780
5,45817,99
b,45958,53
c,46099,859
d,46240,0
f,46381,42
14,46522,0.845
5,46664,99
b,46806,52
c,46947,804
d,47088,0
f,47229,42
14,47370,0.115
5,47512,99
b,47651,67
c,47792,1645
d,47933,0
f,48073,42
14,48211,0.890
5,48353,99
b,48494,60
c,48635,1521
d,48776,2
f,48917,42
14,49059,0.775
5,49197,99
b,49338,88
c,49479,1602
d,49620,6
f,49757,43
14,49898,0.805
5,50041,99
b,50182,89
c,50323,1579
d,50464,12
f,50605,43
14,50746,0.760
5,50888,99
b,51030,92
c,51171,2040
d,51312,18
f,51453,43
14,51594,0.825
5,51736,99
b,51875,57
c,52016,2330
d,52157,20
f,52297,44
14,52435,0.25
5,52577,99
b,52718,28
c,52859,1434
d,53000,19
f,53141,43
14,53283,0.20
5,53421,98
b,53562,32
c,53703,1204
d,53844,17
f,53981,43
5,54263,98
b,54404,31
c,54545,1016
d,54686,14
f,54824,43
14,54965,0.65
5,55107,98
b,55246,47
c,55387,897
d,55528,13
f,55669,43
14,55810,0.655
5,55952,98
b,56093,89
c,56235,1026
d,56376,15
f,56517,43
14,56658,0.840
5,56800,97
b,56941,94
c,57081,1177
d,57222,17
f,57363,43
14,57504,0.85
5,57646,97
b,57787,112
c,57928,1476
d,58070,22
f,58211,43
14,58352,0.60
5,58494,97
b,58631,120
c,58772,1884
d,58913,28
f,59054,43
14,59195,0.55
5,59337,97
b,59475,132
c,59616,2378
d,59757,35
f,59897,43
14,60038,0.755
5,60180,97
b,60321,136
c,60462,2923
d,60603,43
f,60744,42
14,60886,0.915
5,61028,97
b,61169,27
c,61310,2970
d,61447,43
f,61588,42
14,61729,0.5
5,61871,97
b,62012,19
c,62153,2854
d,62291,41
f,62432,42
14,62573,0.0
5,62713,97
b,62854,19
c,62995,2551
d,63136,36
f,63277,42
14,63418,0.0
5,63560,96
b,63702,21
c,63843,2153
d,63984,30
f,64125,42
14,64266,0.0
5,64408,96
b,64547,18
c,64688,1678
d,64829,23
f,64969,42
14,65107,0.550
5,65249,96
b,65390,27
c,65531,1166
d,65672,15
f,65813,41
14,65955,0.825
5,66093,96
b,66234,36
c,66375,732
d,66516,8
f,66653,41
14,66794,0.60
5,66937,96
b,67078,44
c,67219,769
d,67360,1
f,67501,41
14,67642,0.835
5,67784,96
b,67926,45
c,68067,769
d,68208,0
f,68349,41
14,68490,0.155
5,68632,96
b,68771,45
c,68912,744
d,69053,0
f,69193,41
14,69331,0.50
5,69473,96
b,69614,46
c,69755,758
d,69896,0
f,70037,41
14,70179,0.55
5,70317,96
b,70458,45
c,70599,764
d,70740,0
f,70877,41
14,71018,0.70
5,71161,96
b,71302,44
c,71443,763
d,71584,0
f,71725,41
14,71866,0.95
5,72008,96
b,72150,44
c,72291,756
d,72432,0
f,72573,41
14,72714,0.640
5,72856,96
b,72995,44
c,73136,762
d,73277,1
f,73417,41
14,73555,0.85
5,73697,96
b,73838,44
c,73979,737
d,74120,0
f,74261,41
5,74544,96
b,74685,45
c,74825,756
d,74963,0
f,75104,41
14,75245,0.710
5,75385,96
b,75526,79
c,75667,1217
d,75808,0
f,75949,41
14,76090,0.905
5,76232,96
b,76374,87
c,76515,1879
d,76656,8
f,76797,41
14,76938,0.775
5,77080,96
b,77219,99
c,77360,1880
d,77501,17
f,77641,41
14,77779,0.680
5,77921,96
b,78062,96
c,78203,2699
d,78344,24
f,78485,41
14,78627,0.60
5,78765,96
b,78906,25
c,79047,2127
d,79188,25
f,79325,41
14,79466,0.850
5,79609,96
b,79750,84
c,79891,2006
d,80032,28
f,80173,41
14,80314,0.75
5,80456,96
b,80598,135
c,80739,2345
d,80880,35
f,81021,41
14,81162,0.875
5,81304,96
b,81443,154
c,81584,2926
d,81725,43
f,81865,40
14,82003,0.870
5,82145,96
b,82286,156
c,82427,3519
d,82568,52
f,82709,40
14,82851,0.895
5,82989,96
b,83130,163
c,83271,4140
d,83412,61
f,83549,40
14,83690,0.920
5,83833,96
b,83974,168
c,84115,4746
d,84256,70
f,84397,40
14,84538,0.930
5,84680,96
b,84822,169
c,84963,5326
d,85104,78
f,85245,40
14,85386,0.940
5,85528,96
b,85667,170
c,85808,5730
d,85949,83
f,86089,41
14,86227,0.10
5,86369,96
b,86510,118
c,86651,4244
d,86792,85
f,86933,41
14,87075,0.925
5,87213,95
b,87354,168
c,87495,4519
d,87636,91
f,87773,41
14,87914,0.925
5,88057,95
b,88198,170
c,88339,4813
d,88480,97
f,88621,41
14,88762,0.930
5,88904,95
b,89046,171
c,89187,5103
d,89328,103
f,89469,41
14,89610,0.935
5,89752,95
b,89891,171
c,90032,5405
d,90173,109
f,90313,42
14,90451,0.945
5,90593,95
b,90734,24
c,90875,4890
d,91016,108
f,91157,42
14,91299,0.0
5,91437,95
b,91578,18
c,91719,3688
d,91860,94
f,91997,41
14,92138,0.0
5,92281,95
b,92422,18
c,92563,3454
d,92704,84
f,92845,41
14,92986,0.0
5,93128,95
b,93270,18
c,93411,2954
d,93552,70
f,93693,40
14,93834,0.0
5,93976,94
b,94115,19
c,94256,2347
d,94397,56
f,94537,40
14,94675,0.0
5,94817,94
b,94958,23
c,95099,2001
d,95240,48
f,95381,39
14,95523,0.0
5,95661,94
b,95802,18
c,95943,1873
d,96084,45
f,96221,39
14,96362,0.0
5,96505,93
b,96646,11
c,96787,1782
d,96928,43
f,97069,39
14,97210,0.0
5,97352,93
b,97494,11
c,97635,1730
d,97776,42
f,97917,39
14,98058,0.0
5,98200,93
b,98339,24
c,98480,1721
d,98621,41
f,98761,39
14,98899,0.870
5,99041,93
b,99182,29
c,99323,1711
d,99464,41
f,99605,39
14,99747,0.70
5,99885,93
b,100026,30
c,100167,1699
d,100308,41
f,100445,39
14,100586,0.85
5,100729,93
b,100870,36
c,101011,1719
d,101152,42
f,101293,38
14,101434,0.85
5,101576,93
b,101718,49
c,101859,1748
d,102000,43
f,102141,38
14,102282,0.805
5,102424,92
b,102563,68
c,102704,1818
d,102845,44
f,102985,37
14,103123,0.765
5,103265,92
b,103406,109
c,103547,1955
d,103688,48
f,103829,36
14,103971,0.795
5,104109,92
b,104250,138
c,104391,2150
d,104532,53
f,104669,35
14,104810,0.850
5,104953,92
b,105094,150
c,105235,2385
d,105376,59
f,105517,35
14,105658,0.870
5,105800,91
b,105942,154
c,106083,2632
d,106224,65
f,106365,33
14,106506,0.860
5,106648,91
b,106787,155
c,106928,2887
d,107069,71
f,107209,32
14,107347,0.860
5,107489,91
b,107630,154
c,107771,3144
d,107912,77
f,108053,31
14,108195,0.865
5,108333,90
b,108474,108
c,108615,3313
d,108756,81
f,108893,30
14,109034,0.10
5,109177,90
b,109318,19
c,109459,2537
d,109600,81
f,109741,31
14,109882,0.915
5,110024,90
b,110166,55
c,110307,2751
d,110448,81
f,110589,31
14,110730,0.430
5,110872,90
b,111011,72
c,111152,2791
d,111293,82
f,111433,32
14,111571,0.135
5,111713,90
b,111854,70
c,111995,2836
d,112136,84
f,112277,32
14,112419,0.790
5,112557,90
b,112698,75
c,112839,2893
d,112980,86
f,113117,32
14,113258,0.840
5,113401,90
b,113542,60
c,113683,2940
d,113824,87
f,113965,31
14,114106,0.95
5,114248,90
b,114390,41
c,114531,2949
d,114672,87
f,114813,31
14,114954,0.280
5,115096,90
b,115235,38
c,115376,2958
d,115517,87
f,115657,31
14,115795,0.255
5,115937,89
b,116078,37
c,116219,2963
d,116360,88
f,116501,31
14,116643,0.775
5,116781,89
b,116922,32
c,117063,2962
d,117204,87
f,117341,31
14,117482,0.375
5,117625,89
b,117766,30
c,117907,2961
d,118048,87
f,118189,31
14,118330,0.210
5,118472,88
b,118614,24
c,118755,2949
d,118896,87
f,119037,31
14,119178,0.665
5,119320,88
b,119459,24
c,119600,2941
d,119741,87
f,119881,31
14,120019,0.350
5,120161,88
b,120302,34
c,120443,2945
d,120584,87
f,120725,30
14,120867,0.840
5,121005,88
b,121146,32
c,121287,2948
d,121428,87
f,121565,30
14,121706,0.635
5,121849,87
b,121990,30
c,122131,2955
d,122272,87
f,122413,30
14,122554,0.720
5,122696,87
b,122838,41
c,122979,2968
d,123120,88
f,123261,30
14,123402,0.830
5,123544,87
b,123683,45
c,123824,2990
d,123965,89
f,124105,30
14,124243,0.165
5,124385,87
b,124526,24
c,124667,2735
d,124808,89
f,124949,29
14,125091,0.15
5,125229,87
b,125370,100
c,125511,2492
d,125652,90
f,125789,30
14,125930,0.490
5,126073,87
b,126214,154
c,126355,2591
d,126496,94
f,126637,27
14,126778,0.860
5,126920,87
b,127062,155
c,127203,2708
d,127344,98
f,127485,27
14,127626,0.840
5,127768,87
b,127907,151
c,128048,2789
d,128189,102
f,128329,26
14,128467,0.800
5,128609,87
b,128750,60
c,128891,2843
d,129032,103
f,129173,25
14,129315,0.555
5,129453,87
b,129594,26
c,129735,2833
d,129876,103
f,130013,25
14,130154,0.40
5,130297,87
b,130438,18
c,130579,2819
d,130720,102
f,130861,27
14,131002,0.15
5,131144,87
b,131286,18
c,131427,2790
d,131568,101
f,131709,27
14,131850,0.10
5,131992,87
b,132131,18
c,132272,2767
d,132413,100
f,132553,27
14,132691,0.0
5,132833,87
b,132974,18
c,133115,2740
d,133256,99
f,133397,27
14,133539,0.0
5,133677,87
b,133818,18
c,133959,2713
d,134100,98
f,134237,28
14,134378,0.0
5,134521,87
b,134662,18
c,134803,2689
d,134944,97
f,135085,28
14,135226,0.0
5,135368,87
b,135510,18
c,135651,2665
d,135792,96
f,135933,29
14,136074,0.0
5,136216,87
b,136355,19
c,136496,2643
d,136637,95
f,136777,29
14,136915,0.0
5,137057,87
b,137198,18
c,137339,2620
d,137480,95
f,137621,29
14,137763,0.0
5,137901,87
b,138042,18
c,138183,2595
d,138324,94
f,138461,29
14,138602,0.485
5,138745,87
b,138886,26
c,139027,2595
d,139168,93
f,139309,29
14,139450,0.75
5,139592,87
b,139734,28
c,139875,2572
d,140016,93
f,140157,29
14,140298,0.120
5,140440,87
b,140579,30
c,140720,2573
d,140861,93
f,141001,28
14,141139,0.760
5,141281,87
b,141422,30
c,141563,2578
d,141704,93
f,141845,27
14,141987,0.270
5,142125,87
b,142266,30
c,142407,2575
d,142548,93
f,142685,27
14,142826,0.625
5,142969,87
b,143110,30
c,143251,2572
d,143392,93
f,143533,27
14,143674,0.825
5,143816,87
b,143958,30
c,144099,2565
d,144240,93
f,144381,27
14,144522,0.590
5,144664,87
b,144803,32
c,144944,2551
d,145085,92
f,145225,27
14,145363,0.120
5,145505,87
b,145646,26
c,145787,2548
d,145928,92
f,146069,27
14,146211,0.20
5,146349,87
b,146490,20
c,146631,2511
d,146772,91
f,146909,27
14,147050,0.510
5,147193,87
b,147334,23
c,147475,2507
d,147616,91
f,147757,27
14,147898,0.110
5,148040,87
b,148182,25
c,148323,2492
d,148464,91
f,148605,27
14,148746,0.825
5,148888,87
b,149027,29
c,149168,2474
d,149309,90
f,149449,27
14,149587,0.830
5,149729,87
b,149870,29
c,150011,2511
d,150152,89
f,150293,27
14,150435,0.820
5,150573,87
b,150714,32
c,150855,2472
d,150996,89
f,151133,27
14,151274,0.775
5,151417,87
b,151558,32
c,151699,2475
d,151840,89
f,151981,27
14,152122,0.555
5,152264,87
b,152406,31
c,152547,2463
d,152688,89
f,152829,26
14,152970,0.90
5,153112,87
b,153251,30
c,153392,2447
d,153533,89
f,153673,26
14,153811,0.75
5,153953,87
b,154094,32
c,154235,2460
d,154376,89
f,154517,26
14,154659,0.25
5,154797,87
b,154938,25
c,155079,2435
d,155220,88
f,155357,26
14,155498,0.830
5,155641,87
b,155782,30
c,155923,2427
d,156064,88
f,156205,26
14,156346,0.805
5,156488,87
b,156630,35
c,156771,2421
d,156912,88
f,157053,26
14,157194,0.170
5,157336,87
b,157475,34
c,157616,2426
d,157757,87
f,157897,26
14,158035,0.70
5,158177,87
b,158318,22
c,158459,2405
d,158600,87
f,158741,26
14,158883,0.35
5,159021,87
b,159162,20
c,159303,2374
d,159444,86
f,159581,26
14,159722,0.15
5,159865,87
b,160006,21
c,160147,2361
d,160288,85
f,160429,26
14,160570,0.0
5,160712,87
b,160854,21
c,160995,2343
d,161136,85
f,161277,26
14,161418,0.45
5,161560,87
b,161699,25
c,161840,2341
d,161981,84
f,162121,26
14,162259,0.710
5,162401,87
b,162542,25
c,162683,2272
d,162824,84
f,162965,26
14,163107,0.30
5,163245,87
b,163386,53
c,163527,2989
d,163668,83
f,163805,26
14,163946,0.895
5,164089,87
b,164230,19
c,164371,3367
d,164512,82
f,164653,25
14,164794,0.5
5,164936,87
b,165078,17
c,165219,3316
d,165360,81
f,165501,25
14,165642,0.5
5,165784,87
b,165923,17
c,166064,3249
d,166205,79
f,166345,25
14,166483,0.0
5,166625,87
b,166766,17
c,166907,3170
d,167048,77
f,167189,25
14,167331,0.0
5,167469,87
b,167610,17
c,167751,3101
d,167892,76
f,168029,25
14,168170,0.0
5,168313,87
b,168454,17
c,168595,3036
d,168736,74
f,168877,25
14,169018,0.0
5,169160,87
b,169302,19
c,169443,2984
d,169584,73
f,169725,25
14,169866,0.115
5,170008,87
b,170147,33
c,170288,2967
d,170429,72
f,170569,24
14,170707,0.790
5,170849,87
b,170990,45
c,171131,2958
d,171272,72
f,171413,24
14,171555,0.120
5,171693,87
b,171834,52
c,171975,2984
d,172116,73
f,172253,24
14,172394,0.875
5,172537,87
b,172678,92
c,172819,3059
d,172960,75
f,173101,24
14,173242,0.850
5,173384,87
b,173526,120
c,173667,3208
d,173808,79
f,173949,22
14,174090,0.885
5,174232,87
b,174371,154
c,174512,3427
d,174653,84
f,174793,21
14,174931,0.880
5,175073,87
b,175214,161
c,175355,3677
d,175496,91
f,175637,21
14,175779,0.880
5,175917,87
b,176058,163
c,176199,3915
d,176340,96
f,176477,21
14,176618,0.890
5,176761,87
b,176902,166
c,177043,4156
d,177184,103
f,177325,22
14,177466,0.910
5,177608,87
b,177750,169
c,177891,4388
d,178032,108
f,178173,23
14,178314,0.920
5,178456,87
b,178595,170
c,178736,4621
d,178877,114
f,179017,24
14,179155,0.920
5,179297,88
b,179438,171
c,179579,4831
d,179720,119
f,179861,25
14,180003,0.920
5,180141,88
b,180282,172
c,180423,5042
d,180564,124
f,180701,27
14,180842,0.925
5,180985,88
b,181126,173
c,181267,5241
d,181408,129
f,181549,27
14,181690,0.930
5,181832,88
b,181974,174
c,182115,5436
d,182256,134
f,182397,28
14,182538,0.930
5,182680,89
b,182819,175
c,182960,5616
d,183101,138
f,183241,30
14,183379,0.935
5,183521,89
b,183662,174
c,183803,5771
d,183944,142
f,184085,32
14,184227,0.930
5,184365,89
b,184506,174
c,184647,5933
d,184788,146
f,184925,33
14,185066,0.940
5,185209,90
b,185350,32
c,185491,5423
d,185632,145
f,185773,33
14,185914,0.5
5,186056,90
b,186198,23
c,186339,4770
d,186480,141
f,186621,33
14,186762,0.835
5,186904,90
b,187043,17
c,187184,4663
d,187325,138
f,187465,33
14,187603,0.60
5,187745,91
b,187886,17
c,188027,4550
d,188168,134
f,188309,32
14,188451,0.0
5,188589,91
b,188730,17
c,188871,4453
d,189012,131
f,189149,30
14,189290,0.35
5,189433,92
b,189574,20
c,189715,4349
d,189856,128
f,189997,30
14,190138,0.805
5,190280,93
b,190422,31
c,190563,4285
d,190704,126
f,190845,29
14,190986,0.910
5,191128,93
b,191267,160
c,191408,4366
d,191549,130
f,191689,27
14,191827,0.920
5,191969,93
b,192110,171
c,192251,4504
d,192392,133
f,192533,27
14,192675,0.920
5,192813,93
b,192954,172
c,193095,4638
d,193236,137
f,193373,27
14,193514,0.920
5,193657,93
b,193798,173
c,193939,4764
d,194080,142
f,194221,27
14,194362,0.925
5,194504,93
b,194646,173
c,194787,4903
d,194928,145
f,195069,27
14,195210,0.925
5,195352,92
b,195491,174
c,195632,5019
d,195773,149
f,195913,28
14,196051,0.925
5,196193,91
b,196334,175
c,196475,5131
d,196616,152
f,196757,30
14,196899,0.930
5,197037,91
b,197178,175
c,197319,5249
d,197460,156
f,197597,30
14,197738,0.935
5,197881,90
b,198022,176
c,198163,5359
d,198304,159
f,198445,30
14,198586,0.935
5,198728,90
b,198870,176
c,199011,5452
d,199152,162
f,199293,32
14,199434,0.935
5,199576,90
b,199715,177
c,199856,5552
d,199997,165
f,200137,33
14,200275,0.935
5,200417,90
b,200558,177
c,200699,5647
d,200840,167
f,200981,33
14,201123,0.930
5,201261,90
b,201402,176
c,201543,5742
d,201684,170
f,201821,34
14,201962,0.930
5,202105,90
b,202246,176
c,202387,5819
d,202528,172
f,202669,36
14,202810,0.935
5,202952,90
b,203094,176
c,203235,5901
d,203376,175
f,203517,36
14,203658,0.935
5,203800,91
b,203939,176
c,204080,5986
d,204221,177
f,204361,36
14,204499,0.935
5,204641,91
b,204782,36
c,204923,5382
d,205064,176
f,205205,37
14,205347,0.930
5,205485,92
b,205626,178
c,205767,4882
d,205908,177
f,206045,36
14,206186,0.920
5,206329,93
b,206470,178
c,206611,4918
d,206752,179
f,206893,35
14,207034,0.910
5,207176,93
b,207318,24
c,207459,4842
d,207600,175
f,207741,34
14,207882,0.0
5,208024,93
b,208163,18
c,208304,4552
d,208445,163
f,208585,33
14,208723,0.0
5,208865,94
b,209006,18
c,209147,4203
d,209288,152
f,209429,33
14,209571,0.0
5,209709,94
b,209850,17
c,209991,3903
d,210132,141
f,210269,31
14,210410,0.0
5,210553,94
b,210694,17
c,210835,3635
d,210976,131
f,211117,30
14,211258,0.0
5,211400,94
b,211542,17
c,211683,3367
d,211824,122
f,211965,30
14,212106,0.0
5,212248,93
b,212387,18
c,212528,3134
d,212669,113
f,212809,28
14,212947,0.0
5,213089,92
b,213230,18
c,213371,3044
d,213512,110
f,213653,27
14,213795,0.0
5,213933,92
b,214074,18
c,214215,2982
d,214356,108
f,214493,27
14,214634,0.115
5,214777,91
b,214918,27
c,215059,2949
d,215200,106
f,215341,27
14,215482,0.690
5,215624,90
b,215766,56
c,215907,2902
d,216048,105
f,216189,26
14,216330,0.135
5,216472,90
b,216611,65
c,216752,2896
d,216893,105
f,217033,25
14,217171,0.95
5,217313,90
b,217454,73
c,217595,2893
d,217736,105
f,217877,24
14,218019,0.515
5,218157,90
b,218298,67
c,218439,2890
d,218580,104
f,218717,24
14,218858,0.820
5,219001,90
b,219142,59
c,219283,2875
d,219424,104
f,219565,23
14,219706,0.795
5,219848,89
b,219990,61
c,220131,2865
d,220272,104
f,220413,23
14,220554,0.180
5,220696,89
b,220835,60
c,220976,2855
d,221117,103
f,221257,22
14,221395,0.225
5,221537,89
b,221678,52
c,221819,2837
d,221960,102
f,222101,22
14,222243,0.140
5,222381,89
b,222522,45
c,222663,2812
d,222804,102
f,222941,22
14,223082,0.300
5,223225,89
b,223366,42
c,223507,2784
d,223648,101
f,223789,21
14,223930,0.130
5,224072,89
b,224214,41
c,224355,2742
d,224496,99
f,224637,21
14,224778,0.340
5,224920,89
b,225059,40
c,225200,2645
d,225341,98
f,225481,21
14,225619,0.5
5,225761,89
b,225902,19
c,226043,2647
d,226184,96
f,226325,21
14,226467,0.10
5,226605,89
b,226746,19
c,226887,2548
d,227028,91
f,227165,21
14,227306,0.0
5,227449,90
b,227590,20
c,227731,2407
d,227872,87
f,228013,22
14,228154,0.0
5,228296,90
b,228438,21
c,228579,2292
d,228720,83
f,228861,22
14,229002,0.0
5,229144,90
b,229283,22
c,229424,2226
d,229565,80
f,229705,22
14,229843,0.0
5,229985,90
b,230126,24
c,230267,2180
d,230408,78
f,230549,22
14,230691,0.550
5,230829,90
b,230970,22
c,231111,2121
d,231252,76
f,231389,22
14,231530,0.50
5,231673,90
b,231814,22
c,231955,2085
d,232096,74
f,232237,22
14,232378,0.45
5,232520,90
b,232662,31
c,232803,2033
d,232944,73
f,233085,22
14,233226,0.865
5,233368,90
b,233507,59
c,233648,2015
d,233789,73
f,233929,22
14,234067,0.725
5,234209,91
b,234350,36
c,234491,1994
d,234632,72
f,234773,21
14,234915,0.165
5,235053,91
b,235194,77
c,235335,2124
d,235476,71
f,235613,21
14,235754,0.865
5,235897,91
b,236038,39
c,236179,2836
d,236320,69
f,236461,21
14,236602,0.50
5,236744,91
b,236886,39
c,237027,2833
d,237168,69
f,237309,21
14,237450,0.310
5,237592,91
b,237731,43
c,237872,2826
d,238013,69
f,238153,21
14,238291,0.760
5,238433,92
b,238574,44
c,238715,2826
d,238856,69
f,238997,20
14,239139,0.155
5,239277,92
b,239418,57
c,239559,2846
d,239700,69
f,239837,20
14,239978,0.80
5,240121,92
b,240262,94
c,240403,2941
d,240544,72
f,240685,20
14,240826,0.645
5,240968,92
b,241110,100
c,241251,3061
d,241392,75
f,241533,19
14,241674,0.830
5,241816,92
b,241955,122
c,242096,3233
d,242237,80
f,242377,19
14,242515,0.860
5,242657,92
b,242798,162
c,242939,3467
d,243080,85
f,243221,19
14,243363,0.885
5,243501,91
b,243642,165
c,243783,3720
d,243924,92
f,244061,19
14,244202,0.885
5,244345,91
b,244486,55
c,244627,3764
d,244768,94
f,244909,20
14,245050,0.10
5,245192,91
b,245334,18
c,245475,3116
d,245616,92
f,245757,20
14,245898,0.10
5,246040,90
b,246179,17
c,246320,3049
d,246461,90
f,246601,20
14,246739,0.25
5,246881,90
b,247022,27
c,247163,3070
d,247304,88
f,247445,20
14,247587,0.870
5,247725,90
b,247866,69
c,248007,3006
d,248148,89
f,248285,21
14,248426,0.50
5,248569,90
b,248710,123
c,248851,3080
d,248992,91
f,249133,21
14,249274,0.830
5,249416,90
b,249558,159
c,249699,3227
d,249840,96
f,249981,20
14,250122,0.875
5,250264,90
b,250403,162
c,250544,3390
d,250685,100
f,250825,20
14,250963,0.885
5,251105,90
b,251246,108
c,251387,3448
d,251528,102
f,251669,20
14,251811,0.30
5,251949,90
b,252090,23
c,252231,2862
d,252372,102
f,252509,21
14,252650,0.850
5,252793,90
b,252934,161
c,253075,2895
d,253216,105
f,253357,21
14,253498,0.855
5,253640,90
b,253782,161
c,253923,2993
d,254064,109
f,254205,20
14,254346,0.865
5,254488,89
b,254627,160
c,254768,3083
d,254909,112
f,255049,20
14,255187,0.865
5,255329,89
b,255470,161
c,255611,3175
d,255752,116
f,255893,20
14,256035,0.865
5,256173,89
b,256314,101
c,256455,3242
d,256596,117
f,256733,20
14,256874,0.715
5,257017,90
b,257158,32
c,257299,3158
d,257440,116
f,257581,20
14,257722,0.35
5,257864,90
b,258006,17
c,258147,3154
d,258288,114
f,258429,20
14,258570,0.25
5,258712,90
b,258851,17
c,258992,3100
d,259133,112
f,259273,20
14,259411,0.25
5,259553,90
b,259694,17
c,259835,3039
d,259976,110
f,260117,20
14,260259,0.0
5,260397,90
b,260538,17
c,260679,2992
d,260820,108
f,260957,20
14,261098,0.20
5,261241,90
b,261382,17
c,261523,2937
d,261664,106
f,261805,20
14,261946,0.15
5,262088,90
b,262230,33
c,262371,2887
d,262512,105
f,262653,20
14,262794,0.840
5,262936,90
b,263075,80
c,263216,2914
d,263357,106
f,263497,20
14,263635,0.620
5,263777,90
b,263918,83
c,264059,2939
d,264200,106
f,264341,20
14,264483,0.110
5,264621,90
b,264762,60
c,264903,2945
d,265044,106
f,265181,19
14,265322,0.365
5,265465,90
b,265606,38
c,265747,2923
d,265888,106
f,266029,18
14,266170,0.135
5,266312,90
b,266454,37
c,266595,2907
d,266736,105
f,266877,18
14,267018,0.185
5,267160,90
b,267299,63
c,267440,2920
d,267581,106
f,267721,18
14,267859,0.675
5,268001,91
b,268142,61
c,268283,2951
d,268424,107
f,268565,18
14,268707,0.825
5,268845,91
b,268986,30
c,269127,2969
d,269268,106
f,269405,18
14,269546,0.25
5,269689,91
b,269830,18
c,269971,2899
d,270112,105
f,270253,18
14,270394,0.10
5,270536,91
b,270678,18
c,270819,2859
d,270960,103
f,271101,18
14,271242,0.0
5,271384,91
b,271523,17
c,271664,2821
d,271805,102
f,271945,18
14,272083,0.20
5,272225,90
b,272366,18
c,272507,2772
d,272648,100
f,272789,18
14,272931,0.5
5,273069,90
b,273210,18
c,273351,2721
d,273492,98
f,273629,18
14,273770,0.0
5,273913,90
b,274054,18
c,274195,2667
d,274336,96
f,274477,18
14,274618,0.0
5,274760,90
b,274902,18
c,275043,2607
d,275184,94
f,275325,18
14,275466,0.0
5,275608,90
b,275747,18
c,275888,2543
d,276029,92
f,276169,18
14,276307,0.0
5,276449,90
b,276590,19
c,276731,2485
d,276872,90
f,277013,18
14,277155,0.0
5,277293,90
b,277434,19
c,277575,2423
d,277716,87
f,277853,18
14,277994,0.0
5,278137,90
b,278278,20
c,278419,2355
d,278560,85
f,278701,18
14,278842,0.0
5,278984,90
b,279126,21
c,279267,2215
d,279408,80
f,279549,18
14,279690,0.0
5,279832,90
b,279971,22
c,280112,1990
d,280253,78
f,280393,18
14,280531,0.920
5,280673,90
b,280814,32
c,280955,2984
d,281096,75
f,281237,18
14,281379,0.245
5,281517,89
b,281658,33
c,281799,2975
d,281940,73
f,282077,18
14,282218,0.55
5,282361,89
b,282502,61
c,282643,2978
d,282784,73
f,282925,18
14,283066,0.130
5,283208,89
b,283350,63
c,283491,2991
d,283632,73
f,283773,17
14,283914,0.540
5,284056,89
b,284195,73
c,284336,3031
d,284477,74
f,284617,16
14,284755,0.795
5,284897,89
b,285038,78
c,285179,3078
d,285320,75
f,285461,16
14,285603,0.775
5,285741,89
b,285882,105
c,286023,3157
d,286164,77
f,286301,16
14,286442,0.895
5,286585,88
b,286726,140
c,286867,3342
d,287008,82
f,287149,16
14,287290,0.865
5,287432,88
b,287574,162
c,287715,3563
d,287856,87
f,287997,16
14,288138,0.880
5,288280,88
b,288419,165
c,288560,3801
d,288701,94
f,288841,17
14,288979,0.890
5,289121,88
b,289262,168
c,289403,4053
d,289544,100
f,289685,18
14,289827,0.900
5,289965,88
b,290106,170
c,290247,4286
d,290388,106
f,290525,19
14,290666,0.910
5,290809,88
b,290950,172
c,291091,4526
d,291232,111
f,291373,19
14,291514,0.915
5,291656,88
b,291798,173
c,291939,4744
d,292080,117
f,292221,21
14,292362,0.915
5,292504,88
b,292643,174
c,292784,4964
d,292925,122
f,293065,22
14,293203,0.915
5,293345,88
b,293486,175
c,293627,5183
d,293768,128
f,293909,24
14,294051,0.920
5,294189,89
b,294330,175
c,294471,5387
d,294612,133
f,294749,25
14,294890,0.925
5,295033,89
b,295174,43
c,295315,5236
d,295456,134
f,295597,26
14,295738,0.0
5,295880,89
b,296022,171
c,296163,4557
d,296304,135
f,296445,26
14,296586,0.915
5,296728,90
b,296867,175
c,297008,4694
d,297149,139
f,297289,26
14,297427,0.915
5,297569,90
b,297710,176
c,297851,4821
d,297992,143
f,298133,27
14,298275,0.920
5,298413,90
b,298554,176
c,298695,4944
d,298836,146
f,298973,27
14,299114,0.915
5,299257,91
b,299398,176
c,299539,5067
d,299680,150
f,299821,27
14,299962,0.935
5,300104,91
b,300246,20
c,300387,4821
d,300528,148
f,300669,27
14,300810,0.0
5,300952,91
b,301091,17
c,301232,3949
d,301373,143
f,301513,26
14,301651,0.0
5,301793,92
b,301934,17
c,302075,3713
d,302216,135
f,302357,26
14,302499,0.0
5,302637,93
b,302778,17
c,302919,3464
d,303060,124
f,303197,25
14,303338,0.0
5,303481,93
b,303622,17
c,303763,3175
d,303904,114
f,304045,24
14,304186,0.0
5,304328,93
b,304470,18
c,304611,3012
d,304752,109
f,304893,23
14,305034,0.0
5,305176,93
b,305315,28
c,305456,3009
d,305597,107
f,305737,22
14,305875,0.820
5,306017,92
b,306158,74
c,306299,2957
d,306440,107
f,306581,21
14,306723,0.490
5,306861,92
b,307002,91
c,307143,2974
d,307284,108
f,307421,21
14,307562,0.180
5,307705,91
b,307846,91
c,307987,2993
d,308128,108
f,308269,21
14,308410,0.830
5,308552,90
b,308694,96
c,308835,3576
d,308976,107
f,309117,20
14,309258,0.45
5,309400,90
b,309539,164
c,309680,3701
d,309821,110
f,309961,20
14,310099,0.910
5,310241,89
b,310382,70
c,310523,3628
d,310664,110
f,310805,20
14,310947,0.930
5,311085,89
b,311226,77
c,311367,4565
d,311508,111
f,311645,20
14,311786,0.915
5,311929,89
b,312070,172
c,312211,4748
d,312352,117
f,312493,21
14,312634,0.915
5,312776,89
b,312918,173
c,313059,4979
d,313200,123
f,313341,21
14,313482,0.920
5,313624,88
b,313763,174
c,313904,5195
d,314045,128
f,314185,22
14,314323,0.920
5,314465,88
b,314606,175
c,314747,5395
d,314888,133
f,315029,24
14,315171,0.875
5,315309,88
b,315450,19
c,315591,4517
d,315732,132
f,315869,24
14,316010,0.920
5,316153,89
b,316294,174
c,316435,4572
d,316576,136
f,316717,25
14,316858,0.905
5,317000,89
b,317142,19
c,317283,3769
d,317424,133
f,317565,24
14,317706,0.20
5,317848,89
b,317987,17
c,318128,3602
d,318269,130
f,318409,24
14,318547,0.0
5,318689,89
b,318830,17
c,318971,3526
d,319112,127
f,319253,24
14,319395,0.795
5,319533,90
b,319674,24
c,319815,3469
d,319956,125
f,320093,23
14,320234,0.105
5,320377,90
b,320518,26
c,320659,3419
d,320800,124
f,320941,22
14,321082,0.95
5,321224,90
b,321366,26
c,321507,3374
d,321648,122
f,321789,21
14,321930,0.365
5,322072,90
b,322211,98
c,322352,3364
d,322493,122
f,322633,21
14,322771,0.870
5,322913,90
b,323054,162
c,323195,3450
d,323336,125
f,323477,21
14,323619,0.885
5,323757,91
b,323898,165
c,324039,3537
d,324180,128
f,324317,21
14,324458,0.890
5,324601,92
b,324742,167
c,324883,3620
d,325024,131
f,325165,20
14,325306,0.885
5,325448,92
b,325590,151
c,325731,3671
d,325872,133
f,326013,21
14,326154,0.715
5,326296,93
b,326435,24
c,326576,3630
d,326717,131
f,326857,20
14,326995,0.20
5,327137,93
b,327278,17
c,327419,3543
d,327560,128
f,327701,20
14,327843,0.20
5,327981,93
b,328122,17
c,328263,3474
d,328404,126
f,328541,19
14,328682,0.0
5,328825,93
b,328966,17
c,329107,3401
d,329248,123
f,329389,19
14,329530,0.675
5,329672,93
b,329814,24
c,329955,3382
d,330096,121
f,330237,19
14,330378,0.80
5,330520,93
b,330659,55
c,330800,3326
d,330941,120
f,331081,19
14,331219,0.790
5,331361,92
b,331502,89
c,331643,3342
d,331784,121
f,331925,18
14,332067,0.870
5,332205,91
b,332346,62
c,332487,3322
d,332628,120
f,332765,18
14,332906,0.305
5,333049,90
b,333190,17
c,333331,3267
d,333472,118
f,333613,18
14,333754,0.20
5,333896,90
b,334038,17
c,334179,3201
d,334320,116
f,334461,18
14,334602,0.0
5,334744,90
b,334883,17
c,335024,3137
d,335165,113
f,335305,18
14,335443,0.0
5,335585,90
b,335726,17
c,335867,3068
d,336008,111
f,336149,18
14,336291,0.0
5,336429,89
b,336570,17
c,336711,3010
d,336852,109
f,336989,18
14,337130,0.0
5,337273,89
b,337414,17
c,337555,2951
d,337696,107
f,337837,18
14,337978,0.0
5,338120,89
b,338262,17
c,338403,2897
d,338544,104
f,338685,17
14,338826,0.15
5,338968,89
b,339107,32
c,339248,2844
d,339389,103
f,339529,17
14,339667,0.365
5,339809,89
b,339950,31
c,340091,2800
d,340232,102
f,340373,17
14,340515,0.60
5,340653,88
b,340794,20
c,340935,2764
d,341076,100
f,341213,17
14,341354,0.20
5,341497,88
b,341638,18
c,341779,2716
d,341920,98
f,342061,16
14,342202,0.10
5,342344,88
b,342486,18
c,342627,2656
d,342768,96
f,342909,16
14,343050,0.10
5,343192,88
b,343331,25
c,343472,2639
d,343613,95
f,343753,16
14,343891,0.230
5,344033,88
b,344174,99
c,344315,2632
d,344456,96
f,344597,17
14,344739,0.735
5,344877,88
b,345018,145
c,345159,2712
d,345300,98
f,345437,15
14,345578,0.830
5,345721,89
b,345862,66
c,346003,2719
d,346144,98
f,346285,15
14,346426,0.130
5,346568,89
b,346710,32
c,346851,2694
d,346992,97
f,347133,15
14,347274,0.95
5,347416,89
b,347555,35
c,347696,2671
d,347837,97
f,347977,15
14,348115,0.460
5,348257,89
b,348398,44
c,348539,2647
d,348680,96
f,348821,15
14,348963,0.720
5,349101,89
b,349242,61
c,349383,2642
d,349524,96
f,349661,15
14,349802,0.185
5,349945,89
b,350086,43
c,350227,2631
d,350368,95
f,350509,15
14,350650,0.180
5,350792,89
b,350934,44
c,351075,2610
d,351216,94
f,351357,15
14,351498,0.130
5,351640,89
b,351779,67
c,351920,2615
d,352061,95
f,352201,15
14,352339,0.775
5,352481,90
b,352622,70
c,352763,2626
d,352904,95
f,353045,15
14,353187,0.550
5,353325,90
b,353466,71
c,353607,2631
d,353748,95
f,353885,15
14,354026,0.115
5,354169,90
b,354310,71
c,354451,2642
d,354592,96
f,354733,15
14,354874,0.270
5,355016,90
b,355158,58
c,355299,2648
d,355440,96
f,355581,15
14,355722,0.600
5,355864,90
b,356003,56
c,356144,2648
d,356285,96
f,356425,15
14,356563,0.665
5,356705,90
b,356846,54
c,356987,2641
d,357128,95
f,357269,15
14,357411,0.675
5,357549,90
b,357690,47
c,357831,2629
d,357972,95
f,358109,15
14,358250,0.790
5,358393,91
b,358534,42
c,358675,2612
d,358816,94
f,358957,15
14,359098,0.330
5,359240,91
b,359382,37
c,359523,2587
d,359664,93
f,359805,15
14,359946,0.685
5,360088,91
b,360227,38
c,360368,2572
d,360509,93
f,360649,15
5,360928,92
b,361069,40
c,361209,2551
d,361350,92
f,361491,15
14,361632,0.625
5,361774,92
b,361915,40
c,362056,2528
d,362198,91
f,362339,15
14,362480,0.495
5,362622,92
b,362759,34
c,362900,2505
d,363041,90
f,363182,15
14,363323,0.45
5,363465,92
b,363603,27
c,363744,2450
d,363885,89
f,364025,15
14,364166,0.775
5,364308,92
b,364449,44
c,364590,2456
d,364731,89
f,364872,15
14,365014,0.775
5,365156,92
b,365297,60
c,365438,2461
d,365575,89
f,365716,15
14,365857,0.220
5,365999,91
b,366140,92
c,366281,2480
d,366419,90
f,366560,15
14,366701,0.575
5,366841,91
b,366982,94
c,367123,2528
d,367264,91
f,367405,15
14,367546,0.335
5,367688,91
b,367830,127
c,367971,2579
d,368112,94
f,368253,15
14,368394,0.785
5,368536,90
b,368675,144
c,368816,2657
d,368957,96
f,369097,15
14,369235,0.805
5,369377,90
b,369518,78
c,369659,2649
d,369800,97
f,369941,15
14,370083,0.0
5,370221,90
b,370362,61
c,370503,3104
d,370644,95
f,370781,15
14,370922,0.575
5,371065,89
b,371206,17
c,371347,3164
d,371488,93
f,371629,15
14,371770,0.20
5,371912,89
b,372054,17
c,372195,3083
d,372336,91
f,372477,15
14,372618,0.0
5,372760,89
b,372899,19
c,373040,3021
d,373181,89
f,373321,15
14,373459,0.850
5,373601,88
b,373742,74
c,373883,2991
d,374024,88
f,374165,15
14,374307,0.115
5,374445,88
b,374586,75
c,374727,2994
d,374868,88
f,375005,15
14,375146,0.105
5,375289,87
b,375430,75
c,375571,3014
d,375712,89
f,375853,15
14,375994,0.160
5,376136,87
b,376278,78
c,376419,3030
d,376560,90
f,376701,15
14,376842,0.415
5,376984,87
b,377123,75
c,377264,3046
d,377405,90
f,377545,15
14,377683,0.75
5,377825,87
b,377966,45
c,378107,3018
d,378248,89
f,378389,15
14,378531,0.790
5,378669,87
b,378810,66
c,378951,3018
d,379092,89
f,379229,15
14,379370,0.530
5,379513,87
b,379654,70
c,379795,3054
d,379936,90
f,380077,15
14,380218,0.815
5,380360,87
b,380502,43
c,380643,2991
d,380784,90
f,380925,15
14,381066,0.0
5,381208,88
b,381347,23
c,381488,2493
d,381629,90
f,381769,15
14,381907,0.875
5,382049,88
b,382190,70
c,382331,2536
d,382472,92
f,382613,15
14,382755,0.215
5,382893,88
b,383034,72
c,383175,2577
d,383316,93
f,383453,15
14,383594,0.175
5,383737,88
b,383878,29
c,384019,2569
d,384160,93
f,384301,15
14,384442,0.15
5,384584,88
b,384726,19
c,384867,2548
d,385008,92
f,385149,15
14,385290,0.35
5,385432,89
b,385571,58
c,385712,2542
d,385853,92
f,385993,15
14,386131,0.765
5,386273,89
b,386414,73
c,386555,2562
d,386696,93
f,386837,15
14,386979,0.105
5,387117,89
b,387258,61
c,387399,2575
d,387540,93
f,387677,15
14,387818,0.90
5,387961,90
b,388102,44
c,388243,2571
d,388384,93
f,388525,14
14,388666,0.755
5,388808,90
b,388950,33
c,389091,2552
d,389232,92
f,389373,14
14,389514,0.725
5,389656,90
b,389795,33
c,389936,2529
d,390077,91
f,390217,14
14,390355,0.500
5,390497,90
b,390638,31
c,390779,2461
d,390920,90
f,391061,14
14,391203,0.30
5,391341,90
b,391482,19
c,391623,2441
d,391764,88
f,391901,14
14,392042,0.35
5,392185,90
b,392326,19
c,392467,2388
d,392608,86
f,392749,14
14,392890,0.10
5,393032,91
b,393174,22
c,393315,2362
d,393456,84
f,393597,14
14,393738,0.840
5,393880,91
b,394019,59
c,394160,2317
d,394301,83
f,394441,15
14,394579,0.150
5,394721,91
b,394862,79
c,395003,2307
d,395144,83
f,395285,15
14,395427,0.140
5,395565,91
b,395706,79
c,395847,2317
d,395988,84
f,396125,14
14,396266,0.625
5,396409,92
b,396550,71
c,396691,2312
d,396832,84
f,396973,14
14,397114,0.200
5,397256,92
b,397398,70
c,397539,2307
d,397680,83
f,397821,14
14,397962,0.790
5,398104,92
b,398243,70
c,398384,2309
d,398525,83
f,398665,14
14,398803,0.560
5,398945,92
b,399086,76
c,399227,2303
d,399368,84
f,399509,14
14,399651,0.790
5,399789,92
b,399930,78
c,400071,2318
d,400212,84
f,400349,14
14,400490,0.820
5,400633,92
b,400774,56
c,400915,2316
d,401056,84
f,401197,14
14,401338,0.255
5,401480,92
b,401622,65
c,401763,2306
d,401904,83
f,402045,14
14,402186,0.215
5,402328,91
b,402467,63
c,402608,2305
d,402749,83
f,402889,14
14,403027,0.110
5,403169,91
b,403310,62
c,403451,2311
d,403592,84
f,403733,14
14,403875,0.400
5,404013,90
b,404154,49
c,404295,2310
d,404436,84
f,404573,13
14,404714,0.735
5,404857,90
b,404998,43
c,405139,2316
d,405280,84
f,405421,13
14,405562,0.645
5,405704,90
b,405846,55
c,405987,2326
d,406128,84
f,406269,13
14,406410,0.825
5,406552,90
b,406691,60
c,406832,2353
d,406973,85
f,407113,14
14,407251,0.150
5,407393,89
b,407534,63
c,407675,2386
d,407816,86
f,407957,13
14,408099,0.90
5,408237,89
b,408378,62
c,408519,2422
d,408660,88
f,408797,13
14,408938,0.240
5,409081,88
b,409222,82
c,409363,2481
d,409504,90
f,409645,13
14,409786,0.685
5,409928,88
b,410070,125
c,410211,2571
d,410352,93
f,410493,14
14,410634,0.115
5,410776,88
b,410915,155
c,411056,2678
d,411197,97
f,411337,14
14,411475,0.835
5,411617,88
b,411758,160
c,411899,2782
d,412040,101
f,412181,14
14,412323,0.835
5,412461,87
b,412602,81
c,412743,2829
d,412884,102
f,413021,13
14,413162,0.35
5,413305,87
b,413446,29
c,413587,2775
d,413728,101
f,413869,13
14,414010,0.25
5,414152,87
b,414294,24
c,414435,2739
d,414576,99
f,414717,13
14,414858,0.830
5,415000,87
b,415139,35
c,415280,2690
d,415421,97
f,415561,13
14,415699,0.110
5,415841,87
b,415982,29
c,416123,2629
d,416264,95
f,416405,13
14,416547,0.70
5,416685,87
b,416826,20
c,416967,2570
d,417108,93
f,417245,13
14,417386,0.45
5,417529,87
b,417670,42
c,417811,2543
d,417952,92
f,418093,13
14,418234,0.725
5,418376,87
b,418518,67
c,418659,2523
d,418800,92
f,418941,14
14,419082,0.785
5,419224,87
b,419363,42
c,419504,2510
d,419645,91
f,419785,13
14,419923,0.685
5,420065,88
b,420206,49
c,420347,2495
d,420488,90
f,420629,13
14,420771,0.805
5,420909,88
b,421050,44
c,421191,2475
d,421332,89
f,421469,13
14,421610,0.300
5,421753,88
b,421894,56
c,422035,2463
d,422176,89
f,422317,13
14,422458,0.685
5,422600,88
b,422742,29
c,422883,2402
d,423024,87
f,423165,13
14,423306,0.20
5,423448,89
b,423587,20
c,423728,2357
d,423869,85
f,424009,13
14,424147,0.25
5,424289,89
b,424430,20
c,424571,2302
d,424712,83
f,424853,13
14,424995,0.0
5,425133,89
b,425274,21
c,425415,2092
d,425556,81
f,425693,13
14,425834,0.910
5,425977,89
b,426118,36
c,426259,2669
d,426400,77
f,426541,13
5,426823,89
b,426964,18
c,427101,2843
d,427242,69
f,427383,13
14,427524,0.10
5,427666,90
b,427806,25
c,427944,2778
d,428085,68
f,428226,13
14,428367,0.760
5,428509,90
b,428650,19
c,428791,2711
d,428932,67
f,429073,13
14,429214,0.15
5,429356,90
b,429497,18
c,429638,2623
d,429779,64
f,429920,13
14,430061,0.0
5,430201,90
b,430342,18
c,430483,2563
d,430624,63
f,430765,13
14,430906,0.0
5,431048,90
b,431190,18
c,431331,2563
d,431472,62
f,431613,13
14,431754,0.10
5,431896,90
b,432035,18
c,432176,2527
d,432317,61
f,432457,13
14,432595,0.10
5,432737,90
b,432878,19
c,433019,2430
d,433160,59
f,433301,13
14,433443,0.0
5,433581,91
b,433722,20
c,433863,2362
d,434004,57
f,434141,13
14,434282,0.0
5,434425,91
b,434566,37
c,434707,2333
d,434848,58
f,434989,13
14,435130,0.745
5,435272,91
b,435414,134
c,435555,2510
d,435696,62
f,435837,14
14,435978,0.750
5,436120,91
b,436259,158
c,436400,2731
d,436541,68
f,436681,13
14,436819,0.850
5,436961,91
b,437102,158
c,437243,2993
d,437384,74
f,437525,13
14,437667,0.860
5,437805,91
b,437946,158
c,438087,3233
d,438228,79
f,438365,13
14,438506,0.885
5,438649,92
b,438790,154
c,438931,3328
d,439072,83
f,439213,13
5,439495,92
b,439636,19
c,439773,2726
d,439914,81
f,440055,14
14,440196,0.25
5,440338,91
b,440478,26
c,440616,2667
d,440757,78
f,440898,14
14,441039,0.30
5,441181,91
b,441322,19
c,441463,2571
d,441604,75
f,441745,14
14,441886,0.25
5,442028,91
b,442169,19
c,442310,2423
d,442451,71
f,442592,14
14,442733,0.0
5,442873,91
b,443014,20
c,443155,2301
d,443296,68
f,443437,14
14,443578,0.0
5,443720,91
b,443862,22
c,444003,2185
d,444144,64
f,444285,14
14,444426,0.0
5,444568,91
b,444707,30
c,444848,2157
d,444989,63
f,445129,14
14,445267,0.815
5,445409,91
b,445550,126
c,445691,2219
d,445832,66
f,445973,14
14,446115,0.840
5,446253,90
b,446394,155
c,446535,2364
d,446676,70
f,446813,14
14,446954,0.865
5,447097,90
b,447238,158
c,447379,2508
d,447520,74
f,447661,14
14,447802,0.855
5,447944,90
b,448086,159
c,448227,2645
d,448368,78
f,448509,14
14,448650,0.850
5,448792,90
b,448931,160
c,449072,2777
d,449213,82
f,449353,14
14,449491,0.895
5,449633,90
b,449774,29
c,449915,2726
d,450056,80
f,450197,14
14,450339,0.5
5,450477,90
b,450618,47
c,450759,2696
d,450900,79
f,451037,14
14,451178,0.795
5,451321,90
b,451462,81
c,451603,2734
d,451744,81
f,451885,15
14,452026,0.805
5,452168,90
b,452310,143
c,452451,2870
d,452592,85
f,452733,15
14,452874,0.835
5,453016,89
b,453155,158
c,453296,3054
d,453437,91
f,453577,15
14,453715,0.910
5,453857,89
b,453998,23
c,454139,3044
d,454280,89
f,454421,15
14,454563,0.5
5,454701,89
b,454842,17
c,454983,2981
d,455124,88
f,455261,15
14,455402,0.0
5,455545,89
b,455686,17
c,455827,2929
d,455968,86
f,456109,15
14,456250,0.0
5,456392,89
b,456534,17
c,456675,2828
d,456816,83
f,456957,15
14,457098,0.0
5,457240,89
b,457379,18
c,457520,2760
d,457661,81
f,457801,14
14,457939,0.0
5,458081,89
b,458222,18
c,458363,2748
d,458504,80
f,458645,14
14,458787,0.675
5,458925,89
b,459066,23
c,459207,2692
d,459348,79
f,459485,14
14,459626,0.20
5,459769,89
b,459910,24
c,460051,2632
d,460192,78
f,460333,14
14,460474,0.785
5,460616,89
b,460758,41
c,460899,2603
d,461040,77
f,461181,14
14,461322,0.585
5,461464,89
b,461603,43
c,461744,2607
d,461885,77
f,462025,14
14,462163,0.825
5,462305,89
b,462446,35
c,462587,2591
d,462728,77
f,462869,14
14,463011,0.830
5,463149,89
b,463290,77
c,463431,2617
d,463572,78
f,463709,14
14,463850,0.75
5,463993,89
b,464134,71
c,464275,2650
d,464416,78
f,464557,14
14,464698,0.805
5,464840,89
b,464982,50
c,465123,2657
d,465264,78
f,465405,13
14,465546,0.70
5,465688,89
b,465827,21
c,465968,2609
d,466109,77
f,466249,13
14,466387,0.20
5,466529,89
b,466670,18
c,466811,2476
d,466952,74
f,467093,13
14,467235,0.5
5,467373,89
b,467514,19
c,467655,1591
d,467796,66
f,467933,13
14,468074,0.0
5,468217,89
b,468358,27
c,468499,1146
d,468640,55
f,468781,13
14,468922,0.0
5,469064,90
b,469206,30
c,469347,1758
d,469488,44
f,469629,13
14,469770,0.0
5,469912,90
b,470051,20
c,470192,2664
d,470333,39
f,470473,13
14,470611,0.735
5,470753,90
b,470894,59
c,471035,2706
d,471176,39
f,471317,14
5,471600,90
b,471741,90
c,471881,2978
d,472019,43
f,472160,14
14,472301,0.850
5,472441,90
b,472582,111
c,472723,3345
d,472864,49
f,473005,13
14,473146,0.890
5,473288,90
b,473430,164
c,473571,4017
d,473712,60
f,473853,14
14,473994,0.915
5,474136,90
b,474275,91
c,474416,4395
d,474557,65
f,474697,15
14,474835,0.10
5,474977,90
b,475118,23
c,475259,3277
d,475400,65
f,475541,15
14,475683,0.790
5,475821,90
b,475962,81
c,476103,3288
d,476244,66
f,476381,15
14,476522,0.865
5,476665,90
b,476806,81
c,476947,3424
d,477088,68
f,477229,15
14,477370,0.135
5,477512,90
b,477654,21
c,477795,3430
d,477936,68
f,478077,15
14,478218,0.5
5,478360,90
b,478499,17
c,478640,3266
d,478781,65
f,478921,15
14,479059,0.0
5,479201,90
b,479342,17
c,479483,3044
d,479624,60
f,479765,15
14,479907,0.0
5,480045,90
b,480186,17
c,480327,2764
d,480468,55
f,480605,15
14,480746,0.0
5,480889,90
b,481030,18
c,481171,2225
d,481312,48
f,481453,15
14,481594,0.0
5,481736,90
b,481878,22
c,482019,1340
d,482160,37
f,482301,15
14,482442,0.0
5,482584,90
b,482723,29
c,482864,1160
d,483005,23
f,483145,15
14,483283,0.5
5,483425,91
b,483566,30
c,483707,1168
d,483848,16
f,483989,15
14,484131,0.875
5,484269,91
b,484410,52
c,484551,1050
d,484692,15
f,484829,14
14,484970,0.850
5,485113,91
b,485254,109
c,485395,1273
d,485536,19
f,485677,15
14,485818,0.800
5,485960,91
b,486102,110
c,486243,1662
d,486384,24
f,486525,15
14,486666,0.685
5,486808,91
b,486947,107
c,487088,2067
d,487229,30
f,487369,15
14,487507,0.785
5,487649,91
b,487790,104
c,487931,2469
d,488072,36
f,488213,15
14,488355,0.855
5,488493,92
b,488634,120
c,488775,2995
d,488916,44
f,489053,15
14,489194,0.900
5,489337,92
b,489478,88
c,489619,3307
d,489760,49
f,489901,15
14,490042,0.0
5,490184,92
b,490326,21
c,490467,2378
d,490608,48
f,490749,15
14,490890,0.825
5,491032,92
b,491171,125
c,491312,2676
d,491453,54
f,491593,15
14,491731,0.850
5,491873,91
b,492014,157
c,492155,3006
d,492296,61
f,492437,16
14,492579,0.865
5,492717,91
b,492858,160
c,492999,3356
d,493140,68
f,493277,16
14,493418,0.885
5,493561,91
b,493702,164
c,493843,3732
d,493984,76
f,494125,17
14,494266,0.895
5,494408,90
b,494550,168
c,494691,4126
d,494832,83
f,494973,18
14,495114,0.910
5,495256,90
b,495395,171
c,495536,4504
d,495677,90
f,495817,19
14,495955,0.910
5,496097,90
b,496238,19
c,496379,3765
d,496520,90
f,496661,19
14,496803,0.15
5,496941,90
b,497082,17
c,497223,3585
d,497364,88
f,497501,18
14,497642,0.60
5,497785,90
b,497926,28
c,498067,3604
d,498208,86
f,498349,18
14,498490,0.885
5,498632,90
b,498774,95
c,498915,3605
d,499056,88
f,499197,18
14,499338,0.900
5,499480,90
b,499619,92
c,499760,3725
d,499901,91
f,500041,18
14,500179,0.580
5,500321,90
b,500462,24
c,500603,3701
d,500744,90
f,500885,18
14,501027,0.20
5,501165,90
b,501306,19
c,501447,3596
d,501588,88
f,501725,17
14,501866,0.85
5,502009,90
b,502150,17
c,502291,3523
d,502432,86
f,502573,17
14,502714,0.20
5,502856,90
b,502998,16
c,503139,3415
d,503280,83
f,503421,16
14,503562,0.20
5,503704,90
b,503843,17
c,503984,3181
d,504125,78
f,504265,16
14,504403,0.0
5,504545,90
b,504686,17
c,504827,2929
d,504968,72
f,505109,16
14,505251,0.0
5,505389,90
b,505530,19
c,505671,2750
d,505812,66
f,505949,16
14,506090,0.0
5,506233,90
b,506374,17
c,506515,3026
d,506656,60
f,506797,15
14,506938,0.0
5,507080,90
b,507222,18
c,507363,2719
d,507504,53
f,507645,15
14,507786,0.0
5,507928,91
b,508067,19
c,508208,2398
d,508349,47
f,508489,15
14,508627,0.0
5,508769,91
b,508910,21
c,509051,2077
d,509192,41
f,509333,15
14,509475,0.0
5,509613,91
b,509754,25
c,509895,1945
d,510036,39
f,510173,15
14,510314,0.920
5,510457,91
b,510598,26
c,510739,2512
d,510880,36
f,511021,15
14,511162,0.45
5,511304,92
b,511446,20
c,511587,2276
d,511728,32
f,511869,15
14,512010,0.0
5,512152,92
b,512291,22
c,512432,2093
d,512573,30
f,512713,14
14,512851,0.0
5,512993,92
b,513134,23
c,513275,1934
d,513416,27
f,513557,14
14,513699,0.0
5,513837,92
b,513978,13
c,514119,1812
d,514260,26
f,514397,14
14,514538,0.0
5,514681,92
b,514822,23
c,514963,1456
d,515104,21
f,515245,14
14,515386,0.775
5,515528,92
b,515670,81
c,515811,1601
d,515952,23
f,516093,14
14,516234,0.350
5,516376,92
b,516515,145
c,516656,2080
d,516797,31
f,516937,15
14,517075,0.855
5,517217,92
b,517358,157
c,517499,2716
d,517640,40
f,517781,15
14,517923,0.850
5,518061,92
b,518202,158
c,518343,3430
d,518484,51
f,518621,15
14,518762,0.900
5,518905,92
b,519046,166
c,519187,4186
d,519328,61
f,519469,16
14,519610,0.920
5,519752,92
b,519894,170
c,520035,4931
d,520176,73
f,520317,18
14,520458,0.940
5,520600,91
b,520739,23
c,520880,4595
d,521021,74
f,521161,18
14,521299,0.865
5,521441,90
b,521582,167
c,521723,4033
d,521864,82
f,522005,18
14,522147,0.930
5,522285,90
b,522426,21
c,522567,3987
d,522708,79
f,522845,19
14,522986,0.15
5,523129,90
b,523270,16
c,523411,3541
d,523552,70
f,523693,18
14,523834,0.0
5,523976,90
b,524118,17
c,524259,3055
d,524400,60
f,524541,18
14,524682,0.0
5,524824,90
b,524963,18
c,525104,2672
d,525245,53
f,525385,18
14,525523,0.0
5,525665,90
b,525806,19
c,525947,2438
d,526088,48
f,526229,18
14,526371,0.0
5,526509,90
b,526650,20
c,526791,2322
d,526932,46
f,527069,17
14,527210,0.0
5,527353,90
b,527494,21
c,527635,2222
d,527776,44
f,527917,17
14,528058,0.0
5,528200,90
b,528342,23
c,528483,1971
d,528624,39
f,528765,16
14,528906,0.0
5,529048,90
b,529187,14
c,529328,1729
d,529469,34
f,529609,16
14,529747,0.0
5,529889,90
b,530030,54
c,530171,1792
d,530312,32
f,530453,16
14,530595,0.900
5,530733,90
b,530874,61
c,531015,2318
d,531156,34
f,531293,16
14,531434,0.515
5,531577,90
b,531718,115
c,531859,2680
d,532000,39
f,532141,16
14,532282,0.200
5,532424,90
b,532566,131
c,532707,3387
d,532848,48
f,532989,16
14,533130,0.895
5,533272,90
b,533411,149
c,533552,3661
d,533693,54
f,533833,16
14,533971,0.20
5,534113,90
b,534254,20
c,534395,2787
d,534536,55
f,534677,16
14,534819,0.860
5,534957,90
b,535098,70
c,535239,2787
d,535380,56
f,535517,17
14,535658,0.440
5,535801,90
b,535942,30
c,536083,2736
d,536224,55
f,536365,16
14,536506,0.45
5,536648,90
b,536790,18
c,536931,2709
d,537072,54
f,537213,16
14,537354,0.10
5,537496,91
b,537635,21
c,537776,2605
d,537917,52
f,538057,16
14,538195,0.570
5,538337,91
b,538478,19
c,538619,2534
d,538760,50
f,538901,15
14,539043,0.25
5,539181,91
b,539322,19
c,539463,2436
d,539604,48
f,539741,15
14,539882,0.20
5,540025,92
b,540166,22
c,540307,1891
d,540448,47
f,540589,15
14,540730,0.65
5,540872,92
b,541014,21
c,541155,1899
d,541296,46
f,541437,15
14,541578,0.0
5,541720,92
b,541859,11
c,542000,1830
d,542141,44
f,542281,15
14,542419,0.0
5,542561,92
b,542702,29
c,542843,1833
d,542984,43
f,543125,15
14,543267,0.880
5,543405,93
b,543546,55
c,543687,1771
d,543828,43
f,543965,15
14,544106,0.530
5,544249,93
b,544390,42
c,544531,1735
d,544672,43
f,544813,15
14,544954,0.65
5,545096,93
b,545238,30
c,545379,1707
d,545520,42
f,545661,15
14,545802,0.830
5,545944,93
b,546083,60
c,546224,1720
d,546365,42
f,546505,15
14,546643,0.810
5,546785,93
b,546926,50
c,547067,1748
d,547208,42
f,547349,15
14,547491,0.70
5,547629,93
b,547770,36
c,547911,1740
d,548052,43
f,548189,15
14,548330,0.85
5,548473,93
b,548614,38
c,548755,1742
d,548896,43
f,549037,14
14,549178,0.535
5,549320,92
b,549462,43
c,549603,1731
d,549744,42
f,549885,14
14,550026,0.480
5,550168,92
b,550307,48
c,550448,1698
d,550589,41
f,550729,14
14,550867,0.145
5,551009,91
b,551150,49
c,551291,1677
d,551432,41
f,551573,14
14,551715,0.820
5,551853,91
b,551994,36
c,552135,1643
d,552276,40
f,552413,14
14,552554,0.90
5,552697,91
b,552838,28
c,552979,1592
d,553120,39
f,553261,14
14,553402,0.50
5,553544,90
b,553686,26
c,553827,1562
d,553968,38
f,554109,14
14,554250,0.120
5,554392,90
b,554531,29
c,554672,1521
d,554813,37
f,554953,14
14,555091,0.860
5,555233,90
b,555374,77
c,555515,1559
d,555656,38
f,555797,14
14,555939,0.810
5,556077,89
b,556218,90
c,556359,1651
d,556500,40
f,556637,14
14,556778,0.795
5,556921,89
b,557062,79
c,557203,1671
d,557344,41
f,557485,14
14,557626,0.820
5,557768,89
b,557910,38
c,558051,1617
d,558192,40
f,558333,13
14,558474,0.715
5,558616,89
b,558755,28
c,558896,1573
d,559037,38
f,559177,13
14,559315,0.60
5,559457,88
b,559598,27
c,559739,1465
d,559880,36
f,560021,13
14,560163,0.795
5,560301,88
b,560442,39
c,560583,1417
d,560724,35
f,560861,13
14,561002,0.810
5,561145,88
b,561286,72
c,561427,1507
d,561568,37
f,561709,14
14,561850,0.745
5,561992,87
b,562134,103
c,562275,1640
d,562416,40
f,562557,14
14,562698,0.75
5,562840,87
b,562979,137
c,563120,1843
d,563261,45
f,563401,14
14,563539,0.845
5,563681,87
b,563822,149
c,563963,2082
d,564104,51
f,564245,14
14,564387,0.95
5,564525,87
b,564666,144
c,564807,2314
d,564948,57
f,565085,14
14,565226,0.175
5,565369,87
b,565510,87
c,565651,2453
d,565792,60
f,565933,13
14,566074,0.80
5,566216,87
b,566358,28
c,566499,2131
d,566640,59
f,566781,13
14,566922,0.10
5,567064,88
b,567203,26
c,567344,1676
d,567485,58
f,567625,13
14,567763,0.835
5,567905,88
b,568046,38
c,568187,1960
d,568328,58
f,568469,13
14,568611,0.770
5,568749,88
b,568890,33
c,569031,1940
d,569172,57
f,569309,13
14,569450,0.715
5,569593,88
b,569734,26
c,569875,1920
d,570016,56
f,570157,13
14,570298,0.70
5,570440,88
b,570582,24
c,570723,1885
d,570864,55
f,571005,13
14,571146,0.50
5,571288,88
b,571427,24
c,571568,1832
d,571709,54
f,571849,13
14,571987,0.140
5,572129,89
b,572270,24
c,572411,1782
d,572552,52
f,572693,13
14,572835,0.0
5,572973,89
b,573114,19
c,573255,1654
d,573396,48
f,573533,13
14,573674,0.0
5,573817,89
b,573958,29
c,574099,951
d,574240,41
f,574381,13
14,574522,0.590
5,574664,89
b,574806,40
c,574947,779
d,575088,33
f,575229,14
14,575370,0.875
5,575512,89
b,575651,42
c,575792,792
d,575933,21
f,576073,14
14,576211,0.830
5,576353,89
b,576494,43
c,576635,762
d,576776,13
f,576917,14
14,577059,0.760
5,577197,90
b,577338,44
c,577479,833
d,577620,11
f,577757,13
14,577898,0.30
5,578041,90
b,578182,101
c,578323,901
d,578464,13
f,578605,14
14,578746,0.95
5,578888,90
b,579030,116
c,579171,1251
d,579312,19
f,579453,14
14,579594,0.815
5,579736,90
b,579875,100
c,580016,1608
d,580157,23
f,580297,13
14,580435,0.90
5,580577,90
b,580718,85
c,580859,1831
d,581000,27
f,581141,13
14,581283,0.80
5,581421,90
b,581562,39
c,581703,1724
d,581844,27
f,581981,13
14,582122,0.860
5,582265,90
b,582406,96
c,582547,1548
d,582688,30
f,582829,13
14,582970,0.775
5,583112,90
b,583254,90
c,583395,1695
d,583536,34
f,583677,13
14,583818,0.420
5,583960,90
b,584099,85
c,584240,1846
d,584381,37
f,584521,13
14,584659,0.65
5,584801,91
b,584942,85
c,585083,1983
d,585224,40
f,585365,14
14,585507,0.125
5,585645,91
b,585786,77
c,585927,2066
d,586068,42
f,586205,13
14,586346,0.50
5,586489,91
b,586630,28
c,586771,1881
d,586912,41
f,587053,13
14,587194,0.40
5,587336,91
b,587478,37
c,587619,1663
d,587760,40
f,587901,13
14,588042,0.890
5,588184,92
b,588323,43
c,588464,1674
d,588605,41
f,588745,13
14,588883,0.765
5,589025,92
b,589166,52
c,589307,1701
d,589448,41
f,589589,14
14,589731,0.795
5,589869,92
b,590010,44
c,590151,1724
d,590292,42
f,590429,13
14,590570,0.780
5,590713,92
b,590854,42
c,590995,1729
d,591136,42
f,591277,13
14,591418,0.260
5,591560,92
b,591702,40
c,591843,1713
d,591984,42
f,592125,13
5,592407,92
b,592548,42
c,592689,1703
d,592830,41
f,592971,13
14,593112,0.715
5,593254,92
b,593395,43
c,593533,1712
d,593674,42
f,593815,13
14,593956,0.180
5,594098,92
b,594239,47
c,594380,1737
d,594521,42
f,594662,13
14,594803,0.775
5,594945,92
b,595086,44
c,595227,1760
d,595368,43
f,595509,13
14,595650,0.740
5,595792,92
b,595933,43
c,596074,1763
d,596215,43
f,596356,13
14,596497,0.95
5,596639,92
b,596780,43
c,596921,1792
d,597062,43
f,597203,13
14,597344,0.815
5,597486,92
b,597627,38
c,597768,1788
d,597909,44
f,598051,13
14,598192,0.785
5,598334,91
b,598475,37
c,598616,1785
d,598757,44
f,598898,13
14,599040,0.745
5,599182,91
b,599323,41
c,599464,1788
d,599605,44
f,599746,13
14,599887,0.130
5,600029,91
b,600170,42
c,600311,1801
d,600452,44
f,600593,13
14,600734,0.770
5,600876,90
b,601017,41
c,601158,1807
d,601299,44
f,601440,13
14,601581,0.795
5,601721,90
b,601862,33
c,602003,1794
d,602144,44
f,602285,13
14,602426,0.800
5,602568,90
b,602710,28
c,602851,1776
d,602992,43
f,603133,13
14,603274,0.50
5,603416,90
b,603555,25
c,603696,1733
d,603837,42
f,603977,13
14,604115,0.45
5,604257,90
b,604398,25
c,604539,1690
d,604680,41
f,604821,13
14,604963,0.775
5,605101,89
b,605242,33
c,605383,1660
d,605524,40
f,605661,13
14,605802,0.755
5,605945,89
b,606086,39
c,606227,1658
d,606368,40
f,606509,13
14,606650,0.740
5,606792,89
b,606934,60
c,607075,1650
d,607216,40
f,607357,13
14,607498,0.790
5,607640,89
b,607779,55
c,607920,1675
d,608061,41
f,608201,13
14,608339,0.785
5,608481,89
b,608622,41
c,608763,1681
d,608904,41
f,609045,13
14,609187,0.800
5,609325,88
b,609466,40
c,609607,1699
d,609748,41
f,609885,12
14,610026,0.715
5,610169,88
b,610310,55
c,610451,1728
d,610592,42
f,610733,13
14,610874,0.715
5,611016,88
b,611158,57
c,611299,1773
d,611440,43
f,611581,13
14,611722,0.815
5,611864,88
b,612003,44
c,612144,1797
d,612285,44
f,612425,12
14,612563,0.145
5,612705,88
b,612846,41
c,612987,1806
d,613128,44
f,613269,12
14,613411,0.815
5,613549,88
b,613690,31
c,613831,1765
d,613972,43
f,614109,12
14,614250,0.60
5,614393,88
b,614534,25
c,614675,1742
d,614816,42
f,614957,12
14,615098,0.30
5,615240,88
b,615382,26
c,615523,1687
d,615664,41
f,615805,12
14,615946,0.55
5,616088,88
b,616227,25
c,616368,1636
d,616509,40
f,616649,12
14,616787,0.200
5,616929,88
b,617070,26
c,617211,1587
d,617352,39
f,617493,12
14,617635,0.0
5,617773,88
b,617914,29
c,618055,1360
d,618196,38
f,618333,13
14,618474,0.920
5,618617,88
b,618758,43
c,618899,1877
d,619040,37
f,619181,13
14,619322,0.870
5,619464,88
b,619606,39
c,619747,1850
d,619888,37
f,620029,13
14,620170,0.85
5,620312,88
b,620451,34
c,620592,1793
d,620733,36
f,620873,13
14,621011,0.40
5,621153,88
b,621294,28
c,621435,1809
d,621576,36
f,621717,12
14,621859,0.75
5,621997,89
b,622138,29
c,622279,1768
d,622420,35
f,622557,12
14,622698,0.80
5,622841,89
b,622982,31
c,623123,1740
d,623264,35
f,623405,12
14,623546,0.210
5,623688,89
b,623830,26
c,623971,1685
d,624112,33
f,624253,12
14,624394,0.45
5,624536,89
b,624675,26
c,624816,1539
d,624957,33
f,625097,12
14,625235,0.920
5,625377,89
b,625518,32
c,625659,2192
d,625800,32
f,625941,13
14,626083,0.50
5,626221,89
b,626362,23
c,626503,1941
d,626644,28
f,626781,12
14,626922,0.0
5,627065,89
b,627206,22
c,627347,1687
d,627488,24
f,627629,12
14,627770,0.35
5,627912,89
b,628054,29
c,628195,1613
d,628336,22
f,628477,13
14,628618,0.880
5,628760,90
b,628899,59
c,629040,1635
d,629181,23
f,629321,13
14,629459,0.810
5,629601,90
b,629742,66
c,629883,1739
d,630024,25
f,630165,13
14,630307,0.775
5,630445,90
b,630586,48
c,630727,1759
d,630868,25
f,631005,13
14,631146,0.85
5,631289,90
b,631430,28
c,631571,1651
d,631712,23
f,631853,12
14,631994,0.80
5,632136,90
b,632278,27
c,632419,1498
d,632560,21
f,632701,12
14,632842,0.730
5,632984,90
b,633123,28
c,633264,1332
d,633405,19
f,633545,12
14,633683,0.90
5,633825,90
b,633966,29
c,634107,1214
d,634248,17
f,634389,13
14,634531,0.75
5,634669,90
b,634810,30
c,634951,1114
d,635092,16
f,635229,13
14,635370,0.810
5,635513,90
b,635654,50
c,635795,1224
d,635936,17
f,636077,13
14,636218,0.855
5,636360,90
b,636502,79
c,636643,1385
d,636784,20
f,636925,13
14,637066,0.760
5,637208,91
b,637347,105
c,637488,1726
d,637629,25
f,637769,13
14,637907,0.235
5,638049,91
b,638190,137
c,638331,2197
d,638472,32
f,638613,13
14,638755,0.835
5,638893,91
b,639034,157
c,639175,2840
d,639316,42
f,639453,14
14,639594,0.880
5,639737,91
b,639878,28
c,640019,2566
d,640160,43
f,640301,13
14,640442,0.5
5,640584,91
b,640726,23
c,640867,1704
d,641008,42
f,641149,13
14,641290,0.0
5,641432,92
b,641571,27
c,641712,1844
d,641853,39
f,641993,13
14,642131,0.0
5,642273,92
b,642414,17
c,642555,1888
d,642696,37
f,642837,13
14,642979,0.0
5,643117,92
b,643258,11
c,643399,1777
d,643540,35
f,643677,13
14,643818,0.0
5,643961,92
b,644102,20
c,644243,1604
d,644384,31
f,644525,14
14,644666,0.0
5,644808,92
b,644950,28
c,645091,1277
d,645232,25
f,645373,14
14,645514,0.0
5,645656,92
b,645795,32
c,645936,839
d,646077,18
f,646217,14
14,646355,0.835
5,646497,92
b,646638,42
c,646779,1018
d,646920,15
f,647061,14
14,647203,0.870
5,647341,92
b,647482,50
c,647623,1075
d,647764,15
f,647901,14
14,648042,0.845
5,648185,92
b,648326,76
c,648467,1202
d,648608,17
f,648749,14
14,648890,0.780
5,649032,92
b,649174,56
c,649315,1287
d,649456,18
f,649597,14
14,649738,0.90
5,649880,92
b,650019,46
c,650160,1306
d,650301,19
f,650441,14
14,650579,0.50
5,650721,92
b,650862,42
c,651003,1336
d,651144,19
f,651285,14
14,651427,0.65
5,651565,92
b,651706,45
c,651847,1350
d,651988,19
f,652125,14
14,652266,0.735
5,652409,92
b,652550,45
c,652691,1393
d,652832,20
f,652973,14
14,653114,0.545
5,653256,92
b,653398,39
c,653539,1416
d,653680,20
f,653821,14
14,653962,0.665
5,654104,92
b,654243,34
c,654384,1411
d,654525,20
f,654665,14
14,654803,0.790
5,654945,92
b,655086,32
c,655227,1368
d,655368,20
f,655509,14
14,655651,0.690
5,655789,91
b,655930,34
c,656071,1377
d,656212,20
f,656349,14
14,656490,0.710
5,656633,91
b,656774,33
c,656915,1350
d,657056,19
f,657197,14
5,657479,91
b,657620,32
c,657757,1279
d,657898,18
f,658039,14
14,658180,0.70
5,658322,91
b,658462,35
c,658600,1231
d,658741,17
f,658882,14
14,659023,0.750
5,659165,90
b,659306,33
c,659447,1151
d,659588,16
f,659729,14
14,659870,0.790
5,660012,90
b,660153,31
c,660294,1053
d,660435,15
f,660576,14
14,660717,0.65
5,660857,90
b,660998,31
c,661139,992
d,661280,13
f,661421,14
14,661562,0.775
5,661704,90
b,661846,41
c,661987,934
d,662128,13
f,662269,14
14,662410,0.830
5,662552,90
b,662691,53
c,662832,976
d,662973,14
f,663113,14
14,663251,0.820
5,663393,90
b,663534,52
c,663675,1022
d,663816,14
f,663957,14
14,664099,0.225
5,664237,90
b,664378,47
c,664519,987
d,664660,14
f,664797,14
14,664938,0.675
5,665081,90
b,665222,45
c,665363,979
d,665504,14
f,665645,14
14,665786,0.115
5,665928,89
b,666070,50
c,666211,998
d,666352,14
f,666493,14
14,666634,0.825
5,666776,89
b,666915,64
c,667056,1072
d,667197,15
f,667337,14
14,667475,0.110
5,667617,89
b,667758,62
c,667899,1175
d,668040,17
f,668181,14
14,668323,0.790
5,668461,89
b,668602,50
c,668743,1187
d,668884,17
f,669021,14
14,669162,0.75
5,669305,89
b,669446,41
c,669587,1186
d,669728,17
f,669869,14
14,670010,0.75
5,670152,89
b,670294,43
c,670435,1117
d,670576,16
f,670717,14
14,670858,0.70
5,671000,89
b,671139,53
c,671280,1153
d,671421,16
f,671561,14
14,671699,0.515
5,671841,89
b,671982,51
c,672123,1171
d,672264,16
f,672405,14
14,672547,0.125
5,672685,89
b,672826,44
c,672967,1155
d,673108,16
f,673245,14
14,673386,0.640
5,673529,89
b,673670,37
c,673811,1138
d,673952,15
f,674093,14
14,674234,0.65
5,674376,89
b,674518,47
c,674659,1062
d,674800,15
f,674941,14
14,675082,0.705
5,675224,89
b,675363,55
c,675504,1083
d,675645,15
f,675785,14
14,675923,0.805
5,676065,89
b,676206,49
c,676347,1075
d,676488,15
f,676629,14
14,676771,0.770
5,676909,89
b,677050,47
c,677191,1027
d,677332,15
f,677469,14
14,677610,0.190
5,677753,89
b,677894,48
c,678035,1055
d,678176,14
f,678317,14
14,678458,0.130
5,678600,89
b,678742,51
c,678883,1012
d,679024,14
f,679165,14
14,679306,0.680
5,679448,89
b,679587,54
c,679728,1040
d,679869,15
f,680009,14
14,680147,0.530
5,680289,89
b,680430,49
c,680571,989
d,680712,14
f,680853,14
14,680995,0.795
5,681133,89
b,681274,40
c,681415,935
d,681556,13
f,681693,14
14,681834,0.745
5,681977,89
b,682118,42
c,682259,882
d,682400,13
f,682541,14
14,682682,0.45
5,682824,89
b,682966,51
c,683107,925
d,683248,13
f,683389,14
14,683530,0.70
5,683672,89
b,683811,47
c,683952,945
d,684093,13
f,684233,14
14,684371,0.215
5,684513,89
b,684654,45
c,684795,973
d,684936,14
f,685077,14
14,685219,0.805
5,685357,89
b,685498,36
c,685639,981
d,685780,14
f,685917,14
14,686058,0.830
5,686201,89
b,686342,35
c,686483,965
d,686624,13
f,686765,14
14,686906,0.465
5,687048,89
b,687190,34
c,687331,1017
d,687472,14
f,687613,14
14,687754,0.45
5,687896,89
b,688035,40
c,688176,1030
d,688317,15
f,688457,14
14,688595,0.50
5,688737,89
b,688878,36
c,689019,1041
d,689160,15
f,689301,14
14,689443,0.70
5,689581,89
b,689722,33
c,689863,1009
d,690004,14
f,690141,14
14,690282,0.570
5,690425,89
b,690566,32
c,690707,993
d,690848,14
f,690989,14
14,691130,0.110
5,691272,89
b,691414,31
c,691555,965
d,691696,14
f,691837,14
14,691978,0.180
5,692120,90
b,692259,32
c,692400,959
d,692541,13
f,692681,14
14,692819,0.805
5,692961,90
b,693102,34
c,693243,1004
d,693384,14
f,693525,14
14,693667,0.90
5,693805,90
b,693946,34
c,694087,947
d,694228,13
f,694365,14
14,694506,0.590
5,694649,90
b,694790,41
c,694931,918
d,695072,13
f,695213,15
14,695354,0.65
5,695496,90
b,695638,45
c,695779,904
d,695920,13
f,696061,15
14,696202,0.175
5,696344,90
b,696483,47
c,696624,857
d,696765,12
f,696905,15
14,697043,0.115
5,697185,90
b,697326,49
c,697467,827
d,697608,11
f,697749,15
14,697891,0.105
5,698029,90
b,698170,50
c,698311,751
d,698452,9
f,698589,15
14,698730,0.830
5,698873,90
b,699014,47
c,699155,1006
d,699296,8
f,699437,15
14,699578,0.850
5,699720,90
b,699862,60
c,700003,1169
d,700144,10
f,700285,15
14,700426,0.835
5,700568,90
b,700707,53
c,700848,1356
d,700989,12
f,701129,15
14,701267,0.695
5,701409,90
b,701550,52
c,701691,1485
d,701832,13
f,701973,15
14,702115,0.720
5,702253,90
b,702394,32
c,702535,1181
d,702676,13
f,702813,15
14,702954,0.595
5,703097,90
b,703238,61
c,703379,1009
d,703520,15
f,703661,15
14,703802,0.825
5,703944,90
b,704086,63
c,704227,1134
d,704368,16
f,704509,15
14,704650,0.805
5,704792,90
b,704931,43
c,705072,1139
d,705213,16
f,705353,15
14,705491,0.55
5,705633,90
b,705774,41
c,705915,1182
d,706056,17
f,706197,15
14,706339,0.125
5,706477,90
b,706618,43
c,706759,1172
d,706900,17
f,707037,15
14,707178,0.695
5,707321,90
b,707462,39
c,707603,1182
d,707744,17
f,707885,15
14,708026,0.735
5,708168,90
b,708310,34
c,708451,1104
d,708592,16
f,708733,15
14,708874,0.80
5,709016,90
b,709155,32
c,709296,1068
d,709437,15
f,709577,15
14,709715,0.310
5,709857,91
b,709998,30
c,710139,962
d,710280,14
f,710421,15
14,710563,0.85
5,710701,91
b,710842,29
c,710983,870
d,711124,12
f,711261,15
14,711402,0.720
5,711545,91
b,711686,30
c,711827,801
d,711968,11
f,712109,15
14,712250,0.205
5,712392,91
b,712534,35
c,712675,767
d,712816,10
f,712957,15
14,713098,0.755
5,713240,91
b,713379,60
c,713520,855
d,713661,9
f,713801,15
14,713939,0.880
5,714081,91
b,714222,53
c,714363,868
d,714504,9
f,714645,15
14,714787,0.860
5,714925,91
b,715066,52
c,715207,1047
d,715348,8
f,715485,15
14,715626,0.665
5,715769,91
b,715910,63
c,716051,1160
d,716192,10
f,716333,15
14,716474,0.80
5,716616,91
b,716758,67
c,716899,1494
d,717040,13
f,717181,15
14,717322,0.465
5,717464,91
b,717603,54
c,717744,1738
d,717885,15
f,718025,15
14,718163,0.200
5,718305,91
b,718446,40
c,718587,1821
d,718728,16
f,718869,15
14,719011,0.770
5,719149,91
b,719290,37
c,719431,1821
d,719572,16
f,719709,15
14,719850,0.770
5,719993,91
b,720134,33
c,720275,1837
d,720416,16
f,720557,15
14,720698,0.470
5,720840,91
b,720982,26
c,721123,1780
d,721264,15
f,721405,15
14,721546,0.445
5,721688,91
b,721827,26
c,721968,1695
d,722109,14
f,722249,15
14,722387,0.580
5,722529,91
b,722670,27
c,722811,1648
d,722952,14
f,723093,15
14,723235,0.780
5,723373,91
b,723514,28
c,723655,1613
d,723796,14
f,723933,15
14,724074,0.205
5,724217,91
b,724358,28
c,724499,1608
d,724640,14
f,724781,15
14,724922,0.625
5,725064,91
b,725206,27
c,725347,1235
d,725488,13
f,725629,15
14,725770,0.20
5,725912,91
b,726051,37
c,726192,737
d,726333,12
f,726473,15
14,726611,0.40
5,726753,90
b,726894,43
c,727035,764
d,727176,9
f,727317,15
14,727459,0.130
5,727597,90
b,727738,43
c,727879,755
d,728020,5
f,728157,15
14,728298,0.85
5,728441,90
b,728582,43
c,728723,788
d,728864,2
f,729005,15
14,729146,0.630
5,729288,90
b,729430,44
c,729571,776
d,729712,0
f,729853,15
14,729994,0.90
5,730136,90
b,730275,43
c,730416,764
d,730557,0
f,730697,15
14,730835,0.655
5,730977,90
b,731118,42
c,731259,761
d,731400,0
f,731541,15
14,731683,0.305
5,731821,90
b,731962,42
c,732103,773
d,732244,0
f,732381,15
14,732522,0.770
5,732665,90
b,732806,40
c,732947,758
d,733088,0
f,733229,15
14,733370,0.95
5,733512,90
b,733654,42
c,733795,753
d,733936,0
f,734077,15
14,734218,0.840
5,734360,90
b,734499,57
c,734640,1618
d,734781,0
f,734921,15
14,735059,0.835
5,735201,90
b,735342,38
c,735483,1552
d,735624,2
f,735765,15
14,735907,0.65
5,736045,90
b,736186,32
c,736327,1102
d,736468,2
f,736605,15
14,736746,0.60
5,736889,90
b,737030,48
c,737171,1322
d,737312,2
f,737453,16
14,737594,0.865
5,737736,90
b,737878,36
c,738019,951
d,738160,2
f,738301,16
14,738442,0.40
5,738584,90
b,738723,50
c,738864,902
d,739005,2
f,739145,16
14,739283,0.835
5,739425,90
b,739566,41
c,739707,1044
d,739848,2
f,739989,16
14,740131,0.45
5,740269,90
b,740410,40
c,740551,1099
d,740692,2
f,740829,16
5,741111,90
b,741252,36
c,741393,922
d,741534,2
f,741672,16
14,741813,0.90
5,741955,90
b,742094,40
c,742235,697
d,742376,2
f,742517,16
14,742658,0.285
5,742800,90
b,742941,48
c,743083,816
d,743224,2
f,743365,16
14,743506,0.95
5,743648,90
b,743789,48
c,743929,896
d,744070,2
f,744211,16
14,744352,0.820
5,744494,90
b,744635,45
c,744776,741
d,744918,2
f,745059,16
14,745200,0.95
5,745342,90
b,745479,45
c,745620,778
d,745761,1
f,745902,16
14,746043,0.215
5,746185,90
b,746323,44
c,746464,764
d,746605,1
f,746745,16
14,746886,0.785
5,747028,90
b,747169,43
c,747310,764
d,747451,1
f,747592,16
14,747734,0.505
5,747876,90
b,748017,44
c,748158,764
d,748295,1
f,748436,17
14,748577,0.725
5,748719,90
b,748860,44
c,749001,795
d,749139,0
f,749280,17
14,749421,0.75
5,749561,90
b,749702,45
c,749843,767
d,749984,0
f,750125,17
14,750266,0.755
5,750408,90
b,750550,45
c,750691,732
d,750832,0
f,750973,17
14,751114,0.80
5,751256,90
b,751395,47
c,751536,747
d,751677,1
f,751817,17
14,751955,0.745
5,752097,91
b,752238,46
c,752379,767
d,752520,0
f,752661,17
14,752803,0.755
5,752941,91
b,753082,44
c,753223,768
d,753364,0
f,753501,17
14,753642,0.640
5,753785,91
b,753926,43
c,754067,765
d,754208,0
f,754349,17
14,754490,0.85
5,754632,91
b,754774,43
c,754915,780
d,755056,0
f,755197,17
14,755338,0.90
5,755480,91
b,755619,44
c,755760,706
d,755901,0
f,756041,17
14,756179,0.255
5,756321,91
b,756462,49
c,756603,767
d,756744,0
f,756885,17
14,757027,0.765
5,757165,91
b,757306,48
c,757447,772
d,757588,0
f,757725,17
14,757866,0.85
5,758009,91
b,758150,46
c,758291,826
d,758432,0
f,758573,17
14,758714,0.285
5,758856,91
b,758998,60
c,759139,1416
d,759280,0
f,759421,18
14,759562,0.845
5,759704,91
b,759843,41
c,759984,1276
d,760125,2
f,760265,18
14,760403,0.65
5,760545,91
b,760686,44
c,760827,749
d,760968,1
f,761109,18
14,761251,0.70
5,761389,91
b,761530,48
c,761671,757
d,761812,1
f,761949,18
14,762090,0.70
5,762233,91
b,762374,48
c,762515,757
d,762656,0
f,762797,18
14,762938,0.70
5,763080,91
b,763222,46
c,763363,768
d,763504,0
f,763645,18
14,763786,0.95
5,763928,91
b,764067,50
c,764208,966
d,764349,0
f,764489,18
14,764627,0.820
5,764769,91
b,764910,46
c,765051,687
d,765192,0
f,765333,18
14,765475,0.50
5,765613,91
b,765754,49
c,765895,773
d,766036,1
f,766173,18
14,766314,0.775
5,766457,91
b,766598,46
c,766739,764
d,766880,1
f,767021,18
14,767162,0.80
5,767304,91
b,767446,45
c,767587,781
d,767728,0
f,767869,18
14,768010,0.70
5,768152,91
b,768291,45
c,768432,777
d,768573,0
f,768713,18
14,768851,0.235
5,768993,91
b,769134,64
c,769275,936
d,769416,0
f,769557,18
14,769699,0.905
5,769837,91
b,769978,47
c,770119,742
d,770260,0
f,770397,18
14,770538,0.835
5,770681,91
b,770822,47
c,770963,759
d,771104,0
f,771245,18
14,771386,0.125
5,771528,91
b,771670,45
c,771811,779
d,771952,0
f,772093,18
14,772234,0.165
5,772376,91
b,772515,44
c,772656,752
d,772797,0
f,772937,18
14,773075,0.725
5,773217,92
b,773358,47
c,773499,704
d,773640,0
f,773781,18
14,773923,0.120
5,774061,92
b,774202,50
c,774343,723
d,774484,0
f,774621,18
14,774762,0.725
5,774905,92
b,775046,48
c,775187,777
d,775328,0
f,775469,18
14,775610,0.70
5,775752,92
b,775894,47
c,776035,796
d,776176,0
f,776317,18
14,776458,0.80
5,776600,92
b,776739,46
c,776880,760
d,777021,0
f,777161,18
14,777299,0.105
5,777441,92
b,777582,48
c,777723,743
d,777864,0
f,778005,18
14,778147,0.760
5,778285,92
b,778426,50
c,778567,761
d,778708,1
f,778845,19
14,778986,0.575
5,779129,92
b,779270,50
c,779411,810
d,779552,0
f,779693,19
14,779834,0.825
5,779976,92
b,780118,47
c,780259,927
d,780400,0
f,780541,19
14,780682,0.775
5,780824,92
b,780963,42
c,781104,837
d,781245,0
f,781385,19
14,781523,0.385
5,781665,92
b,781806,45
c,781947,768
d,782088,0
f,782229,19
14,782371,0.750
5,782509,92
b,782650,46
c,782791,757
d,782932,0
f,783069,19
14,783210,0.65
5,783353,92
b,783494,50
c,783635,901
d,783776,0
f,783917,19
14,784058,0.755
5,784200,92
b,784342,51
c,784483,753
d,784624,1
f,784765,19
14,784906,0.500
5,785048,92
b,785187,48
c,785328,766
d,785469,0
f,785609,19
14,785747,0.80
5,785889,92
b,786030,46
c,786171,785
d,786312,0
f,786453,20
14,786595,0.90
5,786733,92
b,786874,42
c,787015,770
d,787156,0
f,787293,20
14,787434,0.695
5,787577,92
b,787718,40
c,787859,755
d,788000,0
f,788141,20
14,788282,0.755
5,788424,92
b,788566,39
c,788707,745
d,788848,0
f,788989,20
14,789130,0.90
5,789272,93
b,789411,40
c,789552,751
d,789693,0
f,789833,20
14,789971,0.115
5,790113,93
b,790254,37
c,790395,503
d,790536,0
f,790677,20
14,790819,0.5
5,790957,93
b,791098,42
c,791239,0
d,791380,0
f,791517,20
14,791658,0.5
5,791801,93
b,791942,99
c,792083,0
d,792224,0
f,792365,20
14,792506,0.5
5,792648,93
b,792790,100
c,792931,0
d,793072,0
f,793213,20
14,793354,0.5
5,793496,93
b,793635,100
c,793776,0
d,793917,0
f,794057,20
14,794195,0.10
5,794337,93
b,794478,100
c,794619,0
d,794760,0
f,794901,20
14,795043,0.10
5,795181,93
b,795322,100
c,795463,0
d,795604,0
f,795741,19
14,795882,0.10
5,796025,93
b,796166,100
c,796307,0
d,796448,0
f,796589,19
14,796730,0.15
5,796872,93
b,797014,100
c,797155,0
d,797296,0
f,797437,19
14,797578,0.15
5,797720,93
b,797859,100
c,798000,0
d,798141,0
f,798281,19
14,798419,0.15
5,798561,93
b,798702,100
c,798843,0
d,798984,0
f,799125,19
14,799267,0.15
5,799405,93
b,799546,100
c,799687,0
d,799828,0
f,799965,19
14,800106,0.15
5,800249,93
b,800390,100
c,800531,0
d,800672,0
f,800813,19
14,800954,0.15
5,801096,93
b,801238,100
c,801379,0
d,801520,0
f,801661,19
14,801802,0.20
5,801944,93
b,802083,100
c,802224,0
d,802365,0
f,802505,19
14,802643,0.20
5,802785,93
b,802926,100
c,803067,0
d,803208,0
f,803349,19
14,803491,0.20
5,803629,93
b,803770,100
c,803911,0
d,804052,0
f,804189,19
14,804330,0.20
5,804473,93
b,804614,100
c,804755,0
d,804896,0
f,805037,19
14,805178,0.20
5,805320,93
b,805462,100
c,805603,0
d,805744,0
f,805885,19
14,806026,0.20
5,806168,94
b,806307,100
c,806448,0
d,806589,0
f,806729,19
14,806867,0.20
5,807009,94
b,807150,100
c,807291,0
d,807432,0
f,807573,19
14,807715,0.20
5,807853,94
b,807994,100
c,808135,0
d,808276,0
f,808413,19
14,808554,0.20
5,808697,94
b,808838,100
c,808979,0
d,809120,0
f,809261,19
14,809402,0.25
5,809544,94
b,809686,100
c,809827,0
d,809968,0
f,810109,19
14,810250,0.25
5,810392,94
b,810531,100
c,810672,0
d,810813,0
f,810953,19
14,811091,0.25
5,811233,94
b,811374,100
c,811515,0
d,811656,0
f,811797,19
14,811939,0.25
5,812077,95
b,812218,100
c,812359,0
d,812500,0
f,812637,19
14,812778,0.25
5,812921,95
b,813062,100
c,813203,0
d,813344,0
f,813485,19
14,813626,0.25
5,813768,95
b,813910,100
c,814051,0
d,814192,0
f,814333,19
14,814474,0.25
5,814616,95
b,814755,100
c,814896,0
d,815037,0
f,815177,19
14,815315,0.25
5,815457,95
b,815598,100
c,815739,0
d,815880,0
f,816021,19
14,816163,0.25
5,816301,95
b,816442,100
c,816583,0
d,816724,0
f,816861,19
14,817002,0.30
5,817145,95
b,817286,100
c,817427,0
d,817568,0
f,817709,19
14,817850,0.30
5,817992,95
b,818134,100
c,818275,0
d,818416,0
f,818557,19
14,818698,0.30
5,818840,95
b,818979,100
c,819120,0
d,819261,0
f,819401,20
14,819539,0.30
5,819681,95
b,819822,100
c,819963,0
d,820104,0
f,820245,20
14,820387,0.30
5,820525,95
b,820666,100
c,820807,0
d,820948,0
f,821085,20
14,821226,0.30
5,821369,95
b,821510,100
c,821651,0
d,821792,0
f,821933,20
14,822074,0.35
5,822216,96
b,822358,100
c,822499,0
d,822640,0
f,822781,20
14,822922,0.35
5,823064,96
b,823203,100
c,823344,0
d,823485,0
f,823625,20
14,823763,0.35
5,823905,96
b,824046,100
c,824187,0
d,824328,0
f,824469,20
14,824611,0.35
5,824749,96
b,824890,100
c,825031,0
d,825172,0
f,825309,20
14,825450,0.40
5,825593,96
b,825734,100
c,825875,0
d,826016,0
f,826157,20
14,826298,0.40
5,826440,96
b,826582,100
c,826723,0
