f,4405,33
11,4546,17
b,4687,100
c,4828,0
d,4969,0
f,5110,33
11,5251,17
b,5392,100
c,5533,0
d,5675,0
f,5816,33
11,5957,17
b,6098,100
c,6239,0
d,6380,0
f,6521,33
11,6662,17
b,6803,100
c,6944,0
d,7085,0
f,7226,33
11,7367,17
b,7508,100
c,7645,0
d,7786,0
f,7927,33
11,8068,17
b,8209,100
c,8350,0
d,8488,0
f,8629,33
11,8770,17
b,8911,100
c,9052,0
d,9193,0
f,9334,33
11,9475,17
b,9616,100
c,9757,0
d,9899,0
f,10040,33
11,10181,17
b,10322,100
c,10463,0
d,10604,0
f,10745,33
11,10886,17
b,11027,100
c,11168,0
d,11309,0
f,11450,33
11,11591,17
b,11732,100
c,11869,0
d,12010,0
f,12151,33
11,12292,17
b,12433,100
c,12574,0
d,12712,0
f,12853,33
11,12994,17
b,13135,100
c,13276,0
d,13417,0
f,13558,33
11,13699,17
b,13840,100
c,13981,0
d,14123,0
f,14264,33
11,14405,17
b,14546,100
c,14687,0
d,14828,0
f,14969,33
11,15110,17
b,15251,100
c,15392,0
d,15533,0
f,15674,33
11,15815,17
b,15956,100
c,16093,0
d,16234,0
f,16375,33
11,16516,17
b,16657,100
c,16798,0
d,16936,0
f,17077,33
11,17218,17
b,17359,100
c,17500,0
d,17641,0
f,17782,33
11,17923,17
b,18064,100
c,18205,0
d,18347,0
f,18488,33
11,18629,17
b,18770,100
c,18911,0
d,19052,0
f,19193,33
11,19334,17
b,19475,100
c,19616,0
d,19757,0
f,19898,33
11,20039,17
b,20180,100
c,20317,0
d,20458,0
f,20599,33
11,20740,17
b,20881,100
c,21022,0
d,21160,0
f,21301,33
11,21442,17
b,21583,100
c,21724,0
d,21865,0
f,22006,34
11,22147,17
b,22288,100
c,22429,0
d,22571,0
f,22712,34
11,22853,17
b,22994,100
c,23135,0
d,23276,0
f,23417,34
11,23558,17
b,23699,100
c,23840,0
d,23981,0
f,24122,34
11,24263,17
b,24404,100
c,24541,0
d,24682,0
f,24823,34
11,24964,17
b,25105,100
c,25246,0
d,25384,0
f,25525,34
11,25666,17
b,25807,100
c,25948,0
d,26089,0
f,26230,34
11,26371,17
b,26512,100
c,26653,0
d,26795,0
f,26936,34
11,27077,17
b,27218,100
c,27359,0
d,27500,0
f,27641,34
11,27782,17
b,27923,100
c,28064,0
d,28205,0
f,28346,34
11,28487,17
b,28628,100
c,28765,0
d,28906,0
f,29047,34
11,29188,17
b,29329,100
c,29470,0
d,29608,0
f,29749,34
11,29890,17
b,30031,100
c,30172,0
d,30313,0
f,30454,34
11,30595,17
b,30736,100
c,30877,0
d,31019,0
f,31160,34
11,31301,17
b,31442,100
c,31583,0
d,31724,0
f,31865,34
11,32006,17
b,32147,100
c,32288,0
d,32429,0
f,32570,34
11,32711,17
b,32852,100
c,32989,0
d,33130,0
f,33271,34
11,33412,17
b,33553,100
c,33694,0
d,33832,0
f,33973,34
11,34114,17
b,34255,100
c,34396,0
d,34537,0
f,34678,34
11,34819,17
b,34960,100
c,35101,0
d,35243,0
f,35384,34
11,35525,17
b,35666,100
c,35807,0
d,35948,0
f,36089,34
11,36230,17
b,36371,100
c,36512,0
d,36653,0
f,36794,34
11,36935,17
b,37076,100
c,37213,0
d,37354,0
f,37495,34
11,37636,17
b,37777,100
c,37918,0
d,38056,0
f,38197,35
11,38338,17
b,38479,100
c,38620,0
d,38761,0
f,38902,35
11,39043,17
b,39184,100
c,39325,0
d,39467,0
f,39608,35
11,39749,17
b,39890,100
c,40031,0
d,40172,0
f,40313,35
11,40454,17
b,40595,100
c,40736,0
d,40877,0
f,41018,35
11,41159,17
b,41300,100
c,41437,0
d,41578,0
f,41719,35
11,41860,17
b,42001,100
c,42142,0
d,42280,0
f,42421,35
11,42562,17
b,42703,100
c,42844,0
d,42985,0
f,43126,35
11,43267,17
b,43408,100
c,43549,0
d,43691,0
f,43832,35
11,43973,17
b,44114,100
c,44255,0
d,44396,0
f,44537,35
11,44678,17
b,44819,100
c,44960,0
d,45101,0
f,45242,35
11,45383,17
b,45524,100
c,45661,0
d,45802,0
f,45943,35
11,46084,17
b,46225,100
c,46366,0
d,46504,0
f,46645,35
11,46786,17
b,46927,100
c,47068,0
d,47209,0
f,47350,35
11,47491,17
b,47632,100
c,47773,0
d,47915,0
f,48056,35
11,48197,17
b,48338,100
c,48479,0
d,48620,0
f,48761,35
11,48902,17
b,49043,100
c,49184,0
d,49325,0
f,49466,35
11,49607,17
b,49748,100
c,49885,0
d,50026,0
f,50167,35
11,50308,17
b,50449,100
c,50590,0
d,50728,0
f,50869,35
11,51010,17
b,51151,100
c,51292,0
d,51433,0
f,51574,35
11,51715,17
b,51856,100
c,51997,0
d,52139,0
f,52280,35
11,52421,17
b,52562,100
c,52703,0
d,52844,0
f,52985,35
11,53126,17
b,53267,100
c,53408,0
d,53549,0
f,53690,35
11,53831,17
b,53972,100
c,54109,0
d,54250,0
f,54391,35
11,54532,17
b,54673,100
c,54814,0
d,54952,0
f,55093,36
11,55234,17
b,55375,100
c,55516,0
d,55657,0
f,55798,36
11,55939,17
b,56080,100
c,56221,0
d,56363,0
f,56504,36
11,56645,17
b,56786,100
c,56927,0
d,57068,0
f,57209,36
11,57350,17
b,57491,100
c,57632,0
d,57773,0
f,57914,36
11,58055,17
b,58196,100
c,58333,0
d,58474,0
f,58615,36
11,58756,17
b,58897,100
c,59038,0
d,59176,0
f,59317,36
11,59458,17
b,59599,100
c,59740,0
d,59881,0
f,60022,36
11,60163,17
b,60304,100
c,60445,0
d,60587,0
f,60728,36
11,60869,17
b,61010,100
c,61151,0
d,61292,0
f,61433,36
11,61574,17
b,61715,100
c,61856,0
d,61997,0
f,62138,36
11,62279,17
b,62420,100
c,62557,0
d,62698,0
f,62839,36
11,62980,17
b,63121,100
c,63262,0
d,63400,0
f,63541,36
11,63682,17
b,63823,100
c,63964,0
d,64105,0
f,64246,36
11,64387,17
b,64528,100
c,64669,0
d,64811,0
f,64952,36
11,65093,17
b,65234,100
c,65375,0
d,65516,0
f,65657,36
11,65798,17
b,65939,100
c,66080,0
d,66221,0
f,66362,36
11,66503,17
b,66644,100
c,66781,0
d,66922,0
f,67063,36
11,67204,17
b,67345,100
c,67486,0
d,67624,0
f,67765,36
11,67906,17
b,68047,100
c,68188,0
d,68329,0
f,68470,36
11,68611,17
b,68752,100
c,68893,0
d,69035,0
f,69176,36
11,69317,17
b,69458,100
c,69599,0
d,69740,0
f,69881,36
11,70022,17
b,70163,100
c,70304,0
d,70445,0
f,70586,36
11,70727,17
b,70868,100
c,71005,0
d,71146,0
f,71287,36
11,71428,17
b,71569,100
c,71710,0
d,71848,0
f,71989,36
11,72130,12
b,72271,79
c,72412,1548
d,72553,0
f,72694,36
11,72835,14
b,72976,35
c,73117,1745
d,73259,0
f,73400,36
11,73541,13
b,73682,33
c,73823,1049
d,73964,0
f,74105,36
11,74246,14
b,74387,45
c,74528,769
d,74669,0
f,74810,36
11,74951,13
b,75092,48
c,75229,762
d,75370,0
f,75511,36
11,75652,12
b,75793,48
c,75934,729
d,76072,0
f,76213,36
11,76354,13
b,76495,49
c,76636,741
d,76777,0
f,76918,36
11,77059,13
b,77200,50
c,77341,739
d,77483,0
f,77624,36
11,77765,13
b,77906,51
c,78047,733
d,78188,0
f,78329,36
11,78470,13
b,78611,51
c,78752,740
d,78893,0
f,79034,36
11,79175,13
b,79316,51
c,79453,745
d,79594,0
f,79735,37
11,79876,13
b,80017,52
c,80158,733
d,80296,0
f,80437,37
11,80578,13
b,80719,52
c,80860,746
d,81001,0
f,81142,37
11,81283,13
b,81424,53
c,81565,749
d,81707,0
f,81848,37
11,81989,13
b,82130,52
c,82271,749
d,82412,0
f,82553,37
11,82694,12
b,82835,50
c,82976,761
d,83117,0
f,83258,37
11,83399,12
b,83540,49
c,83677,763
d,83818,0
f,83959,37
11,84100,12
b,84241,48
c,84382,761
d,84520,0
f,84661,37
11,84802,12
b,84943,48
c,85084,758
d,85225,0
f,85366,37
11,85507,12
b,85648,48
c,85789,754
d,85931,0
f,86072,37
11,86213,12
b,86354,48
c,86495,763
d,86636,0
f,86777,37
11,86918,12
b,87059,48
c,87200,758
d,87341,0
f,87482,37
11,87623,12
b,87764,48
c,87901,753
d,88042,0
f,88183,37
11,88324,12
b,88465,48
c,88606,763
d,88744,0
f,88885,37
11,89026,12
b,89167,48
c,89308,760
d,89449,0
f,89590,37
11,89731,13
b,89872,51
c,90013,741
d,90155,0
f,90296,37
11,90437,13
b,90578,53
c,90719,763
d,90860,0
f,91001,37
11,91142,13
b,91283,52
c,91424,740
d,91565,0
f,91706,37
11,91847,13
b,91988,52
c,92125,767
d,92266,0
f,92407,37
11,92548,13
b,92689,52
c,92830,764
d,92968,0
f,93109,38
11,93250,13
b,93391,51
c,93532,762
d,93673,0
f,93814,38
11,93955,13
b,94096,51
c,94237,771
d,94379,0
f,94520,38
11,94661,12
b,94802,50
c,94943,762
d,95084,0
f,95225,38
11,95366,12
b,95507,49
c,95648,767
d,95789,0
f,95930,38
11,96071,12
b,96212,48
c,96349,759
d,96490,0
f,96631,38
11,96772,12
b,96913,48
c,97054,771
d,97192,0
f,97333,38
11,97474,12
b,97615,48
c,97756,749
d,97897,0
f,98038,38
11,98179,12
b,98320,48
c,98461,766
d,98603,0
f,98744,38
11,98885,12
b,99026,48
c,99167,764
d,99308,0
f,99449,38
11,99590,12
b,99731,48
c,99872,761
d,100013,0
f,100154,38
11,100295,12
b,100436,48
c,100573,754
d,100714,0
f,100855,38
11,100996,12
b,101137,48
c,101278,760
d,101416,0
f,101557,38
11,101698,12
b,101839,48
c,101980,756
d,102121,0
f,102262,38
11,102403,12
b,102544,48
c,102685,763
d,102827,0
f,102968,38
11,103109,12
b,103250,48
c,103391,761
d,103532,0
f,103673,38
11,103814,12
b,103955,48
c,104096,764
d,104237,0
f,104378,38
11,104519,12
b,104660,48
c,104797,755
d,104938,0
f,105079,38
11,105220,12
b,105361,48
c,105502,774
d,105640,0
f,105781,38
11,105922,12
b,106063,49
c,106204,757
d,106345,0
f,106486,38
11,106627,12
b,106768,49
c,106909,766
d,107051,0
f,107192,38
11,107333,12
b,107474,49
c,107615,754
d,107756,0
f,107897,38
11,108038,12
b,108179,48
c,108320,762
d,108461,0
f,108602,39
11,108743,12
b,108884,48
c,109021,761
d,109162,0
f,109303,39
11,109444,12
b,109585,48
c,109726,761
d,109864,0
f,110005,39
11,110146,12
b,110287,47
c,110428,763
d,110569,0
f,110710,39
11,110851,12
b,110992,47
c,111133,758
d,111275,0
f,111416,39
11,111557,12
b,111698,48
c,111839,758
d,111980,0
f,112121,39
11,112262,12
b,112403,48
c,112544,748
d,112685,0
f,112826,39
11,112967,12
b,113108,48
c,113245,764
d,113386,0
f,113527,39
11,113668,12
b,113809,47
c,113950,763
d,114088,0
f,114229,39
11,114370,12
b,114511,47
c,114652,750
d,114793,0
f,114934,39
11,115075,13
b,115216,48
c,115357,746
d,115499,0
f,115640,39
11,115781,13
b,115922,49
c,116063,762
d,116204,0
f,116345,39
11,116486,12
b,116627,49
c,116768,775
d,116909,0
e,117050,4
f,117191,39
11,117332,12
b,117469,48
c,117610,756
d,117751,0
e,117892,2
f,118033,39
11,118174,13
b,118312,50
c,118453,770
d,118594,0
e,118735,2
f,118876,39
11,119017,12
b,119158,49
c,119299,774
d,119440,0
e,119581,2
f,119723,39
11,119864,12
b,120005,48
c,120146,774
d,120287,0
e,120428,3
f,120569,39
11,120710,12
b,120851,46
c,120992,774
d,121133,0
e,121274,4
f,121415,39
11,121556,12
b,121693,47
c,121834,772
d,121975,0
e,122116,4
f,122257,39
11,122398,12
b,122536,46
c,122677,768
d,122818,0
e,122959,5
f,123100,39
11,123241,12
b,123382,46
c,123523,772
d,123664,0
e,123805,6
f,123947,39
11,124088,12
b,124229,46
c,124370,758
d,124511,0
e,124652,3
f,124793,39
11,124934,12
b,125075,47
c,125216,776
d,125357,0
e,125498,7
f,125639,39
11,125780,12
b,125917,45
c,126058,764
d,126199,0
e,126340,7
f,126481,39
11,126622,12
b,126760,44
c,126901,758
d,127042,0
e,127183,10
f,127324,39
11,127465,12
b,127606,44
c,127747,770
d,127888,0
e,128029,8
f,128171,39
11,128312,12
b,128453,45
c,128594,767
d,128735,0
e,128876,4
f,129017,39
11,129158,12
b,129299,47
c,129440,780
d,129581,0
e,129722,2
f,129863,39
11,130004,12
b,130141,48
c,130282,772
d,130423,0
e,130564,2
f,130705,39
11,130846,12
b,130984,46
c,131125,764
d,131266,0
e,131407,5
f,131548,39
11,131689,12
b,131830,44
c,131971,772
d,132112,0
e,132253,11
f,132395,39
11,132536,12
b,132677,43
c,132818,747
d,132959,0
e,133100,8
f,133241,39
11,133382,12
b,133523,45
c,133664,766
d,133805,0
e,133946,8
f,134087,39
11,134228,12
b,134365,45
c,134506,754
d,134647,0
e,134788,7
f,134929,39
11,135070,12
b,135208,45
c,135349,761
d,135490,0
e,135631,9
f,135772,39
11,135913,12
b,136054,45
c,136195,752
d,136336,0
e,136477,7
f,136619,39
11,136760,12
b,136901,45
c,137042,762
d,137183,0
e,137324,7
f,137465,39
11,137606,12
b,137747,45
c,137888,747
d,138029,0
e,138170,8
f,138311,39
11,138452,12
b,138589,44
c,138730,749
d,138871,0
e,139012,14
f,139153,39
11,139294,12
b,139432,47
c,139573,743
d,139714,0
e,139855,3
f,139996,39
11,140137,12
b,140278,47
c,140419,758
d,140560,0
e,140701,5
f,140843,40
11,140984,12
b,141125,44
c,141266,748
d,141407,0
e,141548,8
f,141689,40
11,141830,12
b,141971,43
c,142112,743
d,142253,0
e,142394,10
f,142535,40
11,142676,12
b,142813,43
c,142954,744
d,143095,0
e,143236,11
f,143377,40
11,143518,12
b,143656,43
c,143797,746
d,143938,0
e,144079,12
f,144220,40
11,144361,12
b,144502,43
c,144643,734
d,144784,0
e,144925,7
f,145067,40
11,145208,12
b,145349,46
c,145490,748
d,145631,0
e,145772,5
f,145913,40
11,146054,12
b,146195,45
c,146336,741
d,146477,0
e,146618,6
f,146759,40
11,146900,12
b,147037,44
c,147178,743
d,147319,0
e,147460,9
f,147601,40
11,147742,12
b,147880,44
c,148021,740
d,148162,0
e,148303,7
f,148444,40
11,148585,12
b,148726,45
c,148867,739
d,149008,0
e,149149,6
f,149291,40
11,149432,12
b,149573,45
c,149714,741
d,149855,0
e,149996,7
f,150137,40
11,150278,12
b,150419,45
c,150560,738
d,150701,0
e,150842,8
f,150983,40
11,151124,12
b,151261,45
c,151402,752
d,151543,0
e,151684,8
f,151825,40
11,151966,12
b,152104,44
c,152245,749
d,152386,0
e,152527,9
f,152668,40
11,152809,12
b,152950,45
c,153091,754
d,153232,0
e,153373,5
f,153515,40
11,153656,12
b,153797,45
c,153938,734
d,154079,0
e,154220,6
f,154361,40
11,154502,12
b,154643,46
c,154784,758
d,154925,0
e,155066,5
f,155207,40
11,155348,12
b,155485,46
c,155626,752
d,155767,0
e,155908,5
f,156049,40
11,156190,12
b,156328,45
c,156469,746
d,156610,0
e,156751,8
f,156892,40
11,157033,12
b,157174,45
d,157315,0
11,157456,12
b,157597,47
c,157739,739
d,157880,0
11,158021,12
b,158162,47
c,158303,738
d,158444,0
11,158585,12
b,158726,46
c,158867,755
d,159008,0
11,159149,12
b,159290,44
c,159431,740
d,159572,0
11,159709,12
b,159850,42
c,159991,738
d,160132,0
11,160273,12
b,160414,45
c,160552,737
d,160693,0
11,160834,12
b,160975,45
c,161116,739
d,161257,0
11,161398,12
b,161539,44
c,161680,743
d,161821,0
11,161963,12
b,162104,43
c,162245,747
d,162386,0
11,162527,12
b,162668,43
c,162809,741
d,162950,0
11,163091,12
b,163232,43
c,163373,738
d,163514,0
11,163655,12
b,163796,43
c,163933,735
d,164074,0
11,164215,12
b,164356,44
c,164497,742
d,164638,0
11,164776,12
b,164917,44
c,165058,740
d,165199,0
11,165340,12
b,165481,44
c,165622,739
d,165763,0
11,165904,12
b,166045,44
c,166187,736
d,166328,0
11,166469,12
b,166610,46
c,166751,748
d,166892,0
11,167033,12
b,167174,46
c,167315,744
d,167456,0
11,167597,12
b,167738,46
c,167879,755
d,168020,0
11,168157,12
b,168298,46
c,168439,745
d,168580,0
11,168721,12
b,168862,46
c,169000,748
d,169141,0
11,169282,12
b,169423,46
c,169564,749
d,169705,0
11,169846,12
b,169987,46
c,170128,742
d,170269,0
11,170411,12
b,170552,46
c,170693,743
d,170834,0
11,170975,12
b,171116,45
c,171257,753
d,171398,0
11,171539,12
b,171680,44
c,171821,736
d,171962,0
11,172103,12
b,172244,44
c,172381,748
d,172522,0
11,172663,12
b,172804,44
c,172945,750
d,173086,0
11,173224,12
b,173365,47
c,173506,753
d,173647,0
11,173788,12
b,173929,47
c,174070,749
d,174211,0
11,174352,12
b,174493,46
c,174635,767
d,174776,0
11,174917,12
b,175058,43
c,175199,741
d,175340,0
11,175481,12
b,175622,43
c,175763,746
d,175904,0
11,176045,12
b,176186,43
c,176327,740
d,176468,0
11,176605,12
b,176746,44
c,176887,739
d,177028,0
11,177169,12
b,177310,44
c,177448,754
d,177589,0
11,177730,12
b,177871,43
c,178012,741
d,178153,0
11,178294,12
b,178435,44
c,178576,752
d,178717,0
11,178859,12
b,179000,44
c,179141,753
d,179282,0
11,179423,12
b,179564,43
c,179705,754
d,179846,0
11,179987,12
b,180128,43
c,180269,751
d,180410,0
11,180551,12
b,180692,43
c,180829,753
11,180970,12
b,181111,43
c,181252,752
11,181393,12
b,181534,43
c,181672,747
11,181813,12
b,181954,44
c,182095,752
11,182236,12
b,182377,44
c,182518,753
11,182659,12
b,182800,44
c,182941,767
11,183083,12
b,183224,43
c,183365,764
11,183506,12
b,183647,43
c,183788,757
11,183929,12
b,184070,43
c,184211,749
11,184352,12
b,184493,43
c,184634,745
11,184775,12
b,184916,43
c,185053,747
11,185194,12
b,185335,43
c,185476,746
11,185617,12
b,185758,43
c,185896,763
11,186037,12
b,186178,43
c,186319,767
11,186460,12
b,186601,43
c,186742,757
11,186883,12
b,187024,43
c,187165,752
11,187307,12
b,187448,43
c,187589,747
11,187730,12
b,187871,43
c,188012,752
11,188153,12
b,188294,44
c,188435,743
11,188576,12
b,188717,43
c,188858,764
11,188999,12
b,189140,43
c,189277,762
11,189418,12
b,189559,43
c,189700,748
11,189841,12
b,189982,43
c,190120,750
11,190261,12
b,190402,43
c,190543,752
11,190684,12
b,190825,43
c,190966,756
11,191107,12
b,191248,43
c,191389,762
11,191531,12
b,191672,43
c,191813,759
11,191954,12
b,192095,43
c,192236,738
11,192377,12
b,192518,43
c,192659,753
11,192800,12
b,192941,43
c,193082,750
11,193223,12
b,193364,43
c,193501,759
11,193642,12
c,193783,759
b,193924,43
c,194065,750
b,194206,43
c,194344,744
b,194485,43
c,194626,751
b,194767,43
c,194908,754
b,195049,43
c,195190,757
b,195331,43
c,195472,763
b,195613,43
c,195755,752
b,195896,43
c,196037,754
b,196178,43
c,196319,752
b,196460,43
c,196601,760
b,196742,43
c,196883,757
b,197024,43
c,197165,758
b,197306,43
c,197447,754
b,197588,43
c,197725,752
b,197866,43
c,198007,762
b,198148,43
c,198289,752
b,198430,43
c,198568,753
b,198709,43
c,198850,758
b,198991,43
c,199132,757
b,199273,43
c,199414,746
b,199555,43
c,199696,748
b,199837,43
c,199979,752
b,200120,43
c,200261,747
b,200402,43
c,200543,748
b,200684,43
c,200825,759
b,200966,43
c,201107,760
b,201248,43
c,201389,764
b,201530,43
c,201671,763
b,201812,43
c,201949,748
b,202090,43
c,202231,747
b,202372,44
c,202513,745
b,202654,44
c,202792,755
b,202933,44
c,203074,766
b,203215,44
c,203356,768
b,203497,43
c,203638,767
b,203779,43
c,203920,761
b,204061,43
c,204203,762
b,204344,43
c,204485,753
b,204626,43
c,204767,755
b,204908,43
c,205049,749
b,205190,43
c,205331,757
b,205472,43
c,205613,743
b,205754,43
c,205895,762
b,206036,43
c,206173,765
b,206314,43
c,206455,762
b,206596,43
c,206737,755
b,206878,43
c,207016,748
b,207157,43
c,207298,746
14,207439,0.95
b,207580,44
c,207721,750
14,207862,0.65
b,208003,44
c,208144,762
14,208285,0.150
b,208427,43
c,208568,766
14,208709,0.790
b,208850,43
c,208991,760
14,209132,0.755
b,209273,43
c,209414,765
14,209555,0.670
b,209696,43
c,209837,751
14,209978,0.205
b,210119,43
c,210260,761
14,210397,0.90
b,210538,43
c,210679,766
14,210820,0.575
b,210961,43
c,211102,737
14,211240,0.800
e,211381,10
b,211522,45
c,211663,749
14,211804,0.70
e,211945,6
b,212086,46
c,212227,762
14,212368,0.70
e,212509,2
b,212651,46
c,212792,767
14,212933,0.190
e,213074,4
b,213215,47
c,213356,767
14,213497,0.605
e,213638,4
b,213779,46
c,213920,759
14,214061,0.635
e,214202,5
b,214343,45
c,214484,771
14,214621,0.740
e,214762,5
b,214903,44
c,215044,760
14,215185,0.205
e,215326,7
b,215464,43
c,215605,763
14,215746,0.780
e,215887,9
b,216028,43
c,216169,751
14,216310,0.155
e,216451,10
b,216592,43
c,216733,750
14,216875,0.75
e,217016,8
b,217157,43
c,217298,761
14,217439,0.685
e,217580,8
b,217721,43
c,217862,740
14,218003,0.565
e,218144,9
b,218285,44
c,218426,759
14,218567,0.125
e,218708,8
b,218845,45
c,218986,758
14,219127,0.95
e,219268,6
b,219409,44
c,219550,765
14,219688,0.790
e,219829,7
b,219970,43
c,220111,756
14,220252,0.825
e,220393,9
b,220534,43
c,220675,752
14,220816,0.790
e,220957,8
b,221099,43
c,221240,754
14,221381,0.270
e,221522,8
b,221663,43
c,221804,750
14,221945,0.590
e,222086,8
b,222227,43
c,222368,750
14,222509,0.225
e,222650,7
b,222791,43
c,222932,746
14,223069,0.145
e,223210,9
b,223351,43
c,223492,748
14,223633,0.690
e,223774,8
b,223912,43
c,224053,752
14,224194,0.475
e,224335,9
b,224476,43
c,224617,742
14,224758,0.70
e,224899,12
b,225040,44
c,225181,756
14,225323,0.620
e,225464,7
b,225605,44
c,225746,752
14,225887,0.445
e,226028,8
b,226169,44
c,226310,750
14,226451,0.90
e,226592,7
b,226733,43
c,226874,757
14,227015,0.705
e,227156,8
b,227293,43
c,227434,742
14,227575,0.575
e,227716,10
b,227857,43
c,227998,742
14,228136,0.85
e,228277,8
b,228418,44
c,228559,748
14,228700,0.640
e,228841,7
b,228982,43
c,229123,750
14,229264,0.700
e,229405,9
b,229547,43
c,229688,734
14,229829,0.85
e,229970,7
b,230111,44
c,230252,745
14,230393,0.495
e,230534,7
b,230675,43
c,230816,750
14,230957,0.805
e,231098,7
b,231239,43
c,231380,753
14,231517,0.730
e,231658,8
b,231799,43
c,231940,755
14,232081,0.105
e,232222,7
b,232360,43
c,232501,756
14,232642,0.685
e,232783,6
b,232924,46
c,233065,746
14,233206,0.70
e,233347,7
b,233488,47
c,233629,757
14,233771,0.70
e,233912,3
b,234053,46
c,234194,764
14,234335,0.230
e,234476,5
b,234617,44
c,234758,761
14,234899,0.785
e,235040,8
b,235181,43
c,235322,753
14,235463,0.790
e,235604,10
b,235741,42
c,235882,753
14,236023,0.735
e,236164,11
b,236305,42
c,236446,739
14,236584,0.490
e,236725,11
b,236866,42
c,237007,749
14,237148,0.80
e,237289,11
b,237430,43
c,237571,745
14,237712,0.460
e,237853,8
b,237995,43
c,238136,738
14,238277,0.735
e,238418,11
b,238559,44
c,238700,740
14,238841,0.75
e,238982,4
b,239123,46
c,239264,762
14,239405,0.75
e,239546,5
b,239687,45
c,239828,763
14,239965,0.755
e,240106,7
b,240247,44
c,240388,759
14,240529,0.755
e,240670,8
b,240808,43
c,240949,748
14,241090,0.760
e,241231,8
b,241372,43
c,241513,756
14,241654,0.95
e,241795,9
b,241936,43
c,242077,760
14,242219,0.360
e,242360,8
b,242501,43
c,242642,752
14,242783,0.625
e,242924,10
b,243065,43
c,243206,742
14,243347,0.75
e,243488,10
b,243629,43
c,243770,739
14,243911,0.105
e,244052,8
b,244189,43
c,244330,753
14,244471,0.585
e,244612,8
b,244753,43
c,244894,745
14,245032,0.765
e,245173,10
b,245314,43
c,245455,741
14,245596,0.150
e,245737,8
b,245878,44
c,246019,754
14,246160,0.215
e,246301,7
b,246443,43
c,246584,754
14,246725,0.795
e,246866,8
b,247007,43
c,247148,749
14,247289,0.705
e,247430,8
b,247571,43
c,247712,751
14,247853,0.90
e,247994,8
b,248135,43
c,248276,751
14,248413,0.725
e,248554,8
b,248695,43
c,248836,754
14,248977,0.565
e,249118,11
b,249256,43
c,249397,744
14,249538,0.80
e,249679,8
b,249820,43
c,249961,743
14,250102,0.610
e,250243,7
b,250384,43
c,250525,752
14,250667,0.695
e,250808,8
b,250949,43
c,251090,749
14,251231,0.125
e,251372,8
b,251513,43
c,251654,751
e,251936,7
b,252077,43
c,252218,750
14,252359,0.800
e,252500,9
b,252637,43
c,252778,750
14,252919,0.355
e,253060,7
b,253201,43
c,253342,756
14,253480,0.155
e,253621,8
b,253762,43
c,253903,757
14,254044,0.810
e,254185,8
b,254326,44
c,254467,741
14,254608,0.145
e,254749,7
b,254891,46
c,255032,753
14,255173,0.60
e,255314,5
b,255455,47
c,255596,763
e,255874,4
b,256015,45
c,256156,768
14,256297,0.815
e,256434,6
b,256575,44
c,256716,754
14,256857,0.795
e,256998,8
b,257139,43
c,257277,753
14,257418,0.780
e,257559,8
b,257700,43
c,257841,746
14,257982,0.110
e,258123,9
b,258264,43
c,258405,755
14,258546,0.805
e,258688,13
b,258828,42
c,258969,752
14,259110,0.785
e,259251,8
b,259392,42
c,259534,746
14,259675,0.760
e,259816,11
b,259957,42
c,260098,743
14,260239,0.80
e,260380,10
b,260521,42
c,260658,744
e,260940,9
b,261081,42
c,261222,746
14,261363,0.820
e,261501,10
b,261642,42
c,261783,751
14,261924,0.305
e,262065,11
b,262206,42
c,262347,761
14,262488,0.95
e,262629,9
b,262770,42
c,262912,756
14,263052,0.775
e,263193,10
b,263334,42
c,263475,736
14,263616,0.220
e,263758,11
b,263899,42
c,264040,754
e,264322,9
b,264463,42
c,264604,747
14,264745,0.810
e,264882,10
b,265023,42
c,265164,739
14,265305,0.110
e,265446,11
b,265587,42
c,265725,749
14,265866,0.80
e,266007,8
b,266148,42
c,266289,764
14,266430,0.785
e,266571,10
b,266712,42
c,266853,747
14,266994,0.760
e,267136,10
b,267276,42
c,267417,741
14,267558,0.390
e,267699,11
b,267840,42
c,267982,748
14,268123,0.85
e,268264,10
b,268405,42
c,268546,753
14,268687,0.105
e,268828,10
b,268969,42
c,269106,748
14,269247,0.785
e,269388,8
b,269529,42
c,269670,751
14,269811,0.655
e,269949,11
b,270090,42
c,270231,745
14,270372,0.175
e,270513,13
b,270654,42
c,270795,746
14,270936,0.90
e,271077,8
b,271218,42
c,271360,752
14,271500,0.715
e,271641,9
b,271782,42
c,271923,748
14,272064,0.790
e,272206,11
b,272347,42
c,272488,752
14,272629,0.215
e,272770,10
b,272911,43
c,273052,735
14,273193,0.80
e,273330,5
b,273471,45
c,273612,762
14,273753,0.90
e,273894,4
b,274035,46
c,274173,761
14,274314,0.695
e,274455,4
b,274596,45
c,274737,767
14,274878,0.685
e,275019,4
b,275160,43
c,275301,761
14,275442,0.780
e,275584,9
b,275724,43
c,275865,751
14,276006,0.275
e,276147,10
b,276288,42
c,276430,748
14,276571,0.85
e,276712,10
b,276853,42
c,276994,749
14,277135,0.115
e,277276,8
b,277417,43
c,277554,746
14,277695,0.765
e,277836,8
b,277977,43
c,278118,755
14,278259,0.75
e,278397,8
b,278538,43
c,278679,766
14,278820,0.650
e,278961,9
b,279102,43
c,279243,753
14,279384,0.735
e,279525,8
b,279666,43
c,279808,751
14,279948,0.680
e,280089,13
b,280230,43
c,280371,736
14,280512,0.65
e,280654,11
b,280795,43
c,280936,743
14,281077,0.70
e,281218,8
b,281359,44
c,281500,755
14,281641,0.675
e,281778,7
b,281919,43
c,282060,760
14,282201,0.750
e,282342,8
b,282483,43
c,282621,748
14,282762,0.125
e,282903,10
b,283044,43
c,283185,756
14,283326,0.735
e,283467,8
b,283608,43
c,283749,755
14,283890,0.280
e,284032,9
b,284172,43
c,284313,747
14,284454,0.90
e,284595,8
b,284736,43
c,284878,751
14,285019,0.665
e,285160,8
b,285301,43
c,285442,756
14,285583,0.115
e,285724,8
b,285865,43
c,286002,755
14,286143,0.145
e,286284,9
b,286425,43
c,286566,753
14,286707,0.800
e,286845,8
b,286986,43
c,287127,748
14,287268,0.235
e,287409,9
b,287550,43
c,287691,756
14,287832,0.110
e,287973,8
b,288114,43
c,288256,759
14,288396,0.730
e,288537,8
b,288678,43
c,288819,752
14,288960,0.720
e,289102,11
b,289243,43
c,289384,747
14,289525,0.130
e,289666,8
b,289807,43
c,289948,759
14,290089,0.500
e,290226,8
b,290367,43
c,290508,748
14,290649,0.745
e,290790,10
b,290931,43
c,291069,746
14,291210,0.110
e,291351,8
b,291492,43
c,291633,754
14,291774,0.685
e,291915,8
b,292056,43
c,292197,757
14,292338,0.625
e,292480,8
b,292620,43
c,292761,753
e,293043,9
b,293184,43
c,293326,757
14,293467,0.760
e,293608,9
b,293749,43
c,293890,747
14,294031,0.220
e,294172,10
b,294313,44
c,294450,757
14,294591,0.70
e,294732,6
b,294873,44
c,295014,764
14,295155,0.180
e,295293,6
b,295434,43
c,295575,761
14,295716,0.795
e,295857,8
b,295998,43
c,296139,747
14,296280,0.750
e,296421,9
b,296562,43
c,296704,741
14,296844,0.85
e,296985,10
b,297126,43
c,297267,756
14,297408,0.210
e,297550,8
b,297691,43
c,297832,752
14,297973,0.690
e,298114,8
b,298255,43
c,298396,751
14,298537,0.410
e,298674,7
b,298815,45
c,298956,745
14,299097,0.60
e,299238,4
b,299379,46
c,299517,746
14,299658,0.95
e,299799,4
b,299940,45
c,300081,765
14,300222,0.575
e,300363,4
b,300504,45
c,300645,758
14,300786,0.115
e,300928,4
b,301068,45
c,301209,756
14,301350,0.315
e,301491,4
b,301632,44
c,301774,767
14,301915,0.805
e,302056,8
b,302197,43
c,302338,747
14,302479,0.820
e,302620,10
b,302761,42
c,302898,751
14,303039,0.400
e,303180,10
b,303321,42
c,303462,742
14,303603,0.85
e,303741,9
b,303882,42
c,304023,751
14,304164,0.120
e,304305,8
b,304446,43
c,304587,756
14,304728,0.780
e,304869,8
b,305010,45
c,305152,742
14,305292,0.80
e,305433,4
b,305574,46
c,305715,775
14,305856,0.85
e,305998,1
b,306139,46
c,306280,771
14,306421,0.635
e,306562,4
b,306703,46
c,306844,766
14,306985,0.130
e,307122,4
b,307263,45
c,307404,751
14,307545,0.790
e,307686,5
b,307827,44
c,307965,764
14,308106,0.805
e,308247,6
b,308388,44
c,308529,751
14,308670,0.305
e,308811,6
b,308952,45
c,309093,749
14,309234,0.145
e,309376,5
b,309516,45
c,309657,752
14,309798,0.805
e,309939,6
b,310080,45
c,310222,747
14,310363,0.500
e,310504,6
b,310645,44
c,310786,766
14,310927,0.625
e,311068,6
b,311209,44
c,311346,754
14,311487,0.775
e,311628,8
b,311769,43
c,311910,749
14,312051,0.730
e,312189,10
b,312330,43
c,312471,741
14,312612,0.95
e,312753,7
b,312894,44
c,313035,751
14,313176,0.70
e,313317,6
b,313458,45
c,313600,756
14,313740,0.110
e,313881,5
b,314022,45
c,314163,758
14,314304,0.685
e,314446,6
b,314587,45
c,314728,741
14,314869,0.485
e,315010,6
b,315151,44
c,315292,766
14,315433,0.125
e,315570,7
b,315711,43
c,315852,764
14,315993,0.820
e,316134,20
b,316275,43
c,316413,746
14,316554,0.105
e,316695,5
b,316836,46
c,316977,745
14,317118,0.70
e,317259,3
b,317400,46
c,317541,760
14,317682,0.425
e,317824,3
b,317964,44
c,318105,769
14,318246,0.815
e,318387,7
b,318528,43
c,318670,746
14,318811,0.805
e,318952,9
b,319093,42
c,319234,747
14,319375,0.750
e,319516,10
b,319657,42
c,319794,737
e,320076,9
b,320217,42
c,320358,738
14,320499,0.585
e,320637,9
b,320778,42
c,320919,740
14,321060,0.730
e,321201,9
b,321342,42
c,321483,748
14,321624,0.75
e,321765,8
b,321906,42
c,322048,758
14,322188,0.115
e,322329,7
b,322470,42
c,322611,757
14,322752,0.785
e,322894,9
b,323035,42
c,323176,744
14,323317,0.150
e,323458,9
b,323599,43
c,323740,752
14,323881,0.160
e,324018,6
b,324159,44
c,324300,756
14,324441,0.630
e,324582,5
b,324723,45
c,324861,757
14,325002,0.265
e,325143,5
b,325284,44
c,325425,750
14,325566,0.200
e,325707,6
b,325848,44
c,325989,753
14,326130,0.805
e,326272,8
b,326412,43
c,326553,748
14,326694,0.310
e,326835,9
b,326976,44
c,327118,749
14,327259,0.70
e,327400,5
b,327541,45
c,327682,759
14,327823,0.80
e,327964,4
b,328105,45
c,328242,760
14,328383,0.755
e,328524,5
b,328665,44
c,328806,756
14,328947,0.740
e,329085,7
b,329226,43
c,329367,746
14,329508,0.755
e,329649,8
b,329790,43
c,329931,744
14,330072,0.85
e,330213,8
b,330354,43
c,330496,752
14,330636,0.170
e,330777,8
b,330918,43
c,331059,750
14,331200,0.650
e,331342,8
b,331483,43
c,331624,756
14,331765,0.155
e,331906,8
b,332047,43
c,332188,748
14,332329,0.745
e,332466,8
b,332607,43
c,332748,751
14,332889,0.795
e,333030,10
b,333171,43
c,333309,749
14,333450,0.590
e,333591,7
b,333732,43
c,333873,745
14,334014,0.85
e,334155,7
b,334296,43
c,334437,752
14,334578,0.725
e,334720,7
b,334860,43
c,335001,749
14,335142,0.90
e,335283,8
b,335424,43
c,335566,757
14,335707,0.725
e,335848,7
b,335989,42
c,336130,752
14,336271,0.620
e,336412,8
b,336553,43
c,336690,738
14,336831,0.80
e,336972,5
b,337113,44
c,337254,751
14,337395,0.190
e,337533,4
b,337674,44
c,337815,766
14,337956,0.765
e,338097,5
b,338238,44
c,338379,749
14,338520,0.140
e,338661,5
b,338802,44
c,338944,763
14,339084,0.820
e,339225,5
b,339366,43
c,339507,746
14,339648,0.750
e,339790,7
b,339931,44
c,340072,746
14,340213,0.175
e,340354,7
b,340495,44
c,340636,755
14,340777,0.785
e,340914,6
b,341055,44
c,341196,741
14,341337,0.115
e,341478,7
b,341619,44
c,341757,752
14,341898,0.315
e,342039,5
b,342180,44
c,342321,764
14,342462,0.580
e,342603,6
b,342744,44
c,342885,748
14,343026,0.105
e,343168,6
b,343308,44
c,343449,748
14,343590,0.770
e,343731,5
b,343872,44
c,344014,748
14,344155,0.110
e,344296,5
b,344437,44
c,344578,760
14,344719,0.795
e,344860,7
b,345001,43
c,345138,748
14,345279,0.755
e,345420,7
b,345561,44
c,345702,747
14,345843,0.110
e,345981,6
b,346122,44
c,346263,758
14,346404,0.770
e,346545,5
b,346686,44
c,346827,755
14,346968,0.155
e,347109,5
b,347250,44
c,347392,753
14,347532,0.805
e,347673,5
b,347814,44
c,347955,740
14,348096,0.545
e,348238,7
b,348379,44
c,348520,751
14,348661,0.125
e,348802,6
b,348943,44
c,349084,744
14,349225,0.135
e,349362,7
b,349503,44
c,349644,748
14,349785,0.660
e,349926,4
b,350067,45
c,350205,746
14,350346,0.80
e,350487,4
b,350628,45
c,350769,754
14,350910,0.765
e,351051,5
b,351192,44
c,351333,742
14,351474,0.750
e,351616,8
b,351756,43
c,351897,751
14,352038,0.490
e,352179,8
b,352320,43
c,352462,747
14,352603,0.490
e,352744,8
b,352885,43
c,353026,737
14,353167,0.75
e,353308,8
b,353449,43
c,353586,748
14,353727,0.605
e,353868,7
b,354009,43
c,354150,759
14,354291,0.625
e,354429,8
b,354570,43
c,354711,744
14,354852,0.90
e,354993,8
b,355134,43
c,355275,760
14,355416,0.805
e,355557,10
b,355698,43
c,355840,737
14,355980,0.110
e,356121,4
b,356262,45
c,356403,748
14,356544,0.65
e,356686,4
b,356827,46
c,356968,750
14,357109,0.90
e,357250,5
b,357391,45
c,357532,753
14,357673,0.735
e,357810,7
b,357951,44
c,358092,750
14,358233,0.790
e,358374,8
b,358515,43
c,358653,747
14,358794,0.460
e,358935,8
b,359076,43
c,359217,748
14,359358,0.85
e,359499,9
b,359640,43
c,359781,750
14,359922,0.140
e,360064,7
b,360204,43
c,360345,755
14,360486,0.750
e,360627,7
b,360768,43
c,360910,746
14,361051,0.740
e,361192,9
b,361333,43
c,361474,745
14,361615,0.85
e,361756,9
b,361897,43
c,362034,754
14,362175,0.605
e,362316,7
b,362457,43
c,362598,743
14,362739,0.750
e,362877,9
b,363018,43
c,363159,742
14,363300,0.75
e,363441,7
b,363582,43
c,363723,761
14,363864,0.690
e,364005,8
b,364146,43
c,364288,742
14,364428,0.770
e,364569,7
b,364710,43
c,364851,747
14,364992,0.85
e,365134,10
b,365275,43
c,365416,753
e,365698,7
b,365839,43
c,365980,756
14,366121,0.805
e,366258,10
b,366399,43
c,366540,747
14,366681,0.140
e,366822,8
b,366963,43
c,367101,763
14,367242,0.90
e,367383,6
b,367524,42
c,367665,762
14,367806,0.825
e,367947,7
b,368088,42
c,368229,744
14,368370,0.255
e,368512,7
b,368652,45
c,368793,750
14,368934,0.60
e,369075,2
b,369216,46
c,369358,764
14,369499,0.80
e,369640,4
b,369781,45
c,369922,765
14,370063,0.780
e,370204,5
b,370345,43
c,370482,763
14,370623,0.800
e,370764,8
b,370905,42
c,371046,754
14,371187,0.775
e,371325,12
b,371466,42
c,371607,739
14,371748,0.95
e,371889,10
b,372030,42
c,372171,764
14,372312,0.280
e,372453,9
b,372594,42
c,372736,750
14,372876,0.780
e,373017,11
b,373158,42
c,373299,745
14,373440,0.90
e,373582,10
b,373723,42
c,373864,754
14,374005,0.390
e,374146,9
b,374287,42
c,374428,745
14,374569,0.800
e,374706,11
b,374847,42
c,374988,743
e,375270,10
5e,375411,0
b,375549,42
c,375690,752
14,375831,0.320
e,375972,7
5e,376113,0
b,376254,42
c,376395,751
14,376536,0.810
e,376677,9
5e,376818,0
b,376960,42
c,377100,742
e,377382,9
5e,377523,0
b,377664,42
c,377806,751
14,377947,0.105
e,378088,9
5e,378229,0
b,378370,42
c,378511,749
14,378652,0.685
e,378793,9
5e,378930,0
b,379071,42
c,379212,746
14,379353,0.660
e,379494,9
5e,379635,0
b,379773,42
c,379914,743
14,380055,0.90
e,380196,8
5e,380337,0
b,380478,42
c,380619,758
14,380760,0.800
e,380901,9
5e,381042,0
b,381184,42
c,381324,746
e,381606,9
5e,381747,0
b,381888,43
c,382030,743
14,382171,0.80
e,382312,4
5e,382453,0
b,382594,45
c,382735,764
14,382876,0.660
e,383017,3
5e,383154,0
b,383295,44
c,383436,759
14,383577,0.820
e,383718,6
5e,383859,0
b,383997,43
c,384138,757
14,384279,0.810
e,384420,7
5e,384561,0
b,384702,42
c,384843,754
14,384984,0.160
e,385125,8
5e,385266,0
b,385408,42
c,385548,760
14,385689,0.430
e,385830,7
5e,385971,0
b,386112,42
c,386254,757
14,386395,0.750
e,386536,8
5e,386677,0
b,386818,42
c,386959,753
14,387100,0.755
e,387241,7
5e,387378,0
b,387519,42
c,387660,740
14,387801,0.195
e,387942,7
5e,388083,0
b,388221,42
c,388362,747
14,388503,0.715
e,388644,8
5e,388785,0
b,388926,43
c,389067,748
14,389208,0.95
e,389349,9
5e,389490,0
b,389632,43
c,389772,750
e,390054,6
5e,390195,0
b,390336,42
c,390478,757
14,390619,0.810
e,390760,7
5e,390901,0
b,391042,42
c,391183,752
14,391324,0.150
e,391465,7
5e,391602,0
b,391743,43
c,391884,744
14,392025,0.255
e,392166,4
5e,392307,0
b,392445,45
c,392586,768
14,392727,0.280
e,392868,2
5e,393009,0
b,393150,43
c,393291,754
14,393432,0.825
e,393573,7
5e,393714,0
b,393856,42
c,393996,760
14,394137,0.785
e,394278,10
5e,394419,0
b,394560,42
c,394702,732
14,394843,0.105
e,394984,7
5e,395125,0
b,395266,44
c,395407,767
e,395689,4
5e,395826,0
b,395967,44
c,396108,763
14,396249,0.755
e,396390,5
5e,396531,0
b,396669,43
c,396810,758
14,396951,0.800
e,397092,6
5e,397233,0
b,397374,43
c,397515,740
14,397656,0.180
e,397797,8
5e,397938,0
b,398080,42
c,398220,757
14,398361,0.455
e,398502,8
5e,398643,0
b,398784,42
c,398926,742
14,399067,0.680
e,399208,7
5e,399349,0
b,399490,43
c,399631,752
14,399772,0.75
e,399913,6
5e,400050,0
b,400191,43
c,400332,749
14,400473,0.685
e,400614,6
5e,400755,0
b,400893,43
c,401034,748
14,401175,0.140
e,401316,7
5e,401457,0
b,401598,43
c,401739,754
14,401880,0.535
e,402021,6
5e,402162,0
b,402304,42
c,402444,765
14,402585,0.780
e,402726,25
5e,402867,0
b,403008,51
c,403150,1115
14,403288,0.895
e,403429,-10
5e,403570,0
b,403712,42
c,403852,779
14,403993,0.150
e,404134,16
5e,404275,0
b,404416,99
c,404558,1690
14,404696,0.855
e,404837,32
5e,404978,0
b,405120,46
c,405260,1127
14,405401,0.0
e,405542,-9
5e,405683,0
b,405824,39
c,405966,832
14,406107,0.930
e,406248,22
5e,406389,0
b,406530,105
c,406671,2126
14,406812,0.900
e,406953,-10
5e,407090,0
b,407231,32
c,407372,2093
14,407513,0.30
e,407654,-4
5e,407795,0
b,407933,28
c,408074,1439
14,408215,0.30
e,408356,-8
5e,408497,0
b,408638,31
c,408779,885
14,408920,0.15
e,409061,7
5e,409202,0
b,409344,41
c,409484,756
14,409625,0.770
e,409766,4
5e,409907,0
b,410048,44
c,410190,766
14,410331,0.875
e,410472,2
5e,410613,0
b,410754,44
c,410895,760
14,411036,0.830
e,411177,5
5e,411314,0
b,411455,44
c,411596,746
14,411737,0.170
e,411878,8
5e,412019,0
b,412157,44
c,412298,753
e,412580,5
5e,412721,0
b,412862,44
c,413003,759
14,413144,0.555
e,413285,4
5e,413426,0
b,413568,44
c,413708,752
14,413849,0.310
e,413990,5
5e,414131,0
b,414272,43
c,414414,758
14,414555,0.115
b,414696,43
c,414837,759
14,414978,0.735
b,415119,43
c,415260,746
14,415401,0.120
b,415538,43
c,415679,761
14,415820,0.695
b,415961,43
c,416102,761
14,416243,0.785
b,416381,43
c,416522,741
14,416663,0.180
b,416804,44
c,416945,756
b,417227,44
c,417368,756
14,417509,0.160
b,417650,44
c,417792,748
14,417932,0.785
b,418073,44
c,418214,748
14,418355,0.775
b,418496,44
c,418638,741
14,418779,0.640
b,418920,44
c,419061,746
14,419202,0.130
b,419343,44
c,419484,760
14,419625,0.390
b,419762,43
c,419903,745
14,420044,0.790
b,420185,43
c,420326,742
14,420467,0.655
b,420605,43
c,420746,737
14,420887,0.120
b,421028,43
c,421169,747
14,421310,0.330
b,421451,43
c,421592,747
14,421733,0.800
b,421874,44
c,422016,743
14,422156,0.320
b,422297,44
c,422438,751
14,422579,0.80
b,422720,44
c,422862,758
14,423003,0.200
b,423144,44
c,423285,769
14,423426,0.775
b,423567,43
c,423708,756
14,423849,0.810
b,423986,42
c,424127,744
14,424268,0.780
b,424409,43
c,424550,746
43,424829,0
b,424970,44
c,425111,761
14,425252,0.335
43,425393,0
b,425534,44
c,425675,743
14,425816,0.790
43,425957,0
b,426098,43
c,426240,746
14,426380,0.755
43,426521,0
b,426662,43
c,426803,743
14,426944,0.85
43,427086,0
b,427227,43
c,427368,743
14,427509,0.550
43,427650,0
b,427791,43
c,427932,745
14,428073,0.800
43,428210,0
b,428351,43
c,428492,743
14,428633,0.110
43,428774,0
b,428915,43
c,429053,752
14,429194,0.85
43,429335,0
b,429476,43
c,429617,756
14,429758,0.730
43,429899,0
b,430040,43
c,430181,745
14,430322,0.110
43,430464,0
b,430604,45
c,430745,749
14,430886,0.75
43,431027,0
b,431168,47
c,431310,760
14,431451,0.555
43,431592,0
b,431733,45
c,431874,762
14,432015,0.770
43,432156,0
b,432297,43
c,432434,761
14,432575,0.805
43,432716,0
b,432857,42
c,432998,734
14,433139,0.740
43,433277,0
b,433418,42
c,433559,741
14,433700,0.105
43,433841,0
b,433982,44
c,434123,749
14,434264,0.125
43,434405,0
b,434546,43
c,434688,767
14,434828,0.725
43,434969,0
b,435110,42
c,435251,731
14,435392,0.800
43,435534,0
b,435675,43
c,435816,793
14,435957,0.175
43,436098,0
b,436239,49
c,436380,1206
14,436521,0.870
43,436658,0
b,436799,39
c,436940,1233
14,437081,0.825
43,437222,0
b,437363,84
c,437501,1673
14,437642,0.905
43,437783,0
b,437924,48
c,438065,1377
14,438206,0.0
43,438347,0
b,438488,49
c,438629,1307
14,438770,0.805
43,438912,0
b,439052,64
c,439193,2107
14,439334,0.905
43,439475,0
b,439616,29
c,439758,1742
14,439899,0.50
43,440040,0
b,440181,29
c,440322,1191
14,440463,0.30
43,440604,0
b,440745,32
c,440882,803
14,441023,0.30
43,441164,0
b,441305,43
c,441446,752
14,441587,0.50
43,441725,0
b,441866,45
c,442007,768
14,442148,0.795
43,442289,0
b,442430,45
c,442571,743
14,442712,0.50
43,442853,0
b,442994,45
c,443136,752
14,443276,0.50
43,443417,0
b,443558,44
c,443699,764
14,443840,0.55
43,443982,0
b,444123,43
c,444264,743
14,444405,0.60
43,444546,0
b,444687,43
c,444828,751
14,444969,0.60
43,445106,0
b,445247,44
c,445388,749
14,445529,0.65
43,445670,0
b,445811,44
c,445949,766
14,446090,0.70
43,446231,0
b,446372,45
c,446513,765
43,446795,0
b,446936,44
c,447077,752
14,447218,0.130
43,447360,0
b,447500,43
c,447641,758
14,447782,0.585
43,447923,0
b,448064,44
c,448206,762
14,448347,0.95
43,448488,0
b,448629,45
c,448770,762
14,448911,0.105
43,449052,0
b,449193,44
c,449330,775
14,449471,0.775
43,449612,0
e,449753,6
b,449894,42
c,450035,764
14,450173,0.530
43,450314,0
e,450455,7
b,450596,42
c,450737,753
14,450878,0.730
43,451019,0
e,451160,7
b,451301,42
c,451442,754
14,451584,0.775
43,451724,0
e,451865,8
b,452006,43
c,452147,757
14,452288,0.90
43,452430,0
e,452571,7
b,452712,43
c,452853,761
14,452994,0.695
43,453135,0
e,453276,7
b,453417,42
c,453554,754
14,453695,0.710
43,453836,0
e,453977,8
b,454118,42
c,454259,758
14,454397,0.80
43,454538,0
e,454679,7
b,454820,42
c,454961,756
14,455102,0.745
43,455243,0
e,455384,8
b,455525,42
c,455666,756
14,455808,0.85
43,455948,0
e,456089,7
b,456230,42
c,456371,762
14,456512,0.470
b,456654,42
c,456795,766
14,456936,0.790
b,457077,42
c,457218,757
14,457359,0.180
b,457500,42
c,457641,768
b,457919,42
c,458060,752
14,458201,0.660
b,458342,42
c,458483,757
14,458621,0.805
b,458762,43
c,458903,746
14,459044,0.665
b,459185,45
c,459326,746
14,459467,0.75
b,459608,45
c,459749,767
14,459890,0.90
b,460032,44
c,460172,771
14,460313,0.650
b,460454,43
c,460595,770
14,460736,0.810
b,460878,42
c,461019,754
14,461160,0.780
b,461301,41
c,461442,753
14,461583,0.760
b,461724,41
c,461865,756
14,462002,0.245
b,462143,42
c,462284,739
14,462425,0.80
b,462566,43
c,462707,751
14,462845,0.70
b,462986,44
c,463127,764
14,463268,0.175
b,463409,43
c,463550,766
14,463691,0.805
b,463832,42
c,463973,759
14,464114,0.780
b,464256,42
c,464396,742
14,464537,0.170
b,464678,42
c,464819,751
14,464960,0.390
b,465102,42
c,465243,749
14,465384,0.705
b,465525,42
c,465666,742
14,465807,0.85
b,465948,43
c,466089,745
14,466226,0.115
b,466367,43
c,466508,756
14,466649,0.805
b,466790,43
c,466931,753
14,467069,0.775
b,467210,43
c,467351,758
14,467492,0.755
b,467633,42
c,467774,763
14,467915,0.185
b,468056,42
c,468197,765
14,468338,0.200
b,468480,42
c,468620,766
14,468761,0.800
b,468902,42
c,469043,747
b,469326,42
c,469467,758
14,469608,0.80
b,469749,42
c,469890,749
14,470031,0.130
b,470172,42
c,470313,749
14,470450,0.135
b,470591,42
c,470732,753
14,470873,0.755
b,471014,42
c,471155,756
14,471293,0.165
b,471434,42
c,471575,758
14,471716,0.95
b,471857,42
c,471998,765
14,472139,0.805
b,472280,43
c,472421,741
14,472562,0.590
b,472704,43
c,472844,746
14,472985,0.90
b,473126,43
c,473267,754
14,473408,0.780
b,473550,43
c,473691,765
14,473832,0.805
b,473973,42
c,474114,758
14,474255,0.670
b,474396,42
c,474537,739
14,474674,0.125
b,474815,45
c,474956,749
14,475097,0.60
b,475238,46
c,475379,751
14,475517,0.65
b,475658,45
c,475799,771
14,475940,0.590
b,476081,44
c,476222,763
14,476363,0.820
b,476504,43
c,476645,760
14,476786,0.800
b,476928,42
c,477068,753
14,477209,0.755
b,477350,42
c,477491,735
14,477632,0.110
b,477774,42
c,477915,753
14,478056,0.90
b,478197,43
c,478338,763
14,478479,0.550
b,478620,43
c,478761,757
14,478898,0.795
b,479039,42
c,479180,761
14,479321,0.755
b,479462,42
c,479603,750
14,479741,0.460
b,479882,42
c,480023,751
14,480164,0.80
b,480305,42
c,480446,746
e,480728,7
b,480869,42
c,481010,765
14,481152,0.785
e,481292,9
b,481433,42
c,481574,755
14,481715,0.780
e,481856,8
b,481998,42
c,482139,744
14,482280,0.215
e,482421,7
b,482562,43
c,482703,757
14,482844,0.80
e,482985,6
b,483122,42
c,483263,764
14,483404,0.820
e,483545,7
b,483686,42
c,483827,738
14,483965,0.235
e,484106,10
b,484247,43
c,484388,747
14,484529,0.75
e,484670,10
b,484811,43
c,484952,747
14,485093,0.85
e,485234,6
b,485376,43
c,485516,756
14,485657,0.760
e,485798,6
b,485939,42
c,486080,746
14,486222,0.800
e,486360,9
b,486501,42
c,486642,736
14,486784,0.115
e,486924,7
b,487065,43
c,487206,752
14,487347,0.150
e,487488,7
b,487630,43
c,487771,752
14,487912,0.810
e,488053,7
b,488194,42
c,488335,751
14,488476,0.370
e,488617,10
b,488754,43
c,488895,750
14,489036,0.75
e,489177,6
b,489318,43
c,489459,756
14,489597,0.650
e,489738,7
b,489879,42
c,490020,759
14,490161,0.785
e,490302,8
b,490443,42
c,490584,745
14,490725,0.170
e,490866,9
b,491008,43
c,491148,745
14,491289,0.65
e,491430,7
b,491571,43
c,491712,752
14,491854,0.525
e,491992,6
b,492133,43
c,492274,740
14,492416,0.785
e,492556,7
b,492697,43
c,492838,755
14,492979,0.150
e,493120,7
b,493262,43
c,493403,749
14,493544,0.795
e,493685,8
b,493826,43
c,493967,747
14,494108,0.135
e,494249,7
b,494386,43
c,494527,745
e,494809,6
b,494950,42
c,495091,762
14,495229,0.810
e,495370,7
b,495511,42
c,495652,736
14,495793,0.185
e,495934,9
b,496075,43
c,496216,755
14,496357,0.70
e,496498,6
b,496640,42
c,496780,761
14,496921,0.795
e,497062,8
b,497203,42
c,497344,752
14,497486,0.775
e,497624,8
b,497765,43
c,497906,740
14,498048,0.80
e,498188,7
b,498329,43
c,498470,745
14,498611,0.580
e,498752,7
b,498894,43
c,499035,740
14,499176,0.775
e,499317,7
b,499458,43
c,499599,748
14,499740,0.265
e,499881,7
b,500018,43
c,500159,762
14,500300,0.305
e,500441,6
b,500582,42
c,500723,750
14,500861,0.780
e,501002,8
b,501143,42
c,501284,747
14,501425,0.75
e,501566,7
b,501707,43
c,501848,740
14,501989,0.75
e,502130,6
b,502272,43
c,502412,752
14,502553,0.790
e,502694,7
b,502835,42
c,502976,742
14,503118,0.760
e,503256,7
b,503397,43
c,503538,751
14,503680,0.145
e,503820,7
b,503961,43
c,504102,748
14,504243,0.775
e,504384,8
b,504526,43
c,504667,740
14,504808,0.495
e,504949,6
b,505090,43
c,505231,748
e,505513,6
b,505650,42
c,505791,762
14,505932,0.750
e,506073,7
b,506214,42
c,506355,760
14,506493,0.115
e,506634,7
b,506775,43
c,506916,821
14,507057,0.30
e,507198,16
b,507339,107
c,507480,1772
14,507621,0.0
e,507762,44
b,507904,41
c,508044,1230
14,508185,0.0
e,508326,-9
b,508467,36
c,508608,919
14,508750,0.830
e,508888,0
b,509029,41
c,509170,778
14,509312,0.900
e,509452,1
b,509593,43
c,509734,763
14,509875,0.885
e,510016,2
b,510158,43
c,510299,750
14,510440,0.875
e,510581,4
b,510722,42
c,510863,745
14,511004,0.865
e,511145,25
b,511282,45
c,511423,938
14,511564,0.765
e,511705,12
b,511846,42
c,511987,1173
14,512125,0.790
e,512266,13
b,512407,36
c,512548,1209
14,512689,0.800
e,512830,19
b,512971,33
c,513112,1205
14,513253,0.810
e,513394,43
b,513536,32
c,513676,1255
14,513817,0.770
e,513958,44
b,514099,39
c,514240,1446
14,514382,0.235
e,514520,46
b,514661,41
c,514802,1867
14,514944,0.745
e,515084,47
b,515225,38
c,515366,2234
14,515507,0.835
e,515648,48
b,515790,35
c,515931,2472
14,516072,0.650
e,516213,49
b,516354,32
c,516495,2634
14,516636,0.630
e,516777,49
b,516914,31
c,517055,2708
14,517196,0.745
e,517337,49
b,517478,30
c,517619,2654
14,517757,0.40
e,517898,-2
b,518039,21
c,518180,2067
14,518321,0.70
e,518462,-4
b,518603,24
c,518744,1534
14,518885,0.110
e,519026,-7
b,519168,29
c,519308,1006
14,519449,0.60
e,519590,4
b,519731,35
c,519872,783
14,520014,0.70
e,520155,5
b,520296,42
c,520437,757
14,520578,0.880
e,520719,2
b,520860,43
c,521001,769
14,521138,0.870
e,521279,4
b,521420,42
c,521561,762
14,521702,0.850
e,521843,8
b,521981,42
c,522122,751
14,522263,0.780
e,522404,8
b,522545,42
c,522686,740
14,522827,0.175
e,522968,8
b,523109,42
c,523250,739
14,523392,0.110
e,523532,7
b,523673,42
c,523814,752
14,523955,0.520
e,524096,7
b,524238,42
c,524379,752
14,524520,0.745
e,524661,10
b,524802,43
c,524943,740
14,525084,0.105
e,525225,5
b,525362,45
c,525503,750
14,525644,0.70
e,525785,3
b,525926,45
c,526067,761
14,526205,0.80
e,526346,2
b,526487,44
c,526628,768
14,526769,0.780
e,526910,6
b,527051,43
c,527192,753
14,527333,0.820
e,527474,8
b,527616,42
c,527756,739
14,527897,0.720
e,528038,14
b,528179,42
c,528320,735
14,528462,0.60
e,528600,8
b,528741,43
c,528882,754
14,529024,0.95
e,529164,4
b,529305,43
c,529446,760
14,529587,0.800
e,529728,6
b,529870,43
c,530011,758
14,530152,0.155
e,530293,5
b,530434,43
c,530575,754
14,530716,0.345
e,530857,8
b,530994,42
c,531135,746
14,531276,0.795
e,531417,9
b,531558,42
c,531699,743
14,531837,0.205
e,531978,7
b,532119,43
c,532260,756
e,532542,6
b,532683,43
c,532824,747
14,532965,0.805
e,533106,7
b,533248,43
c,533388,746
14,533529,0.715
e,533670,7
b,533811,43
c,533952,741
14,534094,0.80
e,534232,5
b,534373,46
c,534514,749
14,534656,0.65
e,534796,1
b,534937,47
c,535078,758
14,535219,0.120
e,535360,2
b,535502,45
c,535643,764
14,535784,0.810
e,535925,2
b,536066,44
c,536207,758
14,536348,0.780
e,536489,5
b,536626,43
c,536767,749
14,536908,0.780
e,537049,8
b,537190,42
c,537331,746
14,537469,0.680
e,537610,8
b,537751,42
c,537892,750
14,538033,0.135
e,538174,9
b,538315,42
c,538456,752
14,538597,0.740
e,538738,7
b,538880,42
c,539020,741
14,539161,0.135
e,539302,7
b,539443,42
c,539584,744
14,539726,0.685
e,539864,20
b,540005,44
c,540146,734
14,540288,0.60
e,540428,2
b,540569,46
c,540710,766
14,540851,0.85
e,540992,1
b,541134,45
c,541275,763
14,541416,0.805
e,541557,3
b,541698,43
c,541839,758
14,541980,0.810
e,542121,8
b,542258,41
c,542399,752
14,542540,0.795
e,542681,11
b,542822,41
c,542963,733
14,543101,0.695
e,543242,9
b,543383,42
c,543524,747
14,543665,0.80
e,543806,8
b,543947,42
c,544088,744
14,544229,0.125
e,544370,8
b,544512,42
c,544652,751
14,544793,0.800
e,544934,9
b,545075,42
c,545216,738
14,545358,0.205
e,545496,10
b,545637,42
c,545778,739
14,545920,0.110
e,546060,10
b,546201,42
c,546342,755
14,546483,0.90
e,546624,7
b,546766,42
c,546907,754
14,547048,0.820
e,547189,9
b,547330,41
c,547471,745
14,547612,0.755
e,547753,8
b,547890,41
c,548031,746
14,548172,0.685
e,548313,9
b,548454,42
c,548595,740
14,548733,0.80
e,548874,8
b,549015,42
c,549156,741
14,549297,0.160
e,549438,10
b,549579,42
c,549720,750
14,549861,0.740
e,550002,9
b,550144,42
c,550284,751
14,550425,0.175
e,550566,8
b,550707,42
c,550848,755
14,550990,0.80
e,551128,8
b,551269,42
c,551410,755
14,551552,0.755
e,551692,8
b,551833,41
c,551974,752
14,552115,0.795
e,552256,10
b,552398,42
c,552539,746
14,552680,0.155
e,552821,7
b,552962,44
c,553103,740
14,553244,0.65
e,553385,4
b,553522,45
c,553663,765
14,553804,0.120
e,553945,1
b,554086,44
c,554227,760
14,554365,0.765
e,554506,4
b,554647,43
c,554788,754
14,554929,0.800
e,555070,6
b,555211,43
c,555352,755
14,555493,0.740
e,555634,8
b,555776,42
c,555916,744
14,556057,0.110
e,556198,8
b,556339,42
c,556480,752
e,556763,8
b,556904,42
c,557045,746
14,557186,0.95
e,557327,9
b,557468,42
c,557609,753
14,557746,0.775
e,557887,8
b,558028,42
c,558169,760
14,558310,0.625
e,558451,7
b,558589,42
c,558730,749
14,558871,0.720
e,559012,7
b,559153,42
c,559294,754
14,559435,0.255
e,559576,7
b,559717,42
c,559858,758
14,560000,0.80
e,560140,7
b,560281,42
c,560422,751
14,560563,0.780
e,560704,9
b,560846,42
c,560987,736
e,561269,7
b,561410,43
c,561551,758
14,561692,0.245
e,561833,7
b,561970,42
c,562111,756
14,562252,0.795
e,562393,7
