c,3276452,750
e,3276593,4
11,3276734,13
b,3276875,54
c,3277016,745
e,3277157,4
11,3277298,13
b,3277440,54
c,3277580,740
e,3277721,4
11,3277862,13
b,3278003,54
c,3278144,745
e,3278286,3
11,3278427,13
b,3278568,54
c,3278709,748
e,3278850,2
11,3278991,13
b,3279132,54
c,3279273,734
e,3279410,4
11,3279551,13
b,3279692,54
c,3279833,743
e,3279974,4
11,3280115,13
b,3280253,54
c,3280394,745
e,3280535,4
11,3280676,13
b,3280817,54
c,3280958,749
e,3281099,2
11,3281240,13
b,3281381,54
c,3281522,746
e,3281664,4
11,3281804,13
b,3281945,54
c,3282086,747
e,3282227,2
11,3282368,13
b,3282510,55
c,3282651,747
e,3282792,1
11,3282933,13
b,3283074,54
c,3283215,748
e,3283356,2
11,3283497,13
b,3283634,53
c,3283775,743
e,3283916,4
11,3284057,12
b,3284198,53
c,3284339,742
e,3284477,4
11,3284618,12
b,3284759,52
c,3284900,749
e,3285041,4
11,3285182,12
b,3285323,52
c,3285464,744
e,3285605,4
11,3285746,12
b,3285888,51
c,3286028,739
e,3286169,5
11,3286310,12
b,3286451,51
c,3286592,748
e,3286734,4
11,3286875,12
b,3287016,51
c,3287157,743
e,3287298,5
11,3287439,12
b,3287580,51
c,3287721,744
e,3287858,5
11,3287999,12
b,3288140,50
c,3288281,743
e,3288422,5
11,3288563,12
b,3288701,50
c,3288842,754
e,3288983,4
11,3289124,12
b,3289265,50
c,3289406,743
e,3289547,6
11,3289688,12
b,3289829,50
c,3289970,746
e,3290112,5
11,3290252,12
b,3290393,50
c,3290534,743
e,3290675,5
11,3290816,12
b,3290958,50
c,3291099,756
e,3291240,4
11,3291381,12
b,3291522,49
c,3291663,755
e,3291804,5
11,3291945,12
b,3292082,49
c,3292223,750
e,3292364,5
11,3292505,12
b,3292646,49
c,3292787,751
e,3292925,6
11,3293066,12
b,3293207,49
c,3293348,759
e,3293489,5
11,3293630,12
b,3293771,49
c,3293912,748
e,3294053,7
11,3294194,12
b,3294336,49
c,3294476,755
e,3294617,7
11,3294758,12
b,3294899,49
c,3295040,760
e,3295182,6
11,3295323,12
b,3295464,49
c,3295605,762
e,3295746,6
11,3295887,12
b,3296028,49
c,3296169,751
e,3296306,7
11,3296447,12
b,3296588,49
c,3296729,751
e,3296870,7
b,3297011,49
c,3297149,745
e,3297290,7
b,3297431,49
c,3297572,744
e,3297713,7
b,3297854,49
c,3297995,750
e,3298136,7
b,3298277,49
c,3298418,757
e,3298560,7
b,3298700,49
c,3298841,757
e,3298982,7
b,3299123,49
c,3299264,748
e,3299406,8
b,3299547,49
c,3299688,746
e,3299829,7
b,3299970,49
c,3300111,752
e,3300252,6
b,3300393,49
c,3300530,753
e,3300671,7
b,3300812,49
c,3300953,749
e,3301094,7
b,3301235,49
c,3301373,754
e,3301514,7
b,3301655,49
c,3301796,768
e,3301937,5
b,3302078,49
c,3302219,764
e,3302360,7
b,3302501,49
c,3302642,757
e,3302784,8
b,3302924,49
c,3303065,748
e,3303206,7
b,3303347,49
c,3303488,753
e,3303630,7
b,3303771,49
c,3303912,761
e,3304053,5
b,3304194,49
c,3304335,754
e,3304476,8
b,3304617,49
c,3304754,756
e,3304895,7
b,3305036,49
c,3305177,758
e,3305318,8
b,3305459,50
c,3305597,758
e,3305738,7
b,3305879,49
c,3306020,764
e,3306161,7
b,3306302,49
c,3306443,758
e,3306584,7
b,3306725,49
c,3306866,752
e,3307008,8
b,3307148,49
c,3307289,741
e,3307430,12
b,3307571,50
c,3307712,745
e,3307854,12
b,3307995,51
c,3308136,748
e,3308277,10
b,3308418,52
c,3308559,745
e,3308700,8
b,3308841,53
c,3308978,748
e,3309119,5
b,3309260,54
c,3309401,746
e,3309542,5
b,3309683,54
c,3309821,756
e,3309962,4
b,3310103,54
c,3310244,739
e,3310385,5
b,3310526,54
c,3310667,753
e,3310808,4
b,3310949,54
c,3311090,755
e,3311232,4
b,3311372,54
c,3311513,749
e,3311654,4
b,3311795,54
c,3311936,747
e,3312078,4
b,3312219,54
c,3312360,745
e,3312501,4
b,3312642,54
c,3312783,746
e,3312924,5
b,3313065,54
c,3313202,749
e,3313343,4
b,3313484,54
c,3313625,751
e,3313766,5
b,3313907,54
c,3314045,742
e,3314186,4
b,3314327,54
c,3314468,753
e,3314609,3
b,3314750,54
c,3314891,751
e,3315032,4
b,3315173,54
c,3315314,747
e,3315456,5
b,3315596,53
c,3315737,749
e,3315878,4
b,3316019,53
c,3316160,752
e,3316302,3
b,3316443,53
c,3316584,750
e,3316725,3
b,3316866,53
c,3317007,755
e,3317148,2
5,3317289,99
b,3317426,53
c,3317567,750
e,3317708,3
5,3317849,99
b,3317990,53
c,3318131,751
e,3318269,3
5,3318410,99
b,3318551,52
c,3318692,749
e,3318833,4
5,3318974,99
b,3319115,51
c,3319256,752
e,3319397,5
5,3319538,99
b,3319680,50
c,3319820,749
e,3319961,6
5,3320102,99
b,3320243,50
c,3320384,756
e,3320526,6
5,3320667,99
b,3320808,49
c,3320949,747
e,3321090,9
5,3321231,99
b,3321372,48
c,3321513,746
e,3321650,9
5,3321791,99
b,3321932,48
c,3322073,747
e,3322214,8
5,3322355,99
b,3322493,48
c,3322634,749
e,3322775,8
5,3322916,99
b,3323057,48
c,3323198,744
e,3323339,9
5,3323480,99
b,3323621,49
c,3323762,754
e,3323904,7
5,3324044,99
b,3324185,49
c,3324326,754
e,3324467,7
5,3324608,99
b,3324750,49
c,3324891,760
e,3325032,7
5,3325173,99
b,3325314,49
c,3325455,768
e,3325596,6
5,3325737,99
b,3325874,48
c,3326015,762
e,3326156,5
5,3326297,99
b,3326438,48
c,3326579,759
e,3326717,7
5,3326858,99
b,3326999,49
c,3327140,750
e,3327281,8
5,3327422,99
b,3327563,49
c,3327704,753
e,3327845,7
5,3327986,99
b,3328128,49
c,3328268,758
e,3328409,6
5,3328550,99
b,3328691,49
c,3328832,753
e,3328974,7
5,3329115,99
b,3329256,49
c,3329397,756
e,3329538,7
5,3329679,99
b,3329820,49
c,3329961,758
e,3330098,6
5,3330239,99
b,3330380,49
c,3330521,757
e,3330662,7
5,3330803,99
b,3330941,49
c,3331082,751
e,3331223,7
5,3331364,99
b,3331505,49
c,3331646,757
e,3331787,6
5,3331928,99
b,3332069,49
c,3332210,752
e,3332352,7
5,3332492,99
b,3332633,49
c,3332774,748
e,3332915,7
5,3333056,99
b,3333198,49
c,3333339,754
e,3333480,7
5,3333621,99
b,3333762,49
c,3333903,759
e,3334044,7
5,3334185,99
b,3334322,49
c,3334463,750
e,3334604,8
5,3334745,99
b,3334886,49
c,3335027,763
e,3335165,6
5,3335306,99
b,3335447,49
c,3335588,765
e,3335729,7
5,3335870,99
b,3336011,49
c,3336152,748
e,3336293,9
5,3336434,99
b,3336576,49
c,3336716,747
e,3336857,7
5,3336998,99
b,3337139,49
c,3337280,759
e,3337422,7
5,3337563,99
b,3337704,49
c,3337845,762
e,3337986,7
5,3338127,99
b,3338268,49
c,3338409,751
e,3338546,8
5,3338687,99
b,3338828,49
c,3338969,741
e,3339110,11
5,3339251,99
b,3339389,50
c,3339530,745
e,3339671,9
5,3339812,99
b,3339953,51
c,3340094,738
e,3340235,8
5,3340376,99
b,3340517,53
c,3340658,748
e,3340800,5
5,3340940,99
b,3341081,53
c,3341222,740
e,3341363,7
5,3341504,99
b,3341646,53
c,3341787,751
e,3341928,5
5,3342069,99
b,3342210,53
c,3342351,750
e,3342492,5
5,3342633,99
b,3342770,53
c,3342911,742
e,3343052,-1
5,3343193,99
b,3343334,52
c,3343475,768
e,3343613,-1
5,3343754,99
b,3343895,49
c,3344036,770
e,3344177,1
5,3344318,99
b,3344459,46
c,3344600,766
e,3344741,6
5,3344882,99
b,3345024,44
c,3345164,766
e,3345305,8
5,3345446,99
b,3345587,43
c,3345728,759
e,3345870,11
5,3346011,99
b,3346152,43
c,3346293,757
e,3346434,11
5,3346575,99
b,3346716,43
c,3346857,761
e,3346994,11
5,3347135,99
b,3347276,43
c,3347417,763
e,3347558,11
5,3347699,99
b,3347837,43
c,3347978,768
e,3348119,10
5,3348260,99
b,3348401,43
c,3348542,765
e,3348683,11
5,3348824,99
b,3348965,43
c,3349106,763
e,3349248,10
5,3349388,99
b,3349529,43
c,3349670,763
e,3349811,8
5,3349952,99
b,3350094,42
c,3350235,776
e,3350376,8
5,3350517,99
b,3350658,42
c,3350799,765
e,3350940,9
5,3351081,99
b,3351218,42
c,3351359,765
e,3351500,8
5,3351641,99
b,3351782,41
c,3351923,757
e,3352061,8
5,3352202,99
b,3352343,41
c,3352484,749
e,3352625,9
5,3352766,99
b,3352907,41
c,3353048,749
e,3353189,10
5,3353330,99
b,3353472,41
c,3353612,739
e,3353753,9
5,3353894,98
b,3354035,41
c,3354176,743
e,3354318,10
5,3354459,98
b,3354600,41
c,3354741,748
e,3354882,15
5,3355023,98
b,3355164,42
c,3355305,747
e,3355442,6
5,3355583,98
b,3355724,42
c,3355865,744
e,3356006,5
5,3356147,98
b,3356285,42
c,3356426,743
e,3356567,6
5,3356708,98
b,3356849,43
c,3356990,746
e,3357131,5
5,3357272,97
b,3357413,43
c,3357554,744
e,3357696,5
5,3357836,97
b,3357977,42
c,3358118,743
e,3358259,7
5,3358400,97
b,3358542,42
c,3358683,735
e,3358824,7
5,3358965,97
b,3359106,41
c,3359247,740
e,3359388,8
5,3359529,97
b,3359666,41
c,3359807,748
e,3359948,6
5,3360089,97
b,3360230,41
c,3360371,732
e,3360509,13
5,3360650,97
b,3360791,42
c,3360932,735
e,3361073,5
5,3361214,97
b,3361355,43
c,3361496,750
e,3361637,4
5,3361778,97
b,3361920,42
c,3362060,754
e,3362201,4
5,3362342,97
b,3362483,41
c,3362624,745
e,3362766,7
5,3362907,96
b,3363048,41
c,3363189,737
e,3363330,7
5,3363471,96
b,3363612,41
c,3363753,741
e,3363890,7
5,3364031,96
b,3364172,41
c,3364313,742
e,3364454,7
5,3364595,96
b,3364733,41
c,3364874,735
e,3365015,11
5,3365156,96
b,3365297,41
c,3365438,746
e,3365579,7
5,3365720,96
b,3365861,41
c,3366002,744
e,3366144,7
5,3366284,96
b,3366425,41
c,3366566,737
e,3366707,8
5,3366848,96
b,3366990,41
c,3367131,739
e,3367272,8
5,3367413,96
b,3367554,41
c,3367695,754
e,3367836,7
5,3367977,96
b,3368114,41
c,3368255,736
e,3368396,8
5,3368537,96
b,3368678,41
c,3368819,743
e,3368957,5
5,3369098,96
b,3369239,42
c,3369380,744
e,3369521,4
5,3369662,96
b,3369803,42
c,3369944,741
e,3370085,6
5,3370226,96
b,3370368,42
c,3370508,731
e,3370649,10
5,3370790,96
b,3370931,42
c,3371072,750
e,3371214,6
5,3371355,96
b,3371496,42
c,3371637,744
e,3371778,6
5,3371919,96
b,3372060,42
c,3372201,750
e,3372338,6
5,3372479,96
b,3372620,41
c,3372761,754
e,3372902,7
5,3373043,96
b,3373181,41
c,3373322,736
e,3373463,8
5,3373604,96
b,3373745,41
c,3373886,742
e,3374027,8
5,3374168,96
b,3374309,41
c,3374450,744
e,3374592,7
5,3374732,96
b,3374873,41
c,3375014,749
e,3375155,8
5,3375296,96
b,3375438,41
c,3375579,747
e,3375720,7
5,3375861,96
b,3376002,41
c,3376143,756
e,3376284,7
5,3376425,96
b,3376562,41
c,3376703,753
e,3376844,7
5,3376985,96
b,3377126,41
c,3377267,737
e,3377405,7
5,3377546,96
b,3377687,41
c,3377828,750
e,3377969,7
5,3378110,97
b,3378251,41
c,3378392,744
e,3378533,8
5,3378674,97
b,3378816,41
c,3378956,742
e,3379097,8
5,3379238,97
b,3379379,41
c,3379520,745
e,3379662,8
5,3379803,97
b,3379944,41
c,3380085,737
e,3380226,6
5,3380367,97
b,3380508,43
c,3380649,746
e,3380786,5
5,3380927,97
b,3381068,43
c,3381209,739
e,3381350,4
5,3381491,97
b,3381629,42
c,3381770,759
e,3381911,5
5,3382052,97
b,3382193,42
c,3382334,757
e,3382475,5
5,3382616,97
b,3382757,42
c,3382898,741
e,3383040,6
5,3383180,97
b,3383321,42
c,3383462,748
e,3383603,7
5,3383744,97
b,3383886,42
c,3384027,756
e,3384168,5
5,3384309,97
b,3384450,42
c,3384591,753
e,3384732,5
5,3384873,97
b,3385010,42
c,3385151,744
e,3385292,8
5,3385433,97
b,3385574,42
c,3385715,755
e,3385853,5
5,3385994,97
b,3386135,42
c,3386276,752
e,3386417,5
5,3386558,97
b,3386699,44
c,3386840,748
e,3386981,2
5,3387122,97
b,3387264,48
c,3387404,871
e,3387545,7
5,3387686,97
b,3387827,85
c,3387968,1397
e,3388110,30
5,3388251,97
b,3388392,97
c,3388533,2057
e,3388674,-17
5,3388815,97
b,3388956,41
c,3389097,2403
e,3389234,-2
5,3389375,97
b,3389516,25
c,3389657,1890
e,3389798,-4
5,3389939,98
b,3390077,28
c,3390218,1400
e,3390359,43
5,3390500,98
b,3390641,31
c,3390782,946
e,3390923,1
5,3391064,98
b,3391205,37
c,3391346,762
e,3391488,5
5,3391628,98
b,3391769,42
c,3391910,735
e,3392051,6
5,3392192,98
b,3392334,43
c,3392475,740
e,3392616,5
5,3392757,98
b,3392898,42
c,3393039,743
e,3393180,12
5,3393321,98
b,3393458,42
c,3393599,749
e,3393740,7
5,3393881,98
b,3394022,42
c,3394163,739
e,3394301,8
5,3394442,98
b,3394583,42
c,3394724,750
e,3394865,5
5,3395006,98
b,3395147,41
c,3395288,747
e,3395429,7
5,3395570,98
b,3395712,41
c,3395852,741
e,3395993,9
5,3396134,99
b,3396275,43
c,3396416,737
e,3396558,4
5,3396699,99
b,3396840,44
c,3396981,752
e,3397122,3
5,3397263,99
b,3397404,43
c,3397545,768
e,3397682,4
5,3397823,99
b,3397964,40
c,3398105,751
e,3398246,9
5,3398387,99
b,3398525,39
c,3398666,747
e,3398807,10
5,3398948,99
b,3399089,39
c,3399230,739
e,3399371,16
5,3399512,99
b,3399653,40
c,3399794,739
e,3399936,10
5,3400076,99
b,3400217,40
c,3400358,740
e,3400499,8
5,3400640,99
b,3400782,42
c,3400923,743
e,3401064,6
5,3401205,99
b,3401346,41
c,3401487,748
e,3401628,7
5,3401769,99
b,3401906,41
c,3402047,744
e,3402188,8
5,3402329,99
b,3402470,41
c,3402611,750
e,3402749,7
5,3402890,99
b,3403031,41
c,3403172,737
e,3403313,7
5,3403454,99
b,3403595,43
c,3403736,737
e,3403877,5
5,3404018,99
b,3404160,44
c,3404300,756
e,3404441,3
5,3404582,99
b,3404723,43
c,3404864,766
e,3405006,4
5,3405147,99
b,3405288,41
c,3405429,746
e,3405570,8
5,3405711,99
b,3405852,40
c,3405993,734
e,3406130,13
5,3406271,99
b,3406412,41
c,3406553,742
e,3406694,6
5,3406835,99
b,3406973,43
c,3407114,750
e,3407255,4
5,3407396,99
b,3407537,42
c,3407678,760
e,3407819,6
5,3407960,99
b,3408101,41
c,3408242,745
e,3408384,7
5,3408524,99
b,3408665,41
c,3408806,754
e,3408947,7
5,3409088,99
b,3409230,41
c,3409371,739
e,3409512,8
5,3409653,99
b,3409794,41
c,3409935,744
e,3410076,8
5,3410217,100
b,3410354,42
c,3410495,729
e,3410636,7
5,3410777,100
b,3410918,42
c,3411059,757
e,3411197,5
5,3411338,100
b,3411479,43
c,3411620,762
e,3411761,5
5,3411902,100
b,3412043,42
c,3412184,755
e,3412325,7
5,3412466,100
b,3412608,41
c,3412748,748
e,3412889,11
5,3413030,100
b,3413171,42
c,3413312,744
e,3413454,7
5,3413595,100
b,3413736,42
c,3413877,743
e,3414018,7
5,3414159,100
b,3414300,42
c,3414441,748
e,3414578,7
5,3414719,100
b,3414860,42
c,3415001,749
e,3415142,7
5,3415283,100
b,3415421,42
c,3415562,748
e,3415703,7
5,3415844,100
b,3415985,42
c,3416126,756
e,3416267,7
5,3416408,100
b,3416549,41
c,3416690,748
e,3416832,8
5,3416972,100
b,3417113,42
c,3417254,747
e,3417395,7
5,3417536,100
b,3417678,42
c,3417819,765
e,3417960,6
5,3418101,100
b,3418242,41
c,3418383,757
e,3418524,7
5,3418665,100
b,3418802,41
c,3418943,748
e,3419084,8
5,3419225,100
b,3419366,41
c,3419507,758
e,3419645,8
5,3419786,100
b,3419927,41
c,3420068,763
e,3420209,7
5,3420350,100
b,3420491,41
c,3420632,755
e,3420773,7
5,3420914,101
b,3421056,41
c,3421196,750
e,3421337,8
5,3421478,101
b,3421619,41
c,3421760,758
e,3421902,7
5,3422043,101
b,3422184,41
c,3422325,750
e,3422466,19
5,3422607,101
b,3422748,43
c,3422889,750
e,3423026,4
5,3423167,101
b,3423308,44
c,3423449,774
e,3423590,2
5,3423731,101
b,3423869,43
c,3424010,778
e,3424151,6
5,3424292,101
b,3424433,41
c,3424574,755
e,3424715,8
5,3424856,101
b,3424997,40
c,3425138,753
e,3425280,8
5,3425420,101
b,3425561,41
c,3425702,746
e,3425843,10
5,3425984,101
b,3426126,41
c,3426267,750
e,3426408,7
5,3426549,101
b,3426690,42
c,3426831,753
e,3426972,7
5,3427113,101
b,3427250,42
c,3427391,748
e,3427532,7
5,3427673,101
b,3427814,42
c,3427955,769
e,3428093,4
5,3428234,101
b,3428375,41
c,3428516,757
e,3428657,7
5,3428798,102
b,3428939,41
c,3429080,755
e,3429221,7
5,3429362,102
b,3429504,41
c,3429644,753
e,3429785,8
5,3429926,102
b,3430067,41
c,3430208,738
e,3430350,8
5,3430491,102
b,3430632,42
c,3430773,749
e,3430914,8
5,3431055,102
b,3431196,42
c,3431337,753
e,3431474,6
5,3431615,102
b,3431756,42
c,3431897,767
e,3432038,6
5,3432179,102
b,3432317,41
c,3432458,758
e,3432599,7
5,3432740,102
b,3432881,41
c,3433022,759
e,3433163,7
5,3433304,102
b,3433445,41
c,3433586,755
e,3433728,7
5,3433868,102
b,3434009,41
c,3434150,760
e,3434291,6
5,3434432,102
b,3434574,41
c,3434715,761
e,3434856,7
5,3434997,102
b,3435138,41
c,3435279,754
e,3435420,8
5,3435561,102
b,3435698,41
c,3435839,765
e,3435980,6
5,3436121,102
b,3436262,41
c,3436403,762
e,3436541,6
5,3436682,102
b,3436823,41
c,3436964,751
e,3437105,8
5,3437246,102
b,3437387,41
c,3437528,755
e,3437669,7
5,3437810,102
b,3437952,41
c,3438092,748
e,3438233,8
5,3438374,102
b,3438515,41
c,3438656,757
e,3438798,7
5,3438939,102
b,3439080,41
c,3439221,758
e,3439362,6
5,3439503,102
b,3439644,41
c,3439785,742
e,3439922,7
5,3440063,102
b,3440204,41
c,3440345,755
e,3440486,6
5,3440627,102
b,3440765,41
c,3440906,754
e,3441047,7
5,3441188,102
b,3441329,41
c,3441470,742
e,3441611,8
5,3441752,102
b,3441893,41
c,3442034,745
e,3442176,8
5,3442316,102
b,3442457,42
c,3442598,751
e,3442739,6
5,3442880,102
b,3443022,41
c,3443163,754
e,3443304,5
5,3443445,102
b,3443586,41
c,3443727,743
e,3443868,7
5,3444009,102
b,3444146,41
c,3444287,751
e,3444428,6
5,3444569,102
b,3444710,41
c,3444851,750
e,3444989,7
5,3445130,102
b,3445271,41
c,3445412,752
e,3445553,7
5,3445694,102
b,3445835,41
c,3445976,755
e,3446117,7
5,3446258,102
b,3446400,41
c,3446540,749
e,3446681,7
5,3446822,102
b,3446963,41
c,3447104,760
e,3447246,8
5,3447387,102
b,3447528,41
c,3447669,746
e,3447810,7
5,3447951,102
b,3448092,41
c,3448233,749
e,3448370,7
5,3448511,102
b,3448652,41
c,3448793,744
e,3448934,6
5,3449075,102
b,3449213,41
c,3449354,754
e,3449495,6
5,3449636,102
b,3449777,41
c,3449918,743
e,3450059,6
5,3450200,102
b,3450341,42
c,3450482,748
e,3450624,6
5,3450764,103
b,3450905,41
c,3451046,748
e,3451187,7
5,3451328,103
b,3451470,41
c,3451611,766
e,3451752,6
5,3451893,103
b,3452034,41
c,3452175,747
e,3452316,6
5,3452457,103
b,3452594,41
c,3452735,751
e,3452876,7
5,3453017,103
b,3453158,41
c,3453299,746
e,3453437,7
5,3453578,103
b,3453719,41
c,3453860,761
e,3454001,6
5,3454142,103
b,3454283,41
c,3454424,745
e,3454565,7
5,3454706,103
b,3454848,41
c,3454988,742
e,3455129,9
5,3455270,103
b,3455411,42
c,3455552,748
e,3455694,6
5,3455835,103
b,3455976,41
c,3456117,755
e,3456258,6
5,3456399,103
b,3456540,41
c,3456681,753
e,3456818,7
5,3456959,103
b,3457100,41
c,3457241,746
e,3457382,7
5,3457523,103
b,3457661,42
c,3457802,743
e,3457943,7
5,3458084,103
b,3458225,42
c,3458366,754
e,3458507,7
5,3458648,103
b,3458789,41
c,3458930,762
e,3459072,7
5,3459212,103
b,3459353,41
c,3459494,739
e,3459635,8
5,3459776,104
b,3459918,42
c,3460059,751
e,3460200,7
5,3460341,104
b,3460482,42
c,3460623,756
e,3460764,7
5,3460905,104
b,3461042,41
c,3461183,737
e,3461324,7
5,3461465,104
b,3461606,42
c,3461747,752
e,3461885,7
5,3462026,104
b,3462167,42
c,3462308,751
e,3462449,6
5,3462590,104
b,3462731,41
c,3462872,750
e,3463013,7
5,3463154,104
b,3463296,41
c,3463436,747
e,3463577,8
5,3463718,104
b,3463859,42
c,3464000,740
e,3464142,9
5,3464283,104
b,3464424,42
c,3464565,753
e,3464706,7
5,3464847,104
b,3464988,41
c,3465129,758
e,3465266,6
5,3465407,104
b,3465548,41
c,3465689,744
e,3465830,7
5,3465971,104
b,3466109,41
c,3466250,758
e,3466391,7
5,3466532,104
b,3466673,41
c,3466814,748
e,3466955,13
5,3467096,104
b,3467237,42
c,3467378,745
e,3467520,6
5,3467660,104
b,3467801,42
c,3467942,763
e,3468083,5
5,3468224,104
b,3468366,42
c,3468507,747
e,3468648,8
5,3468789,104
b,3468930,42
c,3469071,736
e,3469212,9
5,3469353,104
b,3469490,42
c,3469631,747
e,3469772,6
5,3469913,104
b,3470054,42
c,3470195,751
e,3470333,6
5,3470474,104
b,3470615,42
c,3470756,756
e,3470897,6
5,3471038,105
b,3471179,42
c,3471320,747
e,3471461,6
5,3471602,105
b,3471744,42
c,3471884,746
e,3472025,9
5,3472166,105
b,3472307,41
c,3472448,756
e,3472590,8
5,3472731,105
b,3472872,41
c,3473013,754
e,3473154,7
5,3473295,105
b,3473436,41
c,3473577,761
e,3473714,6
5,3473855,105
b,3473996,41
c,3474137,752
e,3474278,7
5,3474419,105
b,3474557,41
c,3474698,751
e,3474839,7
5,3474980,105
b,3475121,41
c,3475262,747
e,3475403,7
5,3475544,105
b,3475685,41
c,3475826,738
e,3475968,9
5,3476108,105
b,3476249,42
c,3476390,752
e,3476531,4
5,3476672,105
b,3476814,42
c,3476955,753
e,3477096,7
5,3477237,105
b,3477378,42
c,3477519,744
e,3477660,7
5,3477801,105
b,3477938,42
c,3478079,759
e,3478220,6
5,3478361,105
b,3478502,42
c,3478643,754
e,3478781,6
5,3478922,105
b,3479063,41
c,3479204,765
e,3479345,7
5,3479486,105
b,3479627,41
c,3479768,743
e,3479909,9
5,3480050,105
b,3480192,42
c,3480332,757
e,3480473,7
5,3480614,105
b,3480755,42
c,3480896,745
e,3481038,7
5,3481179,105
b,3481320,42
c,3481461,762
e,3481602,5
5,3481743,105
b,3481884,42
c,3482025,754
e,3482162,7
5,3482303,105
b,3482444,41
c,3482585,750
e,3482726,7
5,3482867,105
b,3483005,41
c,3483146,751
e,3483287,7
5,3483428,105
b,3483569,41
c,3483710,739
e,3483851,9
5,3483992,105
b,3484133,42
c,3484274,755
e,3484416,7
5,3484556,105
b,3484697,41
c,3484838,764
e,3484979,6
5,3485120,105
b,3485262,41
c,3485403,750
e,3485544,7
5,3485685,105
b,3485826,41
c,3485967,743
e,3486108,8
5,3486249,105
b,3486386,42
c,3486527,744
e,3486668,7
5,3486809,105
b,3486950,42
c,3487091,752
e,3487229,7
5,3487370,105
b,3487511,42
c,3487652,751
e,3487793,7
5,3487934,105
b,3488075,41
c,3488216,743
e,3488357,8
5,3488498,105
b,3488640,41
c,3488780,751
e,3488921,7
5,3489062,105
b,3489203,41
c,3489344,748
e,3489486,8
5,3489627,105
b,3489768,42
c,3489909,741
e,3490050,7
5,3490191,105
b,3490332,42
c,3490473,755
e,3490610,7
5,3490751,105
b,3490892,42
c,3491033,742
e,3491174,13
5,3491315,105
b,3491453,42
c,3491594,747
e,3491735,7
5,3491876,105
b,3492017,42
c,3492158,756
e,3492299,6
5,3492440,105
b,3492581,42
c,3492722,742
e,3492864,7
5,3493004,106
b,3493145,42
c,3493286,745
e,3493427,7
5,3493568,106
b,3493710,42
c,3493851,757
e,3493992,5
5,3494133,106
b,3494274,42
c,3494415,760
e,3494556,6
5,3494697,106
b,3494834,42
c,3494975,757
e,3495116,9
5,3495257,106
b,3495398,42
c,3495539,739
e,3495677,8
5,3495818,106
b,3495959,42
c,3496100,748
e,3496241,7
5,3496382,106
b,3496523,42
c,3496664,758
e,3496805,7
5,3496946,106
b,3497088,42
c,3497228,752
e,3497369,7
5,3497510,106
b,3497651,42
c,3497792,755
e,3497934,7
5,3498075,106
b,3498216,41
c,3498357,752
e,3498498,6
5,3498639,106
b,3498780,41
c,3498921,739
e,3499058,7
5,3499199,106
b,3499340,44
c,3499481,746
e,3499622,3
5,3499763,106
b,3499901,45
c,3500042,760
e,3500183,2
5,3500324,106
b,3500465,43
c,3500606,769
e,3500747,4
5,3500888,106
b,3501029,41
c,3501170,748
e,3501312,9
5,3501452,106
b,3501593,41
c,3501734,748
e,3501875,10
5,3502016,106
b,3502158,41
c,3502299,748
e,3502440,9
5,3502581,106
b,3502722,41
c,3502863,745
e,3503004,9
5,3503145,106
b,3503282,41
c,3503423,748
e,3503564,10
5,3503705,106
b,3503846,41
c,3503987,747
e,3504125,10
5,3504266,106
b,3504407,41
c,3504548,763
e,3504689,7
5,3504830,106
b,3504971,41
c,3505112,760
e,3505253,8
5,3505394,106
b,3505536,41
c,3505676,757
e,3505817,8
5,3505958,106
b,3506099,41
c,3506240,752
e,3506382,9
5,3506523,106
b,3506664,41
c,3506805,746
e,3506946,9
5,3507087,106
b,3507228,41
c,3507369,749
e,3507506,8
5,3507647,106
b,3507788,41
c,3507929,757
e,3508070,8
5,3508211,106
b,3508349,41
c,3508490,750
e,3508631,8
5,3508772,106
b,3508913,41
c,3509054,758
e,3509195,6
5,3509336,106
b,3509477,41
c,3509618,759
e,3509760,8
5,3509900,106
b,3510041,41
c,3510182,754
e,3510323,9
5,3510464,106
b,3510606,41
c,3510747,754
e,3510888,8
5,3511029,106
b,3511170,41
c,3511311,758
e,3511452,8
5,3511593,106
b,3511730,41
c,3511871,760
e,3512012,8
5,3512153,106
b,3512294,41
c,3512435,764
e,3512573,7
5,3512714,107
b,3512855,41
c,3512996,759
e,3513137,8
5,3513278,107
b,3513419,41
c,3513560,744
e,3513701,9
5,3513842,107
b,3513984,41
c,3514124,752
e,3514265,8
5,3514406,107
b,3514547,41
c,3514688,754
e,3514830,8
5,3514971,107
b,3515112,41
c,3515253,745
e,3515394,7
5,3515535,107
b,3515676,41
c,3515817,749
e,3515954,7
5,3516095,107
b,3516236,41
c,3516377,744
e,3516518,9
5,3516659,107
b,3516797,41
c,3516938,748
e,3517079,9
5,3517220,107
b,3517361,41
c,3517502,750
e,3517643,7
5,3517784,107
b,3517925,41
c,3518066,758
e,3518208,9
5,3518348,107
b,3518489,41
c,3518630,753
e,3518771,9
5,3518912,107
b,3519054,41
c,3519195,744
e,3519336,8
5,3519477,107
b,3519618,41
c,3519759,756
e,3519900,7
5,3520041,107
b,3520178,41
c,3520319,749
e,3520460,11
5,3520601,107
b,3520742,41
c,3520883,756
e,3521021,7
5,3521162,107
b,3521303,41
c,3521444,757
e,3521585,7
5,3521726,107
b,3521867,41
c,3522008,748
e,3522149,10
5,3522290,107
b,3522432,41
c,3522572,754
e,3522713,7
5,3522854,107
b,3522995,41
c,3523136,749
e,3523278,8
5,3523419,107
b,3523560,41
c,3523701,758
e,3523842,8
5,3523983,107
b,3524124,41
c,3524265,755
e,3524402,8
5,3524543,107
b,3524684,41
c,3524825,749
e,3524966,9
5,3525107,107
b,3525245,41
c,3525386,749
e,3525527,8
5,3525668,108
b,3525809,41
c,3525950,757
e,3526091,7
5,3526232,108
b,3526373,41
c,3526514,754
e,3526656,8
5,3526796,108
b,3526937,41
c,3527078,740
e,3527219,9
5,3527360,108
b,3527502,41
c,3527643,752
e,3527784,7
5,3527925,108
b,3528066,41
c,3528207,750
e,3528348,8
5,3528489,108
b,3528626,41
c,3528767,743
e,3528908,8
5,3529049,108
b,3529190,41
c,3529331,760
e,3529469,7
5,3529610,108
b,3529751,41
c,3529892,743
e,3530033,8
5,3530174,108
b,3530315,44
c,3530456,752
e,3530597,2
5,3530738,108
b,3530880,46
c,3531020,773
e,3531161,1
5,3531302,108
b,3531443,44
c,3531584,764
e,3531726,5
5,3531867,108
b,3532008,42
c,3532149,764
e,3532290,6
5,3532431,108
b,3532572,41
c,3532713,745
e,3532850,10
5,3532991,108
b,3533132,42
c,3533273,745
e,3533414,8
5,3533555,108
b,3533693,42
c,3533834,750
e,3533975,7
5,3534116,108
b,3534257,41
c,3534398,752
e,3534539,8
5,3534680,108
b,3534821,41
c,3534962,751
e,3535104,8
5,3535244,108
b,3535385,41
c,3535526,755
e,3535667,7
5,3535808,108
b,3535950,41
c,3536091,756
e,3536232,8
5,3536373,108
b,3536514,41
c,3536655,745
e,3536796,8
5,3536937,108
b,3537074,41
c,3537215,745
e,3537356,9
5,3537497,108
b,3537638,41
c,3537779,760
e,3537917,7
5,3538058,108
b,3538199,41
c,3538340,749
e,3538481,8
5,3538622,108
b,3538763,41
c,3538904,757
e,3539045,7
5,3539186,108
b,3539328,41
c,3539468,762
e,3539609,7
5,3539750,108
b,3539891,41
c,3540032,760
e,3540174,11
5,3540315,108
b,3540456,41
c,3540597,743
e,3540738,8
5,3540879,108
b,3541020,41
c,3541161,756
e,3541298,7
5,3541439,108
b,3541580,41
c,3541721,742
e,3541862,7
5,3542003,108
b,3542141,42
c,3542282,732
e,3542423,8
5,3542564,108
b,3542705,43
c,3542846,749
e,3542987,5
5,3543128,108
b,3543269,43
c,3543410,767
e,3543552,3
5,3543692,108
b,3543833,41
c,3543974,756
e,3544115,8
5,3544256,108
b,3544398,41
c,3544539,749
e,3544680,7
5,3544821,108
b,3544962,41
c,3545103,751
e,3545244,7
5,3545385,108
b,3545522,41
c,3545663,749
e,3545804,9
5,3545945,109
b,3546086,41
c,3546227,744
e,3546365,9
5,3546506,109
b,3546647,41
c,3546788,751
e,3546929,7
5,3547070,109
b,3547211,41
c,3547352,764
e,3547493,6
5,3547634,109
b,3547776,41
c,3547916,744
e,3548057,8
5,3548198,109
b,3548339,41
c,3548480,745
e,3548622,8
5,3548763,109
b,3548904,41
c,3549045,755
e,3549186,7
5,3549327,109
b,3549468,41
c,3549609,763
e,3549746,7
5,3549887,109
b,3550028,41
c,3550169,749
e,3550310,8
5,3550451,109
b,3550589,41
c,3550730,740
e,3550871,8
5,3551012,109
b,3551153,41
c,3551294,746
e,3551435,8
5,3551576,109
b,3551717,41
c,3551858,754
e,3552000,9
5,3552140,109
b,3552281,41
c,3552422,736
e,3552563,7
5,3552704,109
b,3552846,45
c,3552987,760
e,3553128,2
5,3553269,109
b,3553410,45
c,3553551,769
e,3553692,2
5,3553833,109
b,3553970,42
c,3554111,760
e,3554252,6
5,3554393,109
b,3554534,41
c,3554675,744
e,3554813,7
5,3554954,109
b,3555095,41
c,3555236,751
e,3555377,8
5,3555518,109
b,3555659,41
c,3555800,745
e,3555941,7
5,3556082,109
b,3556224,41
c,3556364,745
e,3556505,8
5,3556646,109
b,3556787,41
c,3556928,753
e,3557070,7
5,3557211,109
b,3557352,41
c,3557493,759
e,3557634,7
5,3557775,109
b,3557916,41
c,3558057,745
e,3558194,7
5,3558335,109
b,3558476,41
c,3558617,743
e,3558758,10
5,3558899,109
b,3559037,41
c,3559178,749
e,3559319,9
5,3559460,109
b,3559601,41
c,3559742,752
e,3559883,8
5,3560024,109
b,3560165,41
c,3560306,747
e,3560448,8
5,3560588,109
b,3560729,41
c,3560870,751
e,3561011,9
5,3561152,110
b,3561294,41
c,3561435,747
e,3561576,8
5,3561717,110
b,3561858,41
c,3561999,750
e,3562140,7
5,3562281,110
b,3562418,41
c,3562559,753
e,3562700,8
5,3562841,110
b,3562982,41
c,3563123,758
e,3563261,7
5,3563402,110
b,3563543,41
c,3563684,761
e,3563825,8
5,3563966,110
b,3564107,41
c,3564248,758
e,3564389,7
5,3564530,110
b,3564672,41
c,3564812,762
e,3564953,7
5,3565094,110
b,3565235,41
c,3565376,755
e,3565518,8
5,3565659,110
b,3565800,41
c,3565941,764
e,3566082,7
5,3566223,110
b,3566364,41
c,3566505,745
e,3566642,9
5,3566783,110
b,3566924,41
c,3567065,753
e,3567206,8
5,3567347,110
b,3567485,41
c,3567626,760
e,3567767,8
5,3567908,110
b,3568049,41
c,3568190,758
e,3568331,7
5,3568472,110
b,3568613,41
c,3568754,746
e,3568896,8
5,3569036,110
b,3569177,41
c,3569318,758
e,3569459,8
5,3569600,110
b,3569742,41
c,3569883,759
e,3570024,7
5,3570165,110
b,3570306,41
c,3570447,749
e,3570588,10
5,3570729,110
b,3570866,41
c,3571007,741
e,3571148,10
5,3571289,110
b,3571430,41
c,3571571,748
e,3571709,7
5,3571850,110
b,3571991,41
c,3572132,751
e,3572273,7
5,3572414,110
b,3572555,41
c,3572696,756
e,3572837,7
5,3572978,110
b,3573120,41
c,3573260,759
e,3573401,7
5,3573542,110
b,3573683,41
c,3573824,728
e,3573966,7
5,3574107,110
b,3574248,44
c,3574389,744
e,3574530,3
5,3574671,111
b,3574812,44
c,3574953,765
e,3575090,2
5,3575231,111
b,3575372,44
c,3575513,762
e,3575654,3
5,3575795,111
b,3575933,43
c,3576074,756
e,3576215,6
5,3576356,111
b,3576497,42
c,3576638,748
e,3576779,8
5,3576920,111
b,3577061,42
c,3577202,751
e,3577344,6
5,3577484,111
b,3577625,42
c,3577766,746
e,3577907,6
5,3578048,111
b,3578190,42
c,3578331,753
e,3578472,5
5,3578613,111
b,3578754,43
c,3578895,754
e,3579036,5
5,3579177,111
b,3579314,43
c,3579455,763
e,3579596,4
5,3579737,111
b,3579878,42
c,3580019,761
e,3580157,5
5,3580298,111
b,3580439,42
c,3580580,751
e,3580721,8
5,3580862,111
b,3581003,41
c,3581144,749
e,3581285,8
5,3581426,111
b,3581568,41
c,3581708,751
e,3581849,8
5,3581990,111
b,3582131,41
c,3582272,749
e,3582414,6
5,3582555,111
b,3582696,41
c,3582837,754
e,3582978,7
5,3583119,111
b,3583260,41
c,3583401,745
e,3583538,8
5,3583679,111
b,3583820,41
c,3583961,755
e,3584102,7
5,3584243,111
b,3584381,41
c,3584522,747
e,3584663,8
5,3584804,111
b,3584945,41
c,3585086,743
e,3585227,8
5,3585368,111
b,3585509,41
c,3585650,756
e,3585792,6
5,3585932,111
b,3586073,41
c,3586214,745
e,3586355,8
5,3586496,111
b,3586638,41
c,3586779,751
e,3586920,8
5,3587061,111
b,3587202,41
c,3587343,746
e,3587484,7
5,3587625,111
b,3587762,41
c,3587903,756
e,3588044,7
5,3588185,111
b,3588326,41
c,3588467,755
e,3588605,7
5,3588746,111
b,3588887,41
c,3589028,752
e,3589169,7
5,3589310,111
b,3589451,41
c,3589592,753
e,3589733,7
5,3589874,111
b,3590016,41
c,3590156,759
e,3590297,7
5,3590438,111
b,3590579,41
c,3590720,750
e,3590862,9
5,3591003,111
b,3591144,41
c,3591285,747
e,3591426,7
5,3591567,111
b,3591708,41
c,3591849,753
e,3591986,8
5,3592127,111
b,3592268,41
c,3592409,745
e,3592550,9
5,3592691,111
b,3592829,41
c,3592970,750
e,3593111,7
5,3593252,111
b,3593393,41
c,3593534,752
e,3593675,7
5,3593816,111
b,3593957,41
c,3594098,747
e,3594240,8
5,3594380,111
b,3594521,41
c,3594662,750
e,3594803,8
5,3594944,111
b,3595086,41
c,3595227,755
e,3595368,8
5,3595509,111
b,3595650,41
c,3595791,757
e,3595932,7
5,3596073,111
b,3596210,41
c,3596351,744
e,3596492,8
5,3596633,111
b,3596774,41
c,3596915,755
e,3597053,6
5,3597194,111
b,3597335,41
c,3597476,752
e,3597617,6
5,3597758,111
b,3597899,41
c,3598040,748
e,3598181,7
5,3598322,111
b,3598464,41
c,3598604,749
e,3598745,7
5,3598886,111
b,3599027,41
c,3599168,752
e,3599310,8
5,3599451,111
b,3599592,41
c,3599733,756
e,3599874,6
5,3600015,111
b,3600156,41
c,3600297,753
e,3600434,7
5,3600575,111
b,3600716,41
c,3600857,757
e,3600998,6
5,3601139,111
b,3601277,41
c,3601418,746
e,3601559,8
5,3601700,111
b,3601841,41
c,3601982,749
e,3602123,8
5,3602264,111
b,3602405,41
c,3602546,750
e,3602688,6
5,3602828,111
b,3602969,41
c,3603110,742
e,3603251,8
5,3603392,111
b,3603534,41
c,3603675,749
e,3603816,7
5,3603957,111
b,3604098,41
c,3604239,754
e,3604380,8
5,3604521,111
b,3604658,41
c,3604799,754
e,3604940,7
5,3605081,111
b,3605222,41
c,3605363,752
e,3605501,8
5,3605642,111
b,3605783,41
c,3605924,747
e,3606065,7
5,3606206,111
b,3606347,41
c,3606488,752
e,3606629,8
5,3606770,112
b,3606912,41
c,3607052,744
e,3607193,8
5,3607334,112
b,3607475,41
c,3607616,730
e,3607758,10
5,3607899,112
b,3608040,44
c,3608181,738
e,3608322,9
5,3608463,112
b,3608604,45
c,3608745,750
e,3608882,7
5,3609023,112
b,3609164,46
c,3609305,758
e,3609446,5
5,3609587,112
b,3609725,46
c,3609866,761
e,3610007,5
5,3610148,112
b,3610289,46
c,3610430,765
e,3610571,6
5,3610712,112
b,3610853,46
c,3610994,763
e,3611136,5
5,3611276,112
b,3611417,46
c,3611558,757
e,3611699,6
5,3611840,112
b,3611982,46
c,3612123,766
e,3612264,6
5,3612405,112
b,3612546,46
c,3612687,762
e,3612828,6
5,3612969,112
b,3613106,46
c,3613247,765
e,3613388,6
5,3613529,112
b,3613670,45
c,3613811,765
e,3613949,6
5,3614090,112
b,3614231,45
c,3614372,765
e,3614513,5
5,3614654,112
b,3614795,45
c,3614936,767
e,3615077,7
5,3615218,112
b,3615360,45
c,3615500,766
e,3615641,7
5,3615782,112
b,3615923,45
c,3616064,765
e,3616206,7
5,3616347,112
b,3616488,45
c,3616629,761
e,3616770,7
5,3616911,112
b,3617052,45
c,3617193,767
e,3617330,6
5,3617471,112
b,3617612,45
c,3617753,768
e,3617894,5
5,3618035,112
b,3618173,45
c,3618314,761
e,3618455,7
5,3618596,111
b,3618737,45
c,3618878,764
e,3619019,7
5,3619160,111
b,3619301,45
c,3619442,763
e,3619584,7
5,3619724,111
b,3619865,45
c,3620006,760
e,3620147,7
5,3620288,111
b,3620430,45
c,3620571,762
e,3620712,6
5,3620853,111
b,3620994,45
c,3621135,760
e,3621276,7
5,3621417,111
b,3621554,45
c,3621695,770
e,3621836,7
5,3621977,111
b,3622118,45
c,3622259,760
e,3622397,7
5,3622538,111
b,3622679,45
c,3622820,768
e,3622961,5
5,3623102,111
b,3623243,45
c,3623384,764
e,3623525,7
5,3623666,111
b,3623808,45
c,3623948,768
e,3624089,7
5,3624230,111
b,3624371,45
c,3624512,765
e,3624654,7
5,3624795,110
b,3624936,45
c,3625077,766
e,3625218,7
5,3625359,110
b,3625500,45
c,3625641,759
e,3625778,6
5,3625919,110
b,3626060,45
c,3626201,763
e,3626342,4
5,3626483,110
b,3626621,44
c,3626762,762
e,3626903,7
5,3627044,109
b,3627185,44
c,3627326,755
e,3627467,8
5,3627608,109
b,3627749,44
c,3627890,749
e,3628032,7
5,3628172,109
b,3628313,45
c,3628454,760
e,3628595,6
5,3628736,108
b,3628878,45
c,3629019,761
e,3629160,5
5,3629301,108
b,3629442,45
c,3629583,757
e,3629724,6
5,3629865,108
b,3630002,45
c,3630143,745
e,3630284,6
5,3630425,108
b,3630566,45
c,3630707,762
e,3630845,5
5,3630986,108
b,3631127,44
c,3631268,747
e,3631409,7
5,3631550,108
b,3631691,44
c,3631832,746
e,3631973,7
5,3632114,108
b,3632256,44
c,3632396,750
e,3632537,7
5,3632678,107
b,3632819,44
c,3632960,751
e,3633102,6
5,3633243,107
b,3633384,44
c,3633525,753
e,3633666,6
5,3633807,107
b,3633948,44
c,3634089,746
e,3634226,6
5,3634367,107
b,3634508,44
c,3634649,744
e,3634790,7
5,3634931,106
b,3635069,44
c,3635210,741
e,3635351,7
5,3635492,106
b,3635633,45
c,3635774,747
e,3635915,6
5,3636056,106
b,3636197,45
c,3636338,745
e,3636480,6
5,3636620,106
b,3636761,44
c,3636902,760
e,3637043,4
5,3637184,106
b,3637326,44
c,3637467,750
e,3637608,5
5,3637749,105
b,3637890,44
c,3638031,736
e,3638172,6
5,3638313,105
b,3638450,43
c,3638591,743
e,3638732,4
5,3638873,105
b,3639014,43
c,3639155,737
e,3639293,6
5,3639434,105
b,3639575,43
c,3639716,737
e,3639857,6
5,3639998,105
b,3640139,43
c,3640280,732
e,3640421,6
5,3640562,105
b,3640704,43
c,3640844,733
e,3640985,5
5,3641126,105
b,3641267,43
c,3641408,736
e,3641550,9
5,3641691,105
b,3641832,42
c,3641973,736
e,3642114,7
5,3642255,105
b,3642396,42
c,3642537,735
e,3642674,7
5,3642815,104
b,3642956,43
c,3643097,734
e,3643238,6
5,3643379,104
b,3643517,43
c,3643658,735
e,3643799,7
5,3643940,104
b,3644081,42
c,3644222,735
e,3644363,7
5,3644504,104
b,3644645,42
c,3644786,735
e,3644928,7
5,3645068,104
b,3645209,43
c,3645350,735
e,3645491,7
5,3645632,103
b,3645774,43
c,3645915,739
e,3646056,5
5,3646197,103
b,3646338,42
c,3646479,745
e,3646620,8
5,3646761,103
b,3646898,42
c,3647039,734
e,3647180,6
5,3647321,103
b,3647462,42
c,3647603,738
e,3647741,6
5,3647882,103
b,3648023,42
c,3648164,736
e,3648305,8
5,3648446,103
b,3648587,42
c,3648728,739
e,3648869,5
5,3649010,103
b,3649152,42
c,3649292,740
e,3649433,6
5,3649574,103
b,3649715,42
c,3649856,737
e,3649998,6
5,3650139,103
b,3650280,42
c,3650421,736
e,3650562,5
5,3650703,102
b,3650844,42
c,3650985,731
e,3651122,8
5,3651263,102
b,3651404,43
