f,343183,23
11,343324,13
4,343465,37
5,343602,87
b,343743,48
c,343884,754
d,344025,0
f,344166,23
11,344307,12
4,344445,36
5,344586,87
b,344727,46
c,344868,750
d,345009,0
f,345150,23
11,345291,12
4,345432,33
5,345573,87
b,345714,45
c,345856,740
d,345996,0
f,346137,24
11,346278,12
4,346419,34
5,346560,88
b,346702,45
c,346843,738
d,346984,0
f,347125,24
11,347266,12
4,347407,34
5,347548,88
b,347689,45
c,347826,747
d,347967,0
f,348108,24
11,348249,12
4,348390,33
5,348531,88
b,348669,44
c,348810,740
d,348951,0
f,349092,24
11,349233,12
4,349374,33
5,349515,88
b,349656,45
c,349797,749
d,349938,0
f,350080,24
11,350220,12
4,350361,33
5,350502,88
b,350643,45
c,350784,746
d,350926,0
f,351067,24
11,351208,12
4,351349,33
5,351490,88
b,351631,45
c,351772,745
d,351913,0
f,352050,24
11,352191,12
4,352332,33
5,352473,88
b,352614,45
c,352755,742
d,352893,0
f,353034,24
11,353175,12
4,353316,34
5,353457,88
b,353598,45
c,353739,742
d,353880,0
f,354021,24
11,354162,12
4,354304,34
5,354444,88
b,354585,45
c,354726,751
d,354867,0
f,355008,24
11,355150,12
4,355291,33
5,355432,89
b,355573,45
c,355714,735
d,355855,0
f,355996,24
11,356137,12
4,356274,34
5,356415,89
b,356556,46
c,356697,753
d,356838,0
f,356979,24
11,357117,12
4,357258,34
5,357399,89
b,357540,46
c,357681,745
d,357822,0
f,357963,24
11,358104,12
4,358245,34
5,358386,89
b,358528,45
c,358668,755
d,358809,0
f,358950,24
11,359091,12
4,359232,34
5,359374,89
b,359515,45
c,359656,737
d,359797,0
f,359938,24
11,360079,12
4,360220,34
5,360361,89
b,360498,46
c,360639,742
d,360780,0
f,360921,24
11,361062,12
4,361203,36
5,361341,89
b,361482,46
c,361623,742
d,361764,0
f,361905,24
11,362046,12
4,362187,34
5,362328,89
b,362469,46
c,362610,749
d,362752,0
f,362892,24
11,363033,12
4,363174,34
5,363315,89
b,363456,46
c,363598,755
d,363739,0
f,363880,24
11,364021,12
4,364162,34
5,364303,89
b,364444,46
c,364585,744
d,364722,0
f,364863,24
11,365004,12
4,365145,36
5,365286,89
b,365427,47
c,365565,752
d,365706,0
f,365847,24
11,365988,12
4,366129,36
5,366270,89
b,366411,46
d,366552,0
f,366693,24
11,366834,12
4,366976,36
b,367116,46
c,367257,753
d,367398,0
f,367539,24
11,367680,12
4,367822,34
b,367963,46
c,368104,749
d,368245,0
f,368386,24
11,368527,12
4,368668,36
b,368809,46
c,368946,745
d,369087,0
f,369228,24
11,369369,12
4,369510,34
b,369651,46
c,369789,758
d,369930,0
f,370071,24
11,370212,12
4,370353,34
b,370494,46
c,370635,758
d,370776,0
f,370917,24
11,371058,12
4,371200,36
b,371340,46
c,371481,746
d,371622,0
f,371763,24
11,371904,12
4,372046,34
b,372187,46
c,372328,752
d,372469,0
f,372610,24
11,372751,12
4,372892,36
b,373033,46
c,373170,756
d,373311,0
f,373452,24
11,373593,12
4,373734,34
b,373875,46
c,374013,750
d,374154,0
f,374295,24
11,374436,12
4,374577,36
b,374718,47
c,374859,747
d,375000,0
f,375141,24
11,375282,12
4,375424,36
b,375564,47
c,375705,752
d,375846,0
f,375987,24
11,376128,12
4,376270,36
b,376411,46
c,376552,751
d,376693,0
f,376834,24
11,376975,12
4,377116,36
b,377257,46
c,377394,762
d,377535,0
f,377676,24
11,377817,12
4,377958,34
b,378099,46
c,378237,744
d,378378,0
f,378519,24
11,378660,12
4,378801,36
b,378942,47
c,379083,753
d,379224,0
f,379365,24
11,379506,12
4,379648,36
b,379788,46
c,379929,750
d,380070,0
f,380211,24
11,380352,12
4,380494,36
b,380635,47
c,380776,752
d,380917,0
f,381058,24
11,381199,12
4,381340,36
b,381481,47
c,381618,760
d,381759,0
f,381900,24
11,382041,12
4,382182,36
b,382323,46
c,382461,756
d,382602,0
f,382743,24
11,382884,12
4,383025,36
b,383166,46
c,383307,743
d,383448,0
f,383589,24
11,383730,12
4,383872,36
b,384012,47
c,384153,752
d,384294,0
f,384435,24
11,384576,12
4,384718,36
b,384859,46
c,385000,752
d,385141,0
f,385282,24
11,385423,12
4,385564,36
b,385705,46
c,385842,768
d,385983,0
f,386124,24
11,386265,12
4,386406,36
b,386547,46
c,386685,758
d,386826,0
f,386967,24
11,387108,14
4,387249,40
b,387390,52
c,387531,1047
d,387672,0
f,387813,25
11,387954,14
4,388096,38
b,388236,43
c,388377,1277
d,388518,0
f,388659,25
11,388800,16
4,388942,36
b,389083,56
c,389224,1172
d,389365,2
f,389506,25
11,389647,23
4,389788,86
b,389929,92
c,390066,1563
d,390207,7
f,390348,25
11,390489,26
4,390630,83
b,390771,93
c,390909,1805
d,391050,14
f,391191,25
11,391332,30
4,391473,100
b,391614,111
c,391755,2456
d,391896,22
f,392037,26
11,392178,29
4,392320,100
b,392460,76
c,392601,3024
d,392742,27
f,392883,26
11,393024,18
4,393166,41
b,393307,102
c,393448,2353
d,393589,30
f,393730,26
11,393871,35
4,394012,100
b,394153,140
c,394290,2534
d,394431,37
f,394572,26
11,394713,88
4,394854,100
b,394995,157
c,395133,3161
d,395274,47
f,395415,26
11,395556,49
4,395697,100
b,395838,155
c,395979,3814
d,396120,56
f,396261,27
11,396402,13
4,396544,26
b,396684,20
c,396825,3172
d,396966,55
f,397107,26
11,397248,38
4,397390,100
b,397531,110
c,397672,2856
d,397813,57
f,397954,27
11,398095,37
4,398236,100
b,398377,128
c,398514,3101
d,398655,63
f,398796,27
11,398937,36
4,399078,100
b,399219,117
c,399357,3323
d,399498,67
f,399639,27
11,399780,16
4,399921,29
b,400062,24
c,400203,2913
d,400344,65
f,400485,26
11,400626,38
4,400768,100
b,400908,138
c,401049,2739
d,401190,68
f,401331,26
11,401472,44
4,401614,100
b,401755,151
c,401896,2883
d,402037,71
f,402178,26
11,402319,15
4,402460,27
b,402601,26
c,402738,2846
d,402879,69
f,403020,25
11,403161,13
4,403302,10
b,403443,19
c,403581,2714
d,403722,66
f,403863,25
11,404004,13
4,404145,10
b,404286,19
c,404427,2594
d,404568,63
f,404709,25
11,404850,14
4,404992,12
b,405132,24
c,405273,2511
d,405414,61
f,405555,25
11,405696,15
4,405838,16
b,405979,27
c,406120,2466
d,406261,60
f,406402,25
11,406543,19
4,406684,32
b,406825,43
c,406962,2435
d,407103,59
f,407244,24
11,407385,13
4,407526,18
b,407667,23
c,407805,2379
d,407946,58
f,408087,24
11,408228,13
4,408369,11
b,408510,20
c,408651,2287
d,408792,56
f,408933,24
11,409074,13
4,409216,12
b,409356,22
c,409497,2196
d,409638,53
f,409779,24
11,409920,13
4,410062,14
b,410203,23
c,410344,2078
d,410485,50
f,410626,24
11,410767,13
4,410908,16
b,411049,24
c,411186,1989
d,411327,48
f,411468,24
11,411609,13
4,411750,16
b,411891,23
c,412029,1941
d,412170,47
f,412311,24
11,412452,10
4,412593,10
b,412734,16
c,412875,1903
d,413016,46
f,413157,24
11,413298,16
4,413440,20
b,413580,31
c,413721,1912
d,413862,46
f,414003,24
11,414144,20
4,414286,39
b,414427,59
c,414568,1923
d,414709,47
f,414850,24
11,414991,25
4,415132,79
b,415273,88
c,415410,2028
d,415551,50
f,415692,24
11,415833,14
4,415974,42
b,416115,41
c,416253,1922
d,416394,50
f,416535,24
11,416676,13
4,416817,20
b,416958,67
c,417099,1719
d,417240,51
f,417381,23
11,417522,23
4,417664,78
b,417804,83
c,417945,1805
d,418086,53
f,418227,23
11,418368,20
4,418510,61
b,418651,59
c,418792,1840
d,418933,55
f,419074,23
11,419215,13
4,419356,20
b,419497,26
c,419634,1866
d,419775,55
f,419916,22
11,420057,13
4,420198,16
b,420339,23
c,420477,1782
d,420618,52
f,420759,23
11,420900,12
4,421041,9
b,421182,21
c,421323,1638
d,421464,48
f,421605,23
11,421746,13
4,421888,19
b,422028,28
c,422169,1535
d,422310,45
f,422451,23
11,422592,13
4,422734,20
b,422875,29
c,423016,1458
d,423157,43
f,423298,23
11,423439,13
4,423580,20
b,423721,30
c,423858,1438
d,423999,42
f,424140,23
11,424281,13
4,424422,20
b,424563,30
c,424701,1391
d,424842,41
f,424983,23
11,425124,13
4,425265,21
b,425406,30
c,425547,1351
d,425688,40
f,425829,23
11,425970,13
4,426112,22
b,426252,30
c,426393,1316
d,426534,39
f,426675,23
11,426816,13
4,426958,21
b,427099,30
c,427240,1299
d,427381,38
f,427522,23
11,427663,13
4,427804,22
b,427945,31
c,428082,1287
d,428223,38
f,428364,23
11,428505,13
4,428646,22
b,428787,31
c,428925,1267
d,429066,37
f,429207,23
11,429348,13
4,429489,22
b,429630,32
c,429771,1248
d,429912,37
f,430053,23
11,430194,13
4,430336,25
b,430476,35
c,430617,1223
d,430758,36
f,430899,23
11,431040,25
4,431182,74
b,431323,107
c,431464,1248
d,431605,37
f,431746,23
11,431887,88
4,432028,100
b,432169,132
c,432306,1336
d,432447,40
f,432588,23
11,432729,88
4,432870,100
b,433011,135
c,433149,1433
d,433290,43
f,433431,23
11,433572,88
4,433713,100
b,433854,137
c,433995,1548
d,434136,46
f,434277,22
11,434418,88
4,434560,100
b,434700,139
c,434841,1652
d,434982,49
f,435123,21
11,435264,88
4,435406,100
b,435547,142
c,435688,1754
d,435829,52
f,435970,21
11,436111,88
4,436252,100
b,436393,144
c,436530,1849
d,436671,55
f,436812,21
11,436953,88
4,437094,100
b,437235,146
c,437373,1952
d,437514,58
f,437655,21
11,437796,88
4,437937,100
b,438078,149
c,438219,2056
d,438360,61
f,438501,21
11,438642,88
4,438784,100
b,438924,151
c,439065,2145
d,439206,63
f,439347,21
11,439488,88
4,439630,100
b,439771,153
c,439912,2202
d,440053,66
f,440194,21
11,440335,88
4,440476,100
b,440617,154
c,440754,2320
d,440895,69
f,441036,21
11,441177,88
4,441318,100
b,441459,156
c,441597,2412
d,441738,72
f,441879,21
11,442020,88
4,442161,100
b,442302,157
c,442443,2498
d,442584,74
f,442725,21
11,442866,88
4,443008,100
b,443148,159
c,443289,2602
d,443430,77
f,443571,21
11,443712,88
4,443854,100
b,443995,159
c,444136,2696
d,444277,80
f,444418,22
11,444559,88
4,444700,100
b,444841,160
c,444978,2792
d,445119,83
f,445260,22
11,445401,88
4,445542,100
b,445683,160
c,445821,2878
d,445962,85
f,446103,23
11,446244,88
4,446385,100
b,446526,160
c,446667,2975
d,446808,88
f,446949,23
11,447090,88
4,447232,100
b,447372,159
c,447513,3078
d,447654,91
f,447795,24
11,447936,88
4,448078,100
b,448219,159
c,448360,3182
d,448501,94
f,448642,24
11,448783,88
4,448924,100
b,449065,161
c,449202,3281
d,449343,97
f,449484,24
11,449625,88
4,449766,100
b,449907,162
c,450045,3383
d,450186,100
f,450327,24
11,450468,88
4,450609,100
b,450750,163
c,450891,3483
d,451032,103
f,451173,25
11,451314,88
4,451456,100
b,451596,165
c,451737,3585
d,451878,106
f,452019,25
11,452160,88
4,452302,100
b,452443,166
c,452584,3691
d,452725,109
f,452866,26
11,453007,88
4,453148,100
b,453289,167
c,453426,3789
d,453567,112
f,453708,27
11,453849,88
4,453990,100
b,454131,168
c,454269,3892
d,454410,115
f,454551,27
11,454692,88
4,454833,100
b,454974,169
c,455115,3987
d,455256,118
f,455397,27
11,455538,88
4,455680,100
b,455820,170
c,455961,4084
d,456102,121
f,456243,27
11,456384,88
4,456526,100
b,456667,171
c,456808,4170
d,456949,123
f,457090,28
11,457231,88
4,457372,100
b,457513,171
c,457650,4257
d,457791,126
f,457932,29
11,458073,88
4,458214,100
b,458355,172
c,458493,4349
d,458634,129
f,458775,30
11,458916,88
4,459057,100
b,459198,172
c,459339,4428
d,459480,131
f,459621,30
11,459762,88
4,459904,100
b,460044,173
c,460185,4504
d,460326,134
f,460467,30
11,460608,88
4,460750,100
b,460891,174
c,461032,4596
d,461173,136
f,461314,30
11,461455,88
4,461596,100
b,461737,174
c,461874,4673
d,462015,139
f,462156,31
11,462297,88
4,462438,100
b,462579,175
c,462717,4750
d,462858,141
f,462999,32
11,463140,88
4,463281,100
b,463422,175
c,463563,4834
d,463704,143
f,463845,33
11,463986,88
4,464128,100
b,464268,176
c,464409,4907
d,464550,145
f,464691,33
11,464832,88
4,464974,100
b,465115,176
c,465256,4975
d,465397,147
f,465538,33
11,465679,88
4,465820,100
b,465961,176
c,466098,5046
d,466239,150
f,466380,34
11,466521,88
4,466662,100
b,466803,177
c,466941,5106
d,467082,151
f,467223,35
11,467364,88
4,467505,100
b,467646,177
c,467787,5169
d,467928,153
f,468069,35
11,468210,88
4,468352,100
b,468492,177
c,468633,5227
d,468774,155
f,468915,36
11,469056,88
4,469198,100
b,469339,177
c,469480,5291
d,469621,157
f,469762,36
11,469903,88
4,470044,100
b,470185,177
c,470322,5343
d,470463,158
f,470604,36
11,470745,88
4,470886,100
b,471027,177
c,471165,5397
d,471306,160
f,471447,36
11,471588,88
4,471729,100
b,471870,177
c,472011,5455
d,472152,161
f,472293,36
11,472434,88
4,472576,100
b,472716,177
c,472857,5498
d,472998,163
f,473139,37
11,473280,17
4,473422,18
b,473563,22
c,473704,5326
d,473845,157
f,473986,36
11,474127,16
4,474268,10
b,474409,18
c,474546,5008
d,474687,147
f,474828,35
11,474969,16
4,475110,10
b,475251,17
c,475389,4665
d,475530,137
f,475671,33
11,475812,15
4,475953,10
b,476094,17
c,476235,4354
d,476376,127
f,476517,33
11,476658,15
4,476800,10
b,476940,17
c,477081,4030
d,477222,118
f,477363,32
11,477504,14
4,477646,9
b,477787,17
c,477928,3742
d,478069,111
f,478210,31
11,478351,14
4,478492,10
b,478633,17
c,478770,3518
d,478911,103
f,479052,30
11,479193,14
4,479334,10
b,479475,17
c,479613,3300
d,479754,97
f,479895,29
11,480036,14
4,480177,9
b,480318,17
c,480459,3129
d,480600,92
f,480741,27
11,480882,13
4,481024,9
b,481164,17
c,481305,2960
d,481446,87
f,481587,27
11,481728,13
4,481870,9
b,482011,18
c,482152,2797
d,482293,82
f,482434,27
11,482575,13
4,482716,9
b,482857,18
c,482994,2617
d,483135,77
f,483276,27
11,483417,13
4,483558,10
b,483699,19
c,483837,2474
d,483978,72
f,484119,26
11,484260,13
4,484401,11
b,484542,20
c,484683,2310
d,484824,67
f,484965,26
11,485106,13
4,485248,13
b,485388,22
c,485529,2133
d,485670,62
f,485811,25
11,485952,13
4,486094,14
b,486235,23
c,486376,1981
d,486517,58
f,486658,25
11,486799,12
4,486940,13
b,487081,16
c,487218,1842
d,487359,54
f,487500,25
11,487641,10
4,487782,3
b,487923,13
c,488061,1682
d,488202,49
f,488343,24
11,488484,13
4,488625,16
b,488766,28
c,488907,943
d,489048,43
f,489189,25
11,489330,13
4,489472,30
b,489612,41
c,489753,1136
d,489894,35
f,490035,25
11,490176,13
4,490318,23
b,490459,31
c,490600,1260
d,490741,27
f,490882,24
11,491023,13
4,491164,24
b,491305,38
c,491442,1053
d,491583,21
f,491724,24
11,491865,13
4,492006,23
b,492147,31
c,492285,1420
d,492426,20
f,492567,24
11,492708,13
4,492849,21
b,492990,29
c,493131,1369
d,493272,19
f,493413,24
11,493554,26
4,493696,79
b,493836,95
c,493977,1548
d,494118,23
f,494259,24
11,494400,22
4,494542,76
b,494683,81
c,494824,1811
d,494965,27
f,495106,24
11,495247,27
4,495388,89
b,495529,105
c,495666,2103
d,495807,31
f,495948,24
11,496089,36
4,496230,100
b,496371,132
c,496509,2571
d,496650,37
f,496791,24
11,496932,25
4,497073,76
b,497214,53
c,497355,2723
d,497496,40
f,497637,23
11,497778,13
4,497920,11
b,498060,19
c,498201,2562
d,498342,36
f,498483,23
11,498624,13
4,498766,11
b,498907,21
c,499048,2124
d,499189,30
f,499330,23
11,499471,10
4,499612,12
b,499753,18
c,499890,1717
d,500031,24
f,500172,23
11,500313,13
4,500454,16
b,500595,26
c,500733,1580
d,500874,22
f,501015,23
11,501156,23
4,501297,70
b,501438,83
c,501579,1677
d,501720,24
f,501861,24
11,502002,23
4,502144,78
b,502284,86
c,502425,1860
d,502566,27
f,502707,23
11,502848,24
4,502990,76
b,503131,79
c,503272,2034
d,503413,30
f,503554,23
11,503695,16
4,503836,45
b,503977,40
c,504114,2039
d,504255,29
f,504396,23
11,504537,13
4,504678,16
b,504819,24
c,504957,1781
d,505098,26
f,505239,23
11,505380,13
4,505521,18
b,505662,28
c,505803,1009
d,505944,19
f,506085,23
11,506226,13
4,506368,27
b,506508,40
c,506649,760
d,506790,11
f,506931,23
11,507072,12
4,507214,33
b,507355,44
c,507496,751
d,507637,5
f,507778,23
11,507919,12
4,508060,35
b,508201,45
c,508338,768
d,508479,2
f,508620,23
11,508761,12
4,508902,33
b,509043,43
c,509181,765
d,509322,0
f,509463,23
11,509604,12
4,509745,32
b,509886,42
c,510027,748
d,510168,0
f,510309,23
11,510450,12
4,510592,32
b,510732,42
c,510873,745
d,511014,0
f,511155,23
11,511296,12
4,511438,32
b,511579,43
c,511720,747
d,511861,0
f,512002,23
11,512143,12
4,512284,32
b,512425,43
c,512562,746
d,512703,0
f,512844,23
11,512985,12
4,513126,32
b,513267,43
c,513405,742
d,513546,0
f,513687,23
11,513828,12
4,513969,32
b,514110,43
c,514251,747
d,514392,0
f,514533,23
11,514674,12
4,514816,32
b,514956,43
c,515097,742
d,515238,0
f,515379,23
11,515520,12
4,515662,32
b,515803,43
c,515944,735
d,516085,0
f,516226,23
11,516367,12
4,516508,32
b,516649,43
c,516786,745
d,516927,0
f,517068,23
11,517209,12
4,517350,32
b,517491,43
c,517629,737
d,517770,0
f,517911,23
11,518052,12
4,518193,33
b,518334,44
c,518475,739
d,518616,0
f,518757,23
11,518898,12
4,519040,33
b,519180,45
c,519321,745
d,519462,0
f,519603,23
11,519744,12
4,519886,33
b,520027,44
c,520168,743
d,520309,0
f,520450,23
11,520591,12
4,520732,33
b,520873,44
c,521010,744
d,521151,0
f,521292,23
11,521433,12
4,521574,35
b,521715,45
c,521853,739
d,521994,0
f,522135,23
11,522276,12
4,522417,33
b,522558,45
c,522699,735
d,522840,0
f,522981,23
11,523122,12
4,523264,33
b,523404,44
c,523545,741
d,523686,0
f,523827,23
11,523968,12
4,524110,33
b,524251,44
c,524392,736
d,524533,0
f,524674,23
11,524815,12
4,524956,33
b,525097,44
c,525234,734
d,525375,0
f,525516,23
11,525657,12
4,525798,33
b,525939,44
c,526077,736
d,526218,0
f,526359,23
11,526500,12
4,526641,33
b,526782,44
c,526923,742
d,527064,0
f,527205,23
11,527346,12
4,527488,33
b,527628,44
c,527769,735
d,527910,0
f,528051,23
11,528192,12
4,528334,33
b,528475,44
c,528616,735
d,528757,0
f,528898,24
11,529039,12
4,529180,33
b,529321,44
c,529458,739
d,529599,0
f,529740,24
11,529881,12
4,530022,33
b,530163,44
c,530301,742
d,530442,0
f,530583,24
11,530724,12
4,530865,33
b,531006,44
c,531147,738
d,531288,0
f,531429,24
11,531570,12
4,531712,33
b,531852,44
